#
# A fatal error has been detected by the Java Runtime Environment:
#
#  SIGSEGV (0xb) at pc=0x00007fff891590dd, pid=2584, tid=1811
#
# JRE version: Java(TM) SE Runtime Environment (8.0_60-b27) (build 1.8.0_60-b27)
# Java VM: Java HotSpot(TM) 64-Bit Server VM (25.60-b23 mixed mode bsd-amd64 compressed oops)
# Problematic frame:
# C  [libobjc.A.dylib+0x10dd]  objc_msgSend+0x1d
#
# Failed to write core dump. Core dumps have been disabled. To enable core dumping, try "ulimit -c unlimited" before starting Java again
#
# If you would like to submit a bug report, please visit:
#   http://bugreport.java.com/bugreport/crash.jsp
# The crash happened outside the Java Virtual Machine in native code.
# See problematic frame for where to report the bug.
#

---------------  T H R E A D  ---------------

Current thread (0x00007f907b026800):  JavaThread "AWT-AppKit" daemon [_thread_in_native, id=1811, stack(0x00007fff50b19000,0x00007fff51319000)]

siginfo: si_signo: 11 (SIGSEGV), si_code: 1 (SEGV_MAPERR), si_addr: 0x0000000000000018

Registers:
RAX=0x00007f907fb34a80, RBX=0x0000000180e1c450, RCX=0x000000018178cf80, RDX=0x000000018178c8a0
RSP=0x00007fff513143d8, RBP=0x00007fff51314490, RSI=0x00007fff9173940f, RDI=0x00007f907f75a5a0
R8 =0x0000000000000000, R9 =0x0000000000000f50, R10=0x00007fff9173940f, R11=0x0000000000000000
R12=0x0000000000000000, R13=0x00000001854c2ce8, R14=0x0000000180e1c440, R15=0x00007f907b026800
RIP=0x00007fff891590dd, EFLAGS=0x0000000000010246, ERR=0x0000000000000004
  TRAPNO=0x000000000000000e

Top of Stack: (sp=0x00007fff513143d8)
0x00007fff513143d8:   0000000180e1a157 00007fff51314430
0x00007fff513143e8:   0000000000000003 00007fff51314410
0x00007fff513143f8:   000000010fbf1992 00000001854c2ce8
0x00007fff51314408:   00000001854c2ce8 00007f907fb34a80
0x00007fff51314418:   0000000180e1c6a0 0000000180e1c710
0x00007fff51314428:   00007fff765ee550 00007fff77375c80
0x00007fff51314438:   0000000180e1c450 0000000180e1c690
0x00007fff51314448:   00007f907fb34a80 00007f907f75a5a0
0x00007fff51314458:   00007f907f86e4c0 00007f907fb34a80
0x00007fff51314468:   00007f907f75a5a0 00007fff51314518
0x00007fff51314478:   00007f907b0269f8 00000001854c2ce8
0x00007fff51314488:   00007fff51314540 00007fff51314508
0x00007fff51314498:   0000000110af5954 00000001854c2ce8
0x00007fff513144a8:   00007fff51314540 00007fff51314508
0x00007fff513144b8:   0000000110af56e7 0000000110af56a2
0x00007fff513144c8:   00007fff513144c8 00000001854c2ce8
0x00007fff513144d8:   00007fff51314540 00000001854c5920
0x00007fff513144e8:   0000000000000000 00000001854c2ce8
0x00007fff513144f8:   0000000000000000 00007fff51314528
0x00007fff51314508:   00007fff51314588 0000000110ae7c4d
0x00007fff51314518:   00000006c00706d8 0000000110aef578
0x00007fff51314528:   00007f907fb34a80 00007fff51314588
0x00007fff51314538:   00007f907f75a5a0 0000000110af0d82
0x00007fff51314548:   00007fff51314548 00000001854c2eb2
0x00007fff51314558:   00007fff513145b0 00000001854c5920
0x00007fff51314568:   0000000000000000 00000001854c2ec0
0x00007fff51314578:   00007fff51314528 00007fff51314598
0x00007fff51314588:   00007fff513145f8 0000000110ae7c4d
0x00007fff51314598:   00007f907fb34a80 00000006c0059e68
0x00007fff513145a8:   00007f907f75a5a0 00000006c0059e68
0x00007fff513145b8:   00007fff513145b8 000000018b2b875e
0x00007fff513145c8:   00007fff51314608 000000018b2b8818 

Instructions: (pc=0x00007fff891590dd)
0x00007fff891590bd:   00 00 00 48 85 ff 2e 74 7a 40 f6 c7 01 2e 75 7e
0x00007fff891590cd:   49 bb f8 ff ff ff ff 7f 00 00 4c 23 1f 49 89 f2
0x00007fff891590dd:   45 23 53 18 49 c1 e2 04 4d 03 53 10 49 3b 32 75
0x00007fff891590ed:   04 41 ff 62 08 49 83 3a 00 74 6a 4d 3b 53 10 74 

Register to memory mapping:

RAX=0x00007f907fb34a80 is an unknown value
RBX=0x0000000180e1c450: Java_jogamp_nativewindow_macosx_OSXUtil_GetScreenRefreshRate0+0x1cf0 in /private/var/folders/b5/zysj4pxj6576yq718hwysrg80000gn/T/jogamp_0000/file_cache/jln1514797225199480752/jln3531799513989526413/libnativewindow_macosx.jnilib at 0x0000000180e15000
RCX=0x000000018178cf80 is an unknown value
RDX=0x000000018178c8a0 is an unknown value
RSP=0x00007fff513143d8 is pointing into the stack for thread: 0x00007f907b026800
RBP=0x00007fff51314490 is pointing into the stack for thread: 0x00007f907b026800
RSI=0x00007fff9173940f is an unknown value
RDI=0x00007f907f75a5a0 is an unknown value
R8 =0x0000000000000000 is an unknown value
R9 =0x0000000000000f50 is an unknown value
R10=0x00007fff9173940f is an unknown value
R11=0x0000000000000000 is an unknown value
R12=0x0000000000000000 is an unknown value
R13={method} {0x00000001854c2ce8} 'UnsetJAWTRootSurfaceLayer0' '(JJ)V' in 'jogamp/nativewindow/jawt/macosx/MacOSXJAWTWindow'
R14=0x0000000180e1c440: Java_jogamp_nativewindow_macosx_OSXUtil_GetScreenRefreshRate0+0x1ce0 in /private/var/folders/b5/zysj4pxj6576yq718hwysrg80000gn/T/jogamp_0000/file_cache/jln1514797225199480752/jln3531799513989526413/libnativewindow_macosx.jnilib at 0x0000000180e15000
R15=0x00007f907b026800 is a thread


Stack: [0x00007fff50b19000,0x00007fff51319000],  sp=0x00007fff513143d8,  free space=8172k
Native frames: (J=compiled Java code, j=interpreted, Vv=VM code, C=native code)
C  [libobjc.A.dylib+0x10dd]  objc_msgSend+0x1d
j  jogamp.nativewindow.jawt.macosx.MacOSXJAWTWindow.UnsetJAWTRootSurfaceLayer0(JJ)V+0
j  jogamp.nativewindow.jawt.macosx.MacOSXJAWTWindow.access$200(JJ)V+2
j  jogamp.nativewindow.jawt.macosx.MacOSXJAWTWindow$1.run()V+38
J 2617 C1 com.jogamp.common.util.RunnableTask.run()V (345 bytes) @ 0x0000000111417094 [0x0000000111416f00+0x194]
v  ~StubRoutines::call_stub
V  [libjvm.dylib+0x2eab0e]
V  [libjvm.dylib+0x321bb7]
V  [libjvm.dylib+0x31438b]
C  [libnativewindow_macosx.jnilib+0x5326]  Java_jogamp_nativewindow_jawt_macosx_MacOSXJAWTWindow_UnsetJAWTRootSurfaceLayer0+0x2b6
C  [Foundation+0x92dd0]  __NSThreadPerformPerform+0x125
C  [CoreFoundation+0x80a01]  __CFRUNLOOP_IS_CALLING_OUT_TO_A_SOURCE0_PERFORM_FUNCTION__+0x11
C  [CoreFoundation+0x72b8d]  __CFRunLoopDoSources0+0x10d
C  [CoreFoundation+0x721bf]  __CFRunLoopRun+0x39f
C  [CoreFoundation+0x71bd8]  CFRunLoopRunSpecific+0x128
C  [HIToolbox+0x3256f]  RunCurrentEventLoopInMode+0xeb
C  [HIToolbox+0x321ee]  ReceiveNextEventCommon+0xb3
C  [HIToolbox+0x3212b]  _BlockUntilNextEventMatchingListInModeWithFilter+0x47
C  [AppKit+0x918ab]  _DPSNextEvent+0x3d2
C  [AppKit+0x90e58]  -[NSApplication nextEventMatchingMask:untilDate:inMode:dequeue:]+0x15a
C  [libosxapp.dylib+0x23aa]  -[NSApplicationAWT nextEventMatchingMask:untilDate:inMode:dequeue:]+0x7c
C  [AppKit+0x86af3]  -[NSApplication run]+0x252
C  [libosxapp.dylib+0x214d]  +[NSApplicationAWT runAWTLoopWithApp:]+0x9c
C  [libawt_lwawt.dylib+0x44517]  -[AWTStarter starter:]+0x389
C  [Foundation+0x92dd0]  __NSThreadPerformPerform+0x125
C  [CoreFoundation+0x80a01]  __CFRUNLOOP_IS_CALLING_OUT_TO_A_SOURCE0_PERFORM_FUNCTION__+0x11
C  [CoreFoundation+0x72b8d]  __CFRunLoopDoSources0+0x10d
C  [CoreFoundation+0x721bf]  __CFRunLoopRun+0x39f
C  [CoreFoundation+0x71bd8]  CFRunLoopRunSpecific+0x128
C  [java+0x6463]  CreateExecutionEnvironment+0x367
C  [java+0x21ac]  JLI_Launch+0x7a0
C  [java+0x84c0]  main+0x65
C  [java+0x1a04]  start+0x34
C  0x0000000000000007

Java frames: (J=compiled Java code, j=interpreted, Vv=VM code)
j  jogamp.nativewindow.jawt.macosx.MacOSXJAWTWindow.UnsetJAWTRootSurfaceLayer0(JJ)V+0
j  jogamp.nativewindow.jawt.macosx.MacOSXJAWTWindow.access$200(JJ)V+2
j  jogamp.nativewindow.jawt.macosx.MacOSXJAWTWindow$1.run()V+38
J 2617 C1 com.jogamp.common.util.RunnableTask.run()V (345 bytes) @ 0x0000000111417094 [0x0000000111416f00+0x194]
v  ~StubRoutines::call_stub

---------------  P R O C E S S  ---------------

Java Threads: ( => current thread )
  0x00007f907c780800 JavaThread "Thread-19" [_thread_blocked, id=14359, stack(0x000000018b383000,0x000000018b483000)]
  0x00007f9079266800 JavaThread "AWT-EventQueue-1" [_thread_in_native, id=61211, stack(0x000000018163a000,0x000000018173a000)]
  0x00007f907b26d800 JavaThread "DestroyJavaVM" [_thread_blocked, id=4867, stack(0x000000011098a000,0x0000000110a8a000)]
  0x00007f907b136800 JavaThread "AWT-EventQueue-0" [_thread_blocked, id=58883, stack(0x000000013530d000,0x000000013540d000)]
  0x00007f907a09f800 JavaThread "Java2D Disposer" daemon [_thread_blocked, id=55319, stack(0x0000000133fe3000,0x00000001340e3000)]
  0x00007f907b0e1000 JavaThread "Java2D Queue Flusher" daemon [_thread_blocked, id=53007, stack(0x0000000132f5d000,0x000000013305d000)]
  0x00007f907b0cd800 JavaThread "AWT-Shutdown" [_thread_blocked, id=30739, stack(0x000000012ff49000,0x0000000130049000)]
=>0x00007f907b026800 JavaThread "AWT-AppKit" daemon [_thread_in_native, id=1811, stack(0x00007fff50b19000,0x00007fff51319000)]
  0x00007f907b803000 JavaThread "Service Thread" daemon [_thread_blocked, id=20739, stack(0x000000012e4e3000,0x000000012e5e3000)]
  0x00007f9079008000 JavaThread "C1 CompilerThread3" daemon [_thread_blocked, id=20227, stack(0x000000012e3e0000,0x000000012e4e0000)]
  0x00007f9079007000 JavaThread "C2 CompilerThread2" daemon [_thread_blocked, id=19715, stack(0x000000012e2dd000,0x000000012e3dd000)]
  0x00007f9079006800 JavaThread "C2 CompilerThread1" daemon [_thread_blocked, id=19203, stack(0x000000012e1da000,0x000000012e2da000)]
  0x00007f907c021000 JavaThread "C2 CompilerThread0" daemon [_thread_blocked, id=18691, stack(0x000000012e0d7000,0x000000012e1d7000)]
  0x00007f907c020000 JavaThread "Signal Dispatcher" daemon [_thread_blocked, id=14615, stack(0x000000012dfd4000,0x000000012e0d4000)]
  0x00007f907a06a000 JavaThread "Finalizer" daemon [_thread_blocked, id=13571, stack(0x000000012c5b4000,0x000000012c6b4000)]
  0x00007f907a069800 JavaThread "Reference Handler" daemon [_thread_blocked, id=13059, stack(0x000000012c4b1000,0x000000012c5b1000)]

Other Threads:
  0x00007f907a066800 VMThread [stack: 0x000000012c3ae000,0x000000012c4ae000] [id=12547]
  0x00007f907c006800 WatcherThread [stack: 0x000000012e5e6000,0x000000012e6e6000] [id=21251]

VM state:not at safepoint (normal execution)

VM Mutex/Monitor currently owned by a thread: None

Heap:
 PSYoungGen      total 81408K, used 14470K [0x000000076ab00000, 0x0000000770c00000, 0x00000007c0000000)
  eden space 72704K, 8% used [0x000000076ab00000,0x000000076b0f8270,0x000000076f200000)
  from space 8704K, 96% used [0x000000076f400000,0x000000076fc295b0,0x000000076fc80000)
  to   space 13312K, 0% used [0x000000076ff00000,0x000000076ff00000,0x0000000770c00000)
 ParOldGen       total 126464K, used 15456K [0x00000006c0000000, 0x00000006c7b80000, 0x000000076ab00000)
  object space 126464K, 12% used [0x00000006c0000000,0x00000006c0f18130,0x00000006c7b80000)
 Metaspace       used 23857K, capacity 24145K, committed 24576K, reserved 1071104K
  class space    used 2356K, capacity 2449K, committed 2560K, reserved 1048576K

Card table byte_map: [0x000000011fea0000,0x00000001206a1000] byte_map_base: 0x000000011c8a0000

Marking Bits: (ParMarkBitMap*) 0x00000001102dee20
 Begin Bits: [0x000000012140f000, 0x000000012540f000)
 End Bits:   [0x000000012540f000, 0x000000012940f000)

Polling page: 0x000000010e9fd000

CodeCache: size=245760Kb used=11930Kb max_used=11937Kb free=233829Kb
 bounds [0x0000000110ae0000, 0x00000001116a0000, 0x000000011fae0000]
 total_blobs=4173 nmethods=3262 adapters=824
 compilation: enabled

Compilation events (10 events):
Event: 68.198 Thread 0x00007f9079008000 3293       3       sun.lwawt.macosx.CPlatformWindow::getLocationOnScreen (22 bytes)
Event: 68.198 Thread 0x00007f9079008000 nmethod 3293 0x0000000110c8d7d0 code [0x0000000110c8d940, 0x0000000110c8dc10]
Event: 68.198 Thread 0x00007f9079008000 3294       1       sun.java2d.SurfaceData::isValid (5 bytes)
Event: 68.198 Thread 0x00007f9079008000 nmethod 3294 0x0000000110bfd590 code [0x0000000110bfd6e0, 0x0000000110bfd7f0]
Event: 68.198 Thread 0x00007f9079008000 3295       3       sun.java2d.pipe.RenderBuffer::putFloat (26 bytes)
Event: 68.199 Thread 0x00007f9079008000 nmethod 3295 0x0000000110c65950 code [0x0000000110c65ac0, 0x0000000110c65c50]
Event: 68.208 Thread 0x00007f9079007000 3296       4       java.awt.Component::isDisplayable (13 bytes)
Event: 68.209 Thread 0x00007f9079008000 3297       3       sun.lwawt.LWComponentPeer::getLocationOnScreen (41 bytes)
Event: 68.209 Thread 0x00007f9079007000 nmethod 3296 0x0000000110c06710 code [0x0000000110c06860, 0x0000000110c068d8]
Event: 68.209 Thread 0x00007f9079008000 nmethod 3297 0x00000001116962d0 code [0x00000001116964c0, 0x0000000111696e48]

GC Heap History (10 events):
Event: 30.544 GC heap before
{Heap before GC invocations=6 (full 1):
 PSYoungGen      total 86016K, used 85829K [0x000000076ab00000, 0x0000000770b00000, 0x00000007c0000000)
  eden space 75264K, 100% used [0x000000076ab00000,0x000000076f480000,0x000000076f480000)
  from space 10752K, 98% used [0x0000000770080000,0x0000000770ad15e0,0x0000000770b00000)
  to   space 10752K, 0% used [0x000000076f600000,0x000000076f600000,0x0000000770080000)
 ParOldGen       total 126464K, used 13128K [0x00000006c0000000, 0x00000006c7b80000, 0x000000076ab00000)
  object space 126464K, 10% used [0x00000006c0000000,0x00000006c0cd22d8,0x00000006c7b80000)
 Metaspace       used 23806K, capacity 24081K, committed 24320K, reserved 1071104K
  class space    used 2347K, capacity 2449K, committed 2560K, reserved 1048576K
Event: 30.547 GC heap after
Heap after GC invocations=6 (full 1):
 PSYoungGen      total 87552K, used 10517K [0x000000076ab00000, 0x0000000771880000, 0x00000007c0000000)
  eden space 76800K, 0% used [0x000000076ab00000,0x000000076ab00000,0x000000076f600000)
  from space 10752K, 97% used [0x000000076f600000,0x00000007700455f0,0x0000000770080000)
  to   space 13824K, 0% used [0x0000000770b00000,0x0000000770b00000,0x0000000771880000)
 ParOldGen       total 126464K, used 13136K [0x00000006c0000000, 0x00000006c7b80000, 0x000000076ab00000)
  object space 126464K, 10% used [0x00000006c0000000,0x00000006c0cd42d8,0x00000006c7b80000)
 Metaspace       used 23806K, capacity 24081K, committed 24320K, reserved 1071104K
  class space    used 2347K, capacity 2449K, committed 2560K, reserved 1048576K
}
Event: 39.996 GC heap before
{Heap before GC invocations=7 (full 1):
 PSYoungGen      total 87552K, used 87317K [0x000000076ab00000, 0x0000000771880000, 0x00000007c0000000)
  eden space 76800K, 100% used [0x000000076ab00000,0x000000076f600000,0x000000076f600000)
  from space 10752K, 97% used [0x000000076f600000,0x00000007700455f0,0x0000000770080000)
  to   space 13824K, 0% used [0x0000000770b00000,0x0000000770b00000,0x0000000771880000)
 ParOldGen       total 126464K, used 13136K [0x00000006c0000000, 0x00000006c7b80000, 0x000000076ab00000)
  object space 126464K, 10% used [0x00000006c0000000,0x00000006c0cd42d8,0x00000006c7b80000)
 Metaspace       used 23806K, capacity 24081K, committed 24320K, reserved 1071104K
  class space    used 2347K, capacity 2449K, committed 2560K, reserved 1048576K
Event: 40.004 GC heap after
Heap after GC invocations=7 (full 1):
 PSYoungGen      total 86528K, used 10581K [0x000000076ab00000, 0x0000000771580000, 0x00000007c0000000)
  eden space 75776K, 0% used [0x000000076ab00000,0x000000076ab00000,0x000000076f500000)
  from space 10752K, 98% used [0x0000000770b00000,0x00000007715555f0,0x0000000771580000)
  to   space 13312K, 0% used [0x000000076fb80000,0x000000076fb80000,0x0000000770880000)
 ParOldGen       total 126464K, used 13144K [0x00000006c0000000, 0x00000006c7b80000, 0x000000076ab00000)
  object space 126464K, 10% used [0x00000006c0000000,0x00000006c0cd62d8,0x00000006c7b80000)
 Metaspace       used 23806K, capacity 24081K, committed 24320K, reserved 1071104K
  class space    used 2347K, capacity 2449K, committed 2560K, reserved 1048576K
}
Event: 49.316 GC heap before
{Heap before GC invocations=8 (full 1):
 PSYoungGen      total 86528K, used 86357K [0x000000076ab00000, 0x0000000771580000, 0x00000007c0000000)
  eden space 75776K, 100% used [0x000000076ab00000,0x000000076f500000,0x000000076f500000)
  from space 10752K, 98% used [0x0000000770b00000,0x00000007715555f0,0x0000000771580000)
  to   space 13312K, 0% used [0x000000076fb80000,0x000000076fb80000,0x0000000770880000)
 ParOldGen       total 126464K, used 13144K [0x00000006c0000000, 0x00000006c7b80000, 0x000000076ab00000)
  object space 126464K, 10% used [0x00000006c0000000,0x00000006c0cd62d8,0x00000006c7b80000)
 Metaspace       used 23807K, capacity 24081K, committed 24320K, reserved 1071104K
  class space    used 2348K, capacity 2449K, committed 2560K, reserved 1048576K
Event: 49.320 GC heap after
Heap after GC invocations=8 (full 1):
 PSYoungGen      total 85504K, used 10549K [0x000000076ab00000, 0x0000000770e00000, 0x00000007c0000000)
  eden space 74752K, 0% used [0x000000076ab00000,0x000000076ab00000,0x000000076f400000)
  from space 10752K, 98% used [0x000000076fb80000,0x00000007705cd5f0,0x0000000770600000)
  to   space 8192K, 0% used [0x0000000770600000,0x0000000770600000,0x0000000770e00000)
 ParOldGen       total 126464K, used 13144K [0x00000006c0000000, 0x00000006c7b80000, 0x000000076ab00000)
  object space 126464K, 10% used [0x00000006c0000000,0x00000006c0cd62d8,0x00000006c7b80000)
 Metaspace       used 23807K, capacity 24081K, committed 24320K, reserved 1071104K
  class space    used 2348K, capacity 2449K, committed 2560K, reserved 1048576K
}
Event: 58.512 GC heap before
{Heap before GC invocations=9 (full 1):
 PSYoungGen      total 85504K, used 85301K [0x000000076ab00000, 0x0000000770e00000, 0x00000007c0000000)
  eden space 74752K, 100% used [0x000000076ab00000,0x000000076f400000,0x000000076f400000)
  from space 10752K, 98% used [0x000000076fb80000,0x00000007705cd5f0,0x0000000770600000)
  to   space 8192K, 0% used [0x0000000770600000,0x0000000770600000,0x0000000770e00000)
 ParOldGen       total 126464K, used 13144K [0x00000006c0000000, 0x00000006c7b80000, 0x000000076ab00000)
  object space 126464K, 10% used [0x00000006c0000000,0x00000006c0cd62d8,0x00000006c7b80000)
 Metaspace       used 23807K, capacity 24081K, committed 24320K, reserved 1071104K
  class space    used 2348K, capacity 2449K, committed 2560K, reserved 1048576K
Event: 58.515 GC heap after
Heap after GC invocations=9 (full 1):
 PSYoungGen      total 81920K, used 8181K [0x000000076ab00000, 0x0000000770e00000, 0x00000007c0000000)
  eden space 73728K, 0% used [0x000000076ab00000,0x000000076ab00000,0x000000076f300000)
  from space 8192K, 99% used [0x0000000770600000,0x0000000770dfd5c0,0x0000000770e00000)
  to   space 13312K, 0% used [0x000000076f400000,0x000000076f400000,0x0000000770100000)
 ParOldGen       total 126464K, used 15448K [0x00000006c0000000, 0x00000006c7b80000, 0x000000076ab00000)
  object space 126464K, 12% used [0x00000006c0000000,0x00000006c0f16130,0x00000006c7b80000)
 Metaspace       used 23807K, capacity 24081K, committed 24320K, reserved 1071104K
  class space    used 2348K, capacity 2449K, committed 2560K, reserved 1048576K
}
Event: 67.747 GC heap before
{Heap before GC invocations=10 (full 1):
 PSYoungGen      total 81920K, used 81909K [0x000000076ab00000, 0x0000000770e00000, 0x00000007c0000000)
  eden space 73728K, 100% used [0x000000076ab00000,0x000000076f300000,0x000000076f300000)
  from space 8192K, 99% used [0x0000000770600000,0x0000000770dfd5c0,0x0000000770e00000)
  to   space 13312K, 0% used [0x000000076f400000,0x000000076f400000,0x0000000770100000)
 ParOldGen       total 126464K, used 15448K [0x00000006c0000000, 0x00000006c7b80000, 0x000000076ab00000)
  object space 126464K, 12% used [0x00000006c0000000,0x00000006c0f16130,0x00000006c7b80000)
 Metaspace       used 23821K, capacity 24081K, committed 24320K, reserved 1071104K
  class space    used 2348K, capacity 2449K, committed 2560K, reserved 1048576K
Event: 67.753 GC heap after
Heap after GC invocations=10 (full 1):
 PSYoungGen      total 81408K, used 8357K [0x000000076ab00000, 0x0000000770c00000, 0x00000007c0000000)
  eden space 72704K, 0% used [0x000000076ab00000,0x000000076ab00000,0x000000076f200000)
  from space 8704K, 96% used [0x000000076f400000,0x000000076fc295b0,0x000000076fc80000)
  to   space 13312K, 0% used [0x000000076ff00000,0x000000076ff00000,0x0000000770c00000)
 ParOldGen       total 126464K, used 15456K [0x00000006c0000000, 0x00000006c7b80000, 0x000000076ab00000)
  object space 126464K, 12% used [0x00000006c0000000,0x00000006c0f18130,0x00000006c7b80000)
 Metaspace       used 23821K, capacity 24081K, committed 24320K, reserved 1071104K
  class space    used 2348K, capacity 2449K, committed 2560K, reserved 1048576K
}

Deoptimization events (10 events):
Event: 68.164 Thread 0x00007f9079266800 Uncommon trap: reason=unstable_if action=reinterpret pc=0x00000001112b96a8 method=com.jogamp.common.util.VersionNumber.compareTo(Lcom/jogamp/common/util/VersionNumber;)I @ 21
Event: 68.164 Thread 0x00007f907b136800 Uncommon trap: reason=unstable_if action=reinterpret pc=0x000000011168a8f4 method=sun.lwawt.LWContainerPeer.cutChildren(Lsun/java2d/pipe/Region;Lsun/lwawt/LWComponentPeer;)Lsun/java2d/pipe/Region; @ 67
Event: 68.164 Thread 0x00007f907b136800 Uncommon trap: reason=unstable_if action=reinterpret pc=0x000000011160f1cc method=java.lang.Math.round(D)J @ 31
Event: 68.164 Thread 0x00007f907b136800 Uncommon trap: reason=unstable_if action=reinterpret pc=0x0000000111678a2c method=sun.java2d.SunGraphics2D.validateCompClip()V @ 9
Event: 68.166 Thread 0x00007f9079266800 Uncommon trap: reason=unstable_if action=reinterpret pc=0x0000000111632ec4 method=java.awt.EventQueue.uncacheEQItem(Lsun/awt/EventQueueItem;)V @ 23
Event: 68.167 Thread 0x00007f907b136800 Uncommon trap: reason=unstable_if action=reinterpret pc=0x000000011165ae4c method=sun.java2d.pipe.Region.intersectsQuickCheck(Lsun/java2d/pipe/Region;)Z @ 41
Event: 68.194 Thread 0x00007f90790f3800 Uncommon trap: reason=unstable_if action=reinterpret pc=0x0000000110f3ba10 method=java.util.HashMap.putVal(ILjava/lang/Object;Ljava/lang/Object;ZZ)Ljava/lang/Object; @ 81
Event: 68.194 Thread 0x00007f90790f3800 Uncommon trap: reason=unstable_if action=reinterpret pc=0x0000000110e97998 method=java.util.HashMap.putVal(ILjava/lang/Object;Ljava/lang/Object;ZZ)Ljava/lang/Object; @ 81
Event: 68.208 Thread 0x00007f9079266800 Uncommon trap: reason=unstable_if action=reinterpret pc=0x0000000111636158 method=java.util.LinkedList$ListItr.<init>(Ljava/util/LinkedList;I)V @ 26
Event: 68.208 Thread 0x00007f9079266800 Uncommon trap: reason=unstable_if action=reinterpret pc=0x000000011158387c method=java.security.AccessControlContext.optimize()Ljava/security/AccessControlContext; @ 233

Internal exceptions (10 events):
Event: 0.123 Thread 0x00007f907a006800 Exception <a 'java/lang/NoSuchFieldError': method resolution failed> (0x000000076aeeeed0) thrown at [/Users/java_re/workspace/8-2-build-macosx-x86_64/jdk8u60/4407/hotspot/src/share/vm/prims/methodHandles.cpp, line 1146]
Event: 0.124 Thread 0x00007f907a006800 Exception <a 'java/lang/NoSuchFieldError': method resolution failed> (0x000000076aefc6a0) thrown at [/Users/java_re/workspace/8-2-build-macosx-x86_64/jdk8u60/4407/hotspot/src/share/vm/prims/methodHandles.cpp, line 1146]
Event: 0.252 Thread 0x00007f907a006800 Exception <a 'java/io/FileNotFoundException'> (0x000000076af784a8) thrown at [/Users/java_re/workspace/8-2-build-macosx-x86_64/jdk8u60/4407/hotspot/src/share/vm/prims/jni.cpp, line 709]
Event: 0.252 Thread 0x00007f907a006800 Exception <a 'java/io/FileNotFoundException'> (0x000000076af79010) thrown at [/Users/java_re/workspace/8-2-build-macosx-x86_64/jdk8u60/4407/hotspot/src/share/vm/prims/jni.cpp, line 709]
Event: 0.327 Thread 0x00007f907a006800 Exception <a 'java/io/FileNotFoundException'> (0x000000076b011150) thrown at [/Users/java_re/workspace/8-2-build-macosx-x86_64/jdk8u60/4407/hotspot/src/share/vm/prims/jni.cpp, line 709]
Event: 1.311 Thread 0x00007f907a183000 Exception <a 'java/lang/UnsatisfiedLinkError': com.jogamp.common.util.JarUtil.fixNativeLibAttribs(Ljava/lang/String;)Z> (0x000000076c660e28) thrown at [/Users/java_re/workspace/8-2-build-macosx-x86_64/jdk8u60/4407/hotspot/src/share/vm/prims/nativeLookup.c
Event: 1.983 Thread 0x00007f9079266800 Exception <a 'java/io/FileNotFoundException'> (0x000000076d994388) thrown at [/Users/java_re/workspace/8-2-build-macosx-x86_64/jdk8u60/4407/hotspot/src/share/vm/prims/jni.cpp, line 709]
Event: 1.983 Thread 0x00007f9079266800 Exception <a 'java/io/FileNotFoundException'> (0x000000076d99b1e8) thrown at [/Users/java_re/workspace/8-2-build-macosx-x86_64/jdk8u60/4407/hotspot/src/share/vm/prims/jni.cpp, line 709]
Event: 1.983 Thread 0x00007f9079266800 Implicit null exception at 0x0000000110c7d8f5 to 0x0000000110c7dc59
Event: 2.721 Thread 0x00007f907a06a000 Exception <a 'java/lang/NullPointerException'> (0x000000076ad14498) thrown at [/Users/java_re/workspace/8-2-build-macosx-x86_64/jdk8u60/4407/hotspot/src/share/vm/interpreter/linkResolver.cpp, line 1178]

Events (10 events):
Event: 68.208 Thread 0x00007f9079266800 DEOPT UNPACKING pc=0x0000000110ae5229 sp=0x0000000181737880 mode 2
Event: 68.208 loading class java/awt/LightweightDispatcher$2
Event: 68.208 loading class java/awt/LightweightDispatcher$2 done
Event: 68.208 loading class java/awt/event/AWTEventListenerProxy
Event: 68.208 loading class java/awt/event/AWTEventListenerProxy done
Event: 68.208 loading class java/awt/Toolkit$ToolkitEventMulticaster
Event: 68.208 loading class java/awt/Toolkit$ToolkitEventMulticaster done
Event: 68.209 Thread 0x00007f90790f3800 Thread exited: 0x00007f90790f3800
Event: 68.209 loading class java/awt/Window$1DisposeAction
Event: 68.209 loading class java/awt/Window$1DisposeAction done


Dynamic libraries:
0x00000000050e0000 	/System/Library/Frameworks/Cocoa.framework/Versions/A/Cocoa
0x00000000050e0000 	/System/Library/Frameworks/Security.framework/Versions/A/Security
0x00000000050e0000 	/System/Library/Frameworks/ApplicationServices.framework/Versions/A/ApplicationServices
0x00000000050e0000 	/usr/lib/libz.1.dylib
0x00000000050e0000 	/usr/lib/libSystem.B.dylib
0x00000000050e0000 	/usr/lib/libobjc.A.dylib
0x00000000050e0000 	/System/Library/Frameworks/CoreFoundation.framework/Versions/A/CoreFoundation
0x00000000050e0000 	/System/Library/Frameworks/Foundation.framework/Versions/C/Foundation
0x00000000050e0000 	/System/Library/Frameworks/AppKit.framework/Versions/C/AppKit
0x00000000050e0000 	/System/Library/Frameworks/CoreData.framework/Versions/A/CoreData
0x00000000050e0000 	/System/Library/PrivateFrameworks/RemoteViewServices.framework/Versions/A/RemoteViewServices
0x00000000050e0000 	/System/Library/PrivateFrameworks/UIFoundation.framework/Versions/A/UIFoundation
0x00000000050e0000 	/System/Library/Frameworks/IOSurface.framework/Versions/A/IOSurface
0x00000000050e0000 	/System/Library/Frameworks/AudioToolbox.framework/Versions/A/AudioToolbox
0x00000000050e0000 	/System/Library/Frameworks/AudioUnit.framework/Versions/A/AudioUnit
0x00000000050e0000 	/System/Library/PrivateFrameworks/DataDetectorsCore.framework/Versions/A/DataDetectorsCore
0x00000000050e0000 	/System/Library/PrivateFrameworks/DesktopServicesPriv.framework/Versions/A/DesktopServicesPriv
0x00000000050e0000 	/System/Library/Frameworks/Carbon.framework/Versions/A/Frameworks/HIToolbox.framework/Versions/A/HIToolbox
0x00000000050e0000 	/System/Library/Frameworks/QuartzCore.framework/Versions/A/QuartzCore
0x00000000050e0000 	/System/Library/Frameworks/Carbon.framework/Versions/A/Frameworks/SpeechRecognition.framework/Versions/A/SpeechRecognition
0x00000000050e0000 	/usr/lib/libauto.dylib
0x00000000050e0000 	/usr/lib/libicucore.A.dylib
0x00000000050e0000 	/usr/lib/libxml2.2.dylib
0x00000000050e0000 	/System/Library/PrivateFrameworks/CoreUI.framework/Versions/A/CoreUI
0x00000000050e0000 	/System/Library/Frameworks/CoreAudio.framework/Versions/A/CoreAudio
0x00000000050e0000 	/System/Library/Frameworks/DiskArbitration.framework/Versions/A/DiskArbitration
0x00000000050e0000 	/usr/lib/liblangid.dylib
0x00000000050e0000 	/System/Library/PrivateFrameworks/MultitouchSupport.framework/Versions/A/MultitouchSupport
0x00000000050e0000 	/System/Library/Frameworks/IOKit.framework/Versions/A/IOKit
0x00000000050e0000 	/usr/lib/libDiagnosticMessagesClient.dylib
0x00000000050e0000 	/System/Library/Frameworks/CoreServices.framework/Versions/A/CoreServices
0x00000000050e0000 	/System/Library/PrivateFrameworks/PerformanceAnalysis.framework/Versions/A/PerformanceAnalysis
0x00000000050e0000 	/System/Library/PrivateFrameworks/GenerationalStorage.framework/Versions/A/GenerationalStorage
0x00000000050e0000 	/System/Library/Frameworks/OpenGL.framework/Versions/A/OpenGL
0x00000000050e0000 	/System/Library/PrivateFrameworks/Sharing.framework/Versions/A/Sharing
0x00000000050e0000 	/System/Library/Frameworks/CoreGraphics.framework/Versions/A/CoreGraphics
0x00000000050e0000 	/System/Library/Frameworks/CoreText.framework/Versions/A/CoreText
0x00000000050e0000 	/System/Library/Frameworks/ImageIO.framework/Versions/A/ImageIO
0x00000000050e0000 	/usr/lib/libextension.dylib
0x00000000050e0000 	/System/Library/PrivateFrameworks/Backup.framework/Versions/A/Backup
0x00000000050e0000 	/usr/lib/libarchive.2.dylib
0x00000000050e0000 	/System/Library/Frameworks/CFNetwork.framework/Versions/A/CFNetwork
0x00000000050e0000 	/System/Library/Frameworks/SystemConfiguration.framework/Versions/A/SystemConfiguration
0x00000000050e0000 	/usr/lib/libCRFSuite.dylib
0x00000000050e0000 	/usr/lib/libc++.1.dylib
0x00000000050e0000 	/usr/lib/libc++abi.dylib
0x00000000050e0000 	/usr/lib/system/libcache.dylib
0x00000000050e0000 	/usr/lib/system/libcommonCrypto.dylib
0x00000000050e0000 	/usr/lib/system/libcompiler_rt.dylib
0x00000000050e0000 	/usr/lib/system/libcopyfile.dylib
0x00000000050e0000 	/usr/lib/system/libcorecrypto.dylib
0x00000000050e0000 	/usr/lib/system/libdispatch.dylib
0x00000000050e0000 	/usr/lib/system/libdyld.dylib
0x00000000050e0000 	/usr/lib/system/libkeymgr.dylib
0x00000000050e0000 	/usr/lib/system/liblaunch.dylib
0x00000000050e0000 	/usr/lib/system/libmacho.dylib
0x00000000050e0000 	/usr/lib/system/libquarantine.dylib
0x00000000050e0000 	/usr/lib/system/libremovefile.dylib
0x00000000050e0000 	/usr/lib/system/libsystem_asl.dylib
0x00000000050e0000 	/usr/lib/system/libsystem_blocks.dylib
0x00000000050e0000 	/usr/lib/system/libsystem_c.dylib
0x00000000050e0000 	/usr/lib/system/libsystem_configuration.dylib
0x00000000050e0000 	/usr/lib/system/libsystem_coreservices.dylib
0x00000000050e0000 	/usr/lib/system/libsystem_coretls.dylib
0x00000000050e0000 	/usr/lib/system/libsystem_dnssd.dylib
0x00000000050e0000 	/usr/lib/system/libsystem_info.dylib
0x00000000050e0000 	/usr/lib/system/libsystem_kernel.dylib
0x00000000050e0000 	/usr/lib/system/libsystem_m.dylib
0x00000000050e0000 	/usr/lib/system/libsystem_malloc.dylib
0x00000000050e0000 	/usr/lib/system/libsystem_network.dylib
0x00000000050e0000 	/usr/lib/system/libsystem_networkextension.dylib
0x00000000050e0000 	/usr/lib/system/libsystem_notify.dylib
0x00000000050e0000 	/usr/lib/system/libsystem_platform.dylib
0x00000000050e0000 	/usr/lib/system/libsystem_pthread.dylib
0x00000000050e0000 	/usr/lib/system/libsystem_sandbox.dylib
0x00000000050e0000 	/usr/lib/system/libsystem_secinit.dylib
0x00000000050e0000 	/usr/lib/system/libsystem_stats.dylib
0x00000000050e0000 	/usr/lib/system/libsystem_trace.dylib
0x00000000050e0000 	/usr/lib/system/libunc.dylib
0x00000000050e0000 	/usr/lib/system/libunwind.dylib
0x00000000050e0000 	/usr/lib/system/libxpc.dylib
0x00000000050e0000 	/usr/lib/libbz2.1.0.dylib
0x00000000050e0000 	/usr/lib/liblzma.5.dylib
0x00000000050e0000 	/usr/lib/libbsm.0.dylib
0x00000000050e0000 	/usr/lib/libsqlite3.dylib
0x00000000050e0000 	/usr/lib/system/libkxld.dylib
0x00000000050e0000 	/usr/lib/libxar.1.dylib
0x00000000050e0000 	/usr/lib/libpam.2.dylib
0x00000000050e0000 	/usr/lib/libOpenScriptingUtil.dylib
0x00000000050e0000 	/System/Library/Frameworks/CoreServices.framework/Versions/A/Frameworks/FSEvents.framework/Versions/A/FSEvents
0x00000000050e0000 	/System/Library/Frameworks/CoreServices.framework/Versions/A/Frameworks/CarbonCore.framework/Versions/A/CarbonCore
0x00000000050e0000 	/System/Library/Frameworks/CoreServices.framework/Versions/A/Frameworks/Metadata.framework/Versions/A/Metadata
0x00000000050e0000 	/System/Library/Frameworks/CoreServices.framework/Versions/A/Frameworks/OSServices.framework/Versions/A/OSServices
0x00000000050e0000 	/System/Library/Frameworks/CoreServices.framework/Versions/A/Frameworks/SearchKit.framework/Versions/A/SearchKit
0x00000000050e0000 	/System/Library/Frameworks/CoreServices.framework/Versions/A/Frameworks/AE.framework/Versions/A/AE
0x00000000050e0000 	/System/Library/Frameworks/CoreServices.framework/Versions/A/Frameworks/LaunchServices.framework/Versions/A/LaunchServices
0x00000000050e0000 	/System/Library/Frameworks/CoreServices.framework/Versions/A/Frameworks/DictionaryServices.framework/Versions/A/DictionaryServices
0x00000000050e0000 	/System/Library/Frameworks/NetFS.framework/Versions/A/NetFS
0x00000000050e0000 	/System/Library/PrivateFrameworks/NetAuth.framework/Versions/A/NetAuth
0x00000000050e0000 	/System/Library/PrivateFrameworks/login.framework/Versions/A/Frameworks/loginsupport.framework/Versions/A/loginsupport
0x00000000050e0000 	/System/Library/PrivateFrameworks/TCC.framework/Versions/A/TCC
0x00000000050e0000 	/usr/lib/libmecabra.dylib
0x00000000050e0000 	/System/Library/Frameworks/ApplicationServices.framework/Versions/A/Frameworks/ATS.framework/Versions/A/ATS
0x00000000050e0000 	/System/Library/Frameworks/ApplicationServices.framework/Versions/A/Frameworks/ColorSync.framework/Versions/A/ColorSync
0x00000000050e0000 	/System/Library/Frameworks/ApplicationServices.framework/Versions/A/Frameworks/HIServices.framework/Versions/A/HIServices
0x00000000050e0000 	/System/Library/Frameworks/ApplicationServices.framework/Versions/A/Frameworks/LangAnalysis.framework/Versions/A/LangAnalysis
0x00000000050e0000 	/System/Library/Frameworks/ApplicationServices.framework/Versions/A/Frameworks/PrintCore.framework/Versions/A/PrintCore
0x00000000050e0000 	/System/Library/Frameworks/ApplicationServices.framework/Versions/A/Frameworks/QD.framework/Versions/A/QD
0x00000000050e0000 	/System/Library/Frameworks/ApplicationServices.framework/Versions/A/Frameworks/SpeechSynthesis.framework/Versions/A/SpeechSynthesis
0x00000000050e0000 	/System/Library/Frameworks/Accelerate.framework/Versions/A/Accelerate
0x00000000050e0000 	/System/Library/Frameworks/Accelerate.framework/Versions/A/Frameworks/vImage.framework/Versions/A/vImage
0x00000000050e0000 	/System/Library/Frameworks/Accelerate.framework/Versions/A/Frameworks/vecLib.framework/Versions/A/vecLib
0x00000000050e0000 	/System/Library/Frameworks/Accelerate.framework/Versions/A/Frameworks/vecLib.framework/Versions/A/libvDSP.dylib
0x00000000050e0000 	/System/Library/Frameworks/Accelerate.framework/Versions/A/Frameworks/vecLib.framework/Versions/A/libvMisc.dylib
0x00000000050e0000 	/System/Library/Frameworks/Accelerate.framework/Versions/A/Frameworks/vecLib.framework/Versions/A/libLAPACK.dylib
0x00000000050e0000 	/System/Library/Frameworks/Accelerate.framework/Versions/A/Frameworks/vecLib.framework/Versions/A/libBLAS.dylib
0x00000000050e0000 	/System/Library/Frameworks/Accelerate.framework/Versions/A/Frameworks/vecLib.framework/Versions/A/libLinearAlgebra.dylib
0x00000000050e0000 	/System/Library/Frameworks/ApplicationServices.framework/Versions/A/Frameworks/ATS.framework/Versions/A/Resources/libFontParser.dylib
0x00000000050e0000 	/System/Library/Frameworks/ApplicationServices.framework/Versions/A/Frameworks/ATS.framework/Versions/A/Resources/libFontRegistry.dylib
0x00000000050e0000 	/System/Library/PrivateFrameworks/AppleVPA.framework/Versions/A/AppleVPA
0x00000000050e0000 	/System/Library/PrivateFrameworks/AppleJPEG.framework/Versions/A/AppleJPEG
0x00000000050e0000 	/System/Library/Frameworks/ImageIO.framework/Versions/A/Resources/libJPEG.dylib
0x00000000050e0000 	/System/Library/Frameworks/ImageIO.framework/Versions/A/Resources/libTIFF.dylib
0x00000000050e0000 	/System/Library/Frameworks/ImageIO.framework/Versions/A/Resources/libPng.dylib
0x00000000050e0000 	/System/Library/Frameworks/ImageIO.framework/Versions/A/Resources/libGIF.dylib
0x00000000050e0000 	/System/Library/Frameworks/ImageIO.framework/Versions/A/Resources/libJP2.dylib
0x00000000050e0000 	/System/Library/Frameworks/ImageIO.framework/Versions/A/Resources/libRadiance.dylib
0x00000000050e0000 	/System/Library/Frameworks/CoreVideo.framework/Versions/A/CoreVideo
0x00000000050e0000 	/System/Library/Frameworks/OpenGL.framework/Versions/A/Libraries/libGLU.dylib
0x00000000050e0000 	/System/Library/Frameworks/OpenGL.framework/Versions/A/Libraries/libGFXShared.dylib
0x00000000050e0000 	/System/Library/Frameworks/OpenGL.framework/Versions/A/Libraries/libGL.dylib
0x00000000050e0000 	/System/Library/Frameworks/OpenGL.framework/Versions/A/Libraries/libGLImage.dylib
0x00000000050e0000 	/System/Library/Frameworks/OpenGL.framework/Versions/A/Libraries/libCVMSPluginSupport.dylib
0x00000000050e0000 	/System/Library/Frameworks/OpenGL.framework/Versions/A/Libraries/libCoreVMClient.dylib
0x00000000050e0000 	/usr/lib/libcups.2.dylib
0x00000000050e0000 	/System/Library/Frameworks/Kerberos.framework/Versions/A/Kerberos
0x00000000050e0000 	/System/Library/Frameworks/GSS.framework/Versions/A/GSS
0x00000000050e0000 	/usr/lib/libresolv.9.dylib
0x00000000050e0000 	/usr/lib/libiconv.2.dylib
0x00000000050e0000 	/System/Library/PrivateFrameworks/Heimdal.framework/Versions/A/Heimdal
0x00000000050e0000 	/usr/lib/libheimdal-asn1.dylib
0x00000000050e0000 	/System/Library/Frameworks/OpenDirectory.framework/Versions/A/OpenDirectory
0x00000000050e0000 	/System/Library/PrivateFrameworks/CommonAuth.framework/Versions/A/CommonAuth
0x00000000050e0000 	/System/Library/Frameworks/OpenDirectory.framework/Versions/A/Frameworks/CFOpenDirectory.framework/Versions/A/CFOpenDirectory
0x00000000050e0000 	/System/Library/Frameworks/SecurityFoundation.framework/Versions/A/SecurityFoundation
0x00000000050e0000 	/System/Library/PrivateFrameworks/LanguageModeling.framework/Versions/A/LanguageModeling
0x00000000050e0000 	/usr/lib/libcmph.dylib
0x00000000050e0000 	/System/Library/Frameworks/ServiceManagement.framework/Versions/A/ServiceManagement
0x00000000050e0000 	/usr/lib/libxslt.1.dylib
0x00000000050e0000 	/System/Library/Frameworks/Carbon.framework/Versions/A/Frameworks/Ink.framework/Versions/A/Ink
0x00000000050e0000 	/System/Library/Frameworks/QuartzCore.framework/Versions/A/Frameworks/CoreImage.framework/Versions/A/CoreImage
0x00000000050e0000 	/System/Library/PrivateFrameworks/CrashReporterSupport.framework/Versions/A/CrashReporterSupport
0x00000000050e0000 	/System/Library/Frameworks/OpenCL.framework/Versions/A/OpenCL
0x00000000050e0000 	/System/Library/PrivateFrameworks/FaceCore.framework/Versions/A/FaceCore
0x00000000050e0000 	/System/Library/PrivateFrameworks/Ubiquity.framework/Versions/A/Ubiquity
0x00000000050e0000 	/System/Library/PrivateFrameworks/IconServices.framework/Versions/A/IconServices
0x00000000050e0000 	/System/Library/PrivateFrameworks/ChunkingLibrary.framework/Versions/A/ChunkingLibrary
0x00000000050e0000 	/System/Library/PrivateFrameworks/Apple80211.framework/Versions/A/Apple80211
0x00000000050e0000 	/System/Library/Frameworks/CoreWLAN.framework/Versions/A/CoreWLAN
0x00000000050e0000 	/System/Library/Frameworks/IOBluetooth.framework/Versions/A/IOBluetooth
0x00000000050e0000 	/System/Library/PrivateFrameworks/CoreWiFi.framework/Versions/A/CoreWiFi
0x00000000050e0000 	/System/Library/Frameworks/CoreBluetooth.framework/Versions/A/CoreBluetooth
0x00000000050e0000 	/System/Library/PrivateFrameworks/DebugSymbols.framework/Versions/A/DebugSymbols
0x00000000050e0000 	/System/Library/PrivateFrameworks/CoreSymbolication.framework/Versions/A/CoreSymbolication
0x00000000050e0000 	/System/Library/PrivateFrameworks/Symbolication.framework/Versions/A/Symbolication
0x00000000050e0000 	/System/Library/PrivateFrameworks/SpeechRecognitionCore.framework/Versions/A/SpeechRecognitionCore
0x000000010fa00000 	/Library/Java/JavaVirtualMachines/jdk1.8.0_60.jdk/Contents/Home/jre/lib/server/libjvm.dylib
0x00000000050e0000 	/usr/lib/libstdc++.6.dylib
0x0000000110a8c000 	/Library/Java/JavaVirtualMachines/jdk1.8.0_60.jdk/Contents/Home/jre/lib/libverify.dylib
0x0000000110a9a000 	/Library/Java/JavaVirtualMachines/jdk1.8.0_60.jdk/Contents/Home/jre/lib/libjava.dylib
0x0000000110ad7000 	/Library/Java/JavaVirtualMachines/jdk1.8.0_60.jdk/Contents/Home/jre/lib/libzip.dylib
0x000000012c6b6000 	/System/Library/Frameworks/JavaVM.framework/Frameworks/JavaRuntimeSupport.framework/JavaRuntimeSupport
0x000000012c6cc000 	/System/Library/Frameworks/JavaVM.framework/Versions/A/Frameworks/JavaNativeFoundation.framework/Versions/A/JavaNativeFoundation
0x000000012c6e0000 	/System/Library/Frameworks/JavaVM.framework/Versions/A/JavaVM
0x00000000050e0000 	/System/Library/Frameworks/Carbon.framework/Versions/A/Carbon
0x000000012c6ec000 	/System/Library/PrivateFrameworks/JavaLaunching.framework/Versions/A/JavaLaunching
0x00000000050e0000 	/System/Library/Frameworks/Carbon.framework/Versions/A/Frameworks/CommonPanels.framework/Versions/A/CommonPanels
0x00000000050e0000 	/System/Library/Frameworks/Carbon.framework/Versions/A/Frameworks/Help.framework/Versions/A/Help
0x00000000050e0000 	/System/Library/Frameworks/Carbon.framework/Versions/A/Frameworks/ImageCapture.framework/Versions/A/ImageCapture
0x00000000050e0000 	/System/Library/Frameworks/Carbon.framework/Versions/A/Frameworks/OpenScripting.framework/Versions/A/OpenScripting
0x00000000050e0000 	/System/Library/Frameworks/Carbon.framework/Versions/A/Frameworks/Print.framework/Versions/A/Print
0x00000000050e0000 	/System/Library/Frameworks/Carbon.framework/Versions/A/Frameworks/SecurityHI.framework/Versions/A/SecurityHI
0x000000012e6ea000 	/Library/Java/JavaVirtualMachines/jdk1.8.0_60.jdk/Contents/Home/jre/lib/libawt.dylib
0x000000012e792000 	/Library/Java/JavaVirtualMachines/jdk1.8.0_60.jdk/Contents/Home/jre/lib/./libmlib_image.dylib
0x000000012e85e000 	/Library/Java/JavaVirtualMachines/jdk1.8.0_60.jdk/Contents/Home/jre/lib/libawt_lwawt.dylib
0x000000012e913000 	/Library/Java/JavaVirtualMachines/jdk1.8.0_60.jdk/Contents/Home/jre/lib/./libosxapp.dylib
0x00000000050e0000 	/System/Library/Frameworks/ExceptionHandling.framework/Versions/A/ExceptionHandling
0x00000000050e0000 	/System/Library/PrivateFrameworks/CoreServicesInternal.framework/Versions/A/CoreServicesInternal
0x00000000050e0000 	/System/Library/PrivateFrameworks/CloudDocs.framework/Versions/A/CloudDocs
0x00000000050e0000 	/System/Library/PrivateFrameworks/CoreDuet.framework/Versions/A/CoreDuet
0x00000000050e0000 	/System/Library/Frameworks/CloudKit.framework/Versions/A/CloudKit
0x00000000050e0000 	/System/Library/PrivateFrameworks/ProtocolBuffer.framework/Versions/A/ProtocolBuffer
0x00000000050e0000 	/System/Library/PrivateFrameworks/CoreDuetDaemonProtocol.framework/Versions/A/CoreDuetDaemonProtocol
0x00000000050e0000 	/System/Library/PrivateFrameworks/CoreDuetDebugLogging.framework/Versions/A/CoreDuetDebugLogging
0x00000000050e0000 	/System/Library/PrivateFrameworks/MMCS.framework/Versions/A/MMCS
0x00000000050e0000 	/System/Library/Frameworks/CoreLocation.framework/Versions/A/CoreLocation
0x00000000050e0000 	/System/Library/PrivateFrameworks/ProtectedCloudStorage.framework/Versions/A/ProtectedCloudStorage
0x00000000050e0000 	/System/Library/PrivateFrameworks/GeoServices.framework/Versions/A/GeoServices
0x00000000050e0000 	/System/Library/Frameworks/CoreGraphics.framework/Versions/A/Resources/libCGCMS.A.dylib
0x00000000050e0000 	/System/Library/Frameworks/CoreGraphics.framework/Versions/A/Resources/libRIP.A.dylib
0x00000000050e0000 	/System/Library/Frameworks/CoreGraphics.framework/Versions/A/Resources/libCGXType.A.dylib
0x00000000050e0000 	/System/Library/Frameworks/OpenCL.framework/Versions/A/Libraries/libcldcpuengine.dylib
0x00000000050e0000 	/System/Library/PrivateFrameworks/DiskImages.framework/Versions/A/DiskImages
0x00000000050e0000 	/System/Library/Frameworks/DiscRecording.framework/Versions/A/DiscRecording
0x00000000050e0000 	/usr/lib/libcsfde.dylib
0x00000000050e0000 	/usr/lib/libcurl.4.dylib
0x00000000050e0000 	/System/Library/PrivateFrameworks/MediaKit.framework/Versions/A/MediaKit
0x00000000050e0000 	/usr/lib/libCoreStorage.dylib
0x00000000050e0000 	/System/Library/PrivateFrameworks/EFILogin.framework/Versions/A/EFILogin
0x00000000050e0000 	/usr/lib/libutil.dylib
0x00000000050e0000 	/System/Library/PrivateFrameworks/FindMyDevice.framework/Versions/A/FindMyDevice
0x00000000050e0000 	/System/Library/Frameworks/LDAP.framework/Versions/A/LDAP
0x00000000050e0000 	/usr/lib/libsasl2.2.dylib
0x00000000050e0000 	/System/Library/PrivateFrameworks/CoreDaemon.framework/Versions/B/CoreDaemon
0x00000000050e0000 	/usr/lib/libcrypto.0.9.8.dylib
0x00000000050e0000 	/System/Library/PrivateFrameworks/AppleSRP.framework/Versions/A/AppleSRP
0x00000000050e0000 	/System/Library/PrivateFrameworks/TrustEvaluationAgent.framework/Versions/A/TrustEvaluationAgent
0x0000000131a8c000 	cl_kernels
0x0000000131a8e000 	/System/Library/Frameworks/OpenCL.framework/Versions/A/Libraries/ImageFormats/unorm8_bgra.dylib
0x0000000131a7e000 	cl_kernels
0x00000000050e0000 	/System/Library/PrivateFrameworks/FamilyControls.framework/Versions/A/FamilyControls
0x00000000050e0000 	/System/Library/PrivateFrameworks/CommerceKit.framework/Versions/A/Frameworks/CommerceCore.framework/Versions/A/CommerceCore
0x00000000050e0000 	/System/Library/PrivateFrameworks/SystemAdministration.framework/Versions/A/SystemAdministration
0x00000000050e0000 	/System/Library/PrivateFrameworks/AppContainer.framework/Versions/A/AppContainer
0x00000000050e0000 	/System/Library/PrivateFrameworks/SecCodeWrapper.framework/Versions/A/SecCodeWrapper
0x00000000050e0000 	/System/Library/Frameworks/DirectoryService.framework/Versions/A/DirectoryService
0x00000000050e0000 	/System/Library/PrivateFrameworks/LoginUIKit.framework/Versions/A/Frameworks/LoginUICore.framework/Versions/A/LoginUICore
0x00000000050e0000 	/usr/lib/libodfde.dylib
0x00000000050e0000 	/System/Library/Frameworks/OpenGL.framework/Versions/A/Resources/GLEngine.bundle/GLEngine
0x00000000050e0000 	/System/Library/Frameworks/OpenGL.framework/Versions/A/Libraries/libGLProgrammability.dylib
0x000000013305f000 	/System/Library/Extensions/AppleIntelHD5000GraphicsGLDriver.bundle/Contents/MacOS/AppleIntelHD5000GraphicsGLDriver
0x00000000050e0000 	/System/Library/PrivateFrameworks/IOAccelerator.framework/Versions/A/IOAccelerator
0x00000000050e0000 	/System/Library/PrivateFrameworks/GPUSupport.framework/Versions/A/Libraries/libGPUSupportMercury.dylib
0x00000000050e0000 	/System/Library/Frameworks/OpenGL.framework/Versions/A/Resources/GLRendererFloat.bundle/GLRendererFloat
0x00000001340e5000 	/Library/Java/JavaVirtualMachines/jdk1.8.0_60.jdk/Contents/Home/jre/lib/libfontmanager.dylib
0x000000013541f000 	/Library/Java/JavaVirtualMachines/jdk1.8.0_60.jdk/Contents/Home/jre/lib/libosxui.dylib
0x00000001356ad000 	/Library/Java/JavaVirtualMachines/jdk1.8.0_60.jdk/Contents/Home/jre/lib/libnet.dylib
0x000000013545e000 	/Library/Java/JavaVirtualMachines/jdk1.8.0_60.jdk/Contents/Home/jre/lib/libnio.dylib
0x00000000050e0000 	/System/Library/Frameworks/ApplicationServices.framework/Versions/A/Frameworks/ATS.framework/Versions/A/Resources/libTrueTypeScaler.dylib
0x0000000180e0a000 	/private/var/folders/b5/zysj4pxj6576yq718hwysrg80000gn/T/jogamp_0000/file_cache/jln1514797225199480752/jln3531799513989526413/libgluegen-rt.jnilib
0x0000000180e0f000 	/private/var/folders/b5/zysj4pxj6576yq718hwysrg80000gn/T/jogamp_0000/file_cache/jln1514797225199480752/jln3531799513989526413/libnativewindow_awt.jnilib
0x0000000180e12000 	/Library/Java/JavaVirtualMachines/jdk1.8.0_60.jdk/Contents/Home/jre/lib/libjawt.dylib
0x0000000180e15000 	/private/var/folders/b5/zysj4pxj6576yq718hwysrg80000gn/T/jogamp_0000/file_cache/jln1514797225199480752/jln3531799513989526413/libnativewindow_macosx.jnilib
0x0000000185362000 	/private/var/folders/b5/zysj4pxj6576yq718hwysrg80000gn/T/jogamp_0000/file_cache/jln1514797225199480752/jln3531799513989526413/libjogl_desktop.jnilib
0x000000018114d000 	/Library/Java/JavaVirtualMachines/jdk1.8.0_60.jdk/Contents/Home/jre/lib/libsunec.dylib

VM Arguments:
jvm_args: -Djava.security.policy=java.policy.applet -Dfile.encoding=UTF-8 
java_command: sun.applet.AppletViewer com.mauriciotl.week03.practice.FromDUALListLocation1494377857840.html
java_class_path (initial): /Users/mauriciotl/MauricioFiles/Eclipse_II/CourseraProjects/UCSDUnfoldingMaps/build:/Users/mauriciotl/MauricioFiles/Eclipse_II/CourseraProjects/UCSDUnfoldingMaps/lib/core.jar:/Users/mauriciotl/MauricioFiles/Eclipse_II/CourseraProjects/UCSDUnfoldingMaps/lib/gluegen-rt.jar:/Users/mauriciotl/MauricioFiles/Eclipse_II/CourseraProjects/UCSDUnfoldingMaps/lib/jogl-all.jar:/Users/mauriciotl/MauricioFiles/Eclipse_II/CourseraProjects/UCSDUnfoldingMaps/lib/log4j-1.2.15.jar:/Users/mauriciotl/MauricioFiles/Eclipse_II/CourseraProjects/UCSDUnfoldingMaps/lib/sqlite-jdbc-3.7.2.jar:/Users/mauriciotl/MauricioFiles/Eclipse_II/CourseraProjects/UCSDUnfoldingMaps/lib/json4processing.jar:/Users/mauriciotl/MauricioFiles/Eclipse_II/CourseraProjects/UCSDUnfoldingMaps/lib/libTUIO.jar:/Users/mauriciotl/MauricioFiles/Eclipse_II/CourseraProjects/UCSDUnfoldingMaps/lib/unfolding.0.9.7-uscd.jar
Launcher Type: SUN_STANDARD

Environment Variables:
PATH=/usr/bin:/bin:/usr/sbin:/sbin
SHELL=/bin/bash

Signal Handlers:
SIGSEGV: [libjvm.dylib+0x5a6d31], sa_mask[0]=11111111011111110111111111111111, sa_flags=SA_ONSTACK|SA_RESTART|SA_SIGINFO
SIGBUS: [libjvm.dylib+0x5a6d31], sa_mask[0]=11111111011111110111111111111111, sa_flags=SA_RESTART|SA_SIGINFO
SIGFPE: [libjvm.dylib+0x480a4c], sa_mask[0]=11111111011111110111111111111111, sa_flags=SA_RESTART|SA_SIGINFO
SIGPIPE: [libjvm.dylib+0x480a4c], sa_mask[0]=11111111011111110111111111111111, sa_flags=SA_RESTART|SA_SIGINFO
SIGXFSZ: [libjvm.dylib+0x480a4c], sa_mask[0]=11111111011111110111111111111111, sa_flags=SA_RESTART|SA_SIGINFO
SIGILL: [libjvm.dylib+0x480a4c], sa_mask[0]=11111111011111110111111111111111, sa_flags=SA_RESTART|SA_SIGINFO
SIGUSR1: SIG_DFL, sa_mask[0]=00000000000000000000000000000000, sa_flags=none
SIGUSR2: [libjvm.dylib+0x48056a], sa_mask[0]=00100000000000000000000000000000, sa_flags=SA_RESTART|SA_SIGINFO
SIGHUP: [libjvm.dylib+0x47eb41], sa_mask[0]=11111111011111110111111111111111, sa_flags=SA_RESTART|SA_SIGINFO
SIGINT: [libjvm.dylib+0x47eb41], sa_mask[0]=11111111011111110111111111111111, sa_flags=SA_RESTART|SA_SIGINFO
SIGTERM: [libjvm.dylib+0x47eb41], sa_mask[0]=11111111011111110111111111111111, sa_flags=SA_RESTART|SA_SIGINFO
SIGQUIT: [libjvm.dylib+0x47eb41], sa_mask[0]=11111111011111110111111111111111, sa_flags=SA_RESTART|SA_SIGINFO


---------------  S Y S T E M  ---------------

OS:Bsduname:Darwin 14.5.0 Darwin Kernel Version 14.5.0: Fri Feb 17 10:33:20 PST 2017; root:xnu-2782.50.9.1.1~1/RELEASE_X86_64 x86_64
rlimit: STACK 8192k, CORE 0k, NPROC 709, NOFILE 10240, AS infinity
load average:3.43 2.21 1.81

CPU:total 8 (4 cores per cpu, 2 threads per core) family 6 model 70 stepping 1, cmov, cx8, fxsr, mmx, sse, sse2, sse3, ssse3, sse4.1, sse4.2, popcnt, avx, avx2, aes, clmul, erms, lzcnt, ht, tsc, tscinvbit, bmi1, bmi2

Memory: 4k page, physical 16777216k(2965456k free)

/proc/meminfo:


vm_info: Java HotSpot(TM) 64-Bit Server VM (25.60-b23) for bsd-amd64 JRE (1.8.0_60-b27), built on Aug  4 2015 10:47:24 by "java_re" with gcc 4.2.1 (Based on Apple Inc. build 5658) (LLVM build 2336.11.00)

time: Tue May  9 19:58:46 2017
elapsed time: 68 seconds (0d 0h 1m 8s)

