#
# A fatal error has been detected by the Java Runtime Environment:
#
#  SIGSEGV (0xb) at pc=0x00007fff883050dd, pid=1143, tid=1811
#
# JRE version: Java(TM) SE Runtime Environment (8.0_60-b27) (build 1.8.0_60-b27)
# Java VM: Java HotSpot(TM) 64-Bit Server VM (25.60-b23 mixed mode bsd-amd64 compressed oops)
# Problematic frame:
# C  [libobjc.A.dylib+0x10dd]  objc_msgSend+0x1d
#
# Failed to write core dump. Core dumps have been disabled. To enable core dumping, try "ulimit -c unlimited" before starting Java again
#
# If you would like to submit a bug report, please visit:
#   http://bugreport.java.com/bugreport/crash.jsp
# The crash happened outside the Java Virtual Machine in native code.
# See problematic frame for where to report the bug.
#

---------------  T H R E A D  ---------------

Current thread (0x00007fb4ab146800):  JavaThread "AWT-AppKit" daemon [_thread_in_native, id=1811, stack(0x00007fff5ee4a000,0x00007fff5f64a000)]

siginfo: si_signo: 11 (SIGSEGV), si_code: 1 (SEGV_MAPERR), si_addr: 0x0000000000000018

Registers:
RAX=0x00007fb4b06addb0, RBX=0x00000001730ea450, RCX=0x0000000125e9d100, RDX=0x0000000125e9d720
RSP=0x00007fff5f6453a8, RBP=0x00007fff5f645460, RSI=0x00007fff908e540f, RDI=0x00007fb4b0a4ed80
R8 =0x0000000000000000, R9 =0x0000000000000f50, R10=0x00007fff908e540f, R11=0x0000000000000000
R12=0x0000000000000000, R13=0x00000001776154b8, R14=0x00000001730ea440, R15=0x00007fb4ab146800
RIP=0x00007fff883050dd, EFLAGS=0x0000000000010246, ERR=0x0000000000000004
  TRAPNO=0x000000000000000e

Top of Stack: (sp=0x00007fff5f6453a8)
0x00007fff5f6453a8:   00000001730e8157 00007fff5f645400
0x00007fff5f6453b8:   0000000000000003 00007fff5f6453e0
0x00007fff5f6453c8:   00000001019f1992 00000001776154b8
0x00007fff5f6453d8:   00000001776154b8 00007fb4b06addb0
0x00007fff5f6453e8:   00000001730ea6a0 00000001730ea710
0x00007fff5f6453f8:   00007fff7579a550 00007fff76521c80
0x00007fff5f645408:   00000001730ea450 00000001730ea690
0x00007fff5f645418:   00007fb4b06addb0 00007fb4b0a4ed80
0x00007fff5f645428:   00007fb4a9659a50 00007fb4b06addb0
0x00007fff5f645438:   00007fb4b0a4ed80 00007fff5f6454e8
0x00007fff5f645448:   00007fb4ab1469f8 00000001776154b8
0x00007fff5f645458:   00007fff5f645510 00007fff5f6454d8
0x00007fff5f645468:   00000001027d3954 00000001776154b8
0x00007fff5f645478:   00007fff5f645510 00007fff5f6454d8
0x00007fff5f645488:   00000001027d36e7 00000001027d36a2
0x00007fff5f645498:   00007fff5f645498 00000001776154b8
0x00007fff5f6454a8:   00007fff5f645510 00000001776180f0
0x00007fff5f6454b8:   0000000000000000 00000001776154b8
0x00007fff5f6454c8:   0000000000000000 00007fff5f6454f8
0x00007fff5f6454d8:   00007fff5f645558 00000001027c5c4d
0x00007fff5f6454e8:   00000006c005f668 00000001027cd578
0x00007fff5f6454f8:   00007fb4b06addb0 00007fff5f645558
0x00007fff5f645508:   00007fb4b0a4ed80 00000001027ced82
0x00007fff5f645518:   00007fff5f645518 0000000177615682
0x00007fff5f645528:   00007fff5f645580 00000001776180f0
0x00007fff5f645538:   0000000000000000 0000000177615690
0x00007fff5f645548:   00007fff5f6454f8 00007fff5f645568
0x00007fff5f645558:   00007fff5f6455c8 00000001027c5c4d
0x00007fff5f645568:   00007fb4b06addb0 00000006c01462c8
0x00007fff5f645578:   00007fb4b0a4ed80 00000006c01462c8
0x00007fff5f645588:   00007fff5f645588 000000017c7cd206
0x00007fff5f645598:   00007fff5f6455d8 000000017c7cd2c0 

Instructions: (pc=0x00007fff883050dd)
0x00007fff883050bd:   00 00 00 48 85 ff 2e 74 7a 40 f6 c7 01 2e 75 7e
0x00007fff883050cd:   49 bb f8 ff ff ff ff 7f 00 00 4c 23 1f 49 89 f2
0x00007fff883050dd:   45 23 53 18 49 c1 e2 04 4d 03 53 10 49 3b 32 75
0x00007fff883050ed:   04 41 ff 62 08 49 83 3a 00 74 6a 4d 3b 53 10 74 

Register to memory mapping:

RAX=0x00007fb4b06addb0 is an unknown value
RBX=0x00000001730ea450: Java_jogamp_nativewindow_macosx_OSXUtil_GetScreenRefreshRate0+0x1cf0 in /private/var/folders/b5/zysj4pxj6576yq718hwysrg80000gn/T/jogamp_0000/file_cache/jln1676020762207162205/jln8185932735322892431/libnativewindow_macosx.jnilib at 0x00000001730e3000
RCX=0x0000000125e9d100 is an unknown value
RDX=0x0000000125e9d720 is an unknown value
RSP=0x00007fff5f6453a8 is pointing into the stack for thread: 0x00007fb4ab146800
RBP=0x00007fff5f645460 is pointing into the stack for thread: 0x00007fb4ab146800
RSI=0x00007fff908e540f is an unknown value
RDI=0x00007fb4b0a4ed80 is an unknown value
R8 =0x0000000000000000 is an unknown value
R9 =0x0000000000000f50 is an unknown value
R10=0x00007fff908e540f is an unknown value
R11=0x0000000000000000 is an unknown value
R12=0x0000000000000000 is an unknown value
R13={method} {0x00000001776154b8} 'UnsetJAWTRootSurfaceLayer0' '(JJ)V' in 'jogamp/nativewindow/jawt/macosx/MacOSXJAWTWindow'
R14=0x00000001730ea440: Java_jogamp_nativewindow_macosx_OSXUtil_GetScreenRefreshRate0+0x1ce0 in /private/var/folders/b5/zysj4pxj6576yq718hwysrg80000gn/T/jogamp_0000/file_cache/jln1676020762207162205/jln8185932735322892431/libnativewindow_macosx.jnilib at 0x00000001730e3000
R15=0x00007fb4ab146800 is a thread


Stack: [0x00007fff5ee4a000,0x00007fff5f64a000],  sp=0x00007fff5f6453a8,  free space=8172k
Native frames: (J=compiled Java code, j=interpreted, Vv=VM code, C=native code)
C  [libobjc.A.dylib+0x10dd]  objc_msgSend+0x1d
j  jogamp.nativewindow.jawt.macosx.MacOSXJAWTWindow.UnsetJAWTRootSurfaceLayer0(JJ)V+0
j  jogamp.nativewindow.jawt.macosx.MacOSXJAWTWindow.access$200(JJ)V+2
j  jogamp.nativewindow.jawt.macosx.MacOSXJAWTWindow$1.run()V+38
J 2546 C1 com.jogamp.common.util.RunnableTask.run()V (345 bytes) @ 0x0000000102994014 [0x0000000102993e80+0x194]
v  ~StubRoutines::call_stub
V  [libjvm.dylib+0x2eab0e]
V  [libjvm.dylib+0x321bb7]
V  [libjvm.dylib+0x31438b]
C  [libnativewindow_macosx.jnilib+0x5326]  Java_jogamp_nativewindow_jawt_macosx_MacOSXJAWTWindow_UnsetJAWTRootSurfaceLayer0+0x2b6
C  [Foundation+0x92dd0]  __NSThreadPerformPerform+0x125
C  [CoreFoundation+0x80a01]  __CFRUNLOOP_IS_CALLING_OUT_TO_A_SOURCE0_PERFORM_FUNCTION__+0x11
C  [CoreFoundation+0x72b8d]  __CFRunLoopDoSources0+0x10d
C  [CoreFoundation+0x721bf]  __CFRunLoopRun+0x39f
C  [CoreFoundation+0x71bd8]  CFRunLoopRunSpecific+0x128
C  [HIToolbox+0x3256f]  RunCurrentEventLoopInMode+0xeb
C  [HIToolbox+0x321ee]  ReceiveNextEventCommon+0xb3
C  [HIToolbox+0x3212b]  _BlockUntilNextEventMatchingListInModeWithFilter+0x47
C  [AppKit+0x918ab]  _DPSNextEvent+0x3d2
C  [AppKit+0x90e58]  -[NSApplication nextEventMatchingMask:untilDate:inMode:dequeue:]+0x15a
C  [libosxapp.dylib+0x23aa]  -[NSApplicationAWT nextEventMatchingMask:untilDate:inMode:dequeue:]+0x7c
C  [AppKit+0x86af3]  -[NSApplication run]+0x252
C  [libosxapp.dylib+0x214d]  +[NSApplicationAWT runAWTLoopWithApp:]+0x9c
C  [libawt_lwawt.dylib+0x44517]  -[AWTStarter starter:]+0x389
C  [Foundation+0x92dd0]  __NSThreadPerformPerform+0x125
C  [CoreFoundation+0x80a01]  __CFRUNLOOP_IS_CALLING_OUT_TO_A_SOURCE0_PERFORM_FUNCTION__+0x11
C  [CoreFoundation+0x72b8d]  __CFRunLoopDoSources0+0x10d
C  [CoreFoundation+0x721bf]  __CFRunLoopRun+0x39f
C  [CoreFoundation+0x71bd8]  CFRunLoopRunSpecific+0x128
C  [java+0x6463]  CreateExecutionEnvironment+0x367
C  [java+0x21ac]  JLI_Launch+0x7a0
C  [java+0x84c0]  main+0x65
C  [java+0x1a04]  start+0x34
C  0x0000000000000007

Java frames: (J=compiled Java code, j=interpreted, Vv=VM code)
j  jogamp.nativewindow.jawt.macosx.MacOSXJAWTWindow.UnsetJAWTRootSurfaceLayer0(JJ)V+0
j  jogamp.nativewindow.jawt.macosx.MacOSXJAWTWindow.access$200(JJ)V+2
j  jogamp.nativewindow.jawt.macosx.MacOSXJAWTWindow$1.run()V+38
J 2546 C1 com.jogamp.common.util.RunnableTask.run()V (345 bytes) @ 0x0000000102994014 [0x0000000102993e80+0x194]
v  ~StubRoutines::call_stub

---------------  P R O C E S S  ---------------

Java Threads: ( => current thread )
  0x00007fb4ac3ca800 JavaThread "Thread-19" [_thread_blocked, id=14883, stack(0x00000001206f4000,0x00000001207f4000)]
  0x00007fb4ab2b4000 JavaThread "AWT-EventQueue-1" [_thread_in_native, id=60707, stack(0x00000001732df000,0x00000001733df000)]
  0x00007fb4aaaa8800 JavaThread "DestroyJavaVM" [_thread_blocked, id=4867, stack(0x00000001006cd000,0x00000001007cd000)]
  0x00007fb4aa9a1800 JavaThread "AWT-EventQueue-0" [_thread_blocked, id=58115, stack(0x0000000126f59000,0x0000000127059000)]
  0x00007fb4aa923800 JavaThread "Java2D Disposer" daemon [_thread_blocked, id=55063, stack(0x0000000125c2f000,0x0000000125d2f000)]
  0x00007fb4ad81d000 JavaThread "Java2D Queue Flusher" daemon [_thread_in_native, id=53511, stack(0x0000000124ba9000,0x0000000124ca9000)]
  0x00007fb4ac054000 JavaThread "AWT-Shutdown" [_thread_blocked, id=30739, stack(0x0000000121c94000,0x0000000121d94000)]
=>0x00007fb4ab146800 JavaThread "AWT-AppKit" daemon [_thread_in_native, id=1811, stack(0x00007fff5ee4a000,0x00007fff5f64a000)]
  0x00007fb4ac01f000 JavaThread "Service Thread" daemon [_thread_blocked, id=20739, stack(0x00000001201b3000,0x00000001202b3000)]
  0x00007fb4ac016000 JavaThread "C1 CompilerThread3" daemon [_thread_blocked, id=20227, stack(0x00000001200b0000,0x00000001201b0000)]
  0x00007fb4ac015800 JavaThread "C2 CompilerThread2" daemon [_thread_blocked, id=19715, stack(0x000000011ffad000,0x00000001200ad000)]
  0x00007fb4ac014800 JavaThread "C2 CompilerThread1" daemon [_thread_blocked, id=19203, stack(0x000000011feaa000,0x000000011ffaa000)]
  0x00007fb4ac013000 JavaThread "C2 CompilerThread0" daemon [_thread_blocked, id=18691, stack(0x000000011fda7000,0x000000011fea7000)]
  0x00007fb4ac012000 JavaThread "Signal Dispatcher" daemon [_thread_blocked, id=15383, stack(0x000000011fca4000,0x000000011fda4000)]
  0x00007fb4ab00b800 JavaThread "Finalizer" daemon [_thread_blocked, id=13571, stack(0x000000011e292000,0x000000011e392000)]
  0x00007fb4ab00b000 JavaThread "Reference Handler" daemon [_thread_blocked, id=13059, stack(0x000000011e18f000,0x000000011e28f000)]

Other Threads:
  0x00007fb4aa807800 VMThread [stack: 0x000000011e08c000,0x000000011e18c000] [id=12547]
  0x00007fb4ac83d000 WatcherThread [stack: 0x00000001202b6000,0x00000001203b6000] [id=21251]

VM state:not at safepoint (normal execution)

VM Mutex/Monitor currently owned by a thread: None

Heap:
 PSYoungGen      total 76288K, used 56541K [0x000000076ab00000, 0x0000000772600000, 0x00000007c0000000)
  eden space 65536K, 69% used [0x000000076ab00000,0x000000076d7b8b90,0x000000076eb00000)
  from space 10752K, 99% used [0x000000076eb00000,0x000000076f57e8e0,0x000000076f580000)
  to   space 10752K, 0% used [0x0000000771b80000,0x0000000771b80000,0x0000000772600000)
 ParOldGen       total 95744K, used 9402K [0x00000006c0000000, 0x00000006c5d80000, 0x000000076ab00000)
  object space 95744K, 9% used [0x00000006c0000000,0x00000006c092e9d8,0x00000006c5d80000)
 Metaspace       used 24088K, capacity 24353K, committed 24576K, reserved 1071104K
  class space    used 2360K, capacity 2451K, committed 2560K, reserved 1048576K

Card table byte_map: [0x0000000111b7e000,0x000000011237f000] byte_map_base: 0x000000010e57e000

Marking Bits: (ParMarkBitMap*) 0x00000001020dee20
 Begin Bits: [0x00000001130ed000, 0x00000001170ed000)
 End Bits:   [0x00000001170ed000, 0x000000011b0ed000)

Polling page: 0x00000001007dd000

CodeCache: size=245760Kb used=10004Kb max_used=10012Kb free=235755Kb
 bounds [0x00000001027be000, 0x000000010319e000, 0x00000001117be000]
 total_blobs=3778 nmethods=2860 adapters=831
 compilation: enabled

Compilation events (10 events):
Event: 16.212 Thread 0x00007fb4ac016000 3186   !   3       java.awt.KeyboardFocusManager::retargetFocusEvent (244 bytes)
Event: 16.216 Thread 0x00007fb4ac016000 nmethod 3186 0x0000000103188210 code [0x00000001031886a0, 0x000000010318b6b8]
Event: 16.650 Thread 0x00007fb4ac014800 3188   !   4       sun.lwawt.LWComponentPeer::getRegion (36 bytes)
Event: 16.656 Thread 0x00007fb4ac014800 nmethod 3188 0x0000000103190010 code [0x0000000103190180, 0x00000001031909f8]
Event: 16.765 Thread 0x00007fb4ac013000 3189       4       java.lang.AbstractStringBuilder::expandCapacity (50 bytes)
Event: 16.769 Thread 0x00007fb4ac013000 nmethod 3189 0x000000010318cb90 code [0x000000010318cce0, 0x000000010318cf78]
Event: 16.796 Thread 0x00007fb4ac016000 3190       1       sun.java2d.SurfaceData::isValid (5 bytes)
Event: 16.796 Thread 0x00007fb4ac016000 nmethod 3190 0x000000010318fd50 code [0x000000010318fea0, 0x000000010318ffb0]
Event: 16.806 Thread 0x00007fb4ac015800 3191       4       java.lang.Math::floor (5 bytes)
Event: 16.806 Thread 0x00007fb4ac016000 3192       3       sun.java2d.pipe.RenderBuffer::putFloat (26 bytes)

GC Heap History (8 events):
Event: 3.082 GC heap before
{Heap before GC invocations=1 (full 0):
 PSYoungGen      total 76288K, used 65536K [0x000000076ab00000, 0x0000000770000000, 0x00000007c0000000)
  eden space 65536K, 100% used [0x000000076ab00000,0x000000076eb00000,0x000000076eb00000)
  from space 10752K, 0% used [0x000000076f580000,0x000000076f580000,0x0000000770000000)
  to   space 10752K, 0% used [0x000000076eb00000,0x000000076eb00000,0x000000076f580000)
 ParOldGen       total 175104K, used 0K [0x00000006c0000000, 0x00000006cab00000, 0x000000076ab00000)
  object space 175104K, 0% used [0x00000006c0000000,0x00000006c0000000,0x00000006cab00000)
 Metaspace       used 19951K, capacity 20215K, committed 20352K, reserved 1067008K
  class space    used 2049K, capacity 2123K, committed 2176K, reserved 1048576K
Event: 3.091 GC heap after
Heap after GC invocations=1 (full 0):
 PSYoungGen      total 76288K, used 9546K [0x000000076ab00000, 0x0000000770000000, 0x00000007c0000000)
  eden space 65536K, 0% used [0x000000076ab00000,0x000000076ab00000,0x000000076eb00000)
  from space 10752K, 88% used [0x000000076eb00000,0x000000076f452800,0x000000076f580000)
  to   space 10752K, 0% used [0x000000076f580000,0x000000076f580000,0x0000000770000000)
 ParOldGen       total 175104K, used 16K [0x00000006c0000000, 0x00000006cab00000, 0x000000076ab00000)
  object space 175104K, 0% used [0x00000006c0000000,0x00000006c0004000,0x00000006cab00000)
 Metaspace       used 19951K, capacity 20215K, committed 20352K, reserved 1067008K
  class space    used 2049K, capacity 2123K, committed 2176K, reserved 1048576K
}
Event: 3.261 GC heap before
{Heap before GC invocations=2 (full 0):
 PSYoungGen      total 76288K, used 19977K [0x000000076ab00000, 0x0000000770000000, 0x00000007c0000000)
  eden space 65536K, 15% used [0x000000076ab00000,0x000000076b52fc60,0x000000076eb00000)
  from space 10752K, 88% used [0x000000076eb00000,0x000000076f452800,0x000000076f580000)
  to   space 10752K, 0% used [0x000000076f580000,0x000000076f580000,0x0000000770000000)
 ParOldGen       total 175104K, used 16K [0x00000006c0000000, 0x00000006cab00000, 0x000000076ab00000)
  object space 175104K, 0% used [0x00000006c0000000,0x00000006c0004000,0x00000006cab00000)
 Metaspace       used 20875K, capacity 21137K, committed 21248K, reserved 1069056K
  class space    used 2146K, capacity 2257K, committed 2304K, reserved 1048576K
Event: 3.268 GC heap after
Heap after GC invocations=2 (full 0):
 PSYoungGen      total 76288K, used 8662K [0x000000076ab00000, 0x0000000774000000, 0x00000007c0000000)
  eden space 65536K, 0% used [0x000000076ab00000,0x000000076ab00000,0x000000076eb00000)
  from space 10752K, 80% used [0x000000076f580000,0x000000076fdf5ac0,0x0000000770000000)
  to   space 10752K, 0% used [0x000000076eb00000,0x000000076eb00000,0x000000076f580000)
 ParOldGen       total 175104K, used 24K [0x00000006c0000000, 0x00000006cab00000, 0x000000076ab00000)
  object space 175104K, 0% used [0x00000006c0000000,0x00000006c0006000,0x00000006cab00000)
 Metaspace       used 20875K, capacity 21137K, committed 21248K, reserved 1069056K
  class space    used 2146K, capacity 2257K, committed 2304K, reserved 1048576K
}
Event: 3.268 GC heap before
{Heap before GC invocations=3 (full 1):
 PSYoungGen      total 76288K, used 8662K [0x000000076ab00000, 0x0000000774000000, 0x00000007c0000000)
  eden space 65536K, 0% used [0x000000076ab00000,0x000000076ab00000,0x000000076eb00000)
  from space 10752K, 80% used [0x000000076f580000,0x000000076fdf5ac0,0x0000000770000000)
  to   space 10752K, 0% used [0x000000076eb00000,0x000000076eb00000,0x000000076f580000)
 ParOldGen       total 175104K, used 24K [0x00000006c0000000, 0x00000006cab00000, 0x000000076ab00000)
  object space 175104K, 0% used [0x00000006c0000000,0x00000006c0006000,0x00000006cab00000)
 Metaspace       used 20875K, capacity 21137K, committed 21248K, reserved 1069056K
  class space    used 2146K, capacity 2257K, committed 2304K, reserved 1048576K
Event: 3.299 GC heap after
Heap after GC invocations=3 (full 1):
 PSYoungGen      total 76288K, used 0K [0x000000076ab00000, 0x0000000774000000, 0x00000007c0000000)
  eden space 65536K, 0% used [0x000000076ab00000,0x000000076ab00000,0x000000076eb00000)
  from space 10752K, 0% used [0x000000076f580000,0x000000076f580000,0x0000000770000000)
  to   space 10752K, 0% used [0x000000076eb00000,0x000000076eb00000,0x000000076f580000)
 ParOldGen       total 95744K, used 8359K [0x00000006c0000000, 0x00000006c5d80000, 0x000000076ab00000)
  object space 95744K, 8% used [0x00000006c0000000,0x00000006c0829f90,0x00000006c5d80000)
 Metaspace       used 20875K, capacity 21137K, committed 21248K, reserved 1069056K
  class space    used 2146K, capacity 2257K, committed 2304K, reserved 1048576K
}
Event: 8.601 GC heap before
{Heap before GC invocations=4 (full 1):
 PSYoungGen      total 76288K, used 65536K [0x000000076ab00000, 0x0000000774000000, 0x00000007c0000000)
  eden space 65536K, 100% used [0x000000076ab00000,0x000000076eb00000,0x000000076eb00000)
  from space 10752K, 0% used [0x000000076f580000,0x000000076f580000,0x0000000770000000)
  to   space 10752K, 0% used [0x000000076eb00000,0x000000076eb00000,0x000000076f580000)
 ParOldGen       total 95744K, used 8359K [0x00000006c0000000, 0x00000006c5d80000, 0x000000076ab00000)
  object space 95744K, 8% used [0x00000006c0000000,0x00000006c0829f90,0x00000006c5d80000)
 Metaspace       used 23757K, capacity 24033K, committed 24320K, reserved 1071104K
  class space    used 2352K, capacity 2451K, committed 2560K, reserved 1048576K
Event: 8.605 GC heap after
Heap after GC invocations=4 (full 1):
 PSYoungGen      total 76288K, used 10746K [0x000000076ab00000, 0x0000000772600000, 0x00000007c0000000)
  eden space 65536K, 0% used [0x000000076ab00000,0x000000076ab00000,0x000000076eb00000)
  from space 10752K, 99% used [0x000000076eb00000,0x000000076f57e8e0,0x000000076f580000)
  to   space 10752K, 0% used [0x0000000771b80000,0x0000000771b80000,0x0000000772600000)
 ParOldGen       total 95744K, used 9402K [0x00000006c0000000, 0x00000006c5d80000, 0x000000076ab00000)
  object space 95744K, 9% used [0x00000006c0000000,0x00000006c092e9d8,0x00000006c5d80000)
 Metaspace       used 23757K, capacity 24033K, committed 24320K, reserved 1071104K
  class space    used 2352K, capacity 2451K, committed 2560K, reserved 1048576K
}

Deoptimization events (10 events):
Event: 3.739 Thread 0x00007fb4ab2b4000 Uncommon trap: reason=class_check action=maybe_recompile pc=0x0000000102da5708 method=com.sun.org.apache.xerces.internal.impl.XMLDocumentScannerImpl.next()I @ 4
Event: 3.746 Thread 0x00007fb4ab2b4000 Uncommon trap: reason=unstable_if action=reinterpret pc=0x0000000102b882bc method=sun.misc.FloatingDecimal.readJavaFormatString(Ljava/lang/String;)Lsun/misc/FloatingDecimal$ASCIIToBinaryConverter; @ 445
Event: 3.862 Thread 0x00007fb4ab2b4000 Uncommon trap: reason=unstable_if action=reinterpret pc=0x0000000102e29e7c method=com.jogamp.common.util.IntIntHashMap.get(I)I @ 28
Event: 4.503 Thread 0x00007fb4aa52b800 Uncommon trap: reason=unstable_if action=reinterpret pc=0x0000000102fd2384 method=sun.awt.image.PNGImageDecoder.produceImage()V @ 867
Event: 16.763 Thread 0x00007fb4ab2b4000 Uncommon trap: reason=unstable_if action=reinterpret pc=0x00000001028ef828 method=com.jogamp.common.util.VersionNumber.compareTo(Lcom/jogamp/common/util/VersionNumber;)I @ 21
Event: 16.768 Thread 0x00007fb4aa9a1800 Uncommon trap: reason=unstable_if action=reinterpret pc=0x0000000102b28470 method=java.awt.font.FontRenderContext.equals(Ljava/awt/font/FontRenderContext;)Z @ 2
Event: 16.794 Thread 0x00007fb4aa92a000 Uncommon trap: reason=unstable_if action=reinterpret pc=0x0000000102cabadc method=java.util.HashMap.putVal(ILjava/lang/Object;Ljava/lang/Object;ZZ)Ljava/lang/Object; @ 81
Event: 16.794 Thread 0x00007fb4aa92a000 Uncommon trap: reason=unstable_if action=reinterpret pc=0x0000000102c9ebdc method=java.util.HashMap.putVal(ILjava/lang/Object;Ljava/lang/Object;ZZ)Ljava/lang/Object; @ 81
Event: 16.795 Thread 0x00007fb4aa9a1800 Uncommon trap: reason=unstable_if action=reinterpret pc=0x0000000102a4a7f8 method=java.awt.font.FontRenderContext.equals(Ljava/awt/font/FontRenderContext;)Z @ 2
Event: 16.804 Thread 0x00007fb4ab2b4000 Uncommon trap: reason=unstable_if action=reinterpret pc=0x0000000103089f6c method=java.security.AccessControlContext.optimize()Ljava/security/AccessControlContext; @ 233

Internal exceptions (10 events):
Event: 0.127 Thread 0x00007fb4ab002000 Exception <a 'java/lang/NoSuchFieldError': method resolution failed> (0x000000076aeeee48) thrown at [/Users/java_re/workspace/8-2-build-macosx-x86_64/jdk8u60/4407/hotspot/src/share/vm/prims/methodHandles.cpp, line 1146]
Event: 0.128 Thread 0x00007fb4ab002000 Exception <a 'java/lang/NoSuchFieldError': method resolution failed> (0x000000076aefc618) thrown at [/Users/java_re/workspace/8-2-build-macosx-x86_64/jdk8u60/4407/hotspot/src/share/vm/prims/methodHandles.cpp, line 1146]
Event: 0.276 Thread 0x00007fb4ab002000 Exception <a 'java/io/FileNotFoundException'> (0x000000076af78668) thrown at [/Users/java_re/workspace/8-2-build-macosx-x86_64/jdk8u60/4407/hotspot/src/share/vm/prims/jni.cpp, line 709]
Event: 0.276 Thread 0x00007fb4ab002000 Exception <a 'java/io/FileNotFoundException'> (0x000000076af791d0) thrown at [/Users/java_re/workspace/8-2-build-macosx-x86_64/jdk8u60/4407/hotspot/src/share/vm/prims/jni.cpp, line 709]
Event: 0.362 Thread 0x00007fb4ab002000 Exception <a 'java/io/FileNotFoundException'> (0x000000076b010df8) thrown at [/Users/java_re/workspace/8-2-build-macosx-x86_64/jdk8u60/4407/hotspot/src/share/vm/prims/jni.cpp, line 709]
Event: 1.623 Thread 0x00007fb4ac17a000 Exception <a 'java/lang/UnsatisfiedLinkError': com.jogamp.common.util.JarUtil.fixNativeLibAttribs(Ljava/lang/String;)Z> (0x000000076c66b620) thrown at [/Users/java_re/workspace/8-2-build-macosx-x86_64/jdk8u60/4407/hotspot/src/share/vm/prims/nativeLookup.c
Event: 2.443 Thread 0x00007fb4ab2b4000 Exception <a 'java/io/FileNotFoundException'> (0x000000076d855af8) thrown at [/Users/java_re/workspace/8-2-build-macosx-x86_64/jdk8u60/4407/hotspot/src/share/vm/prims/jni.cpp, line 709]
Event: 2.443 Thread 0x00007fb4ab2b4000 Exception <a 'java/io/FileNotFoundException'> (0x000000076d85c958) thrown at [/Users/java_re/workspace/8-2-build-macosx-x86_64/jdk8u60/4407/hotspot/src/share/vm/prims/jni.cpp, line 709]
Event: 2.443 Thread 0x00007fb4ab2b4000 Implicit null exception at 0x0000000102958ef5 to 0x0000000102959281
Event: 3.093 Thread 0x00007fb4ab00b800 Exception <a 'java/lang/NullPointerException'> (0x000000076ad1fd90) thrown at [/Users/java_re/workspace/8-2-build-macosx-x86_64/jdk8u60/4407/hotspot/src/share/vm/interpreter/linkResolver.cpp, line 1178]

Events (10 events):
Event: 16.804 loading class java/awt/LightweightDispatcher$2 done
Event: 16.805 loading class java/awt/event/AWTEventListenerProxy
Event: 16.805 loading class java/awt/event/AWTEventListenerProxy done
Event: 16.805 Executing VM operation: Deoptimize
Event: 16.805 Executing VM operation: Deoptimize done
Event: 16.805 loading class java/awt/Toolkit$ToolkitEventMulticaster
Event: 16.805 loading class java/awt/Toolkit$ToolkitEventMulticaster done
Event: 16.805 Thread 0x00007fb4aa92a000 Thread exited: 0x00007fb4aa92a000
Event: 16.806 loading class java/awt/Window$1DisposeAction
Event: 16.806 loading class java/awt/Window$1DisposeAction done


Dynamic libraries:
0x000000000428c000 	/System/Library/Frameworks/Cocoa.framework/Versions/A/Cocoa
0x000000000428c000 	/System/Library/Frameworks/Security.framework/Versions/A/Security
0x000000000428c000 	/System/Library/Frameworks/ApplicationServices.framework/Versions/A/ApplicationServices
0x000000000428c000 	/usr/lib/libz.1.dylib
0x000000000428c000 	/usr/lib/libSystem.B.dylib
0x000000000428c000 	/usr/lib/libobjc.A.dylib
0x000000000428c000 	/System/Library/Frameworks/CoreFoundation.framework/Versions/A/CoreFoundation
0x000000000428c000 	/System/Library/Frameworks/Foundation.framework/Versions/C/Foundation
0x000000000428c000 	/System/Library/Frameworks/AppKit.framework/Versions/C/AppKit
0x000000000428c000 	/System/Library/Frameworks/CoreData.framework/Versions/A/CoreData
0x000000000428c000 	/System/Library/PrivateFrameworks/RemoteViewServices.framework/Versions/A/RemoteViewServices
0x000000000428c000 	/System/Library/PrivateFrameworks/UIFoundation.framework/Versions/A/UIFoundation
0x000000000428c000 	/System/Library/Frameworks/IOSurface.framework/Versions/A/IOSurface
0x000000000428c000 	/System/Library/Frameworks/AudioToolbox.framework/Versions/A/AudioToolbox
0x000000000428c000 	/System/Library/Frameworks/AudioUnit.framework/Versions/A/AudioUnit
0x000000000428c000 	/System/Library/PrivateFrameworks/DataDetectorsCore.framework/Versions/A/DataDetectorsCore
0x000000000428c000 	/System/Library/PrivateFrameworks/DesktopServicesPriv.framework/Versions/A/DesktopServicesPriv
0x000000000428c000 	/System/Library/Frameworks/Carbon.framework/Versions/A/Frameworks/HIToolbox.framework/Versions/A/HIToolbox
0x000000000428c000 	/System/Library/Frameworks/QuartzCore.framework/Versions/A/QuartzCore
0x000000000428c000 	/System/Library/Frameworks/Carbon.framework/Versions/A/Frameworks/SpeechRecognition.framework/Versions/A/SpeechRecognition
0x000000000428c000 	/usr/lib/libauto.dylib
0x000000000428c000 	/usr/lib/libicucore.A.dylib
0x000000000428c000 	/usr/lib/libxml2.2.dylib
0x000000000428c000 	/System/Library/PrivateFrameworks/CoreUI.framework/Versions/A/CoreUI
0x000000000428c000 	/System/Library/Frameworks/CoreAudio.framework/Versions/A/CoreAudio
0x000000000428c000 	/System/Library/Frameworks/DiskArbitration.framework/Versions/A/DiskArbitration
0x000000000428c000 	/usr/lib/liblangid.dylib
0x000000000428c000 	/System/Library/PrivateFrameworks/MultitouchSupport.framework/Versions/A/MultitouchSupport
0x000000000428c000 	/System/Library/Frameworks/IOKit.framework/Versions/A/IOKit
0x000000000428c000 	/usr/lib/libDiagnosticMessagesClient.dylib
0x000000000428c000 	/System/Library/Frameworks/CoreServices.framework/Versions/A/CoreServices
0x000000000428c000 	/System/Library/PrivateFrameworks/PerformanceAnalysis.framework/Versions/A/PerformanceAnalysis
0x000000000428c000 	/System/Library/PrivateFrameworks/GenerationalStorage.framework/Versions/A/GenerationalStorage
0x000000000428c000 	/System/Library/Frameworks/OpenGL.framework/Versions/A/OpenGL
0x000000000428c000 	/System/Library/PrivateFrameworks/Sharing.framework/Versions/A/Sharing
0x000000000428c000 	/System/Library/Frameworks/CoreGraphics.framework/Versions/A/CoreGraphics
0x000000000428c000 	/System/Library/Frameworks/CoreText.framework/Versions/A/CoreText
0x000000000428c000 	/System/Library/Frameworks/ImageIO.framework/Versions/A/ImageIO
0x000000000428c000 	/usr/lib/libextension.dylib
0x000000000428c000 	/System/Library/PrivateFrameworks/Backup.framework/Versions/A/Backup
0x000000000428c000 	/usr/lib/libarchive.2.dylib
0x000000000428c000 	/System/Library/Frameworks/CFNetwork.framework/Versions/A/CFNetwork
0x000000000428c000 	/System/Library/Frameworks/SystemConfiguration.framework/Versions/A/SystemConfiguration
0x000000000428c000 	/usr/lib/libCRFSuite.dylib
0x000000000428c000 	/usr/lib/libc++.1.dylib
0x000000000428c000 	/usr/lib/libc++abi.dylib
0x000000000428c000 	/usr/lib/system/libcache.dylib
0x000000000428c000 	/usr/lib/system/libcommonCrypto.dylib
0x000000000428c000 	/usr/lib/system/libcompiler_rt.dylib
0x000000000428c000 	/usr/lib/system/libcopyfile.dylib
0x000000000428c000 	/usr/lib/system/libcorecrypto.dylib
0x000000000428c000 	/usr/lib/system/libdispatch.dylib
0x000000000428c000 	/usr/lib/system/libdyld.dylib
0x000000000428c000 	/usr/lib/system/libkeymgr.dylib
0x000000000428c000 	/usr/lib/system/liblaunch.dylib
0x000000000428c000 	/usr/lib/system/libmacho.dylib
0x000000000428c000 	/usr/lib/system/libquarantine.dylib
0x000000000428c000 	/usr/lib/system/libremovefile.dylib
0x000000000428c000 	/usr/lib/system/libsystem_asl.dylib
0x000000000428c000 	/usr/lib/system/libsystem_blocks.dylib
0x000000000428c000 	/usr/lib/system/libsystem_c.dylib
0x000000000428c000 	/usr/lib/system/libsystem_configuration.dylib
0x000000000428c000 	/usr/lib/system/libsystem_coreservices.dylib
0x000000000428c000 	/usr/lib/system/libsystem_coretls.dylib
0x000000000428c000 	/usr/lib/system/libsystem_dnssd.dylib
0x000000000428c000 	/usr/lib/system/libsystem_info.dylib
0x000000000428c000 	/usr/lib/system/libsystem_kernel.dylib
0x000000000428c000 	/usr/lib/system/libsystem_m.dylib
0x000000000428c000 	/usr/lib/system/libsystem_malloc.dylib
0x000000000428c000 	/usr/lib/system/libsystem_network.dylib
0x000000000428c000 	/usr/lib/system/libsystem_networkextension.dylib
0x000000000428c000 	/usr/lib/system/libsystem_notify.dylib
0x000000000428c000 	/usr/lib/system/libsystem_platform.dylib
0x000000000428c000 	/usr/lib/system/libsystem_pthread.dylib
0x000000000428c000 	/usr/lib/system/libsystem_sandbox.dylib
0x000000000428c000 	/usr/lib/system/libsystem_secinit.dylib
0x000000000428c000 	/usr/lib/system/libsystem_stats.dylib
0x000000000428c000 	/usr/lib/system/libsystem_trace.dylib
0x000000000428c000 	/usr/lib/system/libunc.dylib
0x000000000428c000 	/usr/lib/system/libunwind.dylib
0x000000000428c000 	/usr/lib/system/libxpc.dylib
0x000000000428c000 	/usr/lib/libbz2.1.0.dylib
0x000000000428c000 	/usr/lib/liblzma.5.dylib
0x000000000428c000 	/usr/lib/libbsm.0.dylib
0x000000000428c000 	/usr/lib/libsqlite3.dylib
0x000000000428c000 	/usr/lib/system/libkxld.dylib
0x000000000428c000 	/usr/lib/libxar.1.dylib
0x000000000428c000 	/usr/lib/libpam.2.dylib
0x000000000428c000 	/usr/lib/libOpenScriptingUtil.dylib
0x000000000428c000 	/System/Library/Frameworks/CoreServices.framework/Versions/A/Frameworks/FSEvents.framework/Versions/A/FSEvents
0x000000000428c000 	/System/Library/Frameworks/CoreServices.framework/Versions/A/Frameworks/CarbonCore.framework/Versions/A/CarbonCore
0x000000000428c000 	/System/Library/Frameworks/CoreServices.framework/Versions/A/Frameworks/Metadata.framework/Versions/A/Metadata
0x000000000428c000 	/System/Library/Frameworks/CoreServices.framework/Versions/A/Frameworks/OSServices.framework/Versions/A/OSServices
0x000000000428c000 	/System/Library/Frameworks/CoreServices.framework/Versions/A/Frameworks/SearchKit.framework/Versions/A/SearchKit
0x000000000428c000 	/System/Library/Frameworks/CoreServices.framework/Versions/A/Frameworks/AE.framework/Versions/A/AE
0x000000000428c000 	/System/Library/Frameworks/CoreServices.framework/Versions/A/Frameworks/LaunchServices.framework/Versions/A/LaunchServices
0x000000000428c000 	/System/Library/Frameworks/CoreServices.framework/Versions/A/Frameworks/DictionaryServices.framework/Versions/A/DictionaryServices
0x000000000428c000 	/System/Library/Frameworks/NetFS.framework/Versions/A/NetFS
0x000000000428c000 	/System/Library/PrivateFrameworks/NetAuth.framework/Versions/A/NetAuth
0x000000000428c000 	/System/Library/PrivateFrameworks/login.framework/Versions/A/Frameworks/loginsupport.framework/Versions/A/loginsupport
0x000000000428c000 	/System/Library/PrivateFrameworks/TCC.framework/Versions/A/TCC
0x000000000428c000 	/usr/lib/libmecabra.dylib
0x000000000428c000 	/System/Library/Frameworks/ApplicationServices.framework/Versions/A/Frameworks/ATS.framework/Versions/A/ATS
0x000000000428c000 	/System/Library/Frameworks/ApplicationServices.framework/Versions/A/Frameworks/ColorSync.framework/Versions/A/ColorSync
0x000000000428c000 	/System/Library/Frameworks/ApplicationServices.framework/Versions/A/Frameworks/HIServices.framework/Versions/A/HIServices
0x000000000428c000 	/System/Library/Frameworks/ApplicationServices.framework/Versions/A/Frameworks/LangAnalysis.framework/Versions/A/LangAnalysis
0x000000000428c000 	/System/Library/Frameworks/ApplicationServices.framework/Versions/A/Frameworks/PrintCore.framework/Versions/A/PrintCore
0x000000000428c000 	/System/Library/Frameworks/ApplicationServices.framework/Versions/A/Frameworks/QD.framework/Versions/A/QD
0x000000000428c000 	/System/Library/Frameworks/ApplicationServices.framework/Versions/A/Frameworks/SpeechSynthesis.framework/Versions/A/SpeechSynthesis
0x000000000428c000 	/System/Library/Frameworks/Accelerate.framework/Versions/A/Accelerate
0x000000000428c000 	/System/Library/Frameworks/Accelerate.framework/Versions/A/Frameworks/vImage.framework/Versions/A/vImage
0x000000000428c000 	/System/Library/Frameworks/Accelerate.framework/Versions/A/Frameworks/vecLib.framework/Versions/A/vecLib
0x000000000428c000 	/System/Library/Frameworks/Accelerate.framework/Versions/A/Frameworks/vecLib.framework/Versions/A/libvDSP.dylib
0x000000000428c000 	/System/Library/Frameworks/Accelerate.framework/Versions/A/Frameworks/vecLib.framework/Versions/A/libvMisc.dylib
0x000000000428c000 	/System/Library/Frameworks/Accelerate.framework/Versions/A/Frameworks/vecLib.framework/Versions/A/libLAPACK.dylib
0x000000000428c000 	/System/Library/Frameworks/Accelerate.framework/Versions/A/Frameworks/vecLib.framework/Versions/A/libBLAS.dylib
0x000000000428c000 	/System/Library/Frameworks/Accelerate.framework/Versions/A/Frameworks/vecLib.framework/Versions/A/libLinearAlgebra.dylib
0x000000000428c000 	/System/Library/Frameworks/ApplicationServices.framework/Versions/A/Frameworks/ATS.framework/Versions/A/Resources/libFontParser.dylib
0x000000000428c000 	/System/Library/Frameworks/ApplicationServices.framework/Versions/A/Frameworks/ATS.framework/Versions/A/Resources/libFontRegistry.dylib
0x000000000428c000 	/System/Library/PrivateFrameworks/AppleVPA.framework/Versions/A/AppleVPA
0x000000000428c000 	/System/Library/PrivateFrameworks/AppleJPEG.framework/Versions/A/AppleJPEG
0x000000000428c000 	/System/Library/Frameworks/ImageIO.framework/Versions/A/Resources/libJPEG.dylib
0x000000000428c000 	/System/Library/Frameworks/ImageIO.framework/Versions/A/Resources/libTIFF.dylib
0x000000000428c000 	/System/Library/Frameworks/ImageIO.framework/Versions/A/Resources/libPng.dylib
0x000000000428c000 	/System/Library/Frameworks/ImageIO.framework/Versions/A/Resources/libGIF.dylib
0x000000000428c000 	/System/Library/Frameworks/ImageIO.framework/Versions/A/Resources/libJP2.dylib
0x000000000428c000 	/System/Library/Frameworks/ImageIO.framework/Versions/A/Resources/libRadiance.dylib
0x000000000428c000 	/System/Library/Frameworks/CoreVideo.framework/Versions/A/CoreVideo
0x000000000428c000 	/System/Library/Frameworks/OpenGL.framework/Versions/A/Libraries/libGLU.dylib
0x000000000428c000 	/System/Library/Frameworks/OpenGL.framework/Versions/A/Libraries/libGFXShared.dylib
0x000000000428c000 	/System/Library/Frameworks/OpenGL.framework/Versions/A/Libraries/libGL.dylib
0x000000000428c000 	/System/Library/Frameworks/OpenGL.framework/Versions/A/Libraries/libGLImage.dylib
0x000000000428c000 	/System/Library/Frameworks/OpenGL.framework/Versions/A/Libraries/libCVMSPluginSupport.dylib
0x000000000428c000 	/System/Library/Frameworks/OpenGL.framework/Versions/A/Libraries/libCoreVMClient.dylib
0x000000000428c000 	/usr/lib/libcups.2.dylib
0x000000000428c000 	/System/Library/Frameworks/Kerberos.framework/Versions/A/Kerberos
0x000000000428c000 	/System/Library/Frameworks/GSS.framework/Versions/A/GSS
0x000000000428c000 	/usr/lib/libresolv.9.dylib
0x000000000428c000 	/usr/lib/libiconv.2.dylib
0x000000000428c000 	/System/Library/PrivateFrameworks/Heimdal.framework/Versions/A/Heimdal
0x000000000428c000 	/usr/lib/libheimdal-asn1.dylib
0x000000000428c000 	/System/Library/Frameworks/OpenDirectory.framework/Versions/A/OpenDirectory
0x000000000428c000 	/System/Library/PrivateFrameworks/CommonAuth.framework/Versions/A/CommonAuth
0x000000000428c000 	/System/Library/Frameworks/OpenDirectory.framework/Versions/A/Frameworks/CFOpenDirectory.framework/Versions/A/CFOpenDirectory
0x000000000428c000 	/System/Library/Frameworks/SecurityFoundation.framework/Versions/A/SecurityFoundation
0x000000000428c000 	/System/Library/PrivateFrameworks/LanguageModeling.framework/Versions/A/LanguageModeling
0x000000000428c000 	/usr/lib/libcmph.dylib
0x000000000428c000 	/System/Library/Frameworks/ServiceManagement.framework/Versions/A/ServiceManagement
0x000000000428c000 	/usr/lib/libxslt.1.dylib
0x000000000428c000 	/System/Library/Frameworks/Carbon.framework/Versions/A/Frameworks/Ink.framework/Versions/A/Ink
0x000000000428c000 	/System/Library/Frameworks/QuartzCore.framework/Versions/A/Frameworks/CoreImage.framework/Versions/A/CoreImage
0x000000000428c000 	/System/Library/PrivateFrameworks/CrashReporterSupport.framework/Versions/A/CrashReporterSupport
0x000000000428c000 	/System/Library/Frameworks/OpenCL.framework/Versions/A/OpenCL
0x000000000428c000 	/System/Library/PrivateFrameworks/FaceCore.framework/Versions/A/FaceCore
0x000000000428c000 	/System/Library/PrivateFrameworks/Ubiquity.framework/Versions/A/Ubiquity
0x000000000428c000 	/System/Library/PrivateFrameworks/IconServices.framework/Versions/A/IconServices
0x000000000428c000 	/System/Library/PrivateFrameworks/ChunkingLibrary.framework/Versions/A/ChunkingLibrary
0x000000000428c000 	/System/Library/PrivateFrameworks/Apple80211.framework/Versions/A/Apple80211
0x000000000428c000 	/System/Library/Frameworks/CoreWLAN.framework/Versions/A/CoreWLAN
0x000000000428c000 	/System/Library/Frameworks/IOBluetooth.framework/Versions/A/IOBluetooth
0x000000000428c000 	/System/Library/PrivateFrameworks/CoreWiFi.framework/Versions/A/CoreWiFi
0x000000000428c000 	/System/Library/Frameworks/CoreBluetooth.framework/Versions/A/CoreBluetooth
0x000000000428c000 	/System/Library/PrivateFrameworks/DebugSymbols.framework/Versions/A/DebugSymbols
0x000000000428c000 	/System/Library/PrivateFrameworks/CoreSymbolication.framework/Versions/A/CoreSymbolication
0x000000000428c000 	/System/Library/PrivateFrameworks/Symbolication.framework/Versions/A/Symbolication
0x000000000428c000 	/System/Library/PrivateFrameworks/SpeechRecognitionCore.framework/Versions/A/SpeechRecognitionCore
0x0000000101800000 	/Library/Java/JavaVirtualMachines/jdk1.8.0_60.jdk/Contents/Home/jre/lib/server/libjvm.dylib
0x000000000428c000 	/usr/lib/libstdc++.6.dylib
0x00000001007cf000 	/Library/Java/JavaVirtualMachines/jdk1.8.0_60.jdk/Contents/Home/jre/lib/libverify.dylib
0x0000000102789000 	/Library/Java/JavaVirtualMachines/jdk1.8.0_60.jdk/Contents/Home/jre/lib/libjava.dylib
0x00000001007e7000 	/Library/Java/JavaVirtualMachines/jdk1.8.0_60.jdk/Contents/Home/jre/lib/libzip.dylib
0x000000011e394000 	/System/Library/Frameworks/JavaVM.framework/Frameworks/JavaRuntimeSupport.framework/JavaRuntimeSupport
0x000000011e3aa000 	/System/Library/Frameworks/JavaVM.framework/Versions/A/Frameworks/JavaNativeFoundation.framework/Versions/A/JavaNativeFoundation
0x00000001007f1000 	/System/Library/Frameworks/JavaVM.framework/Versions/A/JavaVM
0x000000000428c000 	/System/Library/Frameworks/Carbon.framework/Versions/A/Carbon
0x000000011e3be000 	/System/Library/PrivateFrameworks/JavaLaunching.framework/Versions/A/JavaLaunching
0x000000000428c000 	/System/Library/Frameworks/Carbon.framework/Versions/A/Frameworks/CommonPanels.framework/Versions/A/CommonPanels
0x000000000428c000 	/System/Library/Frameworks/Carbon.framework/Versions/A/Frameworks/Help.framework/Versions/A/Help
0x000000000428c000 	/System/Library/Frameworks/Carbon.framework/Versions/A/Frameworks/ImageCapture.framework/Versions/A/ImageCapture
0x000000000428c000 	/System/Library/Frameworks/Carbon.framework/Versions/A/Frameworks/OpenScripting.framework/Versions/A/OpenScripting
0x000000000428c000 	/System/Library/Frameworks/Carbon.framework/Versions/A/Frameworks/Print.framework/Versions/A/Print
0x000000000428c000 	/System/Library/Frameworks/Carbon.framework/Versions/A/Frameworks/SecurityHI.framework/Versions/A/SecurityHI
0x00000001203ba000 	/Library/Java/JavaVirtualMachines/jdk1.8.0_60.jdk/Contents/Home/jre/lib/libawt.dylib
0x0000000120462000 	/Library/Java/JavaVirtualMachines/jdk1.8.0_60.jdk/Contents/Home/jre/lib/./libmlib_image.dylib
0x000000012052e000 	/Library/Java/JavaVirtualMachines/jdk1.8.0_60.jdk/Contents/Home/jre/lib/libawt_lwawt.dylib
0x00000001205e3000 	/Library/Java/JavaVirtualMachines/jdk1.8.0_60.jdk/Contents/Home/jre/lib/./libosxapp.dylib
0x000000000428c000 	/System/Library/Frameworks/ExceptionHandling.framework/Versions/A/ExceptionHandling
0x000000000428c000 	/System/Library/PrivateFrameworks/CoreServicesInternal.framework/Versions/A/CoreServicesInternal
0x000000000428c000 	/System/Library/PrivateFrameworks/CloudDocs.framework/Versions/A/CloudDocs
0x000000000428c000 	/System/Library/PrivateFrameworks/CoreDuet.framework/Versions/A/CoreDuet
0x000000000428c000 	/System/Library/Frameworks/CloudKit.framework/Versions/A/CloudKit
0x000000000428c000 	/System/Library/PrivateFrameworks/ProtocolBuffer.framework/Versions/A/ProtocolBuffer
0x000000000428c000 	/System/Library/PrivateFrameworks/CoreDuetDaemonProtocol.framework/Versions/A/CoreDuetDaemonProtocol
0x000000000428c000 	/System/Library/PrivateFrameworks/CoreDuetDebugLogging.framework/Versions/A/CoreDuetDebugLogging
0x000000000428c000 	/System/Library/PrivateFrameworks/MMCS.framework/Versions/A/MMCS
0x000000000428c000 	/System/Library/Frameworks/CoreLocation.framework/Versions/A/CoreLocation
0x000000000428c000 	/System/Library/PrivateFrameworks/ProtectedCloudStorage.framework/Versions/A/ProtectedCloudStorage
0x000000000428c000 	/System/Library/PrivateFrameworks/GeoServices.framework/Versions/A/GeoServices
0x000000000428c000 	/System/Library/Frameworks/CoreGraphics.framework/Versions/A/Resources/libCGCMS.A.dylib
0x000000000428c000 	/System/Library/Frameworks/CoreGraphics.framework/Versions/A/Resources/libRIP.A.dylib
0x000000000428c000 	/System/Library/Frameworks/CoreGraphics.framework/Versions/A/Resources/libCGXType.A.dylib
0x000000000428c000 	/System/Library/Frameworks/OpenCL.framework/Versions/A/Libraries/libcldcpuengine.dylib
0x000000000428c000 	/System/Library/PrivateFrameworks/DiskImages.framework/Versions/A/DiskImages
0x000000000428c000 	/System/Library/Frameworks/DiscRecording.framework/Versions/A/DiscRecording
0x000000000428c000 	/usr/lib/libcsfde.dylib
0x000000000428c000 	/usr/lib/libcurl.4.dylib
0x000000000428c000 	/System/Library/PrivateFrameworks/MediaKit.framework/Versions/A/MediaKit
0x000000000428c000 	/usr/lib/libCoreStorage.dylib
0x000000000428c000 	/System/Library/PrivateFrameworks/EFILogin.framework/Versions/A/EFILogin
0x000000000428c000 	/usr/lib/libutil.dylib
0x000000000428c000 	/System/Library/PrivateFrameworks/FindMyDevice.framework/Versions/A/FindMyDevice
0x000000000428c000 	/System/Library/Frameworks/LDAP.framework/Versions/A/LDAP
0x000000000428c000 	/usr/lib/libsasl2.2.dylib
0x000000000428c000 	/System/Library/PrivateFrameworks/CoreDaemon.framework/Versions/B/CoreDaemon
0x000000000428c000 	/usr/lib/libcrypto.0.9.8.dylib
0x000000000428c000 	/System/Library/PrivateFrameworks/AppleSRP.framework/Versions/A/AppleSRP
0x000000000428c000 	/System/Library/PrivateFrameworks/TrustEvaluationAgent.framework/Versions/A/TrustEvaluationAgent
0x00000001237de000 	cl_kernels
0x00000001237e0000 	/System/Library/Frameworks/OpenCL.framework/Versions/A/Libraries/ImageFormats/unorm8_bgra.dylib
0x00000001237d0000 	cl_kernels
0x000000000428c000 	/System/Library/PrivateFrameworks/FamilyControls.framework/Versions/A/FamilyControls
0x000000000428c000 	/System/Library/PrivateFrameworks/CommerceKit.framework/Versions/A/Frameworks/CommerceCore.framework/Versions/A/CommerceCore
0x000000000428c000 	/System/Library/PrivateFrameworks/SystemAdministration.framework/Versions/A/SystemAdministration
0x000000000428c000 	/System/Library/PrivateFrameworks/AppContainer.framework/Versions/A/AppContainer
0x000000000428c000 	/System/Library/PrivateFrameworks/SecCodeWrapper.framework/Versions/A/SecCodeWrapper
0x000000000428c000 	/System/Library/Frameworks/DirectoryService.framework/Versions/A/DirectoryService
0x000000000428c000 	/System/Library/PrivateFrameworks/LoginUIKit.framework/Versions/A/Frameworks/LoginUICore.framework/Versions/A/LoginUICore
0x000000000428c000 	/usr/lib/libodfde.dylib
0x000000000428c000 	/System/Library/Frameworks/OpenGL.framework/Versions/A/Resources/GLEngine.bundle/GLEngine
0x000000000428c000 	/System/Library/Frameworks/OpenGL.framework/Versions/A/Libraries/libGLProgrammability.dylib
0x0000000124cab000 	/System/Library/Extensions/AppleIntelHD5000GraphicsGLDriver.bundle/Contents/MacOS/AppleIntelHD5000GraphicsGLDriver
0x000000000428c000 	/System/Library/PrivateFrameworks/IOAccelerator.framework/Versions/A/IOAccelerator
0x000000000428c000 	/System/Library/PrivateFrameworks/GPUSupport.framework/Versions/A/Libraries/libGPUSupportMercury.dylib
0x000000000428c000 	/System/Library/Frameworks/OpenGL.framework/Versions/A/Resources/GLRendererFloat.bundle/GLRendererFloat
0x0000000125d31000 	/Library/Java/JavaVirtualMachines/jdk1.8.0_60.jdk/Contents/Home/jre/lib/libfontmanager.dylib
0x000000012706b000 	/Library/Java/JavaVirtualMachines/jdk1.8.0_60.jdk/Contents/Home/jre/lib/libosxui.dylib
0x00000001272f9000 	/Library/Java/JavaVirtualMachines/jdk1.8.0_60.jdk/Contents/Home/jre/lib/libnet.dylib
0x00000001270aa000 	/Library/Java/JavaVirtualMachines/jdk1.8.0_60.jdk/Contents/Home/jre/lib/libnio.dylib
0x000000000428c000 	/System/Library/Frameworks/ApplicationServices.framework/Versions/A/Frameworks/ATS.framework/Versions/A/Resources/libTrueTypeScaler.dylib
0x0000000172aa6000 	/private/var/folders/b5/zysj4pxj6576yq718hwysrg80000gn/T/jogamp_0000/file_cache/jln1676020762207162205/jln8185932735322892431/libgluegen-rt.jnilib
0x0000000172aab000 	/private/var/folders/b5/zysj4pxj6576yq718hwysrg80000gn/T/jogamp_0000/file_cache/jln1676020762207162205/jln8185932735322892431/libnativewindow_awt.jnilib
0x0000000172aae000 	/Library/Java/JavaVirtualMachines/jdk1.8.0_60.jdk/Contents/Home/jre/lib/libjawt.dylib
0x00000001730e3000 	/private/var/folders/b5/zysj4pxj6576yq718hwysrg80000gn/T/jogamp_0000/file_cache/jln1676020762207162205/jln8185932735322892431/libnativewindow_macosx.jnilib
0x00000001731dd000 	/private/var/folders/b5/zysj4pxj6576yq718hwysrg80000gn/T/jogamp_0000/file_cache/jln1676020762207162205/jln8185932735322892431/libjogl_desktop.jnilib
0x0000000179ac8000 	/Library/Java/JavaVirtualMachines/jdk1.8.0_60.jdk/Contents/Home/jre/lib/libsunec.dylib
0x0000000179f48000 	/Library/Java/JavaVirtualMachines/jdk1.8.0_60.jdk/Contents/Home/jre/lib/libt2k.dylib

VM Arguments:
jvm_args: -Djava.security.policy=java.policy.applet -Dfile.encoding=UTF-8 
java_command: sun.applet.AppletViewer module4.EarthquakeCityMap1494472279674.html
java_class_path (initial): /Users/mauriciotl/MauricioFiles/Eclipse_II/CourseraProjects/UCSDUnfoldingMaps/build:/Users/mauriciotl/MauricioFiles/Eclipse_II/CourseraProjects/UCSDUnfoldingMaps/lib/core.jar:/Users/mauriciotl/MauricioFiles/Eclipse_II/CourseraProjects/UCSDUnfoldingMaps/lib/gluegen-rt.jar:/Users/mauriciotl/MauricioFiles/Eclipse_II/CourseraProjects/UCSDUnfoldingMaps/lib/jogl-all.jar:/Users/mauriciotl/MauricioFiles/Eclipse_II/CourseraProjects/UCSDUnfoldingMaps/lib/log4j-1.2.15.jar:/Users/mauriciotl/MauricioFiles/Eclipse_II/CourseraProjects/UCSDUnfoldingMaps/lib/sqlite-jdbc-3.7.2.jar:/Users/mauriciotl/MauricioFiles/Eclipse_II/CourseraProjects/UCSDUnfoldingMaps/lib/json4processing.jar:/Users/mauriciotl/MauricioFiles/Eclipse_II/CourseraProjects/UCSDUnfoldingMaps/lib/libTUIO.jar:/Users/mauriciotl/MauricioFiles/Eclipse_II/CourseraProjects/UCSDUnfoldingMaps/lib/unfolding.0.9.7-uscd.jar
Launcher Type: SUN_STANDARD

Environment Variables:
PATH=/usr/bin:/bin:/usr/sbin:/sbin
SHELL=/bin/bash

Signal Handlers:
SIGSEGV: [libjvm.dylib+0x5a6d31], sa_mask[0]=11111111011111110111111111111111, sa_flags=SA_ONSTACK|SA_RESTART|SA_SIGINFO
SIGBUS: [libjvm.dylib+0x5a6d31], sa_mask[0]=11111111011111110111111111111111, sa_flags=SA_RESTART|SA_SIGINFO
SIGFPE: [libjvm.dylib+0x480a4c], sa_mask[0]=11111111011111110111111111111111, sa_flags=SA_RESTART|SA_SIGINFO
SIGPIPE: [libjvm.dylib+0x480a4c], sa_mask[0]=11111111011111110111111111111111, sa_flags=SA_RESTART|SA_SIGINFO
SIGXFSZ: [libjvm.dylib+0x480a4c], sa_mask[0]=11111111011111110111111111111111, sa_flags=SA_RESTART|SA_SIGINFO
SIGILL: [libjvm.dylib+0x480a4c], sa_mask[0]=11111111011111110111111111111111, sa_flags=SA_RESTART|SA_SIGINFO
SIGUSR1: SIG_DFL, sa_mask[0]=00000000000000000000000000000000, sa_flags=none
SIGUSR2: [libjvm.dylib+0x48056a], sa_mask[0]=00100000000000000000000000000000, sa_flags=SA_RESTART|SA_SIGINFO
SIGHUP: [libjvm.dylib+0x47eb41], sa_mask[0]=11111111011111110111111111111111, sa_flags=SA_RESTART|SA_SIGINFO
SIGINT: [libjvm.dylib+0x47eb41], sa_mask[0]=11111111011111110111111111111111, sa_flags=SA_RESTART|SA_SIGINFO
SIGTERM: [libjvm.dylib+0x47eb41], sa_mask[0]=11111111011111110111111111111111, sa_flags=SA_RESTART|SA_SIGINFO
SIGQUIT: [libjvm.dylib+0x47eb41], sa_mask[0]=11111111011111110111111111111111, sa_flags=SA_RESTART|SA_SIGINFO


---------------  S Y S T E M  ---------------

OS:Bsduname:Darwin 14.5.0 Darwin Kernel Version 14.5.0: Fri Feb 17 10:33:20 PST 2017; root:xnu-2782.50.9.1.1~1/RELEASE_X86_64 x86_64
rlimit: STACK 8192k, CORE 0k, NPROC 709, NOFILE 10240, AS infinity
load average:1.68 1.32 1.22

CPU:total 8 (4 cores per cpu, 2 threads per core) family 6 model 70 stepping 1, cmov, cx8, fxsr, mmx, sse, sse2, sse3, ssse3, sse4.1, sse4.2, popcnt, avx, avx2, aes, clmul, erms, lzcnt, ht, tsc, tscinvbit, bmi1, bmi2

Memory: 4k page, physical 16777216k(587700k free)

/proc/meminfo:


vm_info: Java HotSpot(TM) 64-Bit Server VM (25.60-b23) for bsd-amd64 JRE (1.8.0_60-b27), built on Aug  4 2015 10:47:24 by "java_re" with gcc 4.2.1 (Based on Apple Inc. build 5658) (LLVM build 2336.11.00)

time: Wed May 10 22:11:36 2017
elapsed time: 16 seconds (0d 0h 0m 16s)

