#
# A fatal error has been detected by the Java Runtime Environment:
#
#  SIGSEGV (0xb) at pc=0x00007fff8aebe0dd, pid=834, tid=1811
#
# JRE version: Java(TM) SE Runtime Environment (8.0_60-b27) (build 1.8.0_60-b27)
# Java VM: Java HotSpot(TM) 64-Bit Server VM (25.60-b23 mixed mode bsd-amd64 compressed oops)
# Problematic frame:
# C  [libobjc.A.dylib+0x10dd]  objc_msgSend+0x1d
#
# Failed to write core dump. Core dumps have been disabled. To enable core dumping, try "ulimit -c unlimited" before starting Java again
#
# If you would like to submit a bug report, please visit:
#   http://bugreport.java.com/bugreport/crash.jsp
# The crash happened outside the Java Virtual Machine in native code.
# See problematic frame for where to report the bug.
#

---------------  T H R E A D  ---------------

Current thread (0x00007ffe29858000):  JavaThread "AWT-AppKit" daemon [_thread_in_native, id=1811, stack(0x00007fff56325000,0x00007fff56b25000)]

siginfo: si_signo: 11 (SIGSEGV), si_code: 1 (SEGV_MAPERR), si_addr: 0x0000000000000018

Registers:
RAX=0x00007ffe2fdba4b0, RBX=0x000000017b610450, RCX=0x0000000131bfdf80, RDX=0x000000012ea45440
RSP=0x00007fff56b204d8, RBP=0x00007fff56b20590, RSI=0x00007fff9349e40f, RDI=0x00007ffe2fbab790
R8 =0x0000000000000000, R9 =0x0000000000000f50, R10=0x00007fff9349e40f, R11=0x0000000000000000
R12=0x0000000000000000, R13=0x00000001801de818, R14=0x000000017b610440, R15=0x00007ffe29858000
RIP=0x00007fff8aebe0dd, EFLAGS=0x0000000000010246, ERR=0x0000000000000004
  TRAPNO=0x000000000000000e

Top of Stack: (sp=0x00007fff56b204d8)
0x00007fff56b204d8:   000000017b60e157 00007fff56b20530
0x00007fff56b204e8:   0000000000000003 00007fff56b20510
0x00007fff56b204f8:   000000010a3f1992 00000001801de818
0x00007fff56b20508:   00000001801de818 00007ffe2fdba4b0
0x00007fff56b20518:   000000017b6106a0 000000017b610710
0x00007fff56b20528:   00007fff78353550 00007fff790dac80
0x00007fff56b20538:   000000017b610450 000000017b610690
0x00007fff56b20548:   00007ffe2fdba4b0 00007ffe2fbab790
0x00007fff56b20558:   00007ffe2fdf3b90 00007ffe2fdba4b0
0x00007fff56b20568:   00007ffe2fbab790 00007fff56b20618
0x00007fff56b20578:   00007ffe298581f8 00000001801de818
0x00007fff56b20588:   00007fff56b20640 00007fff56b20608
0x00007fff56b20598:   000000010b2e8954 00000001801de818
0x00007fff56b205a8:   00007fff56b20640 00007fff56b20608
0x00007fff56b205b8:   000000010b2e86e7 000000010b2e86a2
0x00007fff56b205c8:   00007fff56b205c8 00000001801de818
0x00007fff56b205d8:   00007fff56b20640 00000001801e1450
0x00007fff56b205e8:   0000000000000000 00000001801de818
0x00007fff56b205f8:   0000000000000000 00007fff56b20628
0x00007fff56b20608:   00007fff56b20688 000000010b2dac4d
0x00007fff56b20618:   00000006c0092578 000000010b2e2578
0x00007fff56b20628:   00007ffe2fdba4b0 00007fff56b20688
0x00007fff56b20638:   00007ffe2fbab790 000000010b2e3d82
0x00007fff56b20648:   00007fff56b20648 00000001801de9e2
0x00007fff56b20658:   00007fff56b206b0 00000001801e1450
0x00007fff56b20668:   0000000000000000 00000001801de9f0
0x00007fff56b20678:   00007fff56b20628 00007fff56b20698
0x00007fff56b20688:   00007fff56b206f8 000000010b2dac4d
0x00007fff56b20698:   00007ffe2fdba4b0 00000006c009a810
0x00007fff56b206a8:   00007ffe2fbab790 00000006c009a810
0x00007fff56b206b8:   00007fff56b206b8 000000018549b076
0x00007fff56b206c8:   00007fff56b20708 000000018549b130 

Instructions: (pc=0x00007fff8aebe0dd)
0x00007fff8aebe0bd:   00 00 00 48 85 ff 2e 74 7a 40 f6 c7 01 2e 75 7e
0x00007fff8aebe0cd:   49 bb f8 ff ff ff ff 7f 00 00 4c 23 1f 49 89 f2
0x00007fff8aebe0dd:   45 23 53 18 49 c1 e2 04 4d 03 53 10 49 3b 32 75
0x00007fff8aebe0ed:   04 41 ff 62 08 49 83 3a 00 74 6a 4d 3b 53 10 74 

Register to memory mapping:

RAX=0x00007ffe2fdba4b0 is an unknown value
RBX=0x000000017b610450: Java_jogamp_nativewindow_macosx_OSXUtil_GetScreenRefreshRate0+0x1cf0 in /private/var/folders/b5/zysj4pxj6576yq718hwysrg80000gn/T/jogamp_0000/file_cache/jln4976258270526482697/jln2598866021279383742/libnativewindow_macosx.jnilib at 0x000000017b609000
RCX=0x0000000131bfdf80 is an unknown value
RDX=0x000000012ea45440 is an unknown value
RSP=0x00007fff56b204d8 is pointing into the stack for thread: 0x00007ffe29858000
RBP=0x00007fff56b20590 is pointing into the stack for thread: 0x00007ffe29858000
RSI=0x00007fff9349e40f is an unknown value
RDI=0x00007ffe2fbab790 is an unknown value
R8 =0x0000000000000000 is an unknown value
R9 =0x0000000000000f50 is an unknown value
R10=0x00007fff9349e40f is an unknown value
R11=0x0000000000000000 is an unknown value
R12=0x0000000000000000 is an unknown value
R13={method} {0x00000001801de818} 'UnsetJAWTRootSurfaceLayer0' '(JJ)V' in 'jogamp/nativewindow/jawt/macosx/MacOSXJAWTWindow'
R14=0x000000017b610440: Java_jogamp_nativewindow_macosx_OSXUtil_GetScreenRefreshRate0+0x1ce0 in /private/var/folders/b5/zysj4pxj6576yq718hwysrg80000gn/T/jogamp_0000/file_cache/jln4976258270526482697/jln2598866021279383742/libnativewindow_macosx.jnilib at 0x000000017b609000
R15=0x00007ffe29858000 is a thread


Stack: [0x00007fff56325000,0x00007fff56b25000],  sp=0x00007fff56b204d8,  free space=8173k
Native frames: (J=compiled Java code, j=interpreted, Vv=VM code, C=native code)
C  [libobjc.A.dylib+0x10dd]  objc_msgSend+0x1d
j  jogamp.nativewindow.jawt.macosx.MacOSXJAWTWindow.UnsetJAWTRootSurfaceLayer0(JJ)V+0
j  jogamp.nativewindow.jawt.macosx.MacOSXJAWTWindow.access$200(JJ)V+2
j  jogamp.nativewindow.jawt.macosx.MacOSXJAWTWindow$1.run()V+38
j  com.jogamp.common.util.RunnableTask.run()V+24
v  ~StubRoutines::call_stub
V  [libjvm.dylib+0x2eab0e]  JavaCalls::call_helper(JavaValue*, methodHandle*, JavaCallArguments*, Thread*)+0x6ae
V  [libjvm.dylib+0x321bb7]  jni_invoke_nonstatic(JNIEnv_*, JavaValue*, _jobject*, JNICallType, _jmethodID*, JNI_ArgumentPusher*, Thread*)+0x2ec
V  [libjvm.dylib+0x31438b]  jni_CallVoidMethod+0x16b
C  [libnativewindow_macosx.jnilib+0x5326]  Java_jogamp_nativewindow_jawt_macosx_MacOSXJAWTWindow_UnsetJAWTRootSurfaceLayer0+0x2b6
C  [Foundation+0x92dd0]  __NSThreadPerformPerform+0x125
C  [CoreFoundation+0x80a01]  __CFRUNLOOP_IS_CALLING_OUT_TO_A_SOURCE0_PERFORM_FUNCTION__+0x11
C  [CoreFoundation+0x72c5c]  __CFRunLoopDoSources0+0x1dc
C  [CoreFoundation+0x721bf]  __CFRunLoopRun+0x39f
C  [CoreFoundation+0x71bd8]  CFRunLoopRunSpecific+0x128
C  [HIToolbox+0x3256f]  RunCurrentEventLoopInMode+0xeb
C  [HIToolbox+0x321ee]  ReceiveNextEventCommon+0xb3
C  [HIToolbox+0x3212b]  _BlockUntilNextEventMatchingListInModeWithFilter+0x47
C  [AppKit+0x918ab]  _DPSNextEvent+0x3d2
C  [AppKit+0x90e58]  -[NSApplication nextEventMatchingMask:untilDate:inMode:dequeue:]+0x15a
C  [libosxapp.dylib+0x23aa]  -[NSApplicationAWT nextEventMatchingMask:untilDate:inMode:dequeue:]+0x7c
C  [AppKit+0x86af3]  -[NSApplication run]+0x252
C  [libosxapp.dylib+0x214d]  +[NSApplicationAWT runAWTLoopWithApp:]+0x9c
C  [libawt_lwawt.dylib+0x44517]  -[AWTStarter starter:]+0x389
C  [Foundation+0x92dd0]  __NSThreadPerformPerform+0x125
C  [CoreFoundation+0x80a01]  __CFRUNLOOP_IS_CALLING_OUT_TO_A_SOURCE0_PERFORM_FUNCTION__+0x11
C  [CoreFoundation+0x72b8d]  __CFRunLoopDoSources0+0x10d
C  [CoreFoundation+0x721bf]  __CFRunLoopRun+0x39f
C  [CoreFoundation+0x71bd8]  CFRunLoopRunSpecific+0x128
C  [java+0x6463]  CreateExecutionEnvironment+0x367
C  [java+0x21ac]  JLI_Launch+0x7a0
C  [java+0x84c0]  main+0x65
C  [java+0x1a04]  start+0x34
C  0x0000000000000007

Java frames: (J=compiled Java code, j=interpreted, Vv=VM code)
j  jogamp.nativewindow.jawt.macosx.MacOSXJAWTWindow.UnsetJAWTRootSurfaceLayer0(JJ)V+0
j  jogamp.nativewindow.jawt.macosx.MacOSXJAWTWindow.access$200(JJ)V+2
j  jogamp.nativewindow.jawt.macosx.MacOSXJAWTWindow$1.run()V+38
j  com.jogamp.common.util.RunnableTask.run()V+24
v  ~StubRoutines::call_stub

---------------  P R O C E S S  ---------------

Java Threads: ( => current thread )
  0x00007ffe320b4800 JavaThread "Thread-19" [_thread_blocked, id=28219, stack(0x0000000187e17000,0x0000000187f17000)]
  0x00007ffe29a89000 JavaThread "AWT-EventQueue-1" [_thread_in_native, id=60955, stack(0x000000017be68000,0x000000017bf68000)]
  0x00007ffe2a801800 JavaThread "DestroyJavaVM" [_thread_blocked, id=4867, stack(0x000000010b18a000,0x000000010b28a000)]
  0x00007ffe2aa18800 JavaThread "AWT-EventQueue-0" [_thread_blocked, id=58627, stack(0x000000012fb01000,0x000000012fc01000)]
  0x00007ffe2a99d800 JavaThread "Java2D Disposer" daemon [_thread_blocked, id=55575, stack(0x000000012e7d7000,0x000000012e8d7000)]
  0x00007ffe2a126000 JavaThread "Java2D Queue Flusher" daemon [_thread_blocked, id=54023, stack(0x000000012d751000,0x000000012d851000)]
  0x00007ffe2a97c800 JavaThread "AWT-Shutdown" [_thread_blocked, id=30483, stack(0x000000012a736000,0x000000012a836000)]
=>0x00007ffe29858000 JavaThread "AWT-AppKit" daemon [_thread_in_native, id=1811, stack(0x00007fff56325000,0x00007fff56b25000)]
  0x00007ffe2a860000 JavaThread "Service Thread" daemon [_thread_blocked, id=20739, stack(0x0000000128cd7000,0x0000000128dd7000)]
  0x00007ffe2b816800 JavaThread "C1 CompilerThread3" daemon [_thread_blocked, id=20227, stack(0x0000000128bd4000,0x0000000128cd4000)]
  0x00007ffe2b819000 JavaThread "C2 CompilerThread2" daemon [_thread_blocked, id=19715, stack(0x0000000128ad1000,0x0000000128bd1000)]
  0x00007ffe2a838000 JavaThread "C2 CompilerThread1" daemon [_thread_blocked, id=19203, stack(0x00000001289ce000,0x0000000128ace000)]
  0x00007ffe2a014000 JavaThread "C2 CompilerThread0" daemon [_thread_blocked, id=18691, stack(0x00000001288cb000,0x00000001289cb000)]
  0x00007ffe2a003000 JavaThread "Signal Dispatcher" daemon [_thread_blocked, id=18211, stack(0x00000001287c8000,0x00000001288c8000)]
  0x00007ffe2b814000 JavaThread "Finalizer" daemon [_thread_blocked, id=13571, stack(0x0000000126da8000,0x0000000126ea8000)]
  0x00007ffe2a800000 JavaThread "Reference Handler" daemon [_thread_blocked, id=13059, stack(0x0000000126ca5000,0x0000000126da5000)]

Other Threads:
  0x00007ffe2980f800 VMThread [stack: 0x0000000126ba2000,0x0000000126ca2000] [id=12547]
  0x00007ffe2b817800 WatcherThread [stack: 0x0000000128dda000,0x0000000128eda000] [id=21251]

VM state:not at safepoint (normal execution)

VM Mutex/Monitor currently owned by a thread: None

Heap:
 PSYoungGen      total 79360K, used 5381K [0x000000076ab00000, 0x0000000770400000, 0x00000007c0000000)
  eden space 71680K, 7% used [0x000000076ab00000,0x000000076b0114f0,0x000000076f100000)
  from space 7680K, 2% used [0x000000076fc80000,0x000000076fcb0000,0x0000000770400000)
  to   space 9728K, 0% used [0x000000076f100000,0x000000076f100000,0x000000076fa80000)
 ParOldGen       total 99840K, used 20112K [0x00000006c0000000, 0x00000006c6180000, 0x000000076ab00000)
  object space 99840K, 20% used [0x00000006c0000000,0x00000006c13a4000,0x00000006c6180000)
 Metaspace       used 23869K, capacity 24095K, committed 24320K, reserved 1071104K
  class space    used 2360K, capacity 2450K, committed 2560K, reserved 1048576K

Card table byte_map: [0x000000011a693000,0x000000011ae94000] byte_map_base: 0x0000000117093000

Marking Bits: (ParMarkBitMap*) 0x000000010aadee20
 Begin Bits: [0x000000011bc02000, 0x000000011fc02000)
 End Bits:   [0x000000011fc02000, 0x0000000123c02000)

Polling page: 0x00000001091ff000

CodeCache: size=245760Kb used=10226Kb max_used=11802Kb free=235533Kb
 bounds [0x000000010b2d3000, 0x000000010be73000, 0x000000011a2d3000]
 total_blobs=3824 nmethods=2906 adapters=831
 compilation: enabled

Compilation events (10 events):
Event: 698.421 Thread 0x00007ffe2b816800 3296       3       java.util.HashMap::putVal (300 bytes)
Event: 698.423 Thread 0x00007ffe2b819000 3297       4       java.util.HashMap$KeyIterator::next (8 bytes)
Event: 698.423 Thread 0x00007ffe2b816800 nmethod 3296 0x000000010ba39ed0 code [0x000000010ba3a140, 0x000000010ba3b3f8]
Event: 698.426 Thread 0x00007ffe2b819000 nmethod 3297 0x000000010b700a50 code [0x000000010b700ba0, 0x000000010b700db8]
Event: 698.443 Thread 0x00007ffe2a838000 3298       4       sun.java2d.SunGraphics2D::translate (68 bytes)
Event: 698.443 Thread 0x00007ffe2b816800 3299       1       sun.java2d.SurfaceData::isValid (5 bytes)
Event: 698.443 Thread 0x00007ffe2b816800 nmethod 3299 0x000000010b4a9410 code [0x000000010b4a9560, 0x000000010b4a9670]
Event: 698.445 Thread 0x00007ffe2b816800 3300       3       sun.java2d.pipe.RenderBuffer::putFloat (26 bytes)
Event: 698.445 Thread 0x00007ffe2b816800 nmethod 3300 0x000000010b58aed0 code [0x000000010b58b040, 0x000000010b58b1d0]
Event: 698.446 Thread 0x00007ffe2a838000 nmethod 3298 0x000000010b626e10 code [0x000000010b626fa0, 0x000000010b627248]

GC Heap History (10 events):
Event: 607.354 GC heap before
{Heap before GC invocations=29 (full 1):
 PSYoungGen      total 79872K, used 79488K [0x000000076ab00000, 0x0000000771080000, 0x00000007c0000000)
  eden space 79360K, 100% used [0x000000076ab00000,0x000000076f880000,0x000000076f880000)
  from space 512K, 25% used [0x000000076fa00000,0x000000076fa20000,0x000000076fa80000)
  to   space 12288K, 0% used [0x0000000770480000,0x0000000770480000,0x0000000771080000)
 ParOldGen       total 99840K, used 20112K [0x00000006c0000000, 0x00000006c6180000, 0x000000076ab00000)
  object space 99840K, 20% used [0x00000006c0000000,0x00000006c13a4000,0x00000006c6180000)
 Metaspace       used 23831K, capacity 24095K, committed 24320K, reserved 1071104K
  class space    used 2352K, capacity 2450K, committed 2560K, reserved 1048576K
Event: 607.357 GC heap after
Heap after GC invocations=29 (full 1):
 PSYoungGen      total 87552K, used 256K [0x000000076ab00000, 0x0000000770e00000, 0x00000007c0000000)
  eden space 77824K, 0% used [0x000000076ab00000,0x000000076ab00000,0x000000076f700000)
  from space 9728K, 2% used [0x0000000770480000,0x00000007704c0000,0x0000000770e00000)
  to   space 11776K, 0% used [0x000000076f700000,0x000000076f700000,0x0000000770280000)
 ParOldGen       total 99840K, used 20112K [0x00000006c0000000, 0x00000006c6180000, 0x000000076ab00000)
  object space 99840K, 20% used [0x00000006c0000000,0x00000006c13a4000,0x00000006c6180000)
 Metaspace       used 23831K, capacity 24095K, committed 24320K, reserved 1071104K
  class space    used 2352K, capacity 2450K, committed 2560K, reserved 1048576K
}
Event: 638.126 GC heap before
{Heap before GC invocations=30 (full 1):
 PSYoungGen      total 87552K, used 78080K [0x000000076ab00000, 0x0000000770e00000, 0x00000007c0000000)
  eden space 77824K, 100% used [0x000000076ab00000,0x000000076f700000,0x000000076f700000)
  from space 9728K, 2% used [0x0000000770480000,0x00000007704c0000,0x0000000770e00000)
  to   space 11776K, 0% used [0x000000076f700000,0x000000076f700000,0x0000000770280000)
 ParOldGen       total 99840K, used 20112K [0x00000006c0000000, 0x00000006c6180000, 0x000000076ab00000)
  object space 99840K, 20% used [0x00000006c0000000,0x00000006c13a4000,0x00000006c6180000)
 Metaspace       used 23831K, capacity 24095K, committed 24320K, reserved 1071104K
  class space    used 2352K, capacity 2450K, committed 2560K, reserved 1048576K
Event: 638.138 GC heap after
Heap after GC invocations=30 (full 1):
 PSYoungGen      total 76800K, used 128K [0x000000076ab00000, 0x0000000770b80000, 0x00000007c0000000)
  eden space 76288K, 0% used [0x000000076ab00000,0x000000076ab00000,0x000000076f580000)
  from space 512K, 25% used [0x000000076f700000,0x000000076f720000,0x000000076f780000)
  to   space 11264K, 0% used [0x0000000770080000,0x0000000770080000,0x0000000770b80000)
 ParOldGen       total 99840K, used 20112K [0x00000006c0000000, 0x00000006c6180000, 0x000000076ab00000)
  object space 99840K, 20% used [0x00000006c0000000,0x00000006c13a4000,0x00000006c6180000)
 Metaspace       used 23831K, capacity 24095K, committed 24320K, reserved 1071104K
  class space    used 2352K, capacity 2450K, committed 2560K, reserved 1048576K
}
Event: 659.612 GC heap before
{Heap before GC invocations=31 (full 1):
 PSYoungGen      total 76800K, used 76416K [0x000000076ab00000, 0x0000000770b80000, 0x00000007c0000000)
  eden space 76288K, 100% used [0x000000076ab00000,0x000000076f580000,0x000000076f580000)
  from space 512K, 25% used [0x000000076f700000,0x000000076f720000,0x000000076f780000)
  to   space 11264K, 0% used [0x0000000770080000,0x0000000770080000,0x0000000770b80000)
 ParOldGen       total 99840K, used 20112K [0x00000006c0000000, 0x00000006c6180000, 0x000000076ab00000)
  object space 99840K, 20% used [0x00000006c0000000,0x00000006c13a4000,0x00000006c6180000)
 Metaspace       used 23831K, capacity 24095K, committed 24320K, reserved 1071104K
  class space    used 2352K, capacity 2450K, committed 2560K, reserved 1048576K
Event: 659.621 GC heap after
Heap after GC invocations=31 (full 1):
 PSYoungGen      total 83456K, used 256K [0x000000076ab00000, 0x0000000770900000, 0x00000007c0000000)
  eden space 74752K, 0% used [0x000000076ab00000,0x000000076ab00000,0x000000076f400000)
  from space 8704K, 2% used [0x0000000770080000,0x00000007700c0000,0x0000000770900000)
  to   space 10752K, 0% used [0x000000076f400000,0x000000076f400000,0x000000076fe80000)
 ParOldGen       total 99840K, used 20112K [0x00000006c0000000, 0x00000006c6180000, 0x000000076ab00000)
  object space 99840K, 20% used [0x00000006c0000000,0x00000006c13a4000,0x00000006c6180000)
 Metaspace       used 23831K, capacity 24095K, committed 24320K, reserved 1071104K
  class space    used 2352K, capacity 2450K, committed 2560K, reserved 1048576K
}
Event: 682.519 GC heap before
{Heap before GC invocations=32 (full 1):
 PSYoungGen      total 83456K, used 75008K [0x000000076ab00000, 0x0000000770900000, 0x00000007c0000000)
  eden space 74752K, 100% used [0x000000076ab00000,0x000000076f400000,0x000000076f400000)
  from space 8704K, 2% used [0x0000000770080000,0x00000007700c0000,0x0000000770900000)
  to   space 10752K, 0% used [0x000000076f400000,0x000000076f400000,0x000000076fe80000)
 ParOldGen       total 99840K, used 20112K [0x00000006c0000000, 0x00000006c6180000, 0x000000076ab00000)
  object space 99840K, 20% used [0x00000006c0000000,0x00000006c13a4000,0x00000006c6180000)
 Metaspace       used 23831K, capacity 24095K, committed 24320K, reserved 1071104K
  class space    used 2352K, capacity 2450K, committed 2560K, reserved 1048576K
Event: 682.520 GC heap after
Heap after GC invocations=32 (full 1):
 PSYoungGen      total 73728K, used 128K [0x000000076ab00000, 0x0000000770680000, 0x00000007c0000000)
  eden space 73216K, 0% used [0x000000076ab00000,0x000000076ab00000,0x000000076f280000)
  from space 512K, 25% used [0x000000076f400000,0x000000076f420000,0x000000076f480000)
  to   space 10240K, 0% used [0x000000076fc80000,0x000000076fc80000,0x0000000770680000)
 ParOldGen       total 99840K, used 20112K [0x00000006c0000000, 0x00000006c6180000, 0x000000076ab00000)
  object space 99840K, 20% used [0x00000006c0000000,0x00000006c13a4000,0x00000006c6180000)
 Metaspace       used 23831K, capacity 24095K, committed 24320K, reserved 1071104K
  class space    used 2352K, capacity 2450K, committed 2560K, reserved 1048576K
}
Event: 698.088 GC heap before
{Heap before GC invocations=33 (full 1):
 PSYoungGen      total 73728K, used 73344K [0x000000076ab00000, 0x0000000770680000, 0x00000007c0000000)
  eden space 73216K, 100% used [0x000000076ab00000,0x000000076f280000,0x000000076f280000)
  from space 512K, 25% used [0x000000076f400000,0x000000076f420000,0x000000076f480000)
  to   space 10240K, 0% used [0x000000076fc80000,0x000000076fc80000,0x0000000770680000)
 ParOldGen       total 99840K, used 20112K [0x00000006c0000000, 0x00000006c6180000, 0x000000076ab00000)
  object space 99840K, 20% used [0x00000006c0000000,0x00000006c13a4000,0x00000006c6180000)
 Metaspace       used 23833K, capacity 24095K, committed 24320K, reserved 1071104K
  class space    used 2352K, capacity 2450K, committed 2560K, reserved 1048576K
Event: 698.092 GC heap after
Heap after GC invocations=33 (full 1):
 PSYoungGen      total 79360K, used 192K [0x000000076ab00000, 0x0000000770400000, 0x00000007c0000000)
  eden space 71680K, 0% used [0x000000076ab00000,0x000000076ab00000,0x000000076f100000)
  from space 7680K, 2% used [0x000000076fc80000,0x000000076fcb0000,0x0000000770400000)
  to   space 9728K, 0% used [0x000000076f100000,0x000000076f100000,0x000000076fa80000)
 ParOldGen       total 99840K, used 20112K [0x00000006c0000000, 0x00000006c6180000, 0x000000076ab00000)
  object space 99840K, 20% used [0x00000006c0000000,0x00000006c13a4000,0x00000006c6180000)
 Metaspace       used 23833K, capacity 24095K, committed 24320K, reserved 1071104K
  class space    used 2352K, capacity 2450K, committed 2560K, reserved 1048576K
}

Deoptimization events (10 events):
Event: 698.421 Thread 0x00007ffe2b908000 Uncommon trap: reason=unstable_if action=reinterpret pc=0x000000010b7c7990 method=java.util.HashMap.putVal(ILjava/lang/Object;Ljava/lang/Object;ZZ)Ljava/lang/Object; @ 81
Event: 698.421 Thread 0x00007ffe2b908000 Uncommon trap: reason=unstable_if action=reinterpret pc=0x000000010b7af414 method=java.util.HashMap.putVal(ILjava/lang/Object;Ljava/lang/Object;ZZ)Ljava/lang/Object; @ 81
Event: 698.427 Thread 0x00007ffe29858000 Uncommon trap: reason=class_check action=maybe_recompile pc=0x000000010b3e30c0 method=com.jogamp.common.util.RunnableTask.run()V @ 24
Event: 698.428 Thread 0x00007ffe29858000 Uncommon trap: reason=unstable_if action=reinterpret pc=0x000000010b3d423c method=jogamp.nativewindow.macosx.OSXUtil.RunOnMainThread(ZZLjava/lang/Runnable;)V @ 3
Event: 698.436 Thread 0x00007ffe29a89000 Uncommon trap: reason=unstable_if action=reinterpret pc=0x000000010be2a450 method=jogamp.opengl.GLContextImpl.release(Z)V @ 161
Event: 698.440 Thread 0x00007ffe29a89000 Uncommon trap: reason=unstable_if action=reinterpret pc=0x000000010bda5018 method=java.util.LinkedList$ListItr.<init>(Ljava/util/LinkedList;I)V @ 26
Event: 698.442 Thread 0x00007ffe29a89000 Uncommon trap: reason=unstable_if action=reinterpret pc=0x000000010bd6e640 method=java.security.AccessControlContext.optimize()Ljava/security/AccessControlContext; @ 233
Event: 698.443 Thread 0x00007ffe2aa18800 Uncommon trap: reason=class_check action=maybe_recompile pc=0x000000010be1c9f0 method=java.awt.Component.getGraphics()Ljava/awt/Graphics; @ 114
Event: 698.444 Thread 0x00007ffe2aa18800 Uncommon trap: reason=unstable_if action=reinterpret pc=0x000000010bb9a838 method=java.awt.font.FontRenderContext.equals(Ljava/awt/font/FontRenderContext;)Z @ 2
Event: 698.449 Thread 0x00007ffe29858000 Uncommon trap: reason=class_check action=maybe_recompile pc=0x000000010b3e30c0 method=com.jogamp.common.util.RunnableTask.run()V @ 24

Internal exceptions (10 events):
Event: 0.116 Thread 0x00007ffe2a801800 Exception <a 'java/lang/NoSuchFieldError': method resolution failed> (0x000000076aefc618) thrown at [/Users/java_re/workspace/8-2-build-macosx-x86_64/jdk8u60/4407/hotspot/src/share/vm/prims/methodHandles.cpp, line 1146]
Event: 0.272 Thread 0x00007ffe2a801800 Exception <a 'java/io/FileNotFoundException'> (0x000000076af78408) thrown at [/Users/java_re/workspace/8-2-build-macosx-x86_64/jdk8u60/4407/hotspot/src/share/vm/prims/jni.cpp, line 709]
Event: 0.272 Thread 0x00007ffe2a801800 Exception <a 'java/io/FileNotFoundException'> (0x000000076af78f70) thrown at [/Users/java_re/workspace/8-2-build-macosx-x86_64/jdk8u60/4407/hotspot/src/share/vm/prims/jni.cpp, line 709]
Event: 0.350 Thread 0x00007ffe2a801800 Exception <a 'java/io/FileNotFoundException'> (0x000000076b010e48) thrown at [/Users/java_re/workspace/8-2-build-macosx-x86_64/jdk8u60/4407/hotspot/src/share/vm/prims/jni.cpp, line 709]
Event: 1.301 Thread 0x00007ffe2a1f9800 Exception <a 'java/lang/UnsatisfiedLinkError': com.jogamp.common.util.JarUtil.fixNativeLibAttribs(Ljava/lang/String;)Z> (0x000000076c674788) thrown at [/Users/java_re/workspace/8-2-build-macosx-x86_64/jdk8u60/4407/hotspot/src/share/vm/prims/nativeLookup.c
Event: 2.008 Thread 0x00007ffe29a89000 Exception <a 'java/io/FileNotFoundException'> (0x000000076d9a86a0) thrown at [/Users/java_re/workspace/8-2-build-macosx-x86_64/jdk8u60/4407/hotspot/src/share/vm/prims/jni.cpp, line 709]
Event: 2.008 Thread 0x00007ffe29a89000 Exception <a 'java/io/FileNotFoundException'> (0x000000076d9af510) thrown at [/Users/java_re/workspace/8-2-build-macosx-x86_64/jdk8u60/4407/hotspot/src/share/vm/prims/jni.cpp, line 709]
Event: 2.008 Thread 0x00007ffe29a89000 Implicit null exception at 0x000000010b4742f5 to 0x000000010b474659
Event: 2.205 Thread 0x00007ffe2b814000 Exception <a 'java/lang/NullPointerException'> (0x000000076adbc5a0) thrown at [/Users/java_re/workspace/8-2-build-macosx-x86_64/jdk8u60/4407/hotspot/src/share/vm/interpreter/linkResolver.cpp, line 1178]
Event: 440.425 Thread 0x00007ffe2a1f9800 Implicit null exception at 0x000000010be08093 to 0x000000010be08e61

Events (10 events):
Event: 698.443 Thread 0x00007ffe2aa18800 DEOPT UNPACKING pc=0x000000010b2d8229 sp=0x000000012fbfea10 mode 2
Event: 698.443 loading class java/awt/Window$1DisposeAction
Event: 698.444 Thread 0x00007ffe2b908000 Thread exited: 0x00007ffe2b908000
Event: 698.444 Thread 0x00007ffe2aa18800 Uncommon trap: trap_request=0xffffff65 fr.pc=0x000000010bb9a838
Event: 698.444 Thread 0x00007ffe2aa18800 DEOPT PACKING pc=0x000000010bb9a838 sp=0x000000012fbfe400
Event: 698.444 Thread 0x00007ffe2aa18800 DEOPT UNPACKING pc=0x000000010b2d8229 sp=0x000000012fbfe3d0 mode 2
Event: 698.444 loading class java/awt/Window$1DisposeAction done
Event: 698.449 Thread 0x00007ffe29858000 Uncommon trap: trap_request=0xffffffde fr.pc=0x000000010b3e30c0
Event: 698.449 Thread 0x00007ffe29858000 DEOPT PACKING pc=0x000000010b3e30c0 sp=0x00007fff56b20750
Event: 698.449 Thread 0x00007ffe29858000 DEOPT UNPACKING pc=0x000000010b2d8229 sp=0x00007fff56b206f8 mode 2


Dynamic libraries:
0x0000000006e45000 	/System/Library/Frameworks/Cocoa.framework/Versions/A/Cocoa
0x0000000006e45000 	/System/Library/Frameworks/Security.framework/Versions/A/Security
0x0000000006e45000 	/System/Library/Frameworks/ApplicationServices.framework/Versions/A/ApplicationServices
0x0000000006e45000 	/usr/lib/libz.1.dylib
0x0000000006e45000 	/usr/lib/libSystem.B.dylib
0x0000000006e45000 	/usr/lib/libobjc.A.dylib
0x0000000006e45000 	/System/Library/Frameworks/CoreFoundation.framework/Versions/A/CoreFoundation
0x0000000006e45000 	/System/Library/Frameworks/Foundation.framework/Versions/C/Foundation
0x0000000006e45000 	/System/Library/Frameworks/AppKit.framework/Versions/C/AppKit
0x0000000006e45000 	/System/Library/Frameworks/CoreData.framework/Versions/A/CoreData
0x0000000006e45000 	/System/Library/PrivateFrameworks/RemoteViewServices.framework/Versions/A/RemoteViewServices
0x0000000006e45000 	/System/Library/PrivateFrameworks/UIFoundation.framework/Versions/A/UIFoundation
0x0000000006e45000 	/System/Library/Frameworks/IOSurface.framework/Versions/A/IOSurface
0x0000000006e45000 	/System/Library/Frameworks/AudioToolbox.framework/Versions/A/AudioToolbox
0x0000000006e45000 	/System/Library/Frameworks/AudioUnit.framework/Versions/A/AudioUnit
0x0000000006e45000 	/System/Library/PrivateFrameworks/DataDetectorsCore.framework/Versions/A/DataDetectorsCore
0x0000000006e45000 	/System/Library/PrivateFrameworks/DesktopServicesPriv.framework/Versions/A/DesktopServicesPriv
0x0000000006e45000 	/System/Library/Frameworks/Carbon.framework/Versions/A/Frameworks/HIToolbox.framework/Versions/A/HIToolbox
0x0000000006e45000 	/System/Library/Frameworks/QuartzCore.framework/Versions/A/QuartzCore
0x0000000006e45000 	/System/Library/Frameworks/Carbon.framework/Versions/A/Frameworks/SpeechRecognition.framework/Versions/A/SpeechRecognition
0x0000000006e45000 	/usr/lib/libauto.dylib
0x0000000006e45000 	/usr/lib/libicucore.A.dylib
0x0000000006e45000 	/usr/lib/libxml2.2.dylib
0x0000000006e45000 	/System/Library/PrivateFrameworks/CoreUI.framework/Versions/A/CoreUI
0x0000000006e45000 	/System/Library/Frameworks/CoreAudio.framework/Versions/A/CoreAudio
0x0000000006e45000 	/System/Library/Frameworks/DiskArbitration.framework/Versions/A/DiskArbitration
0x0000000006e45000 	/usr/lib/liblangid.dylib
0x0000000006e45000 	/System/Library/PrivateFrameworks/MultitouchSupport.framework/Versions/A/MultitouchSupport
0x0000000006e45000 	/System/Library/Frameworks/IOKit.framework/Versions/A/IOKit
0x0000000006e45000 	/usr/lib/libDiagnosticMessagesClient.dylib
0x0000000006e45000 	/System/Library/Frameworks/CoreServices.framework/Versions/A/CoreServices
0x0000000006e45000 	/System/Library/PrivateFrameworks/PerformanceAnalysis.framework/Versions/A/PerformanceAnalysis
0x0000000006e45000 	/System/Library/PrivateFrameworks/GenerationalStorage.framework/Versions/A/GenerationalStorage
0x0000000006e45000 	/System/Library/Frameworks/OpenGL.framework/Versions/A/OpenGL
0x0000000006e45000 	/System/Library/PrivateFrameworks/Sharing.framework/Versions/A/Sharing
0x0000000006e45000 	/System/Library/Frameworks/CoreGraphics.framework/Versions/A/CoreGraphics
0x0000000006e45000 	/System/Library/Frameworks/CoreText.framework/Versions/A/CoreText
0x0000000006e45000 	/System/Library/Frameworks/ImageIO.framework/Versions/A/ImageIO
0x0000000006e45000 	/usr/lib/libextension.dylib
0x0000000006e45000 	/System/Library/PrivateFrameworks/Backup.framework/Versions/A/Backup
0x0000000006e45000 	/usr/lib/libarchive.2.dylib
0x0000000006e45000 	/System/Library/Frameworks/CFNetwork.framework/Versions/A/CFNetwork
0x0000000006e45000 	/System/Library/Frameworks/SystemConfiguration.framework/Versions/A/SystemConfiguration
0x0000000006e45000 	/usr/lib/libCRFSuite.dylib
0x0000000006e45000 	/usr/lib/libc++.1.dylib
0x0000000006e45000 	/usr/lib/libc++abi.dylib
0x0000000006e45000 	/usr/lib/system/libcache.dylib
0x0000000006e45000 	/usr/lib/system/libcommonCrypto.dylib
0x0000000006e45000 	/usr/lib/system/libcompiler_rt.dylib
0x0000000006e45000 	/usr/lib/system/libcopyfile.dylib
0x0000000006e45000 	/usr/lib/system/libcorecrypto.dylib
0x0000000006e45000 	/usr/lib/system/libdispatch.dylib
0x0000000006e45000 	/usr/lib/system/libdyld.dylib
0x0000000006e45000 	/usr/lib/system/libkeymgr.dylib
0x0000000006e45000 	/usr/lib/system/liblaunch.dylib
0x0000000006e45000 	/usr/lib/system/libmacho.dylib
0x0000000006e45000 	/usr/lib/system/libquarantine.dylib
0x0000000006e45000 	/usr/lib/system/libremovefile.dylib
0x0000000006e45000 	/usr/lib/system/libsystem_asl.dylib
0x0000000006e45000 	/usr/lib/system/libsystem_blocks.dylib
0x0000000006e45000 	/usr/lib/system/libsystem_c.dylib
0x0000000006e45000 	/usr/lib/system/libsystem_configuration.dylib
0x0000000006e45000 	/usr/lib/system/libsystem_coreservices.dylib
0x0000000006e45000 	/usr/lib/system/libsystem_coretls.dylib
0x0000000006e45000 	/usr/lib/system/libsystem_dnssd.dylib
0x0000000006e45000 	/usr/lib/system/libsystem_info.dylib
0x0000000006e45000 	/usr/lib/system/libsystem_kernel.dylib
0x0000000006e45000 	/usr/lib/system/libsystem_m.dylib
0x0000000006e45000 	/usr/lib/system/libsystem_malloc.dylib
0x0000000006e45000 	/usr/lib/system/libsystem_network.dylib
0x0000000006e45000 	/usr/lib/system/libsystem_networkextension.dylib
0x0000000006e45000 	/usr/lib/system/libsystem_notify.dylib
0x0000000006e45000 	/usr/lib/system/libsystem_platform.dylib
0x0000000006e45000 	/usr/lib/system/libsystem_pthread.dylib
0x0000000006e45000 	/usr/lib/system/libsystem_sandbox.dylib
0x0000000006e45000 	/usr/lib/system/libsystem_secinit.dylib
0x0000000006e45000 	/usr/lib/system/libsystem_stats.dylib
0x0000000006e45000 	/usr/lib/system/libsystem_trace.dylib
0x0000000006e45000 	/usr/lib/system/libunc.dylib
0x0000000006e45000 	/usr/lib/system/libunwind.dylib
0x0000000006e45000 	/usr/lib/system/libxpc.dylib
0x0000000006e45000 	/usr/lib/libbz2.1.0.dylib
0x0000000006e45000 	/usr/lib/liblzma.5.dylib
0x0000000006e45000 	/usr/lib/libbsm.0.dylib
0x0000000006e45000 	/usr/lib/libsqlite3.dylib
0x0000000006e45000 	/usr/lib/system/libkxld.dylib
0x0000000006e45000 	/usr/lib/libxar.1.dylib
0x0000000006e45000 	/usr/lib/libpam.2.dylib
0x0000000006e45000 	/usr/lib/libOpenScriptingUtil.dylib
0x0000000006e45000 	/System/Library/Frameworks/CoreServices.framework/Versions/A/Frameworks/FSEvents.framework/Versions/A/FSEvents
0x0000000006e45000 	/System/Library/Frameworks/CoreServices.framework/Versions/A/Frameworks/CarbonCore.framework/Versions/A/CarbonCore
0x0000000006e45000 	/System/Library/Frameworks/CoreServices.framework/Versions/A/Frameworks/Metadata.framework/Versions/A/Metadata
0x0000000006e45000 	/System/Library/Frameworks/CoreServices.framework/Versions/A/Frameworks/OSServices.framework/Versions/A/OSServices
0x0000000006e45000 	/System/Library/Frameworks/CoreServices.framework/Versions/A/Frameworks/SearchKit.framework/Versions/A/SearchKit
0x0000000006e45000 	/System/Library/Frameworks/CoreServices.framework/Versions/A/Frameworks/AE.framework/Versions/A/AE
0x0000000006e45000 	/System/Library/Frameworks/CoreServices.framework/Versions/A/Frameworks/LaunchServices.framework/Versions/A/LaunchServices
0x0000000006e45000 	/System/Library/Frameworks/CoreServices.framework/Versions/A/Frameworks/DictionaryServices.framework/Versions/A/DictionaryServices
0x0000000006e45000 	/System/Library/Frameworks/NetFS.framework/Versions/A/NetFS
0x0000000006e45000 	/System/Library/PrivateFrameworks/NetAuth.framework/Versions/A/NetAuth
0x0000000006e45000 	/System/Library/PrivateFrameworks/login.framework/Versions/A/Frameworks/loginsupport.framework/Versions/A/loginsupport
0x0000000006e45000 	/System/Library/PrivateFrameworks/TCC.framework/Versions/A/TCC
0x0000000006e45000 	/usr/lib/libmecabra.dylib
0x0000000006e45000 	/System/Library/Frameworks/ApplicationServices.framework/Versions/A/Frameworks/ATS.framework/Versions/A/ATS
0x0000000006e45000 	/System/Library/Frameworks/ApplicationServices.framework/Versions/A/Frameworks/ColorSync.framework/Versions/A/ColorSync
0x0000000006e45000 	/System/Library/Frameworks/ApplicationServices.framework/Versions/A/Frameworks/HIServices.framework/Versions/A/HIServices
0x0000000006e45000 	/System/Library/Frameworks/ApplicationServices.framework/Versions/A/Frameworks/LangAnalysis.framework/Versions/A/LangAnalysis
0x0000000006e45000 	/System/Library/Frameworks/ApplicationServices.framework/Versions/A/Frameworks/PrintCore.framework/Versions/A/PrintCore
0x0000000006e45000 	/System/Library/Frameworks/ApplicationServices.framework/Versions/A/Frameworks/QD.framework/Versions/A/QD
0x0000000006e45000 	/System/Library/Frameworks/ApplicationServices.framework/Versions/A/Frameworks/SpeechSynthesis.framework/Versions/A/SpeechSynthesis
0x0000000006e45000 	/System/Library/Frameworks/Accelerate.framework/Versions/A/Accelerate
0x0000000006e45000 	/System/Library/Frameworks/Accelerate.framework/Versions/A/Frameworks/vImage.framework/Versions/A/vImage
0x0000000006e45000 	/System/Library/Frameworks/Accelerate.framework/Versions/A/Frameworks/vecLib.framework/Versions/A/vecLib
0x0000000006e45000 	/System/Library/Frameworks/Accelerate.framework/Versions/A/Frameworks/vecLib.framework/Versions/A/libvDSP.dylib
0x0000000006e45000 	/System/Library/Frameworks/Accelerate.framework/Versions/A/Frameworks/vecLib.framework/Versions/A/libvMisc.dylib
0x0000000006e45000 	/System/Library/Frameworks/Accelerate.framework/Versions/A/Frameworks/vecLib.framework/Versions/A/libLAPACK.dylib
0x0000000006e45000 	/System/Library/Frameworks/Accelerate.framework/Versions/A/Frameworks/vecLib.framework/Versions/A/libBLAS.dylib
0x0000000006e45000 	/System/Library/Frameworks/Accelerate.framework/Versions/A/Frameworks/vecLib.framework/Versions/A/libLinearAlgebra.dylib
0x0000000006e45000 	/System/Library/Frameworks/ApplicationServices.framework/Versions/A/Frameworks/ATS.framework/Versions/A/Resources/libFontParser.dylib
0x0000000006e45000 	/System/Library/Frameworks/ApplicationServices.framework/Versions/A/Frameworks/ATS.framework/Versions/A/Resources/libFontRegistry.dylib
0x0000000006e45000 	/System/Library/PrivateFrameworks/AppleVPA.framework/Versions/A/AppleVPA
0x0000000006e45000 	/System/Library/PrivateFrameworks/AppleJPEG.framework/Versions/A/AppleJPEG
0x0000000006e45000 	/System/Library/Frameworks/ImageIO.framework/Versions/A/Resources/libJPEG.dylib
0x0000000006e45000 	/System/Library/Frameworks/ImageIO.framework/Versions/A/Resources/libTIFF.dylib
0x0000000006e45000 	/System/Library/Frameworks/ImageIO.framework/Versions/A/Resources/libPng.dylib
0x0000000006e45000 	/System/Library/Frameworks/ImageIO.framework/Versions/A/Resources/libGIF.dylib
0x0000000006e45000 	/System/Library/Frameworks/ImageIO.framework/Versions/A/Resources/libJP2.dylib
0x0000000006e45000 	/System/Library/Frameworks/ImageIO.framework/Versions/A/Resources/libRadiance.dylib
0x0000000006e45000 	/System/Library/Frameworks/CoreVideo.framework/Versions/A/CoreVideo
0x0000000006e45000 	/System/Library/Frameworks/OpenGL.framework/Versions/A/Libraries/libGLU.dylib
0x0000000006e45000 	/System/Library/Frameworks/OpenGL.framework/Versions/A/Libraries/libGFXShared.dylib
0x0000000006e45000 	/System/Library/Frameworks/OpenGL.framework/Versions/A/Libraries/libGL.dylib
0x0000000006e45000 	/System/Library/Frameworks/OpenGL.framework/Versions/A/Libraries/libGLImage.dylib
0x0000000006e45000 	/System/Library/Frameworks/OpenGL.framework/Versions/A/Libraries/libCVMSPluginSupport.dylib
0x0000000006e45000 	/System/Library/Frameworks/OpenGL.framework/Versions/A/Libraries/libCoreVMClient.dylib
0x0000000006e45000 	/usr/lib/libcups.2.dylib
0x0000000006e45000 	/System/Library/Frameworks/Kerberos.framework/Versions/A/Kerberos
0x0000000006e45000 	/System/Library/Frameworks/GSS.framework/Versions/A/GSS
0x0000000006e45000 	/usr/lib/libresolv.9.dylib
0x0000000006e45000 	/usr/lib/libiconv.2.dylib
0x0000000006e45000 	/System/Library/PrivateFrameworks/Heimdal.framework/Versions/A/Heimdal
0x0000000006e45000 	/usr/lib/libheimdal-asn1.dylib
0x0000000006e45000 	/System/Library/Frameworks/OpenDirectory.framework/Versions/A/OpenDirectory
0x0000000006e45000 	/System/Library/PrivateFrameworks/CommonAuth.framework/Versions/A/CommonAuth
0x0000000006e45000 	/System/Library/Frameworks/OpenDirectory.framework/Versions/A/Frameworks/CFOpenDirectory.framework/Versions/A/CFOpenDirectory
0x0000000006e45000 	/System/Library/Frameworks/SecurityFoundation.framework/Versions/A/SecurityFoundation
0x0000000006e45000 	/System/Library/PrivateFrameworks/LanguageModeling.framework/Versions/A/LanguageModeling
0x0000000006e45000 	/usr/lib/libcmph.dylib
0x0000000006e45000 	/System/Library/Frameworks/ServiceManagement.framework/Versions/A/ServiceManagement
0x0000000006e45000 	/usr/lib/libxslt.1.dylib
0x0000000006e45000 	/System/Library/Frameworks/Carbon.framework/Versions/A/Frameworks/Ink.framework/Versions/A/Ink
0x0000000006e45000 	/System/Library/Frameworks/QuartzCore.framework/Versions/A/Frameworks/CoreImage.framework/Versions/A/CoreImage
0x0000000006e45000 	/System/Library/PrivateFrameworks/CrashReporterSupport.framework/Versions/A/CrashReporterSupport
0x0000000006e45000 	/System/Library/Frameworks/OpenCL.framework/Versions/A/OpenCL
0x0000000006e45000 	/System/Library/PrivateFrameworks/FaceCore.framework/Versions/A/FaceCore
0x0000000006e45000 	/System/Library/PrivateFrameworks/Ubiquity.framework/Versions/A/Ubiquity
0x0000000006e45000 	/System/Library/PrivateFrameworks/IconServices.framework/Versions/A/IconServices
0x0000000006e45000 	/System/Library/PrivateFrameworks/ChunkingLibrary.framework/Versions/A/ChunkingLibrary
0x0000000006e45000 	/System/Library/PrivateFrameworks/Apple80211.framework/Versions/A/Apple80211
0x0000000006e45000 	/System/Library/Frameworks/CoreWLAN.framework/Versions/A/CoreWLAN
0x0000000006e45000 	/System/Library/Frameworks/IOBluetooth.framework/Versions/A/IOBluetooth
0x0000000006e45000 	/System/Library/PrivateFrameworks/CoreWiFi.framework/Versions/A/CoreWiFi
0x0000000006e45000 	/System/Library/Frameworks/CoreBluetooth.framework/Versions/A/CoreBluetooth
0x0000000006e45000 	/System/Library/PrivateFrameworks/DebugSymbols.framework/Versions/A/DebugSymbols
0x0000000006e45000 	/System/Library/PrivateFrameworks/CoreSymbolication.framework/Versions/A/CoreSymbolication
0x0000000006e45000 	/System/Library/PrivateFrameworks/Symbolication.framework/Versions/A/Symbolication
0x0000000006e45000 	/System/Library/PrivateFrameworks/SpeechRecognitionCore.framework/Versions/A/SpeechRecognitionCore
0x000000010a200000 	/Library/Java/JavaVirtualMachines/jdk1.8.0_60.jdk/Contents/Home/jre/lib/server/libjvm.dylib
0x0000000006e45000 	/usr/lib/libstdc++.6.dylib
0x00000001091f1000 	/Library/Java/JavaVirtualMachines/jdk1.8.0_60.jdk/Contents/Home/jre/lib/libverify.dylib
0x000000010b28c000 	/Library/Java/JavaVirtualMachines/jdk1.8.0_60.jdk/Contents/Home/jre/lib/libjava.dylib
0x000000010b2ca000 	/Library/Java/JavaVirtualMachines/jdk1.8.0_60.jdk/Contents/Home/jre/lib/libzip.dylib
0x0000000126eaa000 	/System/Library/Frameworks/JavaVM.framework/Frameworks/JavaRuntimeSupport.framework/JavaRuntimeSupport
0x0000000126ec0000 	/System/Library/Frameworks/JavaVM.framework/Versions/A/Frameworks/JavaNativeFoundation.framework/Versions/A/JavaNativeFoundation
0x0000000126ed4000 	/System/Library/Frameworks/JavaVM.framework/Versions/A/JavaVM
0x0000000006e45000 	/System/Library/Frameworks/Carbon.framework/Versions/A/Carbon
0x0000000126ee0000 	/System/Library/PrivateFrameworks/JavaLaunching.framework/Versions/A/JavaLaunching
0x0000000006e45000 	/System/Library/Frameworks/Carbon.framework/Versions/A/Frameworks/CommonPanels.framework/Versions/A/CommonPanels
0x0000000006e45000 	/System/Library/Frameworks/Carbon.framework/Versions/A/Frameworks/Help.framework/Versions/A/Help
0x0000000006e45000 	/System/Library/Frameworks/Carbon.framework/Versions/A/Frameworks/ImageCapture.framework/Versions/A/ImageCapture
0x0000000006e45000 	/System/Library/Frameworks/Carbon.framework/Versions/A/Frameworks/OpenScripting.framework/Versions/A/OpenScripting
0x0000000006e45000 	/System/Library/Frameworks/Carbon.framework/Versions/A/Frameworks/Print.framework/Versions/A/Print
0x0000000006e45000 	/System/Library/Frameworks/Carbon.framework/Versions/A/Frameworks/SecurityHI.framework/Versions/A/SecurityHI
0x0000000128ede000 	/Library/Java/JavaVirtualMachines/jdk1.8.0_60.jdk/Contents/Home/jre/lib/libawt.dylib
0x0000000128f86000 	/Library/Java/JavaVirtualMachines/jdk1.8.0_60.jdk/Contents/Home/jre/lib/./libmlib_image.dylib
0x0000000129052000 	/Library/Java/JavaVirtualMachines/jdk1.8.0_60.jdk/Contents/Home/jre/lib/libawt_lwawt.dylib
0x0000000129107000 	/Library/Java/JavaVirtualMachines/jdk1.8.0_60.jdk/Contents/Home/jre/lib/./libosxapp.dylib
0x0000000006e45000 	/System/Library/Frameworks/ExceptionHandling.framework/Versions/A/ExceptionHandling
0x0000000006e45000 	/System/Library/PrivateFrameworks/CoreServicesInternal.framework/Versions/A/CoreServicesInternal
0x0000000006e45000 	/System/Library/PrivateFrameworks/CloudDocs.framework/Versions/A/CloudDocs
0x0000000006e45000 	/System/Library/PrivateFrameworks/CoreDuet.framework/Versions/A/CoreDuet
0x0000000006e45000 	/System/Library/Frameworks/CloudKit.framework/Versions/A/CloudKit
0x0000000006e45000 	/System/Library/PrivateFrameworks/ProtocolBuffer.framework/Versions/A/ProtocolBuffer
0x0000000006e45000 	/System/Library/PrivateFrameworks/CoreDuetDaemonProtocol.framework/Versions/A/CoreDuetDaemonProtocol
0x0000000006e45000 	/System/Library/PrivateFrameworks/CoreDuetDebugLogging.framework/Versions/A/CoreDuetDebugLogging
0x0000000006e45000 	/System/Library/PrivateFrameworks/MMCS.framework/Versions/A/MMCS
0x0000000006e45000 	/System/Library/Frameworks/CoreLocation.framework/Versions/A/CoreLocation
0x0000000006e45000 	/System/Library/PrivateFrameworks/ProtectedCloudStorage.framework/Versions/A/ProtectedCloudStorage
0x0000000006e45000 	/System/Library/PrivateFrameworks/GeoServices.framework/Versions/A/GeoServices
0x0000000006e45000 	/System/Library/Frameworks/CoreGraphics.framework/Versions/A/Resources/libCGCMS.A.dylib
0x0000000006e45000 	/System/Library/Frameworks/CoreGraphics.framework/Versions/A/Resources/libRIP.A.dylib
0x0000000006e45000 	/System/Library/Frameworks/CoreGraphics.framework/Versions/A/Resources/libCGXType.A.dylib
0x0000000006e45000 	/System/Library/Frameworks/OpenCL.framework/Versions/A/Libraries/libcldcpuengine.dylib
0x0000000006e45000 	/System/Library/PrivateFrameworks/DiskImages.framework/Versions/A/DiskImages
0x0000000006e45000 	/System/Library/Frameworks/DiscRecording.framework/Versions/A/DiscRecording
0x0000000006e45000 	/usr/lib/libcsfde.dylib
0x0000000006e45000 	/usr/lib/libcurl.4.dylib
0x0000000006e45000 	/System/Library/PrivateFrameworks/MediaKit.framework/Versions/A/MediaKit
0x0000000006e45000 	/usr/lib/libCoreStorage.dylib
0x0000000006e45000 	/System/Library/PrivateFrameworks/EFILogin.framework/Versions/A/EFILogin
0x0000000006e45000 	/usr/lib/libutil.dylib
0x0000000006e45000 	/System/Library/PrivateFrameworks/FindMyDevice.framework/Versions/A/FindMyDevice
0x0000000006e45000 	/System/Library/Frameworks/LDAP.framework/Versions/A/LDAP
0x0000000006e45000 	/usr/lib/libsasl2.2.dylib
0x0000000006e45000 	/System/Library/PrivateFrameworks/CoreDaemon.framework/Versions/B/CoreDaemon
0x0000000006e45000 	/usr/lib/libcrypto.0.9.8.dylib
0x0000000006e45000 	/System/Library/PrivateFrameworks/AppleSRP.framework/Versions/A/AppleSRP
0x0000000006e45000 	/System/Library/PrivateFrameworks/TrustEvaluationAgent.framework/Versions/A/TrustEvaluationAgent
0x000000012c280000 	cl_kernels
0x000000012c282000 	/System/Library/Frameworks/OpenCL.framework/Versions/A/Libraries/ImageFormats/unorm8_bgra.dylib
0x000000012c272000 	cl_kernels
0x0000000006e45000 	/System/Library/PrivateFrameworks/FamilyControls.framework/Versions/A/FamilyControls
0x0000000006e45000 	/System/Library/PrivateFrameworks/CommerceKit.framework/Versions/A/Frameworks/CommerceCore.framework/Versions/A/CommerceCore
0x0000000006e45000 	/System/Library/PrivateFrameworks/SystemAdministration.framework/Versions/A/SystemAdministration
0x0000000006e45000 	/System/Library/PrivateFrameworks/AppContainer.framework/Versions/A/AppContainer
0x0000000006e45000 	/System/Library/PrivateFrameworks/SecCodeWrapper.framework/Versions/A/SecCodeWrapper
0x0000000006e45000 	/System/Library/Frameworks/DirectoryService.framework/Versions/A/DirectoryService
0x0000000006e45000 	/System/Library/PrivateFrameworks/LoginUIKit.framework/Versions/A/Frameworks/LoginUICore.framework/Versions/A/LoginUICore
0x0000000006e45000 	/usr/lib/libodfde.dylib
0x0000000006e45000 	/System/Library/Frameworks/OpenGL.framework/Versions/A/Resources/GLEngine.bundle/GLEngine
0x0000000006e45000 	/System/Library/Frameworks/OpenGL.framework/Versions/A/Libraries/libGLProgrammability.dylib
0x000000012d853000 	/System/Library/Extensions/AppleIntelHD5000GraphicsGLDriver.bundle/Contents/MacOS/AppleIntelHD5000GraphicsGLDriver
0x0000000006e45000 	/System/Library/PrivateFrameworks/IOAccelerator.framework/Versions/A/IOAccelerator
0x0000000006e45000 	/System/Library/PrivateFrameworks/GPUSupport.framework/Versions/A/Libraries/libGPUSupportMercury.dylib
0x0000000006e45000 	/System/Library/Frameworks/OpenGL.framework/Versions/A/Resources/GLRendererFloat.bundle/GLRendererFloat
0x000000012e8d9000 	/Library/Java/JavaVirtualMachines/jdk1.8.0_60.jdk/Contents/Home/jre/lib/libfontmanager.dylib
0x000000012fc13000 	/Library/Java/JavaVirtualMachines/jdk1.8.0_60.jdk/Contents/Home/jre/lib/libosxui.dylib
0x000000012fea1000 	/Library/Java/JavaVirtualMachines/jdk1.8.0_60.jdk/Contents/Home/jre/lib/libnet.dylib
0x000000012fc52000 	/Library/Java/JavaVirtualMachines/jdk1.8.0_60.jdk/Contents/Home/jre/lib/libnio.dylib
0x0000000006e45000 	/System/Library/Frameworks/ApplicationServices.framework/Versions/A/Frameworks/ATS.framework/Versions/A/Resources/libTrueTypeScaler.dylib
0x000000017b5fe000 	/private/var/folders/b5/zysj4pxj6576yq718hwysrg80000gn/T/jogamp_0000/file_cache/jln4976258270526482697/jln2598866021279383742/libgluegen-rt.jnilib
0x000000017b603000 	/private/var/folders/b5/zysj4pxj6576yq718hwysrg80000gn/T/jogamp_0000/file_cache/jln4976258270526482697/jln2598866021279383742/libnativewindow_awt.jnilib
0x000000017b606000 	/Library/Java/JavaVirtualMachines/jdk1.8.0_60.jdk/Contents/Home/jre/lib/libjawt.dylib
0x000000017b609000 	/private/var/folders/b5/zysj4pxj6576yq718hwysrg80000gn/T/jogamp_0000/file_cache/jln4976258270526482697/jln2598866021279383742/libnativewindow_macosx.jnilib
0x0000000180334000 	/private/var/folders/b5/zysj4pxj6576yq718hwysrg80000gn/T/jogamp_0000/file_cache/jln4976258270526482697/jln2598866021279383742/libjogl_desktop.jnilib
0x000000017bcad000 	/Library/Java/JavaVirtualMachines/jdk1.8.0_60.jdk/Contents/Home/jre/lib/libsunec.dylib
0x000000017b613000 	/Library/Java/JavaVirtualMachines/jdk1.8.0_60.jdk/Contents/Home/jre/lib/libt2k.dylib
0x000000017bcd5000 	/Library/Java/JavaVirtualMachines/jdk1.8.0_60.jdk/Contents/Home/jre/lib/libjpeg.dylib

VM Arguments:
jvm_args: -Djava.security.policy=java.policy.applet -Dfile.encoding=UTF-8 
java_command: sun.applet.AppletViewer module4.EarthquakeCityMap_forDebuging1494706069899.html
java_class_path (initial): /Users/mauriciotl/MauricioFiles/Eclipse_II/CourseraProjects/UCSDUnfoldingMaps/build:/Users/mauriciotl/MauricioFiles/Eclipse_II/CourseraProjects/UCSDUnfoldingMaps/lib/core.jar:/Users/mauriciotl/MauricioFiles/Eclipse_II/CourseraProjects/UCSDUnfoldingMaps/lib/gluegen-rt.jar:/Users/mauriciotl/MauricioFiles/Eclipse_II/CourseraProjects/UCSDUnfoldingMaps/lib/jogl-all.jar:/Users/mauriciotl/MauricioFiles/Eclipse_II/CourseraProjects/UCSDUnfoldingMaps/lib/log4j-1.2.15.jar:/Users/mauriciotl/MauricioFiles/Eclipse_II/CourseraProjects/UCSDUnfoldingMaps/lib/sqlite-jdbc-3.7.2.jar:/Users/mauriciotl/MauricioFiles/Eclipse_II/CourseraProjects/UCSDUnfoldingMaps/lib/json4processing.jar:/Users/mauriciotl/MauricioFiles/Eclipse_II/CourseraProjects/UCSDUnfoldingMaps/lib/libTUIO.jar:/Users/mauriciotl/MauricioFiles/Eclipse_II/CourseraProjects/UCSDUnfoldingMaps/lib/unfolding.0.9.7-uscd.jar
Launcher Type: SUN_STANDARD

Environment Variables:
PATH=/usr/bin:/bin:/usr/sbin:/sbin
SHELL=/bin/bash

Signal Handlers:
SIGSEGV: [libjvm.dylib+0x5a6d31], sa_mask[0]=11111111011111110111111111111111, sa_flags=SA_ONSTACK|SA_RESTART|SA_SIGINFO
SIGBUS: [libjvm.dylib+0x5a6d31], sa_mask[0]=11111111011111110111111111111111, sa_flags=SA_RESTART|SA_SIGINFO
SIGFPE: [libjvm.dylib+0x480a4c], sa_mask[0]=11111111011111110111111111111111, sa_flags=SA_RESTART|SA_SIGINFO
SIGPIPE: [libjvm.dylib+0x480a4c], sa_mask[0]=11111111011111110111111111111111, sa_flags=SA_RESTART|SA_SIGINFO
SIGXFSZ: [libjvm.dylib+0x480a4c], sa_mask[0]=11111111011111110111111111111111, sa_flags=SA_RESTART|SA_SIGINFO
SIGILL: [libjvm.dylib+0x480a4c], sa_mask[0]=11111111011111110111111111111111, sa_flags=SA_RESTART|SA_SIGINFO
SIGUSR1: SIG_DFL, sa_mask[0]=00000000000000000000000000000000, sa_flags=none
SIGUSR2: [libjvm.dylib+0x48056a], sa_mask[0]=00100000000000000000000000000000, sa_flags=SA_RESTART|SA_SIGINFO
SIGHUP: [libjvm.dylib+0x47eb41], sa_mask[0]=11111111011111110111111111111111, sa_flags=SA_RESTART|SA_SIGINFO
SIGINT: [libjvm.dylib+0x47eb41], sa_mask[0]=11111111011111110111111111111111, sa_flags=SA_RESTART|SA_SIGINFO
SIGTERM: [libjvm.dylib+0x47eb41], sa_mask[0]=11111111011111110111111111111111, sa_flags=SA_RESTART|SA_SIGINFO
SIGQUIT: [libjvm.dylib+0x47eb41], sa_mask[0]=11111111011111110111111111111111, sa_flags=SA_RESTART|SA_SIGINFO


---------------  S Y S T E M  ---------------

OS:Bsduname:Darwin 14.5.0 Darwin Kernel Version 14.5.0: Fri Feb 17 10:33:20 PST 2017; root:xnu-2782.50.9.1.1~1/RELEASE_X86_64 x86_64
rlimit: STACK 8192k, CORE 0k, NPROC 709, NOFILE 10240, AS infinity
load average:2.65 2.27 1.87

CPU:total 8 (4 cores per cpu, 2 threads per core) family 6 model 70 stepping 1, cmov, cx8, fxsr, mmx, sse, sse2, sse3, ssse3, sse4.1, sse4.2, popcnt, avx, avx2, aes, clmul, erms, lzcnt, ht, tsc, tscinvbit, bmi1, bmi2

Memory: 4k page, physical 16777216k(3705828k free)

/proc/meminfo:


vm_info: Java HotSpot(TM) 64-Bit Server VM (25.60-b23) for bsd-amd64 JRE (1.8.0_60-b27), built on Aug  4 2015 10:47:24 by "java_re" with gcc 4.2.1 (Based on Apple Inc. build 5658) (LLVM build 2336.11.00)

time: Sat May 13 19:54:41 2017
elapsed time: 698 seconds (0d 0h 11m 38s)

