#
# A fatal error has been detected by the Java Runtime Environment:
#
#  SIGSEGV (0xb) at pc=0x00007fff87c6d0dd, pid=601, tid=1811
#
# JRE version: Java(TM) SE Runtime Environment (8.0_60-b27) (build 1.8.0_60-b27)
# Java VM: Java HotSpot(TM) 64-Bit Server VM (25.60-b23 mixed mode bsd-amd64 compressed oops)
# Problematic frame:
# C  [libobjc.A.dylib+0x10dd]  objc_msgSend+0x1d
#
# Failed to write core dump. Core dumps have been disabled. To enable core dumping, try "ulimit -c unlimited" before starting Java again
#
# If you would like to submit a bug report, please visit:
#   http://bugreport.java.com/bugreport/crash.jsp
# The crash happened outside the Java Virtual Machine in native code.
# See problematic frame for where to report the bug.
#

---------------  T H R E A D  ---------------

Current thread (0x00007fa67d89a000):  JavaThread "AWT-AppKit" daemon [_thread_in_native, id=1811, stack(0x00007fff57fd7000,0x00007fff587d7000)]

siginfo: si_signo: 11 (SIGSEGV), si_code: 1 (SEGV_MAPERR), si_addr: 0x000007fa680a5a98

Registers:
RAX=0x00007fa680f9dc40, RBX=0x0000000179906450, RCX=0x000000012ff431e0, RDX=0x000000012ff43680
RSP=0x00007fff587d23d8, RBP=0x00007fff587d2490, RSI=0x00007fff9024d40f, RDI=0x00007fa680edb010
R8 =0x0000000000000000, R9 =0x0000000000000f50, R10=0x00007fff9024d40f, R11=0x000007fa680a5a80
R12=0x0000000000000000, R13=0x000000017dfe9818, R14=0x0000000179906440, R15=0x00007fa67d89a000
RIP=0x00007fff87c6d0dd, EFLAGS=0x0000000000010202, ERR=0x0000000000000004
  TRAPNO=0x000000000000000e

Top of Stack: (sp=0x00007fff587d23d8)
0x00007fff587d23d8:   0000000179904157 00007fff587d2430
0x00007fff587d23e8:   0000000000000003 00007fff587d2410
0x00007fff587d23f8:   00000001087f1992 000000017dfe9818
0x00007fff587d2408:   000000017dfe9818 00007fa680f9dc40
0x00007fff587d2418:   00000001799066a0 0000000179906710
0x00007fff587d2428:   00007fff75102550 00007fff75e89c80
0x00007fff587d2438:   0000000179906450 0000000179906690
0x00007fff587d2448:   00007fa680f9dc40 00007fa680edb010
0x00007fff587d2458:   00007fa679f5cdd0 00007fa680f9dc40
0x00007fff587d2468:   00007fa680edb010 00007fff587d2518
0x00007fff587d2478:   00007fa67d89a1f8 000000017dfe9818
0x00007fff587d2488:   00007fff587d2540 00007fff587d2508
0x00007fff587d2498:   00000001096a1954 000000017dfe9818
0x00007fff587d24a8:   00007fff587d2540 00007fff587d2508
0x00007fff587d24b8:   00000001096a16e7 00000001096a16a2
0x00007fff587d24c8:   00007fff587d24c8 000000017dfe9818
0x00007fff587d24d8:   00007fff587d2540 000000017dfec450
0x00007fff587d24e8:   0000000000000000 000000017dfe9818
0x00007fff587d24f8:   0000000000000000 00007fff587d2528
0x00007fff587d2508:   00007fff587d2588 0000000109693c4d
0x00007fff587d2518:   000000076f291bc0 000000010969b578
0x00007fff587d2528:   00007fa680f9dc40 00007fff587d2588
0x00007fff587d2538:   00007fa680edb010 000000010969cd82
0x00007fff587d2548:   00007fff587d2548 000000017dfe99e2
0x00007fff587d2558:   00007fff587d25b0 000000017dfec450
0x00007fff587d2568:   0000000000000000 000000017dfe99f0
0x00007fff587d2578:   00007fff587d2528 00007fff587d2598
0x00007fff587d2588:   00007fff587d25f8 0000000109693c4d
0x00007fff587d2598:   00007fa680f9dc40 000000076ee38d58
0x00007fff587d25a8:   00007fa680edb010 000000076ee38d58
0x00007fff587d25b8:   00007fff587d25b8 0000000183f5cfa6
0x00007fff587d25c8:   00007fff587d2608 0000000183f5d060 

Instructions: (pc=0x00007fff87c6d0dd)
0x00007fff87c6d0bd:   00 00 00 48 85 ff 2e 74 7a 40 f6 c7 01 2e 75 7e
0x00007fff87c6d0cd:   49 bb f8 ff ff ff ff 7f 00 00 4c 23 1f 49 89 f2
0x00007fff87c6d0dd:   45 23 53 18 49 c1 e2 04 4d 03 53 10 49 3b 32 75
0x00007fff87c6d0ed:   04 41 ff 62 08 49 83 3a 00 74 6a 4d 3b 53 10 74 

Register to memory mapping:

RAX=0x00007fa680f9dc40 is an unknown value
RBX=0x0000000179906450: Java_jogamp_nativewindow_macosx_OSXUtil_GetScreenRefreshRate0+0x1cf0 in /private/var/folders/b5/zysj4pxj6576yq718hwysrg80000gn/T/jogamp_0000/file_cache/jln5690906727261779266/jln4022409386734827582/libnativewindow_macosx.jnilib at 0x00000001798ff000
RCX=0x000000012ff431e0 is an unknown value
RDX=0x000000012ff43680 is an unknown value
RSP=0x00007fff587d23d8 is pointing into the stack for thread: 0x00007fa67d89a000
RBP=0x00007fff587d2490 is pointing into the stack for thread: 0x00007fa67d89a000
RSI=0x00007fff9024d40f is an unknown value
RDI=0x00007fa680edb010 is an unknown value
R8 =0x0000000000000000 is an unknown value
R9 =0x0000000000000f50 is an unknown value
R10=0x00007fff9024d40f is an unknown value
R11=0x000007fa680a5a80 is an unknown value
R12=0x0000000000000000 is an unknown value
R13={method} {0x000000017dfe9818} 'UnsetJAWTRootSurfaceLayer0' '(JJ)V' in 'jogamp/nativewindow/jawt/macosx/MacOSXJAWTWindow'
R14=0x0000000179906440: Java_jogamp_nativewindow_macosx_OSXUtil_GetScreenRefreshRate0+0x1ce0 in /private/var/folders/b5/zysj4pxj6576yq718hwysrg80000gn/T/jogamp_0000/file_cache/jln5690906727261779266/jln4022409386734827582/libnativewindow_macosx.jnilib at 0x00000001798ff000
R15=0x00007fa67d89a000 is a thread


Stack: [0x00007fff57fd7000,0x00007fff587d7000],  sp=0x00007fff587d23d8,  free space=8172k
Native frames: (J=compiled Java code, j=interpreted, Vv=VM code, C=native code)
C  [libobjc.A.dylib+0x10dd]  objc_msgSend+0x1d
j  jogamp.nativewindow.jawt.macosx.MacOSXJAWTWindow.UnsetJAWTRootSurfaceLayer0(JJ)V+0
j  jogamp.nativewindow.jawt.macosx.MacOSXJAWTWindow.access$200(JJ)V+2
j  jogamp.nativewindow.jawt.macosx.MacOSXJAWTWindow$1.run()V+38
J 2104 C1 com.jogamp.common.util.RunnableTask.run()V (345 bytes) @ 0x0000000109dab154 [0x0000000109daafc0+0x194]
v  ~StubRoutines::call_stub
V  [libjvm.dylib+0x2eab0e]
V  [libjvm.dylib+0x321bb7]
V  [libjvm.dylib+0x31438b]
C  [libnativewindow_macosx.jnilib+0x5326]  Java_jogamp_nativewindow_jawt_macosx_MacOSXJAWTWindow_UnsetJAWTRootSurfaceLayer0+0x2b6
C  [Foundation+0x92dd0]  __NSThreadPerformPerform+0x125
C  [CoreFoundation+0x80a01]  __CFRUNLOOP_IS_CALLING_OUT_TO_A_SOURCE0_PERFORM_FUNCTION__+0x11
C  [CoreFoundation+0x72b8d]  __CFRunLoopDoSources0+0x10d
C  [CoreFoundation+0x721bf]  __CFRunLoopRun+0x39f
C  [CoreFoundation+0x71bd8]  CFRunLoopRunSpecific+0x128
C  [HIToolbox+0x3256f]  RunCurrentEventLoopInMode+0xeb
C  [HIToolbox+0x321ee]  ReceiveNextEventCommon+0xb3
C  [HIToolbox+0x3212b]  _BlockUntilNextEventMatchingListInModeWithFilter+0x47
C  [AppKit+0x918ab]  _DPSNextEvent+0x3d2
C  [AppKit+0x90e58]  -[NSApplication nextEventMatchingMask:untilDate:inMode:dequeue:]+0x15a
C  [libosxapp.dylib+0x23aa]  -[NSApplicationAWT nextEventMatchingMask:untilDate:inMode:dequeue:]+0x7c
C  [AppKit+0x86af3]  -[NSApplication run]+0x252
C  [libosxapp.dylib+0x214d]  +[NSApplicationAWT runAWTLoopWithApp:]+0x9c
C  [libawt_lwawt.dylib+0x44517]  -[AWTStarter starter:]+0x389
C  [Foundation+0x92dd0]  __NSThreadPerformPerform+0x125
C  [CoreFoundation+0x80a01]  __CFRUNLOOP_IS_CALLING_OUT_TO_A_SOURCE0_PERFORM_FUNCTION__+0x11
C  [CoreFoundation+0x72b8d]  __CFRunLoopDoSources0+0x10d
C  [CoreFoundation+0x721bf]  __CFRunLoopRun+0x39f
C  [CoreFoundation+0x71bd8]  CFRunLoopRunSpecific+0x128
C  [java+0x6463]  CreateExecutionEnvironment+0x367
C  [java+0x21ac]  JLI_Launch+0x7a0
C  [java+0x84c0]  main+0x65
C  [java+0x1a04]  start+0x34
C  0x0000000000000007

Java frames: (J=compiled Java code, j=interpreted, Vv=VM code)
j  jogamp.nativewindow.jawt.macosx.MacOSXJAWTWindow.UnsetJAWTRootSurfaceLayer0(JJ)V+0
j  jogamp.nativewindow.jawt.macosx.MacOSXJAWTWindow.access$200(JJ)V+2
j  jogamp.nativewindow.jawt.macosx.MacOSXJAWTWindow$1.run()V+38
J 2104 C1 com.jogamp.common.util.RunnableTask.run()V (345 bytes) @ 0x0000000109dab154 [0x0000000109daafc0+0x194]
v  ~StubRoutines::call_stub

---------------  P R O C E S S  ---------------

Java Threads: ( => current thread )
  0x00007fa683002800 JavaThread "Thread-50" [_thread_blocked, id=61267, stack(0x000000012a6f1000,0x000000012a7f1000)]
  0x00007fa67ca33000 JavaThread "Keep-Alive-Timer" daemon [_thread_blocked, id=67335, stack(0x0000000184042000,0x0000000184142000)]
  0x00007fa67dad2800 JavaThread "AWT-EventQueue-1" [_thread_in_native, id=60443, stack(0x000000017a1cd000,0x000000017a2cd000)]
  0x00007fa67e2f0800 JavaThread "DestroyJavaVM" [_thread_blocked, id=4867, stack(0x000000010958a000,0x000000010968a000)]
  0x00007fa67aa29800 JavaThread "AWT-EventQueue-0" [_thread_blocked, id=58115, stack(0x000000012de47000,0x000000012df47000)]
  0x00007fa67c893000 JavaThread "Java2D Disposer" daemon [_thread_blocked, id=54567, stack(0x000000012cb1d000,0x000000012cc1d000)]
  0x00007fa67e13d800 JavaThread "Java2D Queue Flusher" daemon [_thread_blocked, id=53767, stack(0x000000012ba97000,0x000000012bb97000)]
  0x00007fa67e118800 JavaThread "AWT-Shutdown" [_thread_blocked, id=30739, stack(0x0000000128a7b000,0x0000000128b7b000)]
=>0x00007fa67d89a000 JavaThread "AWT-AppKit" daemon [_thread_in_native, id=1811, stack(0x00007fff57fd7000,0x00007fff587d7000)]
  0x00007fa67a837800 JavaThread "Service Thread" daemon [_thread_blocked, id=20739, stack(0x0000000127025000,0x0000000127125000)]
  0x00007fa67d81d800 JavaThread "C1 CompilerThread3" daemon [_thread_blocked, id=20227, stack(0x0000000126f22000,0x0000000127022000)]
  0x00007fa67c812000 JavaThread "C2 CompilerThread2" daemon [_thread_blocked, id=19715, stack(0x0000000126e1f000,0x0000000126f1f000)]
  0x00007fa67c80b000 JavaThread "C2 CompilerThread1" daemon [_thread_blocked, id=19203, stack(0x0000000126d1c000,0x0000000126e1c000)]
  0x00007fa67a838800 JavaThread "C2 CompilerThread0" daemon [_thread_blocked, id=18691, stack(0x0000000126c19000,0x0000000126d19000)]
  0x00007fa67d804800 JavaThread "Signal Dispatcher" daemon [_thread_blocked, id=15383, stack(0x0000000126b16000,0x0000000126c16000)]
  0x00007fa67a865000 JavaThread "Finalizer" daemon [_thread_blocked, id=13571, stack(0x0000000125110000,0x0000000125210000)]
  0x00007fa67a864800 JavaThread "Reference Handler" daemon [_thread_blocked, id=13059, stack(0x000000012500d000,0x000000012510d000)]

Other Threads:
  0x00007fa67a862000 VMThread [stack: 0x0000000124f0a000,0x000000012500a000] [id=12547]
  0x00007fa67c83b000 WatcherThread [stack: 0x0000000127128000,0x0000000127228000] [id=21251]

VM state:not at safepoint (normal execution)

VM Mutex/Monitor currently owned by a thread: None

Heap:
 PSYoungGen      total 76288K, used 13695K [0x000000076ab00000, 0x0000000770000000, 0x00000007c0000000)
  eden space 65536K, 4% used [0x000000076ab00000,0x000000076ade3048,0x000000076eb00000)
  from space 10752K, 99% used [0x000000076eb00000,0x000000076f57cc10,0x000000076f580000)
  to   space 10752K, 0% used [0x000000076f580000,0x000000076f580000,0x0000000770000000)
 ParOldGen       total 175104K, used 13910K [0x00000006c0000000, 0x00000006cab00000, 0x000000076ab00000)
  object space 175104K, 7% used [0x00000006c0000000,0x00000006c0d95a80,0x00000006cab00000)
 Metaspace       used 19342K, capacity 19531K, committed 19712K, reserved 1067008K
  class space    used 1886K, capacity 1982K, committed 2048K, reserved 1048576K

Card table byte_map: [0x0000000118a4c000,0x000000011924d000] byte_map_base: 0x000000011544c000

Marking Bits: (ParMarkBitMap*) 0x0000000108edee20
 Begin Bits: [0x0000000119fbb000, 0x000000011dfbb000)
 End Bits:   [0x000000011dfbb000, 0x0000000121fbb000)

Polling page: 0x0000000107582000

CodeCache: size=245760Kb used=7587Kb max_used=7671Kb free=238172Kb
 bounds [0x000000010968c000, 0x0000000109e3c000, 0x000000011868c000]
 total_blobs=2997 nmethods=2123 adapters=787
 compilation: enabled

Compilation events (10 events):
Event: 14.648 Thread 0x00007fa67c80b000 2342   !   4       sun.lwawt.LWComponentPeer::getRegion (36 bytes)
Event: 14.655 Thread 0x00007fa67c80b000 nmethod 2342 0x0000000109a9fa10 code [0x0000000109a9fb80, 0x0000000109aa03f8]
Event: 14.878 Thread 0x00007fa67c812000 2343       4       sun.awt.AWTAutoShutdown::notifyToolkitThreadBusy (8 bytes)
Event: 14.879 Thread 0x00007fa67a838800 2344       4       sun.awt.AWTAutoShutdown::notifyToolkitThreadFree (8 bytes)
Event: 14.883 Thread 0x00007fa67a838800 nmethod 2344 0x0000000109b2cdd0 code [0x0000000109b2cf40, 0x0000000109b2d3d8]
Event: 14.883 Thread 0x00007fa67c812000 nmethod 2343 0x0000000109b38790 code [0x0000000109b38900, 0x0000000109b38dd8]
Event: 14.898 Thread 0x00007fa67c80b000 2346       4       processing.opengl.PGraphicsOpenGL::fillFromCalc (21 bytes)
Event: 14.899 Thread 0x00007fa67c80b000 nmethod 2346 0x0000000109a61250 code [0x0000000109a613a0, 0x0000000109a614d8]
Event: 15.080 Thread 0x00007fa67a838800 2347       4       java.util.Vector::remove (6 bytes)
Event: 15.089 Thread 0x00007fa67a838800 nmethod 2347 0x0000000109a21750 code [0x0000000109a218e0, 0x0000000109a22098]

GC Heap History (6 events):
Event: 2.328 GC heap before
{Heap before GC invocations=1 (full 0):
 PSYoungGen      total 76288K, used 65536K [0x000000076ab00000, 0x0000000770000000, 0x00000007c0000000)
  eden space 65536K, 100% used [0x000000076ab00000,0x000000076eb00000,0x000000076eb00000)
  from space 10752K, 0% used [0x000000076f580000,0x000000076f580000,0x0000000770000000)
  to   space 10752K, 0% used [0x000000076eb00000,0x000000076eb00000,0x000000076f580000)
 ParOldGen       total 175104K, used 0K [0x00000006c0000000, 0x00000006cab00000, 0x000000076ab00000)
  object space 175104K, 0% used [0x00000006c0000000,0x00000006c0000000,0x00000006cab00000)
 Metaspace       used 17940K, capacity 18177K, committed 18304K, reserved 1064960K
  class space    used 1825K, capacity 1917K, committed 1920K, reserved 1048576K
Event: 2.336 GC heap after
Heap after GC invocations=1 (full 0):
 PSYoungGen      total 76288K, used 10741K [0x000000076ab00000, 0x0000000770000000, 0x00000007c0000000)
  eden space 65536K, 0% used [0x000000076ab00000,0x000000076ab00000,0x000000076eb00000)
  from space 10752K, 99% used [0x000000076eb00000,0x000000076f57d530,0x000000076f580000)
  to   space 10752K, 0% used [0x000000076f580000,0x000000076f580000,0x0000000770000000)
 ParOldGen       total 175104K, used 2708K [0x00000006c0000000, 0x00000006cab00000, 0x000000076ab00000)
  object space 175104K, 1% used [0x00000006c0000000,0x00000006c02a53e8,0x00000006cab00000)
 Metaspace       used 17940K, capacity 18177K, committed 18304K, reserved 1064960K
  class space    used 1825K, capacity 1917K, committed 1920K, reserved 1048576K
}
Event: 6.196 GC heap before
{Heap before GC invocations=2 (full 0):
 PSYoungGen      total 76288K, used 76277K [0x000000076ab00000, 0x0000000770000000, 0x00000007c0000000)
  eden space 65536K, 100% used [0x000000076ab00000,0x000000076eb00000,0x000000076eb00000)
  from space 10752K, 99% used [0x000000076eb00000,0x000000076f57d530,0x000000076f580000)
  to   space 10752K, 0% used [0x000000076f580000,0x000000076f580000,0x0000000770000000)
 ParOldGen       total 175104K, used 2708K [0x00000006c0000000, 0x00000006cab00000, 0x000000076ab00000)
  object space 175104K, 1% used [0x00000006c0000000,0x00000006c02a53e8,0x00000006cab00000)
 Metaspace       used 18903K, capacity 19115K, committed 19456K, reserved 1067008K
  class space    used 1878K, capacity 1950K, committed 2048K, reserved 1048576K
Event: 6.204 GC heap after
Heap after GC invocations=2 (full 0):
 PSYoungGen      total 76288K, used 10739K [0x000000076ab00000, 0x0000000770000000, 0x00000007c0000000)
  eden space 65536K, 0% used [0x000000076ab00000,0x000000076ab00000,0x000000076eb00000)
  from space 10752K, 99% used [0x000000076f580000,0x000000076fffcc30,0x0000000770000000)
  to   space 10752K, 0% used [0x000000076eb00000,0x000000076eb00000,0x000000076f580000)
 ParOldGen       total 175104K, used 9070K [0x00000006c0000000, 0x00000006cab00000, 0x000000076ab00000)
  object space 175104K, 5% used [0x00000006c0000000,0x00000006c08db950,0x00000006cab00000)
 Metaspace       used 18903K, capacity 19115K, committed 19456K, reserved 1067008K
  class space    used 1878K, capacity 1950K, committed 2048K, reserved 1048576K
}
Event: 15.130 GC heap before
{Heap before GC invocations=3 (full 0):
 PSYoungGen      total 76288K, used 76275K [0x000000076ab00000, 0x0000000770000000, 0x00000007c0000000)
  eden space 65536K, 100% used [0x000000076ab00000,0x000000076eb00000,0x000000076eb00000)
  from space 10752K, 99% used [0x000000076f580000,0x000000076fffcc30,0x0000000770000000)
  to   space 10752K, 0% used [0x000000076eb00000,0x000000076eb00000,0x000000076f580000)
 ParOldGen       total 175104K, used 9070K [0x00000006c0000000, 0x00000006cab00000, 0x000000076ab00000)
  object space 175104K, 5% used [0x00000006c0000000,0x00000006c08db950,0x00000006cab00000)
 Metaspace       used 19307K, capacity 19499K, committed 19712K, reserved 1067008K
  class space    used 1878K, capacity 1950K, committed 2048K, reserved 1048576K
Event: 15.140 GC heap after
Heap after GC invocations=3 (full 0):
 PSYoungGen      total 76288K, used 10739K [0x000000076ab00000, 0x0000000770000000, 0x00000007c0000000)
  eden space 65536K, 0% used [0x000000076ab00000,0x000000076ab00000,0x000000076eb00000)
  from space 10752K, 99% used [0x000000076eb00000,0x000000076f57cc10,0x000000076f580000)
  to   space 10752K, 0% used [0x000000076f580000,0x000000076f580000,0x0000000770000000)
 ParOldGen       total 175104K, used 13910K [0x00000006c0000000, 0x00000006cab00000, 0x000000076ab00000)
  object space 175104K, 7% used [0x00000006c0000000,0x00000006c0d95a80,0x00000006cab00000)
 Metaspace       used 19307K, capacity 19499K, committed 19712K, reserved 1067008K
  class space    used 1878K, capacity 1950K, committed 2048K, reserved 1048576K
}

Deoptimization events (10 events):
Event: 1.099 Thread 0x00007fa67aad4000 Uncommon trap: reason=unstable_if action=reinterpret pc=0x0000000109852d00 method=java.lang.String.toLowerCase(Ljava/util/Locale;)Ljava/lang/String; @ 85
Event: 1.268 Thread 0x00007fa67aad9800 Uncommon trap: reason=unstable_if action=reinterpret pc=0x00000001098e7ad4 method=java.lang.String.indexOf([CII[CIII)I @ 3
Event: 1.268 Thread 0x00007fa67aad9800 Uncommon trap: reason=unstable_if action=reinterpret pc=0x00000001098c74d4 method=java.lang.String.indexOf([CII[CIII)I @ 3
Event: 1.268 Thread 0x00007fa67aad9800 Uncommon trap: reason=unstable_if action=reinterpret pc=0x000000010983eb60 method=java.lang.String.indexOf([CII[CIII)I @ 3
Event: 1.963 Thread 0x00007fa67dad2800 Uncommon trap: reason=unstable_if action=reinterpret pc=0x00000001098316ac method=java.lang.AbstractStringBuilder.append(Ljava/lang/String;)Ljava/lang/AbstractStringBuilder; @ 1
Event: 2.062 Thread 0x00007fa67dad2800 Uncommon trap: reason=unstable_if action=reinterpret pc=0x0000000109a2767c method=com.jogamp.common.util.IntIntHashMap.get(I)I @ 28
Event: 15.213 Thread 0x00007fa67dad2800 Uncommon trap: reason=unstable_if action=reinterpret pc=0x0000000109bb1428 method=com.jogamp.common.util.VersionNumber.compareTo(Lcom/jogamp/common/util/VersionNumber;)I @ 21
Event: 15.246 Thread 0x00007fa67c89e000 Uncommon trap: reason=unstable_if action=reinterpret pc=0x0000000109a8ff20 method=java.util.HashMap.putVal(ILjava/lang/Object;Ljava/lang/Object;ZZ)Ljava/lang/Object; @ 81
Event: 15.246 Thread 0x00007fa67c89e000 Uncommon trap: reason=unstable_if action=reinterpret pc=0x0000000109a88ec4 method=java.util.HashMap.putVal(ILjava/lang/Object;Ljava/lang/Object;ZZ)Ljava/lang/Object; @ 81
Event: 15.253 Thread 0x00007fa67dad2800 Uncommon trap: reason=unstable_if action=reinterpret pc=0x0000000109d6c2b8 method=java.security.AccessControlContext.optimize()Ljava/security/AccessControlContext; @ 233

Internal exceptions (10 events):
Event: 0.110 Thread 0x00007fa67a806000 Exception <a 'java/lang/NoSuchFieldError': method resolution failed> (0x000000076aeeee98) thrown at [/Users/java_re/workspace/8-2-build-macosx-x86_64/jdk8u60/4407/hotspot/src/share/vm/prims/methodHandles.cpp, line 1146]
Event: 0.112 Thread 0x00007fa67a806000 Exception <a 'java/lang/NoSuchFieldError': method resolution failed> (0x000000076aefc668) thrown at [/Users/java_re/workspace/8-2-build-macosx-x86_64/jdk8u60/4407/hotspot/src/share/vm/prims/methodHandles.cpp, line 1146]
Event: 0.248 Thread 0x00007fa67a806000 Exception <a 'java/io/FileNotFoundException'> (0x000000076af78458) thrown at [/Users/java_re/workspace/8-2-build-macosx-x86_64/jdk8u60/4407/hotspot/src/share/vm/prims/jni.cpp, line 709]
Event: 0.248 Thread 0x00007fa67a806000 Exception <a 'java/io/FileNotFoundException'> (0x000000076af78fc0) thrown at [/Users/java_re/workspace/8-2-build-macosx-x86_64/jdk8u60/4407/hotspot/src/share/vm/prims/jni.cpp, line 709]
Event: 0.321 Thread 0x00007fa67a806000 Exception <a 'java/io/FileNotFoundException'> (0x000000076b010f28) thrown at [/Users/java_re/workspace/8-2-build-macosx-x86_64/jdk8u60/4407/hotspot/src/share/vm/prims/jni.cpp, line 709]
Event: 1.283 Thread 0x00007fa67aad9800 Exception <a 'java/lang/UnsatisfiedLinkError': com.jogamp.common.util.JarUtil.fixNativeLibAttribs(Ljava/lang/String;)Z> (0x000000076c672700) thrown at [/Users/java_re/workspace/8-2-build-macosx-x86_64/jdk8u60/4407/hotspot/src/share/vm/prims/nativeLookup.c
Event: 1.962 Thread 0x00007fa67dad2800 Exception <a 'java/io/FileNotFoundException'> (0x000000076d9a9f78) thrown at [/Users/java_re/workspace/8-2-build-macosx-x86_64/jdk8u60/4407/hotspot/src/share/vm/prims/jni.cpp, line 709]
Event: 1.963 Thread 0x00007fa67dad2800 Exception <a 'java/io/FileNotFoundException'> (0x000000076d9b0dd8) thrown at [/Users/java_re/workspace/8-2-build-macosx-x86_64/jdk8u60/4407/hotspot/src/share/vm/prims/jni.cpp, line 709]
Event: 1.963 Thread 0x00007fa67dad2800 Implicit null exception at 0x0000000109831335 to 0x0000000109831699
Event: 2.338 Thread 0x00007fa67a865000 Exception <a 'java/lang/NullPointerException'> (0x000000076adb59c0) thrown at [/Users/java_re/workspace/8-2-build-macosx-x86_64/jdk8u60/4407/hotspot/src/share/vm/interpreter/linkResolver.cpp, line 1178]

Events (10 events):
Event: 15.253 loading class jogamp/nativewindow/jawt/macosx/MacOSXJAWTWindow$1 done
Event: 15.253 Thread 0x00007fa67dad2800 Uncommon trap: trap_request=0xffffff65 fr.pc=0x0000000109d6c2b8
Event: 15.253 Thread 0x00007fa67dad2800 DEOPT PACKING pc=0x0000000109d6c2b8 sp=0x000000017a2ca8b0
Event: 15.254 Thread 0x00007fa67dad2800 DEOPT UNPACKING pc=0x0000000109691229 sp=0x000000017a2ca880 mode 2
Event: 15.254 loading class java/awt/LightweightDispatcher$2
Event: 15.254 loading class java/awt/LightweightDispatcher$2 done
Event: 15.254 loading class java/awt/event/AWTEventListenerProxy
Event: 15.254 loading class java/awt/event/AWTEventListenerProxy done
Event: 15.254 Executing VM operation: Deoptimize
Event: 15.254 Executing VM operation: Deoptimize done


Dynamic libraries:
0x0000000003bf4000 	/System/Library/Frameworks/Cocoa.framework/Versions/A/Cocoa
0x0000000003bf4000 	/System/Library/Frameworks/Security.framework/Versions/A/Security
0x0000000003bf4000 	/System/Library/Frameworks/ApplicationServices.framework/Versions/A/ApplicationServices
0x0000000003bf4000 	/usr/lib/libz.1.dylib
0x0000000003bf4000 	/usr/lib/libSystem.B.dylib
0x0000000003bf4000 	/usr/lib/libobjc.A.dylib
0x0000000003bf4000 	/System/Library/Frameworks/CoreFoundation.framework/Versions/A/CoreFoundation
0x0000000003bf4000 	/System/Library/Frameworks/Foundation.framework/Versions/C/Foundation
0x0000000003bf4000 	/System/Library/Frameworks/AppKit.framework/Versions/C/AppKit
0x0000000003bf4000 	/System/Library/Frameworks/CoreData.framework/Versions/A/CoreData
0x0000000003bf4000 	/System/Library/PrivateFrameworks/RemoteViewServices.framework/Versions/A/RemoteViewServices
0x0000000003bf4000 	/System/Library/PrivateFrameworks/UIFoundation.framework/Versions/A/UIFoundation
0x0000000003bf4000 	/System/Library/Frameworks/IOSurface.framework/Versions/A/IOSurface
0x0000000003bf4000 	/System/Library/Frameworks/AudioToolbox.framework/Versions/A/AudioToolbox
0x0000000003bf4000 	/System/Library/Frameworks/AudioUnit.framework/Versions/A/AudioUnit
0x0000000003bf4000 	/System/Library/PrivateFrameworks/DataDetectorsCore.framework/Versions/A/DataDetectorsCore
0x0000000003bf4000 	/System/Library/PrivateFrameworks/DesktopServicesPriv.framework/Versions/A/DesktopServicesPriv
0x0000000003bf4000 	/System/Library/Frameworks/Carbon.framework/Versions/A/Frameworks/HIToolbox.framework/Versions/A/HIToolbox
0x0000000003bf4000 	/System/Library/Frameworks/QuartzCore.framework/Versions/A/QuartzCore
0x0000000003bf4000 	/System/Library/Frameworks/Carbon.framework/Versions/A/Frameworks/SpeechRecognition.framework/Versions/A/SpeechRecognition
0x0000000003bf4000 	/usr/lib/libauto.dylib
0x0000000003bf4000 	/usr/lib/libicucore.A.dylib
0x0000000003bf4000 	/usr/lib/libxml2.2.dylib
0x0000000003bf4000 	/System/Library/PrivateFrameworks/CoreUI.framework/Versions/A/CoreUI
0x0000000003bf4000 	/System/Library/Frameworks/CoreAudio.framework/Versions/A/CoreAudio
0x0000000003bf4000 	/System/Library/Frameworks/DiskArbitration.framework/Versions/A/DiskArbitration
0x0000000003bf4000 	/usr/lib/liblangid.dylib
0x0000000003bf4000 	/System/Library/PrivateFrameworks/MultitouchSupport.framework/Versions/A/MultitouchSupport
0x0000000003bf4000 	/System/Library/Frameworks/IOKit.framework/Versions/A/IOKit
0x0000000003bf4000 	/usr/lib/libDiagnosticMessagesClient.dylib
0x0000000003bf4000 	/System/Library/Frameworks/CoreServices.framework/Versions/A/CoreServices
0x0000000003bf4000 	/System/Library/PrivateFrameworks/PerformanceAnalysis.framework/Versions/A/PerformanceAnalysis
0x0000000003bf4000 	/System/Library/PrivateFrameworks/GenerationalStorage.framework/Versions/A/GenerationalStorage
0x0000000003bf4000 	/System/Library/Frameworks/OpenGL.framework/Versions/A/OpenGL
0x0000000003bf4000 	/System/Library/PrivateFrameworks/Sharing.framework/Versions/A/Sharing
0x0000000003bf4000 	/System/Library/Frameworks/CoreGraphics.framework/Versions/A/CoreGraphics
0x0000000003bf4000 	/System/Library/Frameworks/CoreText.framework/Versions/A/CoreText
0x0000000003bf4000 	/System/Library/Frameworks/ImageIO.framework/Versions/A/ImageIO
0x0000000003bf4000 	/usr/lib/libextension.dylib
0x0000000003bf4000 	/System/Library/PrivateFrameworks/Backup.framework/Versions/A/Backup
0x0000000003bf4000 	/usr/lib/libarchive.2.dylib
0x0000000003bf4000 	/System/Library/Frameworks/CFNetwork.framework/Versions/A/CFNetwork
0x0000000003bf4000 	/System/Library/Frameworks/SystemConfiguration.framework/Versions/A/SystemConfiguration
0x0000000003bf4000 	/usr/lib/libCRFSuite.dylib
0x0000000003bf4000 	/usr/lib/libc++.1.dylib
0x0000000003bf4000 	/usr/lib/libc++abi.dylib
0x0000000003bf4000 	/usr/lib/system/libcache.dylib
0x0000000003bf4000 	/usr/lib/system/libcommonCrypto.dylib
0x0000000003bf4000 	/usr/lib/system/libcompiler_rt.dylib
0x0000000003bf4000 	/usr/lib/system/libcopyfile.dylib
0x0000000003bf4000 	/usr/lib/system/libcorecrypto.dylib
0x0000000003bf4000 	/usr/lib/system/libdispatch.dylib
0x0000000003bf4000 	/usr/lib/system/libdyld.dylib
0x0000000003bf4000 	/usr/lib/system/libkeymgr.dylib
0x0000000003bf4000 	/usr/lib/system/liblaunch.dylib
0x0000000003bf4000 	/usr/lib/system/libmacho.dylib
0x0000000003bf4000 	/usr/lib/system/libquarantine.dylib
0x0000000003bf4000 	/usr/lib/system/libremovefile.dylib
0x0000000003bf4000 	/usr/lib/system/libsystem_asl.dylib
0x0000000003bf4000 	/usr/lib/system/libsystem_blocks.dylib
0x0000000003bf4000 	/usr/lib/system/libsystem_c.dylib
0x0000000003bf4000 	/usr/lib/system/libsystem_configuration.dylib
0x0000000003bf4000 	/usr/lib/system/libsystem_coreservices.dylib
0x0000000003bf4000 	/usr/lib/system/libsystem_coretls.dylib
0x0000000003bf4000 	/usr/lib/system/libsystem_dnssd.dylib
0x0000000003bf4000 	/usr/lib/system/libsystem_info.dylib
0x0000000003bf4000 	/usr/lib/system/libsystem_kernel.dylib
0x0000000003bf4000 	/usr/lib/system/libsystem_m.dylib
0x0000000003bf4000 	/usr/lib/system/libsystem_malloc.dylib
0x0000000003bf4000 	/usr/lib/system/libsystem_network.dylib
0x0000000003bf4000 	/usr/lib/system/libsystem_networkextension.dylib
0x0000000003bf4000 	/usr/lib/system/libsystem_notify.dylib
0x0000000003bf4000 	/usr/lib/system/libsystem_platform.dylib
0x0000000003bf4000 	/usr/lib/system/libsystem_pthread.dylib
0x0000000003bf4000 	/usr/lib/system/libsystem_sandbox.dylib
0x0000000003bf4000 	/usr/lib/system/libsystem_secinit.dylib
0x0000000003bf4000 	/usr/lib/system/libsystem_stats.dylib
0x0000000003bf4000 	/usr/lib/system/libsystem_trace.dylib
0x0000000003bf4000 	/usr/lib/system/libunc.dylib
0x0000000003bf4000 	/usr/lib/system/libunwind.dylib
0x0000000003bf4000 	/usr/lib/system/libxpc.dylib
0x0000000003bf4000 	/usr/lib/libbz2.1.0.dylib
0x0000000003bf4000 	/usr/lib/liblzma.5.dylib
0x0000000003bf4000 	/usr/lib/libbsm.0.dylib
0x0000000003bf4000 	/usr/lib/libsqlite3.dylib
0x0000000003bf4000 	/usr/lib/system/libkxld.dylib
0x0000000003bf4000 	/usr/lib/libxar.1.dylib
0x0000000003bf4000 	/usr/lib/libpam.2.dylib
0x0000000003bf4000 	/usr/lib/libOpenScriptingUtil.dylib
0x0000000003bf4000 	/System/Library/Frameworks/CoreServices.framework/Versions/A/Frameworks/FSEvents.framework/Versions/A/FSEvents
0x0000000003bf4000 	/System/Library/Frameworks/CoreServices.framework/Versions/A/Frameworks/CarbonCore.framework/Versions/A/CarbonCore
0x0000000003bf4000 	/System/Library/Frameworks/CoreServices.framework/Versions/A/Frameworks/Metadata.framework/Versions/A/Metadata
0x0000000003bf4000 	/System/Library/Frameworks/CoreServices.framework/Versions/A/Frameworks/OSServices.framework/Versions/A/OSServices
0x0000000003bf4000 	/System/Library/Frameworks/CoreServices.framework/Versions/A/Frameworks/SearchKit.framework/Versions/A/SearchKit
0x0000000003bf4000 	/System/Library/Frameworks/CoreServices.framework/Versions/A/Frameworks/AE.framework/Versions/A/AE
0x0000000003bf4000 	/System/Library/Frameworks/CoreServices.framework/Versions/A/Frameworks/LaunchServices.framework/Versions/A/LaunchServices
0x0000000003bf4000 	/System/Library/Frameworks/CoreServices.framework/Versions/A/Frameworks/DictionaryServices.framework/Versions/A/DictionaryServices
0x0000000003bf4000 	/System/Library/Frameworks/NetFS.framework/Versions/A/NetFS
0x0000000003bf4000 	/System/Library/PrivateFrameworks/NetAuth.framework/Versions/A/NetAuth
0x0000000003bf4000 	/System/Library/PrivateFrameworks/login.framework/Versions/A/Frameworks/loginsupport.framework/Versions/A/loginsupport
0x0000000003bf4000 	/System/Library/PrivateFrameworks/TCC.framework/Versions/A/TCC
0x0000000003bf4000 	/usr/lib/libmecabra.dylib
0x0000000003bf4000 	/System/Library/Frameworks/ApplicationServices.framework/Versions/A/Frameworks/ATS.framework/Versions/A/ATS
0x0000000003bf4000 	/System/Library/Frameworks/ApplicationServices.framework/Versions/A/Frameworks/ColorSync.framework/Versions/A/ColorSync
0x0000000003bf4000 	/System/Library/Frameworks/ApplicationServices.framework/Versions/A/Frameworks/HIServices.framework/Versions/A/HIServices
0x0000000003bf4000 	/System/Library/Frameworks/ApplicationServices.framework/Versions/A/Frameworks/LangAnalysis.framework/Versions/A/LangAnalysis
0x0000000003bf4000 	/System/Library/Frameworks/ApplicationServices.framework/Versions/A/Frameworks/PrintCore.framework/Versions/A/PrintCore
0x0000000003bf4000 	/System/Library/Frameworks/ApplicationServices.framework/Versions/A/Frameworks/QD.framework/Versions/A/QD
0x0000000003bf4000 	/System/Library/Frameworks/ApplicationServices.framework/Versions/A/Frameworks/SpeechSynthesis.framework/Versions/A/SpeechSynthesis
0x0000000003bf4000 	/System/Library/Frameworks/Accelerate.framework/Versions/A/Accelerate
0x0000000003bf4000 	/System/Library/Frameworks/Accelerate.framework/Versions/A/Frameworks/vImage.framework/Versions/A/vImage
0x0000000003bf4000 	/System/Library/Frameworks/Accelerate.framework/Versions/A/Frameworks/vecLib.framework/Versions/A/vecLib
0x0000000003bf4000 	/System/Library/Frameworks/Accelerate.framework/Versions/A/Frameworks/vecLib.framework/Versions/A/libvDSP.dylib
0x0000000003bf4000 	/System/Library/Frameworks/Accelerate.framework/Versions/A/Frameworks/vecLib.framework/Versions/A/libvMisc.dylib
0x0000000003bf4000 	/System/Library/Frameworks/Accelerate.framework/Versions/A/Frameworks/vecLib.framework/Versions/A/libLAPACK.dylib
0x0000000003bf4000 	/System/Library/Frameworks/Accelerate.framework/Versions/A/Frameworks/vecLib.framework/Versions/A/libBLAS.dylib
0x0000000003bf4000 	/System/Library/Frameworks/Accelerate.framework/Versions/A/Frameworks/vecLib.framework/Versions/A/libLinearAlgebra.dylib
0x0000000003bf4000 	/System/Library/Frameworks/ApplicationServices.framework/Versions/A/Frameworks/ATS.framework/Versions/A/Resources/libFontParser.dylib
0x0000000003bf4000 	/System/Library/Frameworks/ApplicationServices.framework/Versions/A/Frameworks/ATS.framework/Versions/A/Resources/libFontRegistry.dylib
0x0000000003bf4000 	/System/Library/PrivateFrameworks/AppleVPA.framework/Versions/A/AppleVPA
0x0000000003bf4000 	/System/Library/PrivateFrameworks/AppleJPEG.framework/Versions/A/AppleJPEG
0x0000000003bf4000 	/System/Library/Frameworks/ImageIO.framework/Versions/A/Resources/libJPEG.dylib
0x0000000003bf4000 	/System/Library/Frameworks/ImageIO.framework/Versions/A/Resources/libTIFF.dylib
0x0000000003bf4000 	/System/Library/Frameworks/ImageIO.framework/Versions/A/Resources/libPng.dylib
0x0000000003bf4000 	/System/Library/Frameworks/ImageIO.framework/Versions/A/Resources/libGIF.dylib
0x0000000003bf4000 	/System/Library/Frameworks/ImageIO.framework/Versions/A/Resources/libJP2.dylib
0x0000000003bf4000 	/System/Library/Frameworks/ImageIO.framework/Versions/A/Resources/libRadiance.dylib
0x0000000003bf4000 	/System/Library/Frameworks/CoreVideo.framework/Versions/A/CoreVideo
0x0000000003bf4000 	/System/Library/Frameworks/OpenGL.framework/Versions/A/Libraries/libGLU.dylib
0x0000000003bf4000 	/System/Library/Frameworks/OpenGL.framework/Versions/A/Libraries/libGFXShared.dylib
0x0000000003bf4000 	/System/Library/Frameworks/OpenGL.framework/Versions/A/Libraries/libGL.dylib
0x0000000003bf4000 	/System/Library/Frameworks/OpenGL.framework/Versions/A/Libraries/libGLImage.dylib
0x0000000003bf4000 	/System/Library/Frameworks/OpenGL.framework/Versions/A/Libraries/libCVMSPluginSupport.dylib
0x0000000003bf4000 	/System/Library/Frameworks/OpenGL.framework/Versions/A/Libraries/libCoreVMClient.dylib
0x0000000003bf4000 	/usr/lib/libcups.2.dylib
0x0000000003bf4000 	/System/Library/Frameworks/Kerberos.framework/Versions/A/Kerberos
0x0000000003bf4000 	/System/Library/Frameworks/GSS.framework/Versions/A/GSS
0x0000000003bf4000 	/usr/lib/libresolv.9.dylib
0x0000000003bf4000 	/usr/lib/libiconv.2.dylib
0x0000000003bf4000 	/System/Library/PrivateFrameworks/Heimdal.framework/Versions/A/Heimdal
0x0000000003bf4000 	/usr/lib/libheimdal-asn1.dylib
0x0000000003bf4000 	/System/Library/Frameworks/OpenDirectory.framework/Versions/A/OpenDirectory
0x0000000003bf4000 	/System/Library/PrivateFrameworks/CommonAuth.framework/Versions/A/CommonAuth
0x0000000003bf4000 	/System/Library/Frameworks/OpenDirectory.framework/Versions/A/Frameworks/CFOpenDirectory.framework/Versions/A/CFOpenDirectory
0x0000000003bf4000 	/System/Library/Frameworks/SecurityFoundation.framework/Versions/A/SecurityFoundation
0x0000000003bf4000 	/System/Library/PrivateFrameworks/LanguageModeling.framework/Versions/A/LanguageModeling
0x0000000003bf4000 	/usr/lib/libcmph.dylib
0x0000000003bf4000 	/System/Library/Frameworks/ServiceManagement.framework/Versions/A/ServiceManagement
0x0000000003bf4000 	/usr/lib/libxslt.1.dylib
0x0000000003bf4000 	/System/Library/Frameworks/Carbon.framework/Versions/A/Frameworks/Ink.framework/Versions/A/Ink
0x0000000003bf4000 	/System/Library/Frameworks/QuartzCore.framework/Versions/A/Frameworks/CoreImage.framework/Versions/A/CoreImage
0x0000000003bf4000 	/System/Library/PrivateFrameworks/CrashReporterSupport.framework/Versions/A/CrashReporterSupport
0x0000000003bf4000 	/System/Library/Frameworks/OpenCL.framework/Versions/A/OpenCL
0x0000000003bf4000 	/System/Library/PrivateFrameworks/FaceCore.framework/Versions/A/FaceCore
0x0000000003bf4000 	/System/Library/PrivateFrameworks/Ubiquity.framework/Versions/A/Ubiquity
0x0000000003bf4000 	/System/Library/PrivateFrameworks/IconServices.framework/Versions/A/IconServices
0x0000000003bf4000 	/System/Library/PrivateFrameworks/ChunkingLibrary.framework/Versions/A/ChunkingLibrary
0x0000000003bf4000 	/System/Library/PrivateFrameworks/Apple80211.framework/Versions/A/Apple80211
0x0000000003bf4000 	/System/Library/Frameworks/CoreWLAN.framework/Versions/A/CoreWLAN
0x0000000003bf4000 	/System/Library/Frameworks/IOBluetooth.framework/Versions/A/IOBluetooth
0x0000000003bf4000 	/System/Library/PrivateFrameworks/CoreWiFi.framework/Versions/A/CoreWiFi
0x0000000003bf4000 	/System/Library/Frameworks/CoreBluetooth.framework/Versions/A/CoreBluetooth
0x0000000003bf4000 	/System/Library/PrivateFrameworks/DebugSymbols.framework/Versions/A/DebugSymbols
0x0000000003bf4000 	/System/Library/PrivateFrameworks/CoreSymbolication.framework/Versions/A/CoreSymbolication
0x0000000003bf4000 	/System/Library/PrivateFrameworks/Symbolication.framework/Versions/A/Symbolication
0x0000000003bf4000 	/System/Library/PrivateFrameworks/SpeechRecognitionCore.framework/Versions/A/SpeechRecognitionCore
0x0000000108600000 	/Library/Java/JavaVirtualMachines/jdk1.8.0_60.jdk/Contents/Home/jre/lib/server/libjvm.dylib
0x0000000003bf4000 	/usr/lib/libstdc++.6.dylib
0x000000010753f000 	/Library/Java/JavaVirtualMachines/jdk1.8.0_60.jdk/Contents/Home/jre/lib/libverify.dylib
0x000000010754d000 	/Library/Java/JavaVirtualMachines/jdk1.8.0_60.jdk/Contents/Home/jre/lib/libjava.dylib
0x000000010758c000 	/Library/Java/JavaVirtualMachines/jdk1.8.0_60.jdk/Contents/Home/jre/lib/libzip.dylib
0x00000001075e6000 	/System/Library/Frameworks/JavaVM.framework/Frameworks/JavaRuntimeSupport.framework/JavaRuntimeSupport
0x0000000125212000 	/System/Library/Frameworks/JavaVM.framework/Versions/A/Frameworks/JavaNativeFoundation.framework/Versions/A/JavaNativeFoundation
0x0000000125226000 	/System/Library/Frameworks/JavaVM.framework/Versions/A/JavaVM
0x0000000003bf4000 	/System/Library/Frameworks/Carbon.framework/Versions/A/Carbon
0x0000000125232000 	/System/Library/PrivateFrameworks/JavaLaunching.framework/Versions/A/JavaLaunching
0x0000000003bf4000 	/System/Library/Frameworks/Carbon.framework/Versions/A/Frameworks/CommonPanels.framework/Versions/A/CommonPanels
0x0000000003bf4000 	/System/Library/Frameworks/Carbon.framework/Versions/A/Frameworks/Help.framework/Versions/A/Help
0x0000000003bf4000 	/System/Library/Frameworks/Carbon.framework/Versions/A/Frameworks/ImageCapture.framework/Versions/A/ImageCapture
0x0000000003bf4000 	/System/Library/Frameworks/Carbon.framework/Versions/A/Frameworks/OpenScripting.framework/Versions/A/OpenScripting
0x0000000003bf4000 	/System/Library/Frameworks/Carbon.framework/Versions/A/Frameworks/Print.framework/Versions/A/Print
0x0000000003bf4000 	/System/Library/Frameworks/Carbon.framework/Versions/A/Frameworks/SecurityHI.framework/Versions/A/SecurityHI
0x000000012722c000 	/Library/Java/JavaVirtualMachines/jdk1.8.0_60.jdk/Contents/Home/jre/lib/libawt.dylib
0x00000001272d4000 	/Library/Java/JavaVirtualMachines/jdk1.8.0_60.jdk/Contents/Home/jre/lib/./libmlib_image.dylib
0x00000001273a0000 	/Library/Java/JavaVirtualMachines/jdk1.8.0_60.jdk/Contents/Home/jre/lib/libawt_lwawt.dylib
0x0000000127455000 	/Library/Java/JavaVirtualMachines/jdk1.8.0_60.jdk/Contents/Home/jre/lib/./libosxapp.dylib
0x0000000003bf4000 	/System/Library/Frameworks/ExceptionHandling.framework/Versions/A/ExceptionHandling
0x0000000003bf4000 	/System/Library/PrivateFrameworks/CoreServicesInternal.framework/Versions/A/CoreServicesInternal
0x0000000003bf4000 	/System/Library/PrivateFrameworks/CloudDocs.framework/Versions/A/CloudDocs
0x0000000003bf4000 	/System/Library/PrivateFrameworks/CoreDuet.framework/Versions/A/CoreDuet
0x0000000003bf4000 	/System/Library/Frameworks/CloudKit.framework/Versions/A/CloudKit
0x0000000003bf4000 	/System/Library/PrivateFrameworks/ProtocolBuffer.framework/Versions/A/ProtocolBuffer
0x0000000003bf4000 	/System/Library/PrivateFrameworks/CoreDuetDaemonProtocol.framework/Versions/A/CoreDuetDaemonProtocol
0x0000000003bf4000 	/System/Library/PrivateFrameworks/CoreDuetDebugLogging.framework/Versions/A/CoreDuetDebugLogging
0x0000000003bf4000 	/System/Library/PrivateFrameworks/MMCS.framework/Versions/A/MMCS
0x0000000003bf4000 	/System/Library/Frameworks/CoreLocation.framework/Versions/A/CoreLocation
0x0000000003bf4000 	/System/Library/PrivateFrameworks/ProtectedCloudStorage.framework/Versions/A/ProtectedCloudStorage
0x0000000003bf4000 	/System/Library/PrivateFrameworks/GeoServices.framework/Versions/A/GeoServices
0x0000000003bf4000 	/System/Library/Frameworks/CoreGraphics.framework/Versions/A/Resources/libCGCMS.A.dylib
0x0000000003bf4000 	/System/Library/Frameworks/CoreGraphics.framework/Versions/A/Resources/libRIP.A.dylib
0x0000000003bf4000 	/System/Library/Frameworks/CoreGraphics.framework/Versions/A/Resources/libCGXType.A.dylib
0x0000000003bf4000 	/System/Library/Frameworks/OpenCL.framework/Versions/A/Libraries/libcldcpuengine.dylib
0x0000000003bf4000 	/System/Library/PrivateFrameworks/DiskImages.framework/Versions/A/DiskImages
0x0000000003bf4000 	/System/Library/Frameworks/DiscRecording.framework/Versions/A/DiscRecording
0x0000000003bf4000 	/usr/lib/libcsfde.dylib
0x0000000003bf4000 	/usr/lib/libcurl.4.dylib
0x0000000003bf4000 	/System/Library/PrivateFrameworks/MediaKit.framework/Versions/A/MediaKit
0x0000000003bf4000 	/usr/lib/libCoreStorage.dylib
0x0000000003bf4000 	/System/Library/PrivateFrameworks/EFILogin.framework/Versions/A/EFILogin
0x0000000003bf4000 	/usr/lib/libutil.dylib
0x0000000003bf4000 	/System/Library/PrivateFrameworks/FindMyDevice.framework/Versions/A/FindMyDevice
0x0000000003bf4000 	/System/Library/Frameworks/LDAP.framework/Versions/A/LDAP
0x0000000003bf4000 	/usr/lib/libsasl2.2.dylib
0x0000000003bf4000 	/System/Library/PrivateFrameworks/CoreDaemon.framework/Versions/B/CoreDaemon
0x0000000003bf4000 	/usr/lib/libcrypto.0.9.8.dylib
0x0000000003bf4000 	/System/Library/PrivateFrameworks/AppleSRP.framework/Versions/A/AppleSRP
0x0000000003bf4000 	/System/Library/PrivateFrameworks/TrustEvaluationAgent.framework/Versions/A/TrustEvaluationAgent
0x000000012a5c6000 	cl_kernels
0x000000012a5c8000 	/System/Library/Frameworks/OpenCL.framework/Versions/A/Libraries/ImageFormats/unorm8_bgra.dylib
0x000000012a5b8000 	cl_kernels
0x0000000003bf4000 	/System/Library/PrivateFrameworks/FamilyControls.framework/Versions/A/FamilyControls
0x0000000003bf4000 	/System/Library/PrivateFrameworks/CommerceKit.framework/Versions/A/Frameworks/CommerceCore.framework/Versions/A/CommerceCore
0x0000000003bf4000 	/System/Library/PrivateFrameworks/SystemAdministration.framework/Versions/A/SystemAdministration
0x0000000003bf4000 	/System/Library/PrivateFrameworks/AppContainer.framework/Versions/A/AppContainer
0x0000000003bf4000 	/System/Library/PrivateFrameworks/SecCodeWrapper.framework/Versions/A/SecCodeWrapper
0x0000000003bf4000 	/System/Library/Frameworks/DirectoryService.framework/Versions/A/DirectoryService
0x0000000003bf4000 	/System/Library/PrivateFrameworks/LoginUIKit.framework/Versions/A/Frameworks/LoginUICore.framework/Versions/A/LoginUICore
0x0000000003bf4000 	/usr/lib/libodfde.dylib
0x0000000003bf4000 	/System/Library/Frameworks/OpenGL.framework/Versions/A/Resources/GLEngine.bundle/GLEngine
0x0000000003bf4000 	/System/Library/Frameworks/OpenGL.framework/Versions/A/Libraries/libGLProgrammability.dylib
0x000000012bb99000 	/System/Library/Extensions/AppleIntelHD5000GraphicsGLDriver.bundle/Contents/MacOS/AppleIntelHD5000GraphicsGLDriver
0x0000000003bf4000 	/System/Library/PrivateFrameworks/IOAccelerator.framework/Versions/A/IOAccelerator
0x0000000003bf4000 	/System/Library/PrivateFrameworks/GPUSupport.framework/Versions/A/Libraries/libGPUSupportMercury.dylib
0x0000000003bf4000 	/System/Library/Frameworks/OpenGL.framework/Versions/A/Resources/GLRendererFloat.bundle/GLRendererFloat
0x000000012cc1f000 	/Library/Java/JavaVirtualMachines/jdk1.8.0_60.jdk/Contents/Home/jre/lib/libfontmanager.dylib
0x000000012df59000 	/Library/Java/JavaVirtualMachines/jdk1.8.0_60.jdk/Contents/Home/jre/lib/libosxui.dylib
0x000000012e1e7000 	/Library/Java/JavaVirtualMachines/jdk1.8.0_60.jdk/Contents/Home/jre/lib/libnet.dylib
0x000000012df98000 	/Library/Java/JavaVirtualMachines/jdk1.8.0_60.jdk/Contents/Home/jre/lib/libnio.dylib
0x0000000003bf4000 	/System/Library/Frameworks/ApplicationServices.framework/Versions/A/Frameworks/ATS.framework/Versions/A/Resources/libTrueTypeScaler.dylib
0x00000001798f4000 	/private/var/folders/b5/zysj4pxj6576yq718hwysrg80000gn/T/jogamp_0000/file_cache/jln5690906727261779266/jln4022409386734827582/libgluegen-rt.jnilib
0x00000001798f9000 	/private/var/folders/b5/zysj4pxj6576yq718hwysrg80000gn/T/jogamp_0000/file_cache/jln5690906727261779266/jln4022409386734827582/libnativewindow_awt.jnilib
0x00000001798fc000 	/Library/Java/JavaVirtualMachines/jdk1.8.0_60.jdk/Contents/Home/jre/lib/libjawt.dylib
0x00000001798ff000 	/private/var/folders/b5/zysj4pxj6576yq718hwysrg80000gn/T/jogamp_0000/file_cache/jln5690906727261779266/jln4022409386734827582/libnativewindow_macosx.jnilib
0x000000017de87000 	/private/var/folders/b5/zysj4pxj6576yq718hwysrg80000gn/T/jogamp_0000/file_cache/jln5690906727261779266/jln4022409386734827582/libjogl_desktop.jnilib
0x000000018378d000 	/Library/Java/JavaVirtualMachines/jdk1.8.0_60.jdk/Contents/Home/jre/lib/libjpeg.dylib

VM Arguments:
jvm_args: -Djava.security.policy=java.policy.applet -Dfile.encoding=UTF-8 
java_command: sun.applet.AppletViewer com.mauriciotl.week03.EarthquakeCityMap21493237029072.html
java_class_path (initial): /Users/mauriciotl/MauricioFiles/Eclipse_II/CourseraProjects/UCSDUnfoldingMaps/build:/Users/mauriciotl/MauricioFiles/Eclipse_II/CourseraProjects/UCSDUnfoldingMaps/lib/core.jar:/Users/mauriciotl/MauricioFiles/Eclipse_II/CourseraProjects/UCSDUnfoldingMaps/lib/gluegen-rt.jar:/Users/mauriciotl/MauricioFiles/Eclipse_II/CourseraProjects/UCSDUnfoldingMaps/lib/jogl-all.jar:/Users/mauriciotl/MauricioFiles/Eclipse_II/CourseraProjects/UCSDUnfoldingMaps/lib/log4j-1.2.15.jar:/Users/mauriciotl/MauricioFiles/Eclipse_II/CourseraProjects/UCSDUnfoldingMaps/lib/sqlite-jdbc-3.7.2.jar:/Users/mauriciotl/MauricioFiles/Eclipse_II/CourseraProjects/UCSDUnfoldingMaps/lib/json4processing.jar:/Users/mauriciotl/MauricioFiles/Eclipse_II/CourseraProjects/UCSDUnfoldingMaps/lib/libTUIO.jar:/Users/mauriciotl/MauricioFiles/Eclipse_II/CourseraProjects/UCSDUnfoldingMaps/lib/unfolding.0.9.7-uscd.jar
Launcher Type: SUN_STANDARD

Environment Variables:
PATH=/usr/bin:/bin:/usr/sbin:/sbin
SHELL=/bin/bash

Signal Handlers:
SIGSEGV: [libjvm.dylib+0x5a6d31], sa_mask[0]=11111111011111110111111111111111, sa_flags=SA_ONSTACK|SA_RESTART|SA_SIGINFO
SIGBUS: [libjvm.dylib+0x5a6d31], sa_mask[0]=11111111011111110111111111111111, sa_flags=SA_RESTART|SA_SIGINFO
SIGFPE: [libjvm.dylib+0x480a4c], sa_mask[0]=11111111011111110111111111111111, sa_flags=SA_RESTART|SA_SIGINFO
SIGPIPE: [libjvm.dylib+0x480a4c], sa_mask[0]=11111111011111110111111111111111, sa_flags=SA_RESTART|SA_SIGINFO
SIGXFSZ: [libjvm.dylib+0x480a4c], sa_mask[0]=11111111011111110111111111111111, sa_flags=SA_RESTART|SA_SIGINFO
SIGILL: [libjvm.dylib+0x480a4c], sa_mask[0]=11111111011111110111111111111111, sa_flags=SA_RESTART|SA_SIGINFO
SIGUSR1: SIG_DFL, sa_mask[0]=00000000000000000000000000000000, sa_flags=none
SIGUSR2: [libjvm.dylib+0x48056a], sa_mask[0]=00100000000000000000000000000000, sa_flags=SA_RESTART|SA_SIGINFO
SIGHUP: [libjvm.dylib+0x47eb41], sa_mask[0]=11111111011111110111111111111111, sa_flags=SA_RESTART|SA_SIGINFO
SIGINT: [libjvm.dylib+0x47eb41], sa_mask[0]=11111111011111110111111111111111, sa_flags=SA_RESTART|SA_SIGINFO
SIGTERM: [libjvm.dylib+0x47eb41], sa_mask[0]=11111111011111110111111111111111, sa_flags=SA_RESTART|SA_SIGINFO
SIGQUIT: [libjvm.dylib+0x47eb41], sa_mask[0]=11111111011111110111111111111111, sa_flags=SA_RESTART|SA_SIGINFO


---------------  S Y S T E M  ---------------

OS:Bsduname:Darwin 14.5.0 Darwin Kernel Version 14.5.0: Fri Feb 17 10:33:20 PST 2017; root:xnu-2782.50.9.1.1~1/RELEASE_X86_64 x86_64
rlimit: STACK 8192k, CORE 0k, NPROC 709, NOFILE 10240, AS infinity
load average:1.51 1.47 1.47

CPU:total 8 (4 cores per cpu, 2 threads per core) family 6 model 70 stepping 1, cmov, cx8, fxsr, mmx, sse, sse2, sse3, ssse3, sse4.1, sse4.2, popcnt, avx, avx2, aes, clmul, erms, lzcnt, ht, tsc, tscinvbit, bmi1, bmi2

Memory: 4k page, physical 16777216k(3286228k free)

/proc/meminfo:


vm_info: Java HotSpot(TM) 64-Bit Server VM (25.60-b23) for bsd-amd64 JRE (1.8.0_60-b27), built on Aug  4 2015 10:47:24 by "java_re" with gcc 4.2.1 (Based on Apple Inc. build 5658) (LLVM build 2336.11.00)

time: Wed Apr 26 15:04:04 2017
elapsed time: 15 seconds (0d 0h 0m 15s)

