#
# A fatal error has been detected by the Java Runtime Environment:
#
#  SIGSEGV (0xb) at pc=0x00007fff89e2c0dd, pid=1104, tid=1811
#
# JRE version: Java(TM) SE Runtime Environment (8.0_60-b27) (build 1.8.0_60-b27)
# Java VM: Java HotSpot(TM) 64-Bit Server VM (25.60-b23 mixed mode bsd-amd64 compressed oops)
# Problematic frame:
# C  [libobjc.A.dylib+0x10dd]  objc_msgSend+0x1d
#
# Failed to write core dump. Core dumps have been disabled. To enable core dumping, try "ulimit -c unlimited" before starting Java again
#
# If you would like to submit a bug report, please visit:
#   http://bugreport.java.com/bugreport/crash.jsp
# The crash happened outside the Java Virtual Machine in native code.
# See problematic frame for where to report the bug.
#

---------------  T H R E A D  ---------------

Current thread (0x00007fbfc906e800):  JavaThread "AWT-AppKit" daemon [_thread_in_native, id=1811, stack(0x00007fff56882000,0x00007fff57082000)]

siginfo: si_signo: 11 (SIGSEGV), si_code: 1 (SEGV_MAPERR), si_addr: 0x0000000000000018

Registers:
RAX=0x00007fbfcff1d900, RBX=0x000000017b082450, RCX=0x000000012f78a5c0, RDX=0x000000012f78a8c0
RSP=0x00007fff5707d438, RBP=0x00007fff5707d4f0, RSI=0x00007fff9240c40f, RDI=0x00007fbfcff3cf10
R8 =0x0000000000000000, R9 =0x0000000000000f50, R10=0x00007fff9240c40f, R11=0x0000000000000000
R12=0x0000000000000000, R13=0x000000017fd35818, R14=0x000000017b082440, R15=0x00007fbfc906e800
RIP=0x00007fff89e2c0dd, EFLAGS=0x0000000000010246, ERR=0x0000000000000004
  TRAPNO=0x000000000000000e

Top of Stack: (sp=0x00007fff5707d438)
0x00007fff5707d438:   000000017b080157 00007fff5707d490
0x00007fff5707d448:   0000000000000003 00007fff5707d470
0x00007fff5707d458:   0000000109ff1992 000000017fd35818
0x00007fff5707d468:   000000017fd35818 00007fbfcff1d900
0x00007fff5707d478:   000000017b0826a0 000000017b082710
0x00007fff5707d488:   00007fff772c1550 00007fff78048c80
0x00007fff5707d498:   000000017b082450 000000017b082690
0x00007fff5707d4a8:   00007fbfcff1d900 00007fbfcff3cf10
0x00007fff5707d4b8:   00007fbfcff87470 00007fbfcff1d900
0x00007fff5707d4c8:   00007fbfcff3cf10 00007fff5707d578
0x00007fff5707d4d8:   00007fbfc906e9f8 000000017fd35818
0x00007fff5707d4e8:   00007fff5707d5a0 00007fff5707d568
0x00007fff5707d4f8:   000000010ad9e954 000000017fd35818
0x00007fff5707d508:   00007fff5707d5a0 00007fff5707d568
0x00007fff5707d518:   000000010ad9e6e7 000000010ad9e6a2
0x00007fff5707d528:   00007fff5707d528 000000017fd35818
0x00007fff5707d538:   00007fff5707d5a0 000000017fd38450
0x00007fff5707d548:   0000000000000000 000000017fd35818
0x00007fff5707d558:   0000000000000000 00007fff5707d588
0x00007fff5707d568:   00007fff5707d5e8 000000010ad90c4d
0x00007fff5707d578:   00000006c008b5d0 000000010ad98578
0x00007fff5707d588:   00007fbfcff1d900 00007fff5707d5e8
0x00007fff5707d598:   00007fbfcff3cf10 000000010ad99d82
0x00007fff5707d5a8:   00007fff5707d5a8 000000017fd359e2
0x00007fff5707d5b8:   00007fff5707d610 000000017fd38450
0x00007fff5707d5c8:   0000000000000000 000000017fd359f0
0x00007fff5707d5d8:   00007fff5707d588 00007fff5707d5f8
0x00007fff5707d5e8:   00007fff5707d658 000000010ad90c4d
0x00007fff5707d5f8:   00007fbfcff1d900 00000006c002d220
0x00007fff5707d608:   00007fbfcff3cf10 00000006c002d220
0x00007fff5707d618:   00007fff5707d618 0000000183876806
0x00007fff5707d628:   00007fff5707d668 00000001838768c0 

Instructions: (pc=0x00007fff89e2c0dd)
0x00007fff89e2c0bd:   00 00 00 48 85 ff 2e 74 7a 40 f6 c7 01 2e 75 7e
0x00007fff89e2c0cd:   49 bb f8 ff ff ff ff 7f 00 00 4c 23 1f 49 89 f2
0x00007fff89e2c0dd:   45 23 53 18 49 c1 e2 04 4d 03 53 10 49 3b 32 75
0x00007fff89e2c0ed:   04 41 ff 62 08 49 83 3a 00 74 6a 4d 3b 53 10 74 

Register to memory mapping:

RAX=0x00007fbfcff1d900 is an unknown value
RBX=0x000000017b082450: Java_jogamp_nativewindow_macosx_OSXUtil_GetScreenRefreshRate0+0x1cf0 in /private/var/folders/b5/zysj4pxj6576yq718hwysrg80000gn/T/jogamp_0000/file_cache/jln1886884747702600136/jln1091127450277851949/libnativewindow_macosx.jnilib at 0x000000017b07b000
RCX=0x000000012f78a5c0 is an unknown value
RDX=0x000000012f78a8c0 is an unknown value
RSP=0x00007fff5707d438 is pointing into the stack for thread: 0x00007fbfc906e800
RBP=0x00007fff5707d4f0 is pointing into the stack for thread: 0x00007fbfc906e800
RSI=0x00007fff9240c40f is an unknown value
RDI=0x00007fbfcff3cf10 is an unknown value
R8 =0x0000000000000000 is an unknown value
R9 =0x0000000000000f50 is an unknown value
R10=0x00007fff9240c40f is an unknown value
R11=0x0000000000000000 is an unknown value
R12=0x0000000000000000 is an unknown value
R13={method} {0x000000017fd35818} 'UnsetJAWTRootSurfaceLayer0' '(JJ)V' in 'jogamp/nativewindow/jawt/macosx/MacOSXJAWTWindow'
R14=0x000000017b082440: Java_jogamp_nativewindow_macosx_OSXUtil_GetScreenRefreshRate0+0x1ce0 in /private/var/folders/b5/zysj4pxj6576yq718hwysrg80000gn/T/jogamp_0000/file_cache/jln1886884747702600136/jln1091127450277851949/libnativewindow_macosx.jnilib at 0x000000017b07b000
R15=0x00007fbfc906e800 is a thread


Stack: [0x00007fff56882000,0x00007fff57082000],  sp=0x00007fff5707d438,  free space=8173k
Native frames: (J=compiled Java code, j=interpreted, Vv=VM code, C=native code)
C  [libobjc.A.dylib+0x10dd]  objc_msgSend+0x1d
j  jogamp.nativewindow.jawt.macosx.MacOSXJAWTWindow.UnsetJAWTRootSurfaceLayer0(JJ)V+0
j  jogamp.nativewindow.jawt.macosx.MacOSXJAWTWindow.access$200(JJ)V+2
j  jogamp.nativewindow.jawt.macosx.MacOSXJAWTWindow$1.run()V+38
j  com.jogamp.common.util.RunnableTask.run()V+24
v  ~StubRoutines::call_stub
V  [libjvm.dylib+0x2eab0e]  JavaCalls::call_helper(JavaValue*, methodHandle*, JavaCallArguments*, Thread*)+0x6ae
V  [libjvm.dylib+0x321bb7]  jni_invoke_nonstatic(JNIEnv_*, JavaValue*, _jobject*, JNICallType, _jmethodID*, JNI_ArgumentPusher*, Thread*)+0x2ec
V  [libjvm.dylib+0x31438b]  jni_CallVoidMethod+0x16b
C  [libnativewindow_macosx.jnilib+0x5326]  Java_jogamp_nativewindow_jawt_macosx_MacOSXJAWTWindow_UnsetJAWTRootSurfaceLayer0+0x2b6
C  [Foundation+0x92dd0]  __NSThreadPerformPerform+0x125
C  [CoreFoundation+0x80a01]  __CFRUNLOOP_IS_CALLING_OUT_TO_A_SOURCE0_PERFORM_FUNCTION__+0x11
C  [CoreFoundation+0x72c5c]  __CFRunLoopDoSources0+0x1dc
C  [CoreFoundation+0x721bf]  __CFRunLoopRun+0x39f
C  [CoreFoundation+0x71bd8]  CFRunLoopRunSpecific+0x128
C  [HIToolbox+0x3256f]  RunCurrentEventLoopInMode+0xeb
C  [HIToolbox+0x321ee]  ReceiveNextEventCommon+0xb3
C  [HIToolbox+0x3212b]  _BlockUntilNextEventMatchingListInModeWithFilter+0x47
C  [AppKit+0x918ab]  _DPSNextEvent+0x3d2
C  [AppKit+0x90e58]  -[NSApplication nextEventMatchingMask:untilDate:inMode:dequeue:]+0x15a
C  [libosxapp.dylib+0x23aa]  -[NSApplicationAWT nextEventMatchingMask:untilDate:inMode:dequeue:]+0x7c
C  [AppKit+0x86af3]  -[NSApplication run]+0x252
C  [libosxapp.dylib+0x214d]  +[NSApplicationAWT runAWTLoopWithApp:]+0x9c
C  [libawt_lwawt.dylib+0x44517]  -[AWTStarter starter:]+0x389
C  [Foundation+0x92dd0]  __NSThreadPerformPerform+0x125
C  [CoreFoundation+0x80a01]  __CFRUNLOOP_IS_CALLING_OUT_TO_A_SOURCE0_PERFORM_FUNCTION__+0x11
C  [CoreFoundation+0x72b8d]  __CFRunLoopDoSources0+0x10d
C  [CoreFoundation+0x721bf]  __CFRunLoopRun+0x39f
C  [CoreFoundation+0x71bd8]  CFRunLoopRunSpecific+0x128
C  [java+0x6463]  CreateExecutionEnvironment+0x367
C  [java+0x21ac]  JLI_Launch+0x7a0
C  [java+0x84c0]  main+0x65
C  [java+0x1a04]  start+0x34
C  0x0000000000000007

Java frames: (J=compiled Java code, j=interpreted, Vv=VM code)
j  jogamp.nativewindow.jawt.macosx.MacOSXJAWTWindow.UnsetJAWTRootSurfaceLayer0(JJ)V+0
j  jogamp.nativewindow.jawt.macosx.MacOSXJAWTWindow.access$200(JJ)V+2
j  jogamp.nativewindow.jawt.macosx.MacOSXJAWTWindow$1.run()V+38
j  com.jogamp.common.util.RunnableTask.run()V+24
v  ~StubRoutines::call_stub

---------------  P R O C E S S  ---------------

Java Threads: ( => current thread )
  0x00007fbfd3050000 JavaThread "Thread-19" [_thread_blocked, id=67179, stack(0x0000000186fc6000,0x00000001870c6000)]
  0x00007fbfcb946000 JavaThread "AWT-EventQueue-1" [_thread_in_native, id=60955, stack(0x000000017b8b2000,0x000000017b9b2000)]
  0x00007fbfcc9cb800 JavaThread "DestroyJavaVM" [_thread_blocked, id=4867, stack(0x0000000108c95000,0x0000000108d95000)]
  0x00007fbfc9912000 JavaThread "AWT-EventQueue-0" [_thread_blocked, id=59399, stack(0x000000012f594000,0x000000012f694000)]
  0x00007fbfcb884000 JavaThread "Java2D Disposer" daemon [_thread_blocked, id=55319, stack(0x000000012e27a000,0x000000012e37a000)]
  0x00007fbfc9897000 JavaThread "Java2D Queue Flusher" daemon [_thread_blocked, id=53767, stack(0x000000012d1f4000,0x000000012d2f4000)]
  0x00007fbfcb812000 JavaThread "AWT-Shutdown" [_thread_blocked, id=30483, stack(0x000000012a1e0000,0x000000012a2e0000)]
=>0x00007fbfc906e800 JavaThread "AWT-AppKit" daemon [_thread_in_native, id=1811, stack(0x00007fff56882000,0x00007fff57082000)]
  0x00007fbfc901c000 JavaThread "Service Thread" daemon [_thread_blocked, id=20739, stack(0x000000012877c000,0x000000012887c000)]
  0x00007fbfc901b000 JavaThread "C1 CompilerThread3" daemon [_thread_blocked, id=20227, stack(0x0000000128679000,0x0000000128779000)]
  0x00007fbfc901a800 JavaThread "C2 CompilerThread2" daemon [_thread_blocked, id=19715, stack(0x0000000128576000,0x0000000128676000)]
  0x00007fbfc9019800 JavaThread "C2 CompilerThread1" daemon [_thread_blocked, id=19203, stack(0x0000000128473000,0x0000000128573000)]
  0x00007fbfc9018000 JavaThread "C2 CompilerThread0" daemon [_thread_blocked, id=18691, stack(0x0000000128370000,0x0000000128470000)]
  0x00007fbfc9017000 JavaThread "Signal Dispatcher" daemon [_thread_blocked, id=15379, stack(0x000000012826d000,0x000000012836d000)]
  0x00007fbfcb004000 JavaThread "Finalizer" daemon [_thread_blocked, id=13571, stack(0x000000012685d000,0x000000012695d000)]
  0x00007fbfcb003800 JavaThread "Reference Handler" daemon [_thread_blocked, id=13059, stack(0x000000012675a000,0x000000012685a000)]

Other Threads:
  0x00007fbfcb810800 VMThread [stack: 0x0000000126657000,0x0000000126757000] [id=12547]
  0x00007fbfc900b800 WatcherThread [stack: 0x000000012887f000,0x000000012897f000] [id=21251]

VM state:not at safepoint (normal execution)

VM Mutex/Monitor currently owned by a thread: None

Heap:
 PSYoungGen      total 37376K, used 16805K [0x000000076ab00000, 0x000000076d380000, 0x00000007c0000000)
  eden space 36864K, 45% used [0x000000076ab00000,0x000000076bb394e0,0x000000076cf00000)
  from space 512K, 37% used [0x000000076d280000,0x000000076d2b0000,0x000000076d300000)
  to   space 512K, 0% used [0x000000076d300000,0x000000076d300000,0x000000076d380000)
 ParOldGen       total 105984K, used 19970K [0x00000006c0000000, 0x00000006c6780000, 0x000000076ab00000)
  object space 105984K, 18% used [0x00000006c0000000,0x00000006c1380bb8,0x00000006c6780000)
 Metaspace       used 23891K, capacity 24165K, committed 24576K, reserved 1071104K
  class space    used 2360K, capacity 2451K, committed 2560K, reserved 1048576K

Card table byte_map: [0x000000011a149000,0x000000011a94a000] byte_map_base: 0x0000000116b49000

Marking Bits: (ParMarkBitMap*) 0x000000010a6dee20
 Begin Bits: [0x000000011b6b8000, 0x000000011f6b8000)
 End Bits:   [0x000000011f6b8000, 0x00000001236b8000)

Polling page: 0x0000000108dda000

CodeCache: size=245760Kb used=10319Kb max_used=11702Kb free=235440Kb
 bounds [0x000000010ad89000, 0x000000010b909000, 0x0000000119d89000]
 total_blobs=3854 nmethods=2936 adapters=831
 compilation: enabled

Compilation events (10 events):
Event: 2303.701 Thread 0x00007fbfc901b000 3310       3       sun.awt.AWTAccessor::getEventQueueAccessor (18 bytes)
Event: 2303.703 Thread 0x00007fbfc901b000 nmethod 3310 0x000000010ae97b90 code [0x000000010ae97d00, 0x000000010ae97f68]
Event: 2303.703 Thread 0x00007fbfc9018000 nmethod 3309 0x000000010b0c4450 code [0x000000010b0c45a0, 0x000000010b0c45f8]
Event: 2303.704 Thread 0x00007fbfc9019800 nmethod 3308 0x000000010afa1650 code [0x000000010afa17a0, 0x000000010afa1858]
Event: 2303.704 Thread 0x00007fbfc901b000 3311       1       sun.java2d.SurfaceData::isValid (5 bytes)
Event: 2303.705 Thread 0x00007fbfc901b000 nmethod 3311 0x000000010af692d0 code [0x000000010af69420, 0x000000010af69530]
Event: 2303.706 Thread 0x00007fbfc901b000 3312       3       sun.java2d.pipe.RenderBuffer::putFloat (26 bytes)
Event: 2303.706 Thread 0x00007fbfc901b000 nmethod 3312 0x000000010af271d0 code [0x000000010af27340, 0x000000010af274d0]
Event: 2303.707 Thread 0x00007fbfc901a800 3313  s    4       sun.misc.URLClassPath::getNextLoader (88 bytes)
Event: 2303.712 Thread 0x00007fbfc901a800 nmethod 3313 0x000000010b0ae9d0 code [0x000000010b0aeb40, 0x000000010b0af2b8]

GC Heap History (10 events):
Event: 2268.246 GC heap before
{Heap before GC invocations=246 (full 1):
 PSYoungGen      total 37376K, used 36992K [0x000000076ab00000, 0x000000076d380000, 0x00000007c0000000)
  eden space 36864K, 100% used [0x000000076ab00000,0x000000076cf00000,0x000000076cf00000)
  from space 512K, 25% used [0x000000076d300000,0x000000076d320000,0x000000076d380000)
  to   space 512K, 0% used [0x000000076d280000,0x000000076d280000,0x000000076d300000)
 ParOldGen       total 105984K, used 19970K [0x00000006c0000000, 0x00000006c6780000, 0x000000076ab00000)
  object space 105984K, 18% used [0x00000006c0000000,0x00000006c1380bb8,0x00000006c6780000)
 Metaspace       used 23847K, capacity 24095K, committed 24320K, reserved 1071104K
  class space    used 2352K, capacity 2450K, committed 2560K, reserved 1048576K
Event: 2268.248 GC heap after
Heap after GC invocations=246 (full 1):
 PSYoungGen      total 37376K, used 192K [0x000000076ab00000, 0x000000076d380000, 0x00000007c0000000)
  eden space 36864K, 0% used [0x000000076ab00000,0x000000076ab00000,0x000000076cf00000)
  from space 512K, 37% used [0x000000076d280000,0x000000076d2b0000,0x000000076d300000)
  to   space 512K, 0% used [0x000000076d300000,0x000000076d300000,0x000000076d380000)
 ParOldGen       total 105984K, used 19970K [0x00000006c0000000, 0x00000006c6780000, 0x000000076ab00000)
  object space 105984K, 18% used [0x00000006c0000000,0x00000006c1380bb8,0x00000006c6780000)
 Metaspace       used 23847K, capacity 24095K, committed 24320K, reserved 1071104K
  class space    used 2352K, capacity 2450K, committed 2560K, reserved 1048576K
}
Event: 2276.281 GC heap before
{Heap before GC invocations=247 (full 1):
 PSYoungGen      total 37376K, used 37056K [0x000000076ab00000, 0x000000076d380000, 0x00000007c0000000)
  eden space 36864K, 100% used [0x000000076ab00000,0x000000076cf00000,0x000000076cf00000)
  from space 512K, 37% used [0x000000076d280000,0x000000076d2b0000,0x000000076d300000)
  to   space 512K, 0% used [0x000000076d300000,0x000000076d300000,0x000000076d380000)
 ParOldGen       total 105984K, used 19970K [0x00000006c0000000, 0x00000006c6780000, 0x000000076ab00000)
  object space 105984K, 18% used [0x00000006c0000000,0x00000006c1380bb8,0x00000006c6780000)
 Metaspace       used 23847K, capacity 24095K, committed 24320K, reserved 1071104K
  class space    used 2352K, capacity 2450K, committed 2560K, reserved 1048576K
Event: 2276.283 GC heap after
Heap after GC invocations=247 (full 1):
 PSYoungGen      total 37376K, used 128K [0x000000076ab00000, 0x000000076d380000, 0x00000007c0000000)
  eden space 36864K, 0% used [0x000000076ab00000,0x000000076ab00000,0x000000076cf00000)
  from space 512K, 25% used [0x000000076d300000,0x000000076d320000,0x000000076d380000)
  to   space 512K, 0% used [0x000000076d280000,0x000000076d280000,0x000000076d300000)
 ParOldGen       total 105984K, used 19970K [0x00000006c0000000, 0x00000006c6780000, 0x000000076ab00000)
  object space 105984K, 18% used [0x00000006c0000000,0x00000006c1380bb8,0x00000006c6780000)
 Metaspace       used 23847K, capacity 24095K, committed 24320K, reserved 1071104K
  class space    used 2352K, capacity 2450K, committed 2560K, reserved 1048576K
}
Event: 2284.316 GC heap before
{Heap before GC invocations=248 (full 1):
 PSYoungGen      total 37376K, used 36992K [0x000000076ab00000, 0x000000076d380000, 0x00000007c0000000)
  eden space 36864K, 100% used [0x000000076ab00000,0x000000076cf00000,0x000000076cf00000)
  from space 512K, 25% used [0x000000076d300000,0x000000076d320000,0x000000076d380000)
  to   space 512K, 0% used [0x000000076d280000,0x000000076d280000,0x000000076d300000)
 ParOldGen       total 105984K, used 19970K [0x00000006c0000000, 0x00000006c6780000, 0x000000076ab00000)
  object space 105984K, 18% used [0x00000006c0000000,0x00000006c1380bb8,0x00000006c6780000)
 Metaspace       used 23847K, capacity 24095K, committed 24320K, reserved 1071104K
  class space    used 2352K, capacity 2450K, committed 2560K, reserved 1048576K
Event: 2284.319 GC heap after
Heap after GC invocations=248 (full 1):
 PSYoungGen      total 37376K, used 128K [0x000000076ab00000, 0x000000076d380000, 0x00000007c0000000)
  eden space 36864K, 0% used [0x000000076ab00000,0x000000076ab00000,0x000000076cf00000)
  from space 512K, 25% used [0x000000076d280000,0x000000076d2a0000,0x000000076d300000)
  to   space 512K, 0% used [0x000000076d300000,0x000000076d300000,0x000000076d380000)
 ParOldGen       total 105984K, used 19970K [0x00000006c0000000, 0x00000006c6780000, 0x000000076ab00000)
  object space 105984K, 18% used [0x00000006c0000000,0x00000006c1380bb8,0x00000006c6780000)
 Metaspace       used 23847K, capacity 24095K, committed 24320K, reserved 1071104K
  class space    used 2352K, capacity 2450K, committed 2560K, reserved 1048576K
}
Event: 2292.367 GC heap before
{Heap before GC invocations=249 (full 1):
 PSYoungGen      total 37376K, used 36992K [0x000000076ab00000, 0x000000076d380000, 0x00000007c0000000)
  eden space 36864K, 100% used [0x000000076ab00000,0x000000076cf00000,0x000000076cf00000)
  from space 512K, 25% used [0x000000076d280000,0x000000076d2a0000,0x000000076d300000)
  to   space 512K, 0% used [0x000000076d300000,0x000000076d300000,0x000000076d380000)
 ParOldGen       total 105984K, used 19970K [0x00000006c0000000, 0x00000006c6780000, 0x000000076ab00000)
  object space 105984K, 18% used [0x00000006c0000000,0x00000006c1380bb8,0x00000006c6780000)
 Metaspace       used 23847K, capacity 24095K, committed 24320K, reserved 1071104K
  class space    used 2352K, capacity 2450K, committed 2560K, reserved 1048576K
Event: 2292.369 GC heap after
Heap after GC invocations=249 (full 1):
 PSYoungGen      total 37376K, used 160K [0x000000076ab00000, 0x000000076d380000, 0x00000007c0000000)
  eden space 36864K, 0% used [0x000000076ab00000,0x000000076ab00000,0x000000076cf00000)
  from space 512K, 31% used [0x000000076d300000,0x000000076d328000,0x000000076d380000)
  to   space 512K, 0% used [0x000000076d280000,0x000000076d280000,0x000000076d300000)
 ParOldGen       total 105984K, used 19970K [0x00000006c0000000, 0x00000006c6780000, 0x000000076ab00000)
  object space 105984K, 18% used [0x00000006c0000000,0x00000006c1380bb8,0x00000006c6780000)
 Metaspace       used 23847K, capacity 24095K, committed 24320K, reserved 1071104K
  class space    used 2352K, capacity 2450K, committed 2560K, reserved 1048576K
}
Event: 2300.569 GC heap before
{Heap before GC invocations=250 (full 1):
 PSYoungGen      total 37376K, used 37024K [0x000000076ab00000, 0x000000076d380000, 0x00000007c0000000)
  eden space 36864K, 100% used [0x000000076ab00000,0x000000076cf00000,0x000000076cf00000)
  from space 512K, 31% used [0x000000076d300000,0x000000076d328000,0x000000076d380000)
  to   space 512K, 0% used [0x000000076d280000,0x000000076d280000,0x000000076d300000)
 ParOldGen       total 105984K, used 19970K [0x00000006c0000000, 0x00000006c6780000, 0x000000076ab00000)
  object space 105984K, 18% used [0x00000006c0000000,0x00000006c1380bb8,0x00000006c6780000)
 Metaspace       used 23847K, capacity 24095K, committed 24320K, reserved 1071104K
  class space    used 2352K, capacity 2450K, committed 2560K, reserved 1048576K
Event: 2300.571 GC heap after
Heap after GC invocations=250 (full 1):
 PSYoungGen      total 37376K, used 192K [0x000000076ab00000, 0x000000076d380000, 0x00000007c0000000)
  eden space 36864K, 0% used [0x000000076ab00000,0x000000076ab00000,0x000000076cf00000)
  from space 512K, 37% used [0x000000076d280000,0x000000076d2b0000,0x000000076d300000)
  to   space 512K, 0% used [0x000000076d300000,0x000000076d300000,0x000000076d380000)
 ParOldGen       total 105984K, used 19970K [0x00000006c0000000, 0x00000006c6780000, 0x000000076ab00000)
  object space 105984K, 18% used [0x00000006c0000000,0x00000006c1380bb8,0x00000006c6780000)
 Metaspace       used 23847K, capacity 24095K, committed 24320K, reserved 1071104K
  class space    used 2352K, capacity 2450K, committed 2560K, reserved 1048576K
}

Deoptimization events (10 events):
Event: 2303.700 Thread 0x00007fbfcc931000 Uncommon trap: reason=unstable_if action=reinterpret pc=0x000000010b1b2cf8 method=java.util.HashMap.putVal(ILjava/lang/Object;Ljava/lang/Object;ZZ)Ljava/lang/Object; @ 81
Event: 2303.702 Thread 0x00007fbfc9912000 Uncommon trap: reason=class_check action=maybe_recompile pc=0x000000010b8b44b0 method=java.awt.Component.getGraphics()Ljava/awt/Graphics; @ 114
Event: 2303.703 Thread 0x00007fbfcb946000 Uncommon trap: reason=class_check action=maybe_recompile pc=0x000000010b14ee40 method=java.awt.event.InvocationEvent.dispatch()V @ 11
Event: 2303.707 Thread 0x00007fbfc906e800 Uncommon trap: reason=class_check action=maybe_recompile pc=0x000000010af54880 method=com.jogamp.common.util.RunnableTask.run()V @ 24
Event: 2303.707 Thread 0x00007fbfc906e800 Uncommon trap: reason=unstable_if action=reinterpret pc=0x000000010b89d87c method=jogamp.nativewindow.macosx.OSXUtil.RunOnMainThread(ZZLjava/lang/Runnable;)V @ 3
Event: 2303.712 Thread 0x00007fbfcb946000 Uncommon trap: reason=unstable_if action=reinterpret pc=0x000000010b8c9c10 method=jogamp.opengl.GLContextImpl.release(Z)V @ 161
Event: 2303.714 Thread 0x00007fbfcb946000 Uncommon trap: reason=unstable_if action=reinterpret pc=0x000000010b8165e0 method=java.security.AccessControlContext.optimize()Ljava/security/AccessControlContext; @ 233
Event: 2303.715 Thread 0x00007fbfc9912000 Uncommon trap: reason=class_check action=maybe_recompile pc=0x000000010b8b44b0 method=java.awt.Component.getGraphics()Ljava/awt/Graphics; @ 114
Event: 2303.715 Thread 0x00007fbfcb946000 Uncommon trap: reason=class_check action=maybe_recompile pc=0x000000010b14ee40 method=java.awt.event.InvocationEvent.dispatch()V @ 11
Event: 2303.717 Thread 0x00007fbfc906e800 Uncommon trap: reason=class_check action=maybe_recompile pc=0x000000010af54880 method=com.jogamp.common.util.RunnableTask.run()V @ 24

Internal exceptions (10 events):
Event: 0.133 Thread 0x00007fbfc900c000 Exception <a 'java/lang/NoSuchFieldError': method resolution failed> (0x000000076aeeee98) thrown at [/Users/java_re/workspace/8-2-build-macosx-x86_64/jdk8u60/4407/hotspot/src/share/vm/prims/methodHandles.cpp, line 1146]
Event: 0.135 Thread 0x00007fbfc900c000 Exception <a 'java/lang/NoSuchFieldError': method resolution failed> (0x000000076aefc668) thrown at [/Users/java_re/workspace/8-2-build-macosx-x86_64/jdk8u60/4407/hotspot/src/share/vm/prims/methodHandles.cpp, line 1146]
Event: 0.322 Thread 0x00007fbfc900c000 Exception <a 'java/io/FileNotFoundException'> (0x000000076af78920) thrown at [/Users/java_re/workspace/8-2-build-macosx-x86_64/jdk8u60/4407/hotspot/src/share/vm/prims/jni.cpp, line 709]
Event: 0.322 Thread 0x00007fbfc900c000 Exception <a 'java/io/FileNotFoundException'> (0x000000076af79488) thrown at [/Users/java_re/workspace/8-2-build-macosx-x86_64/jdk8u60/4407/hotspot/src/share/vm/prims/jni.cpp, line 709]
Event: 0.402 Thread 0x00007fbfc900c000 Exception <a 'java/io/FileNotFoundException'> (0x000000076b011370) thrown at [/Users/java_re/workspace/8-2-build-macosx-x86_64/jdk8u60/4407/hotspot/src/share/vm/prims/jni.cpp, line 709]
Event: 1.447 Thread 0x00007fbfc9a74800 Exception <a 'java/lang/UnsatisfiedLinkError': com.jogamp.common.util.JarUtil.fixNativeLibAttribs(Ljava/lang/String;)Z> (0x000000076c7a82c8) thrown at [/Users/java_re/workspace/8-2-build-macosx-x86_64/jdk8u60/4407/hotspot/src/share/vm/prims/nativeLookup.c
Event: 2.097 Thread 0x00007fbfcb946000 Exception <a 'java/io/FileNotFoundException'> (0x000000076dadb4b8) thrown at [/Users/java_re/workspace/8-2-build-macosx-x86_64/jdk8u60/4407/hotspot/src/share/vm/prims/jni.cpp, line 709]
Event: 2.097 Thread 0x00007fbfcb946000 Exception <a 'java/io/FileNotFoundException'> (0x000000076dae2318) thrown at [/Users/java_re/workspace/8-2-build-macosx-x86_64/jdk8u60/4407/hotspot/src/share/vm/prims/jni.cpp, line 709]
Event: 2.097 Thread 0x00007fbfcb946000 Implicit null exception at 0x000000010af30c33 to 0x000000010af30fbd
Event: 2.279 Thread 0x00007fbfcb004000 Exception <a 'java/lang/NullPointerException'> (0x000000076ad18928) thrown at [/Users/java_re/workspace/8-2-build-macosx-x86_64/jdk8u60/4407/hotspot/src/share/vm/interpreter/linkResolver.cpp, line 1178]

Events (10 events):
Event: 2303.715 Thread 0x00007fbfc9912000 DEOPT PACKING pc=0x000000010b8b44b0 sp=0x000000012f691b20
Event: 2303.715 Thread 0x00007fbfc9912000 DEOPT UNPACKING pc=0x000000010ad8e229 sp=0x000000012f691b30 mode 2
Event: 2303.715 loading class java/awt/Window$1DisposeAction
Event: 2303.715 loading class java/awt/Window$1DisposeAction done
Event: 2303.715 Thread 0x00007fbfcb946000 Uncommon trap: trap_request=0xffffffde fr.pc=0x000000010b14ee40
Event: 2303.715 Thread 0x00007fbfcb946000 DEOPT PACKING pc=0x000000010b14ee40 sp=0x000000017b9afdc0
Event: 2303.715 Thread 0x00007fbfcb946000 DEOPT UNPACKING pc=0x000000010ad8e229 sp=0x000000017b9afc18 mode 2
Event: 2303.717 Thread 0x00007fbfc906e800 Uncommon trap: trap_request=0xffffffde fr.pc=0x000000010af54880
Event: 2303.717 Thread 0x00007fbfc906e800 DEOPT PACKING pc=0x000000010af54880 sp=0x00007fff5707d6b0
Event: 2303.717 Thread 0x00007fbfc906e800 DEOPT UNPACKING pc=0x000000010ad8e229 sp=0x00007fff5707d658 mode 2


Dynamic libraries:
0x0000000005db3000 	/System/Library/Frameworks/Cocoa.framework/Versions/A/Cocoa
0x0000000005db3000 	/System/Library/Frameworks/Security.framework/Versions/A/Security
0x0000000005db3000 	/System/Library/Frameworks/ApplicationServices.framework/Versions/A/ApplicationServices
0x0000000005db3000 	/usr/lib/libz.1.dylib
0x0000000005db3000 	/usr/lib/libSystem.B.dylib
0x0000000005db3000 	/usr/lib/libobjc.A.dylib
0x0000000005db3000 	/System/Library/Frameworks/CoreFoundation.framework/Versions/A/CoreFoundation
0x0000000005db3000 	/System/Library/Frameworks/Foundation.framework/Versions/C/Foundation
0x0000000005db3000 	/System/Library/Frameworks/AppKit.framework/Versions/C/AppKit
0x0000000005db3000 	/System/Library/Frameworks/CoreData.framework/Versions/A/CoreData
0x0000000005db3000 	/System/Library/PrivateFrameworks/RemoteViewServices.framework/Versions/A/RemoteViewServices
0x0000000005db3000 	/System/Library/PrivateFrameworks/UIFoundation.framework/Versions/A/UIFoundation
0x0000000005db3000 	/System/Library/Frameworks/IOSurface.framework/Versions/A/IOSurface
0x0000000005db3000 	/System/Library/Frameworks/AudioToolbox.framework/Versions/A/AudioToolbox
0x0000000005db3000 	/System/Library/Frameworks/AudioUnit.framework/Versions/A/AudioUnit
0x0000000005db3000 	/System/Library/PrivateFrameworks/DataDetectorsCore.framework/Versions/A/DataDetectorsCore
0x0000000005db3000 	/System/Library/PrivateFrameworks/DesktopServicesPriv.framework/Versions/A/DesktopServicesPriv
0x0000000005db3000 	/System/Library/Frameworks/Carbon.framework/Versions/A/Frameworks/HIToolbox.framework/Versions/A/HIToolbox
0x0000000005db3000 	/System/Library/Frameworks/QuartzCore.framework/Versions/A/QuartzCore
0x0000000005db3000 	/System/Library/Frameworks/Carbon.framework/Versions/A/Frameworks/SpeechRecognition.framework/Versions/A/SpeechRecognition
0x0000000005db3000 	/usr/lib/libauto.dylib
0x0000000005db3000 	/usr/lib/libicucore.A.dylib
0x0000000005db3000 	/usr/lib/libxml2.2.dylib
0x0000000005db3000 	/System/Library/PrivateFrameworks/CoreUI.framework/Versions/A/CoreUI
0x0000000005db3000 	/System/Library/Frameworks/CoreAudio.framework/Versions/A/CoreAudio
0x0000000005db3000 	/System/Library/Frameworks/DiskArbitration.framework/Versions/A/DiskArbitration
0x0000000005db3000 	/usr/lib/liblangid.dylib
0x0000000005db3000 	/System/Library/PrivateFrameworks/MultitouchSupport.framework/Versions/A/MultitouchSupport
0x0000000005db3000 	/System/Library/Frameworks/IOKit.framework/Versions/A/IOKit
0x0000000005db3000 	/usr/lib/libDiagnosticMessagesClient.dylib
0x0000000005db3000 	/System/Library/Frameworks/CoreServices.framework/Versions/A/CoreServices
0x0000000005db3000 	/System/Library/PrivateFrameworks/PerformanceAnalysis.framework/Versions/A/PerformanceAnalysis
0x0000000005db3000 	/System/Library/PrivateFrameworks/GenerationalStorage.framework/Versions/A/GenerationalStorage
0x0000000005db3000 	/System/Library/Frameworks/OpenGL.framework/Versions/A/OpenGL
0x0000000005db3000 	/System/Library/PrivateFrameworks/Sharing.framework/Versions/A/Sharing
0x0000000005db3000 	/System/Library/Frameworks/CoreGraphics.framework/Versions/A/CoreGraphics
0x0000000005db3000 	/System/Library/Frameworks/CoreText.framework/Versions/A/CoreText
0x0000000005db3000 	/System/Library/Frameworks/ImageIO.framework/Versions/A/ImageIO
0x0000000005db3000 	/usr/lib/libextension.dylib
0x0000000005db3000 	/System/Library/PrivateFrameworks/Backup.framework/Versions/A/Backup
0x0000000005db3000 	/usr/lib/libarchive.2.dylib
0x0000000005db3000 	/System/Library/Frameworks/CFNetwork.framework/Versions/A/CFNetwork
0x0000000005db3000 	/System/Library/Frameworks/SystemConfiguration.framework/Versions/A/SystemConfiguration
0x0000000005db3000 	/usr/lib/libCRFSuite.dylib
0x0000000005db3000 	/usr/lib/libc++.1.dylib
0x0000000005db3000 	/usr/lib/libc++abi.dylib
0x0000000005db3000 	/usr/lib/system/libcache.dylib
0x0000000005db3000 	/usr/lib/system/libcommonCrypto.dylib
0x0000000005db3000 	/usr/lib/system/libcompiler_rt.dylib
0x0000000005db3000 	/usr/lib/system/libcopyfile.dylib
0x0000000005db3000 	/usr/lib/system/libcorecrypto.dylib
0x0000000005db3000 	/usr/lib/system/libdispatch.dylib
0x0000000005db3000 	/usr/lib/system/libdyld.dylib
0x0000000005db3000 	/usr/lib/system/libkeymgr.dylib
0x0000000005db3000 	/usr/lib/system/liblaunch.dylib
0x0000000005db3000 	/usr/lib/system/libmacho.dylib
0x0000000005db3000 	/usr/lib/system/libquarantine.dylib
0x0000000005db3000 	/usr/lib/system/libremovefile.dylib
0x0000000005db3000 	/usr/lib/system/libsystem_asl.dylib
0x0000000005db3000 	/usr/lib/system/libsystem_blocks.dylib
0x0000000005db3000 	/usr/lib/system/libsystem_c.dylib
0x0000000005db3000 	/usr/lib/system/libsystem_configuration.dylib
0x0000000005db3000 	/usr/lib/system/libsystem_coreservices.dylib
0x0000000005db3000 	/usr/lib/system/libsystem_coretls.dylib
0x0000000005db3000 	/usr/lib/system/libsystem_dnssd.dylib
0x0000000005db3000 	/usr/lib/system/libsystem_info.dylib
0x0000000005db3000 	/usr/lib/system/libsystem_kernel.dylib
0x0000000005db3000 	/usr/lib/system/libsystem_m.dylib
0x0000000005db3000 	/usr/lib/system/libsystem_malloc.dylib
0x0000000005db3000 	/usr/lib/system/libsystem_network.dylib
0x0000000005db3000 	/usr/lib/system/libsystem_networkextension.dylib
0x0000000005db3000 	/usr/lib/system/libsystem_notify.dylib
0x0000000005db3000 	/usr/lib/system/libsystem_platform.dylib
0x0000000005db3000 	/usr/lib/system/libsystem_pthread.dylib
0x0000000005db3000 	/usr/lib/system/libsystem_sandbox.dylib
0x0000000005db3000 	/usr/lib/system/libsystem_secinit.dylib
0x0000000005db3000 	/usr/lib/system/libsystem_stats.dylib
0x0000000005db3000 	/usr/lib/system/libsystem_trace.dylib
0x0000000005db3000 	/usr/lib/system/libunc.dylib
0x0000000005db3000 	/usr/lib/system/libunwind.dylib
0x0000000005db3000 	/usr/lib/system/libxpc.dylib
0x0000000005db3000 	/usr/lib/libbz2.1.0.dylib
0x0000000005db3000 	/usr/lib/liblzma.5.dylib
0x0000000005db3000 	/usr/lib/libbsm.0.dylib
0x0000000005db3000 	/usr/lib/libsqlite3.dylib
0x0000000005db3000 	/usr/lib/system/libkxld.dylib
0x0000000005db3000 	/usr/lib/libxar.1.dylib
0x0000000005db3000 	/usr/lib/libpam.2.dylib
0x0000000005db3000 	/usr/lib/libOpenScriptingUtil.dylib
0x0000000005db3000 	/System/Library/Frameworks/CoreServices.framework/Versions/A/Frameworks/FSEvents.framework/Versions/A/FSEvents
0x0000000005db3000 	/System/Library/Frameworks/CoreServices.framework/Versions/A/Frameworks/CarbonCore.framework/Versions/A/CarbonCore
0x0000000005db3000 	/System/Library/Frameworks/CoreServices.framework/Versions/A/Frameworks/Metadata.framework/Versions/A/Metadata
0x0000000005db3000 	/System/Library/Frameworks/CoreServices.framework/Versions/A/Frameworks/OSServices.framework/Versions/A/OSServices
0x0000000005db3000 	/System/Library/Frameworks/CoreServices.framework/Versions/A/Frameworks/SearchKit.framework/Versions/A/SearchKit
0x0000000005db3000 	/System/Library/Frameworks/CoreServices.framework/Versions/A/Frameworks/AE.framework/Versions/A/AE
0x0000000005db3000 	/System/Library/Frameworks/CoreServices.framework/Versions/A/Frameworks/LaunchServices.framework/Versions/A/LaunchServices
0x0000000005db3000 	/System/Library/Frameworks/CoreServices.framework/Versions/A/Frameworks/DictionaryServices.framework/Versions/A/DictionaryServices
0x0000000005db3000 	/System/Library/Frameworks/NetFS.framework/Versions/A/NetFS
0x0000000005db3000 	/System/Library/PrivateFrameworks/NetAuth.framework/Versions/A/NetAuth
0x0000000005db3000 	/System/Library/PrivateFrameworks/login.framework/Versions/A/Frameworks/loginsupport.framework/Versions/A/loginsupport
0x0000000005db3000 	/System/Library/PrivateFrameworks/TCC.framework/Versions/A/TCC
0x0000000005db3000 	/usr/lib/libmecabra.dylib
0x0000000005db3000 	/System/Library/Frameworks/ApplicationServices.framework/Versions/A/Frameworks/ATS.framework/Versions/A/ATS
0x0000000005db3000 	/System/Library/Frameworks/ApplicationServices.framework/Versions/A/Frameworks/ColorSync.framework/Versions/A/ColorSync
0x0000000005db3000 	/System/Library/Frameworks/ApplicationServices.framework/Versions/A/Frameworks/HIServices.framework/Versions/A/HIServices
0x0000000005db3000 	/System/Library/Frameworks/ApplicationServices.framework/Versions/A/Frameworks/LangAnalysis.framework/Versions/A/LangAnalysis
0x0000000005db3000 	/System/Library/Frameworks/ApplicationServices.framework/Versions/A/Frameworks/PrintCore.framework/Versions/A/PrintCore
0x0000000005db3000 	/System/Library/Frameworks/ApplicationServices.framework/Versions/A/Frameworks/QD.framework/Versions/A/QD
0x0000000005db3000 	/System/Library/Frameworks/ApplicationServices.framework/Versions/A/Frameworks/SpeechSynthesis.framework/Versions/A/SpeechSynthesis
0x0000000005db3000 	/System/Library/Frameworks/Accelerate.framework/Versions/A/Accelerate
0x0000000005db3000 	/System/Library/Frameworks/Accelerate.framework/Versions/A/Frameworks/vImage.framework/Versions/A/vImage
0x0000000005db3000 	/System/Library/Frameworks/Accelerate.framework/Versions/A/Frameworks/vecLib.framework/Versions/A/vecLib
0x0000000005db3000 	/System/Library/Frameworks/Accelerate.framework/Versions/A/Frameworks/vecLib.framework/Versions/A/libvDSP.dylib
0x0000000005db3000 	/System/Library/Frameworks/Accelerate.framework/Versions/A/Frameworks/vecLib.framework/Versions/A/libvMisc.dylib
0x0000000005db3000 	/System/Library/Frameworks/Accelerate.framework/Versions/A/Frameworks/vecLib.framework/Versions/A/libLAPACK.dylib
0x0000000005db3000 	/System/Library/Frameworks/Accelerate.framework/Versions/A/Frameworks/vecLib.framework/Versions/A/libBLAS.dylib
0x0000000005db3000 	/System/Library/Frameworks/Accelerate.framework/Versions/A/Frameworks/vecLib.framework/Versions/A/libLinearAlgebra.dylib
0x0000000005db3000 	/System/Library/Frameworks/ApplicationServices.framework/Versions/A/Frameworks/ATS.framework/Versions/A/Resources/libFontParser.dylib
0x0000000005db3000 	/System/Library/Frameworks/ApplicationServices.framework/Versions/A/Frameworks/ATS.framework/Versions/A/Resources/libFontRegistry.dylib
0x0000000005db3000 	/System/Library/PrivateFrameworks/AppleVPA.framework/Versions/A/AppleVPA
0x0000000005db3000 	/System/Library/PrivateFrameworks/AppleJPEG.framework/Versions/A/AppleJPEG
0x0000000005db3000 	/System/Library/Frameworks/ImageIO.framework/Versions/A/Resources/libJPEG.dylib
0x0000000005db3000 	/System/Library/Frameworks/ImageIO.framework/Versions/A/Resources/libTIFF.dylib
0x0000000005db3000 	/System/Library/Frameworks/ImageIO.framework/Versions/A/Resources/libPng.dylib
0x0000000005db3000 	/System/Library/Frameworks/ImageIO.framework/Versions/A/Resources/libGIF.dylib
0x0000000005db3000 	/System/Library/Frameworks/ImageIO.framework/Versions/A/Resources/libJP2.dylib
0x0000000005db3000 	/System/Library/Frameworks/ImageIO.framework/Versions/A/Resources/libRadiance.dylib
0x0000000005db3000 	/System/Library/Frameworks/CoreVideo.framework/Versions/A/CoreVideo
0x0000000005db3000 	/System/Library/Frameworks/OpenGL.framework/Versions/A/Libraries/libGLU.dylib
0x0000000005db3000 	/System/Library/Frameworks/OpenGL.framework/Versions/A/Libraries/libGFXShared.dylib
0x0000000005db3000 	/System/Library/Frameworks/OpenGL.framework/Versions/A/Libraries/libGL.dylib
0x0000000005db3000 	/System/Library/Frameworks/OpenGL.framework/Versions/A/Libraries/libGLImage.dylib
0x0000000005db3000 	/System/Library/Frameworks/OpenGL.framework/Versions/A/Libraries/libCVMSPluginSupport.dylib
0x0000000005db3000 	/System/Library/Frameworks/OpenGL.framework/Versions/A/Libraries/libCoreVMClient.dylib
0x0000000005db3000 	/usr/lib/libcups.2.dylib
0x0000000005db3000 	/System/Library/Frameworks/Kerberos.framework/Versions/A/Kerberos
0x0000000005db3000 	/System/Library/Frameworks/GSS.framework/Versions/A/GSS
0x0000000005db3000 	/usr/lib/libresolv.9.dylib
0x0000000005db3000 	/usr/lib/libiconv.2.dylib
0x0000000005db3000 	/System/Library/PrivateFrameworks/Heimdal.framework/Versions/A/Heimdal
0x0000000005db3000 	/usr/lib/libheimdal-asn1.dylib
0x0000000005db3000 	/System/Library/Frameworks/OpenDirectory.framework/Versions/A/OpenDirectory
0x0000000005db3000 	/System/Library/PrivateFrameworks/CommonAuth.framework/Versions/A/CommonAuth
0x0000000005db3000 	/System/Library/Frameworks/OpenDirectory.framework/Versions/A/Frameworks/CFOpenDirectory.framework/Versions/A/CFOpenDirectory
0x0000000005db3000 	/System/Library/Frameworks/SecurityFoundation.framework/Versions/A/SecurityFoundation
0x0000000005db3000 	/System/Library/PrivateFrameworks/LanguageModeling.framework/Versions/A/LanguageModeling
0x0000000005db3000 	/usr/lib/libcmph.dylib
0x0000000005db3000 	/System/Library/Frameworks/ServiceManagement.framework/Versions/A/ServiceManagement
0x0000000005db3000 	/usr/lib/libxslt.1.dylib
0x0000000005db3000 	/System/Library/Frameworks/Carbon.framework/Versions/A/Frameworks/Ink.framework/Versions/A/Ink
0x0000000005db3000 	/System/Library/Frameworks/QuartzCore.framework/Versions/A/Frameworks/CoreImage.framework/Versions/A/CoreImage
0x0000000005db3000 	/System/Library/PrivateFrameworks/CrashReporterSupport.framework/Versions/A/CrashReporterSupport
0x0000000005db3000 	/System/Library/Frameworks/OpenCL.framework/Versions/A/OpenCL
0x0000000005db3000 	/System/Library/PrivateFrameworks/FaceCore.framework/Versions/A/FaceCore
0x0000000005db3000 	/System/Library/PrivateFrameworks/Ubiquity.framework/Versions/A/Ubiquity
0x0000000005db3000 	/System/Library/PrivateFrameworks/IconServices.framework/Versions/A/IconServices
0x0000000005db3000 	/System/Library/PrivateFrameworks/ChunkingLibrary.framework/Versions/A/ChunkingLibrary
0x0000000005db3000 	/System/Library/PrivateFrameworks/Apple80211.framework/Versions/A/Apple80211
0x0000000005db3000 	/System/Library/Frameworks/CoreWLAN.framework/Versions/A/CoreWLAN
0x0000000005db3000 	/System/Library/Frameworks/IOBluetooth.framework/Versions/A/IOBluetooth
0x0000000005db3000 	/System/Library/PrivateFrameworks/CoreWiFi.framework/Versions/A/CoreWiFi
0x0000000005db3000 	/System/Library/Frameworks/CoreBluetooth.framework/Versions/A/CoreBluetooth
0x0000000005db3000 	/System/Library/PrivateFrameworks/DebugSymbols.framework/Versions/A/DebugSymbols
0x0000000005db3000 	/System/Library/PrivateFrameworks/CoreSymbolication.framework/Versions/A/CoreSymbolication
0x0000000005db3000 	/System/Library/PrivateFrameworks/Symbolication.framework/Versions/A/Symbolication
0x0000000005db3000 	/System/Library/PrivateFrameworks/SpeechRecognitionCore.framework/Versions/A/SpeechRecognitionCore
0x0000000109e00000 	/Library/Java/JavaVirtualMachines/jdk1.8.0_60.jdk/Contents/Home/jre/lib/server/libjvm.dylib
0x0000000005db3000 	/usr/lib/libstdc++.6.dylib
0x0000000108d97000 	/Library/Java/JavaVirtualMachines/jdk1.8.0_60.jdk/Contents/Home/jre/lib/libverify.dylib
0x0000000108da5000 	/Library/Java/JavaVirtualMachines/jdk1.8.0_60.jdk/Contents/Home/jre/lib/libjava.dylib
0x0000000108de4000 	/Library/Java/JavaVirtualMachines/jdk1.8.0_60.jdk/Contents/Home/jre/lib/libzip.dylib
0x000000012695f000 	/System/Library/Frameworks/JavaVM.framework/Frameworks/JavaRuntimeSupport.framework/JavaRuntimeSupport
0x0000000126975000 	/System/Library/Frameworks/JavaVM.framework/Versions/A/Frameworks/JavaNativeFoundation.framework/Versions/A/JavaNativeFoundation
0x0000000108dee000 	/System/Library/Frameworks/JavaVM.framework/Versions/A/JavaVM
0x0000000005db3000 	/System/Library/Frameworks/Carbon.framework/Versions/A/Carbon
0x0000000126989000 	/System/Library/PrivateFrameworks/JavaLaunching.framework/Versions/A/JavaLaunching
0x0000000005db3000 	/System/Library/Frameworks/Carbon.framework/Versions/A/Frameworks/CommonPanels.framework/Versions/A/CommonPanels
0x0000000005db3000 	/System/Library/Frameworks/Carbon.framework/Versions/A/Frameworks/Help.framework/Versions/A/Help
0x0000000005db3000 	/System/Library/Frameworks/Carbon.framework/Versions/A/Frameworks/ImageCapture.framework/Versions/A/ImageCapture
0x0000000005db3000 	/System/Library/Frameworks/Carbon.framework/Versions/A/Frameworks/OpenScripting.framework/Versions/A/OpenScripting
0x0000000005db3000 	/System/Library/Frameworks/Carbon.framework/Versions/A/Frameworks/Print.framework/Versions/A/Print
0x0000000005db3000 	/System/Library/Frameworks/Carbon.framework/Versions/A/Frameworks/SecurityHI.framework/Versions/A/SecurityHI
0x0000000128981000 	/Library/Java/JavaVirtualMachines/jdk1.8.0_60.jdk/Contents/Home/jre/lib/libawt.dylib
0x0000000128a29000 	/Library/Java/JavaVirtualMachines/jdk1.8.0_60.jdk/Contents/Home/jre/lib/./libmlib_image.dylib
0x0000000128af5000 	/Library/Java/JavaVirtualMachines/jdk1.8.0_60.jdk/Contents/Home/jre/lib/libawt_lwawt.dylib
0x0000000128baa000 	/Library/Java/JavaVirtualMachines/jdk1.8.0_60.jdk/Contents/Home/jre/lib/./libosxapp.dylib
0x0000000005db3000 	/System/Library/Frameworks/ExceptionHandling.framework/Versions/A/ExceptionHandling
0x0000000005db3000 	/System/Library/PrivateFrameworks/CoreServicesInternal.framework/Versions/A/CoreServicesInternal
0x0000000005db3000 	/System/Library/PrivateFrameworks/CloudDocs.framework/Versions/A/CloudDocs
0x0000000005db3000 	/System/Library/PrivateFrameworks/CoreDuet.framework/Versions/A/CoreDuet
0x0000000005db3000 	/System/Library/Frameworks/CloudKit.framework/Versions/A/CloudKit
0x0000000005db3000 	/System/Library/PrivateFrameworks/ProtocolBuffer.framework/Versions/A/ProtocolBuffer
0x0000000005db3000 	/System/Library/PrivateFrameworks/CoreDuetDaemonProtocol.framework/Versions/A/CoreDuetDaemonProtocol
0x0000000005db3000 	/System/Library/PrivateFrameworks/CoreDuetDebugLogging.framework/Versions/A/CoreDuetDebugLogging
0x0000000005db3000 	/System/Library/PrivateFrameworks/MMCS.framework/Versions/A/MMCS
0x0000000005db3000 	/System/Library/Frameworks/CoreLocation.framework/Versions/A/CoreLocation
0x0000000005db3000 	/System/Library/PrivateFrameworks/ProtectedCloudStorage.framework/Versions/A/ProtectedCloudStorage
0x0000000005db3000 	/System/Library/PrivateFrameworks/GeoServices.framework/Versions/A/GeoServices
0x0000000005db3000 	/System/Library/Frameworks/CoreGraphics.framework/Versions/A/Resources/libCGCMS.A.dylib
0x0000000005db3000 	/System/Library/Frameworks/CoreGraphics.framework/Versions/A/Resources/libRIP.A.dylib
0x0000000005db3000 	/System/Library/Frameworks/CoreGraphics.framework/Versions/A/Resources/libCGXType.A.dylib
0x0000000005db3000 	/System/Library/Frameworks/OpenCL.framework/Versions/A/Libraries/libcldcpuengine.dylib
0x0000000005db3000 	/System/Library/PrivateFrameworks/DiskImages.framework/Versions/A/DiskImages
0x0000000005db3000 	/System/Library/Frameworks/DiscRecording.framework/Versions/A/DiscRecording
0x0000000005db3000 	/usr/lib/libcsfde.dylib
0x0000000005db3000 	/usr/lib/libcurl.4.dylib
0x0000000005db3000 	/System/Library/PrivateFrameworks/MediaKit.framework/Versions/A/MediaKit
0x0000000005db3000 	/usr/lib/libCoreStorage.dylib
0x0000000005db3000 	/System/Library/PrivateFrameworks/EFILogin.framework/Versions/A/EFILogin
0x0000000005db3000 	/usr/lib/libutil.dylib
0x0000000005db3000 	/System/Library/PrivateFrameworks/FindMyDevice.framework/Versions/A/FindMyDevice
0x0000000005db3000 	/System/Library/Frameworks/LDAP.framework/Versions/A/LDAP
0x0000000005db3000 	/usr/lib/libsasl2.2.dylib
0x0000000005db3000 	/System/Library/PrivateFrameworks/CoreDaemon.framework/Versions/B/CoreDaemon
0x0000000005db3000 	/usr/lib/libcrypto.0.9.8.dylib
0x0000000005db3000 	/System/Library/PrivateFrameworks/AppleSRP.framework/Versions/A/AppleSRP
0x0000000005db3000 	/System/Library/PrivateFrameworks/TrustEvaluationAgent.framework/Versions/A/TrustEvaluationAgent
0x000000012bd23000 	cl_kernels
0x000000012bd25000 	/System/Library/Frameworks/OpenCL.framework/Versions/A/Libraries/ImageFormats/unorm8_bgra.dylib
0x000000012bd15000 	cl_kernels
0x0000000005db3000 	/System/Library/PrivateFrameworks/FamilyControls.framework/Versions/A/FamilyControls
0x0000000005db3000 	/System/Library/PrivateFrameworks/CommerceKit.framework/Versions/A/Frameworks/CommerceCore.framework/Versions/A/CommerceCore
0x0000000005db3000 	/System/Library/PrivateFrameworks/SystemAdministration.framework/Versions/A/SystemAdministration
0x0000000005db3000 	/System/Library/PrivateFrameworks/AppContainer.framework/Versions/A/AppContainer
0x0000000005db3000 	/System/Library/PrivateFrameworks/SecCodeWrapper.framework/Versions/A/SecCodeWrapper
0x0000000005db3000 	/System/Library/Frameworks/DirectoryService.framework/Versions/A/DirectoryService
0x0000000005db3000 	/System/Library/PrivateFrameworks/LoginUIKit.framework/Versions/A/Frameworks/LoginUICore.framework/Versions/A/LoginUICore
0x0000000005db3000 	/usr/lib/libodfde.dylib
0x0000000005db3000 	/System/Library/Frameworks/OpenGL.framework/Versions/A/Resources/GLEngine.bundle/GLEngine
0x0000000005db3000 	/System/Library/Frameworks/OpenGL.framework/Versions/A/Libraries/libGLProgrammability.dylib
0x000000012d2f6000 	/System/Library/Extensions/AppleIntelHD5000GraphicsGLDriver.bundle/Contents/MacOS/AppleIntelHD5000GraphicsGLDriver
0x0000000005db3000 	/System/Library/PrivateFrameworks/IOAccelerator.framework/Versions/A/IOAccelerator
0x0000000005db3000 	/System/Library/PrivateFrameworks/GPUSupport.framework/Versions/A/Libraries/libGPUSupportMercury.dylib
0x0000000005db3000 	/System/Library/Frameworks/OpenGL.framework/Versions/A/Resources/GLRendererFloat.bundle/GLRendererFloat
0x000000012e37c000 	/Library/Java/JavaVirtualMachines/jdk1.8.0_60.jdk/Contents/Home/jre/lib/libfontmanager.dylib
0x000000012f6b0000 	/Library/Java/JavaVirtualMachines/jdk1.8.0_60.jdk/Contents/Home/jre/lib/libosxui.dylib
0x000000012f96b000 	/Library/Java/JavaVirtualMachines/jdk1.8.0_60.jdk/Contents/Home/jre/lib/libnet.dylib
0x000000012f6cc000 	/Library/Java/JavaVirtualMachines/jdk1.8.0_60.jdk/Contents/Home/jre/lib/libnio.dylib
0x0000000005db3000 	/System/Library/Frameworks/ApplicationServices.framework/Versions/A/Frameworks/ATS.framework/Versions/A/Resources/libTrueTypeScaler.dylib
0x000000017b071000 	/private/var/folders/b5/zysj4pxj6576yq718hwysrg80000gn/T/jogamp_0000/file_cache/jln1886884747702600136/jln1091127450277851949/libgluegen-rt.jnilib
0x000000017b075000 	/private/var/folders/b5/zysj4pxj6576yq718hwysrg80000gn/T/jogamp_0000/file_cache/jln1886884747702600136/jln1091127450277851949/libnativewindow_awt.jnilib
0x000000017b078000 	/Library/Java/JavaVirtualMachines/jdk1.8.0_60.jdk/Contents/Home/jre/lib/libjawt.dylib
0x000000017b07b000 	/private/var/folders/b5/zysj4pxj6576yq718hwysrg80000gn/T/jogamp_0000/file_cache/jln1886884747702600136/jln1091127450277851949/libnativewindow_macosx.jnilib
0x000000017fe8b000 	/private/var/folders/b5/zysj4pxj6576yq718hwysrg80000gn/T/jogamp_0000/file_cache/jln1886884747702600136/jln1091127450277851949/libjogl_desktop.jnilib
0x000000017fa22000 	/Library/Java/JavaVirtualMachines/jdk1.8.0_60.jdk/Contents/Home/jre/lib/libsunec.dylib
0x0000000182ba0000 	/Library/Java/JavaVirtualMachines/jdk1.8.0_60.jdk/Contents/Home/jre/lib/libt2k.dylib
0x000000018244b000 	/Library/Java/JavaVirtualMachines/jdk1.8.0_60.jdk/Contents/Home/jre/lib/libjpeg.dylib

VM Arguments:
jvm_args: -Djava.security.policy=java.policy.applet -Dfile.encoding=UTF-8 
java_command: sun.applet.AppletViewer module4.EarthquakeCityMap_forDebbuging_II1494896135843.html
java_class_path (initial): /Users/mauriciotl/MauricioFiles/Eclipse_II/CourseraProjects/UCSDUnfoldingMaps/build:/Users/mauriciotl/MauricioFiles/Eclipse_II/CourseraProjects/UCSDUnfoldingMaps/lib/core.jar:/Users/mauriciotl/MauricioFiles/Eclipse_II/CourseraProjects/UCSDUnfoldingMaps/lib/gluegen-rt.jar:/Users/mauriciotl/MauricioFiles/Eclipse_II/CourseraProjects/UCSDUnfoldingMaps/lib/jogl-all.jar:/Users/mauriciotl/MauricioFiles/Eclipse_II/CourseraProjects/UCSDUnfoldingMaps/lib/log4j-1.2.15.jar:/Users/mauriciotl/MauricioFiles/Eclipse_II/CourseraProjects/UCSDUnfoldingMaps/lib/sqlite-jdbc-3.7.2.jar:/Users/mauriciotl/MauricioFiles/Eclipse_II/CourseraProjects/UCSDUnfoldingMaps/lib/json4processing.jar:/Users/mauriciotl/MauricioFiles/Eclipse_II/CourseraProjects/UCSDUnfoldingMaps/lib/libTUIO.jar:/Users/mauriciotl/MauricioFiles/Eclipse_II/CourseraProjects/UCSDUnfoldingMaps/lib/unfolding.0.9.7-uscd.jar
Launcher Type: SUN_STANDARD

Environment Variables:
PATH=/usr/bin:/bin:/usr/sbin:/sbin
SHELL=/bin/bash

Signal Handlers:
SIGSEGV: [libjvm.dylib+0x5a6d31], sa_mask[0]=11111111011111110111111111111111, sa_flags=SA_ONSTACK|SA_RESTART|SA_SIGINFO
SIGBUS: [libjvm.dylib+0x5a6d31], sa_mask[0]=11111111011111110111111111111111, sa_flags=SA_RESTART|SA_SIGINFO
SIGFPE: [libjvm.dylib+0x480a4c], sa_mask[0]=11111111011111110111111111111111, sa_flags=SA_RESTART|SA_SIGINFO
SIGPIPE: [libjvm.dylib+0x480a4c], sa_mask[0]=11111111011111110111111111111111, sa_flags=SA_RESTART|SA_SIGINFO
SIGXFSZ: [libjvm.dylib+0x480a4c], sa_mask[0]=11111111011111110111111111111111, sa_flags=SA_RESTART|SA_SIGINFO
SIGILL: [libjvm.dylib+0x480a4c], sa_mask[0]=11111111011111110111111111111111, sa_flags=SA_RESTART|SA_SIGINFO
SIGUSR1: SIG_DFL, sa_mask[0]=00000000000000000000000000000000, sa_flags=none
SIGUSR2: [libjvm.dylib+0x48056a], sa_mask[0]=00100000000000000000000000000000, sa_flags=SA_RESTART|SA_SIGINFO
SIGHUP: [libjvm.dylib+0x47eb41], sa_mask[0]=11111111011111110111111111111111, sa_flags=SA_RESTART|SA_SIGINFO
SIGINT: [libjvm.dylib+0x47eb41], sa_mask[0]=11111111011111110111111111111111, sa_flags=SA_RESTART|SA_SIGINFO
SIGTERM: [libjvm.dylib+0x47eb41], sa_mask[0]=11111111011111110111111111111111, sa_flags=SA_RESTART|SA_SIGINFO
SIGQUIT: [libjvm.dylib+0x47eb41], sa_mask[0]=11111111011111110111111111111111, sa_flags=SA_RESTART|SA_SIGINFO


---------------  S Y S T E M  ---------------

OS:Bsduname:Darwin 14.5.0 Darwin Kernel Version 14.5.0: Fri Feb 17 10:33:20 PST 2017; root:xnu-2782.50.9.1.1~1/RELEASE_X86_64 x86_64
rlimit: STACK 8192k, CORE 0k, NPROC 709, NOFILE 10240, AS infinity
load average:2.44 2.02 1.93

CPU:total 8 (4 cores per cpu, 2 threads per core) family 6 model 70 stepping 1, cmov, cx8, fxsr, mmx, sse, sse2, sse3, ssse3, sse4.1, sse4.2, popcnt, avx, avx2, aes, clmul, erms, lzcnt, ht, tsc, tscinvbit, bmi1, bmi2

Memory: 4k page, physical 16777216k(1828256k free)

/proc/meminfo:


vm_info: Java HotSpot(TM) 64-Bit Server VM (25.60-b23) for bsd-amd64 JRE (1.8.0_60-b27), built on Aug  4 2015 10:47:24 by "java_re" with gcc 4.2.1 (Based on Apple Inc. build 5658) (LLVM build 2336.11.00)

time: Mon May 15 20:34:05 2017
elapsed time: 2303 seconds (0d 0h 38m 23s)

