#
# A fatal error has been detected by the Java Runtime Environment:
#
#  SIGSEGV (0xb) at pc=0x00007fff8c3140dd, pid=7450, tid=1811
#
# JRE version: Java(TM) SE Runtime Environment (8.0_60-b27) (build 1.8.0_60-b27)
# Java VM: Java HotSpot(TM) 64-Bit Server VM (25.60-b23 mixed mode bsd-amd64 compressed oops)
# Problematic frame:
# C  [libobjc.A.dylib+0x10dd]  objc_msgSend+0x1d
#
# Failed to write core dump. Core dumps have been disabled. To enable core dumping, try "ulimit -c unlimited" before starting Java again
#
# If you would like to submit a bug report, please visit:
#   http://bugreport.java.com/bugreport/crash.jsp
# The crash happened outside the Java Virtual Machine in native code.
# See problematic frame for where to report the bug.
#

---------------  T H R E A D  ---------------

Current thread (0x00007fed438a7800):  JavaThread "AWT-AppKit" daemon [_thread_in_native, id=1811, stack(0x00007fff56695000,0x00007fff56e95000)]

siginfo: si_signo: 11 (SIGSEGV), si_code: 1 (SEGV_MAPERR), si_addr: 0x0000000000000018

Registers:
RAX=0x00007fed49299580, RBX=0x000000017b1c5450, RCX=0x000000017bb852c0, RDX=0x000000017bb85c60
RSP=0x00007fff56e903d8, RBP=0x00007fff56e90490, RSI=0x00007fff948f440f, RDI=0x00007fed49747f90
R8 =0x0000000000000000, R9 =0x0000000000000f50, R10=0x00007fff948f440f, R11=0x0000000000000000
R12=0x0000000000000000, R13=0x000000017f804098, R14=0x000000017b1c5440, R15=0x00007fed438a7800
RIP=0x00007fff8c3140dd, EFLAGS=0x0000000000010246, ERR=0x0000000000000004
  TRAPNO=0x000000000000000e

Top of Stack: (sp=0x00007fff56e903d8)
0x00007fff56e903d8:   000000017b1c3157 00007fff56e90430
0x00007fff56e903e8:   0000000000000003 00007fff56e90410
0x00007fff56e903f8:   000000010a1f1992 000000017f804098
0x00007fff56e90408:   000000017f804098 00007fed49299580
0x00007fff56e90418:   000000017b1c56a0 000000017b1c5710
0x00007fff56e90428:   00007fff797a9550 00007fff7a530c80
0x00007fff56e90438:   000000017b1c5450 000000017b1c5690
0x00007fff56e90448:   00007fed49299580 00007fed49747f90
0x00007fff56e90458:   00007fed44a37310 00007fed49299580
0x00007fff56e90468:   00007fed49747f90 00007fff56e90518
0x00007fff56e90478:   00007fed438a79f8 000000017f804098
0x00007fff56e90488:   00007fff56e90540 00007fff56e90508
0x00007fff56e90498:   000000010af9e954 000000017f804098
0x00007fff56e904a8:   00007fff56e90540 00007fff56e90508
0x00007fff56e904b8:   000000010af9e6e7 000000010af9e6a2
0x00007fff56e904c8:   00007fff56e904c8 000000017f804098
0x00007fff56e904d8:   00007fff56e90540 000000017f806cd0
0x00007fff56e904e8:   0000000000000000 000000017f804098
0x00007fff56e904f8:   0000000000000000 00007fff56e90528
0x00007fff56e90508:   00007fff56e90588 000000010af90c4d
0x00007fff56e90518:   000000076ee465f8 000000010af98578
0x00007fff56e90528:   00007fed49299580 00007fff56e90588
0x00007fff56e90538:   00007fed49747f90 000000010af99d82
0x00007fff56e90548:   00007fff56e90548 000000017f804262
0x00007fff56e90558:   00007fff56e905b0 000000017f806cd0
0x00007fff56e90568:   0000000000000000 000000017f804270
0x00007fff56e90578:   00007fff56e90528 00007fff56e90598
0x00007fff56e90588:   00007fff56e905f8 000000010af90c4d
0x00007fff56e90598:   00007fed49299580 000000076ed92cb8
0x00007fff56e905a8:   00007fed49747f90 000000076ed92cb8
0x00007fff56e905b8:   00007fff56e905b8 0000000184686016
0x00007fff56e905c8:   00007fff56e90608 00000001846860d0 

Instructions: (pc=0x00007fff8c3140dd)
0x00007fff8c3140bd:   00 00 00 48 85 ff 2e 74 7a 40 f6 c7 01 2e 75 7e
0x00007fff8c3140cd:   49 bb f8 ff ff ff ff 7f 00 00 4c 23 1f 49 89 f2
0x00007fff8c3140dd:   45 23 53 18 49 c1 e2 04 4d 03 53 10 49 3b 32 75
0x00007fff8c3140ed:   04 41 ff 62 08 49 83 3a 00 74 6a 4d 3b 53 10 74 

Register to memory mapping:

RAX=0x00007fed49299580 is an unknown value
RBX=0x000000017b1c5450: Java_jogamp_nativewindow_macosx_OSXUtil_GetScreenRefreshRate0+0x1cf0 in /private/var/folders/b5/zysj4pxj6576yq718hwysrg80000gn/T/jogamp_0000/file_cache/jln435493364772773693/jln6672361290516171965/libnativewindow_macosx.jnilib at 0x000000017b1be000
RCX=0x000000017bb852c0 is an unknown value
RDX=0x000000017bb85c60 is an unknown value
RSP=0x00007fff56e903d8 is pointing into the stack for thread: 0x00007fed438a7800
RBP=0x00007fff56e90490 is pointing into the stack for thread: 0x00007fed438a7800
RSI=0x00007fff948f440f is an unknown value
RDI=0x00007fed49747f90 is an unknown value
R8 =0x0000000000000000 is an unknown value
R9 =0x0000000000000f50 is an unknown value
R10=0x00007fff948f440f is an unknown value
R11=0x0000000000000000 is an unknown value
R12=0x0000000000000000 is an unknown value
R13={method} {0x000000017f804098} 'UnsetJAWTRootSurfaceLayer0' '(JJ)V' in 'jogamp/nativewindow/jawt/macosx/MacOSXJAWTWindow'
R14=0x000000017b1c5440: Java_jogamp_nativewindow_macosx_OSXUtil_GetScreenRefreshRate0+0x1ce0 in /private/var/folders/b5/zysj4pxj6576yq718hwysrg80000gn/T/jogamp_0000/file_cache/jln435493364772773693/jln6672361290516171965/libnativewindow_macosx.jnilib at 0x000000017b1be000
R15=0x00007fed438a7800 is a thread


Stack: [0x00007fff56695000,0x00007fff56e95000],  sp=0x00007fff56e903d8,  free space=8172k
Native frames: (J=compiled Java code, j=interpreted, Vv=VM code, C=native code)
C  [libobjc.A.dylib+0x10dd]  objc_msgSend+0x1d
j  jogamp.nativewindow.jawt.macosx.MacOSXJAWTWindow.UnsetJAWTRootSurfaceLayer0(JJ)V+0
j  jogamp.nativewindow.jawt.macosx.MacOSXJAWTWindow.access$200(JJ)V+2
j  jogamp.nativewindow.jawt.macosx.MacOSXJAWTWindow$1.run()V+38
J 1954 C1 com.jogamp.common.util.RunnableTask.run()V (345 bytes) @ 0x000000010b65eea4 [0x000000010b65ed00+0x1a4]
v  ~StubRoutines::call_stub
V  [libjvm.dylib+0x2eab0e]
V  [libjvm.dylib+0x321bb7]
V  [libjvm.dylib+0x31438b]
C  [libnativewindow_macosx.jnilib+0x5326]  Java_jogamp_nativewindow_jawt_macosx_MacOSXJAWTWindow_UnsetJAWTRootSurfaceLayer0+0x2b6
C  [Foundation+0x92dd0]  __NSThreadPerformPerform+0x125
C  [CoreFoundation+0x80a01]  __CFRUNLOOP_IS_CALLING_OUT_TO_A_SOURCE0_PERFORM_FUNCTION__+0x11
C  [CoreFoundation+0x72b8d]  __CFRunLoopDoSources0+0x10d
C  [CoreFoundation+0x721bf]  __CFRunLoopRun+0x39f
C  [CoreFoundation+0x71bd8]  CFRunLoopRunSpecific+0x128
C  [HIToolbox+0x3256f]  RunCurrentEventLoopInMode+0xeb
C  [HIToolbox+0x321ee]  ReceiveNextEventCommon+0xb3
C  [HIToolbox+0x3212b]  _BlockUntilNextEventMatchingListInModeWithFilter+0x47
C  [AppKit+0x918ab]  _DPSNextEvent+0x3d2
C  [AppKit+0x90e58]  -[NSApplication nextEventMatchingMask:untilDate:inMode:dequeue:]+0x15a
C  [libosxapp.dylib+0x23aa]  -[NSApplicationAWT nextEventMatchingMask:untilDate:inMode:dequeue:]+0x7c
C  [AppKit+0x86af3]  -[NSApplication run]+0x252
C  [libosxapp.dylib+0x214d]  +[NSApplicationAWT runAWTLoopWithApp:]+0x9c
C  [libawt_lwawt.dylib+0x44517]  -[AWTStarter starter:]+0x389
C  [Foundation+0x92dd0]  __NSThreadPerformPerform+0x125
C  [CoreFoundation+0x80a01]  __CFRUNLOOP_IS_CALLING_OUT_TO_A_SOURCE0_PERFORM_FUNCTION__+0x11
C  [CoreFoundation+0x72b8d]  __CFRunLoopDoSources0+0x10d
C  [CoreFoundation+0x721bf]  __CFRunLoopRun+0x39f
C  [CoreFoundation+0x71bd8]  CFRunLoopRunSpecific+0x128
C  [java+0x6463]  CreateExecutionEnvironment+0x367
C  [java+0x21ac]  JLI_Launch+0x7a0
C  [java+0x84c0]  main+0x65
C  [java+0x1a04]  start+0x34
C  0x0000000000000007

Java frames: (J=compiled Java code, j=interpreted, Vv=VM code)
j  jogamp.nativewindow.jawt.macosx.MacOSXJAWTWindow.UnsetJAWTRootSurfaceLayer0(JJ)V+0
j  jogamp.nativewindow.jawt.macosx.MacOSXJAWTWindow.access$200(JJ)V+2
j  jogamp.nativewindow.jawt.macosx.MacOSXJAWTWindow$1.run()V+38
J 1954 C1 com.jogamp.common.util.RunnableTask.run()V (345 bytes) @ 0x000000010b65eea4 [0x000000010b65ed00+0x1a4]
v  ~StubRoutines::call_stub

---------------  P R O C E S S  ---------------

Java Threads: ( => current thread )
  0x00007fed43b8a800 JavaThread "Thread-27" [_thread_blocked, id=65323, stack(0x0000000185713000,0x0000000185813000)]
  0x00007fed45007800 JavaThread "AWT-EventQueue-1" [_thread_in_native, id=60199, stack(0x000000017b9e3000,0x000000017bae3000)]
  0x00007fed459a4800 JavaThread "DestroyJavaVM" [_thread_blocked, id=4867, stack(0x0000000108e82000,0x0000000108f82000)]
  0x00007fed43988800 JavaThread "AWT-EventQueue-0" [_thread_blocked, id=57859, stack(0x000000012f706000,0x000000012f806000)]
  0x00007fed4712d800 JavaThread "Java2D Disposer" daemon [_thread_blocked, id=54547, stack(0x000000012e3dc000,0x000000012e4dc000)]
  0x00007fed43935800 JavaThread "Java2D Queue Flusher" daemon [_thread_blocked, id=52235, stack(0x000000012d356000,0x000000012d456000)]
  0x00007fed451a6000 JavaThread "AWT-Shutdown" [_thread_blocked, id=30227, stack(0x000000012a33a000,0x000000012a43a000)]
=>0x00007fed438a7800 JavaThread "AWT-AppKit" daemon [_thread_in_native, id=1811, stack(0x00007fff56695000,0x00007fff56e95000)]
  0x00007fed43821800 JavaThread "Service Thread" daemon [_thread_blocked, id=20739, stack(0x0000000128968000,0x0000000128a68000)]
  0x00007fed43819000 JavaThread "C1 CompilerThread3" daemon [_thread_blocked, id=20227, stack(0x0000000128865000,0x0000000128965000)]
  0x00007fed4583b000 JavaThread "C2 CompilerThread2" daemon [_thread_blocked, id=19715, stack(0x0000000128762000,0x0000000128862000)]
  0x00007fed43818000 JavaThread "C2 CompilerThread1" daemon [_thread_blocked, id=19203, stack(0x000000012865f000,0x000000012875f000)]
  0x00007fed43816800 JavaThread "C2 CompilerThread0" daemon [_thread_blocked, id=18691, stack(0x000000012855c000,0x000000012865c000)]
  0x00007fed4380b000 JavaThread "Signal Dispatcher" daemon [_thread_blocked, id=14615, stack(0x0000000128459000,0x0000000128559000)]
  0x00007fed43806800 JavaThread "Finalizer" daemon [_thread_blocked, id=13571, stack(0x0000000126a3d000,0x0000000126b3d000)]
  0x00007fed43801000 JavaThread "Reference Handler" daemon [_thread_blocked, id=13059, stack(0x000000012693a000,0x0000000126a3a000)]

Other Threads:
  0x00007fed45021000 VMThread [stack: 0x0000000126837000,0x0000000126937000] [id=12547]
  0x00007fed47028000 WatcherThread [stack: 0x0000000128a6b000,0x0000000128b6b000] [id=21251]

VM state:not at safepoint (normal execution)

VM Mutex/Monitor currently owned by a thread: None

Heap:
 PSYoungGen      total 76288K, used 72379K [0x000000076ab00000, 0x0000000770000000, 0x00000007c0000000)
  eden space 65536K, 94% used [0x000000076ab00000,0x000000076e731a18,0x000000076eb00000)
  from space 10752K, 99% used [0x000000076eb00000,0x000000076f57d550,0x000000076f580000)
  to   space 10752K, 0% used [0x000000076f580000,0x000000076f580000,0x0000000770000000)
 ParOldGen       total 175104K, used 2719K [0x00000006c0000000, 0x00000006cab00000, 0x000000076ab00000)
  object space 175104K, 1% used [0x00000006c0000000,0x00000006c02a7f10,0x00000006cab00000)
 Metaspace       used 18976K, capacity 19227K, committed 19456K, reserved 1067008K
  class space    used 1872K, capacity 1950K, committed 2048K, reserved 1048576K

Card table byte_map: [0x000000011a349000,0x000000011ab4a000] byte_map_base: 0x0000000116d49000

Marking Bits: (ParMarkBitMap*) 0x000000010a8dee20
 Begin Bits: [0x000000011b8b8000, 0x000000011f8b8000)
 End Bits:   [0x000000011f8b8000, 0x00000001238b8000)

Polling page: 0x0000000108fc7000

CodeCache: size=245760Kb used=7397Kb max_used=7397Kb free=238363Kb
 bounds [0x000000010af89000, 0x000000010b6c9000, 0x0000000119f89000]
 total_blobs=2950 nmethods=2081 adapters=783
 compilation: enabled

Compilation events (10 events):
Event: 10.537 Thread 0x00007fed43819000 2074   !   3       java.awt.EventQueue::wakeup (79 bytes)
Event: 10.538 Thread 0x00007fed43819000 nmethod 2074 0x000000010b6c3790 code [0x000000010b6c39c0, 0x000000010b6c45b8]
Event: 10.539 Thread 0x00007fed43819000 2076   !   3       sun.lwawt.LWComponentPeer::isShowing (49 bytes)
Event: 10.540 Thread 0x00007fed43819000 nmethod 2076 0x000000010b6c5950 code [0x000000010b6c5b00, 0x000000010b6c63e8]
Event: 10.565 Thread 0x00007fed43819000 2077       1       sun.java2d.SurfaceData::isValid (5 bytes)
Event: 10.565 Thread 0x00007fed43819000 nmethod 2077 0x000000010b6c34d0 code [0x000000010b6c3620, 0x000000010b6c3730]
Event: 10.565 Thread 0x00007fed43819000 2078       3       sun.java2d.pipe.RenderBuffer::putFloat (26 bytes)
Event: 10.565 Thread 0x00007fed43819000 nmethod 2078 0x000000010b6c2dd0 code [0x000000010b6c2f40, 0x000000010b6c30d0]
Event: 10.567 Thread 0x00007fed43819000 2080       3       sun.misc.JarIndex::get (49 bytes)
Event: 10.567 Thread 0x00007fed43819000 nmethod 2080 0x000000010b6c6ed0 code [0x000000010b6c70a0, 0x000000010b6c7918]

GC Heap History (2 events):
Event: 2.433 GC heap before
{Heap before GC invocations=1 (full 0):
 PSYoungGen      total 76288K, used 65536K [0x000000076ab00000, 0x0000000770000000, 0x00000007c0000000)
  eden space 65536K, 100% used [0x000000076ab00000,0x000000076eb00000,0x000000076eb00000)
  from space 10752K, 0% used [0x000000076f580000,0x000000076f580000,0x0000000770000000)
  to   space 10752K, 0% used [0x000000076eb00000,0x000000076eb00000,0x000000076f580000)
 ParOldGen       total 175104K, used 0K [0x00000006c0000000, 0x00000006cab00000, 0x000000076ab00000)
  object space 175104K, 0% used [0x00000006c0000000,0x00000006c0000000,0x00000006cab00000)
 Metaspace       used 18193K, capacity 18449K, committed 18688K, reserved 1067008K
  class space    used 1854K, capacity 1949K, committed 2048K, reserved 1048576K
Event: 2.443 GC heap after
Heap after GC invocations=1 (full 0):
 PSYoungGen      total 76288K, used 10741K [0x000000076ab00000, 0x0000000770000000, 0x00000007c0000000)
  eden space 65536K, 0% used [0x000000076ab00000,0x000000076ab00000,0x000000076eb00000)
  from space 10752K, 99% used [0x000000076eb00000,0x000000076f57d550,0x000000076f580000)
  to   space 10752K, 0% used [0x000000076f580000,0x000000076f580000,0x0000000770000000)
 ParOldGen       total 175104K, used 2719K [0x00000006c0000000, 0x00000006cab00000, 0x000000076ab00000)
  object space 175104K, 1% used [0x00000006c0000000,0x00000006c02a7f10,0x00000006cab00000)
 Metaspace       used 18193K, capacity 18449K, committed 18688K, reserved 1067008K
  class space    used 1854K, capacity 1949K, committed 2048K, reserved 1048576K
}

Deoptimization events (10 events):
Event: 1.125 Thread 0x00007fed471ac800 Uncommon trap: reason=unstable_if action=reinterpret pc=0x000000010b150080 method=java.lang.String.toLowerCase(Ljava/util/Locale;)Ljava/lang/String; @ 85
Event: 1.296 Thread 0x00007fed43aac000 Uncommon trap: reason=unstable_if action=reinterpret pc=0x000000010b1f2f60 method=java.lang.String.indexOf([CII[CIII)I @ 3
Event: 1.296 Thread 0x00007fed43aac000 Uncommon trap: reason=unstable_if action=reinterpret pc=0x000000010b1c1054 method=java.lang.String.indexOf([CII[CIII)I @ 3
Event: 1.296 Thread 0x00007fed43aac000 Uncommon trap: reason=unstable_if action=reinterpret pc=0x000000010b13c020 method=java.lang.String.indexOf([CII[CIII)I @ 3
Event: 2.000 Thread 0x00007fed45007800 Uncommon trap: reason=unstable_if action=reinterpret pc=0x000000010b12736c method=java.lang.AbstractStringBuilder.append(Ljava/lang/String;)Ljava/lang/AbstractStringBuilder; @ 1
Event: 2.170 Thread 0x00007fed45007800 Uncommon trap: reason=unstable_if action=reinterpret pc=0x000000010b32d53c method=com.jogamp.common.util.IntIntHashMap.get(I)I @ 28
Event: 10.534 Thread 0x00007fed45007800 Uncommon trap: reason=unstable_if action=reinterpret pc=0x000000010b4fd628 method=com.jogamp.common.util.VersionNumber.compareTo(Lcom/jogamp/common/util/VersionNumber;)I @ 21
Event: 10.564 Thread 0x00007fed451c9000 Uncommon trap: reason=unstable_if action=reinterpret pc=0x000000010b38ee60 method=java.util.HashMap.putVal(ILjava/lang/Object;Ljava/lang/Object;ZZ)Ljava/lang/Object; @ 81
Event: 10.564 Thread 0x00007fed451c9000 Uncommon trap: reason=unstable_if action=reinterpret pc=0x000000010b391e70 method=java.util.HashMap.putVal(ILjava/lang/Object;Ljava/lang/Object;ZZ)Ljava/lang/Object; @ 81
Event: 10.574 Thread 0x00007fed45007800 Uncommon trap: reason=unstable_if action=reinterpret pc=0x000000010b6c0528 method=java.security.AccessControlContext.optimize()Ljava/security/AccessControlContext; @ 233

Internal exceptions (10 events):
Event: 4.164 Thread 0x00007fed45c04000 Exception <a 'java/security/PrivilegedActionException'> (0x000000076c16f0a8) thrown at [/Users/java_re/workspace/8-2-build-macosx-x86_64/jdk8u60/4407/hotspot/src/share/vm/prims/jvm.cpp, line 1386]
Event: 4.286 Thread 0x00007fed45488800 Exception <a 'java/security/PrivilegedActionException'> (0x000000076c596458) thrown at [/Users/java_re/workspace/8-2-build-macosx-x86_64/jdk8u60/4407/hotspot/src/share/vm/prims/jvm.cpp, line 1386]
Event: 4.461 Thread 0x00007fed45414000 Exception <a 'java/security/PrivilegedActionException'> (0x000000076c8013c8) thrown at [/Users/java_re/workspace/8-2-build-macosx-x86_64/jdk8u60/4407/hotspot/src/share/vm/prims/jvm.cpp, line 1386]
Event: 4.605 Thread 0x00007fed43bbc000 Exception <a 'java/security/PrivilegedActionException'> (0x000000076c6cbbc0) thrown at [/Users/java_re/workspace/8-2-build-macosx-x86_64/jdk8u60/4407/hotspot/src/share/vm/prims/jvm.cpp, line 1386]
Event: 4.695 Thread 0x00007fed474da800 Exception <a 'java/security/PrivilegedActionException'> (0x000000076c936c10) thrown at [/Users/java_re/workspace/8-2-build-macosx-x86_64/jdk8u60/4407/hotspot/src/share/vm/prims/jvm.cpp, line 1386]
Event: 4.782 Thread 0x00007fed45488800 Exception <a 'java/security/PrivilegedActionException'> (0x000000076ca6c430) thrown at [/Users/java_re/workspace/8-2-build-macosx-x86_64/jdk8u60/4407/hotspot/src/share/vm/prims/jvm.cpp, line 1386]
Event: 4.870 Thread 0x00007fed45414000 Exception <a 'java/security/PrivilegedActionException'> (0x000000076cbe1c30) thrown at [/Users/java_re/workspace/8-2-build-macosx-x86_64/jdk8u60/4407/hotspot/src/share/vm/prims/jvm.cpp, line 1386]
Event: 5.292 Thread 0x00007fed45bf0000 Exception <a 'java/security/PrivilegedActionException'> (0x000000076cd9dec8) thrown at [/Users/java_re/workspace/8-2-build-macosx-x86_64/jdk8u60/4407/hotspot/src/share/vm/prims/jvm.cpp, line 1386]
Event: 5.298 Thread 0x00007fed45418800 Exception <a 'java/security/PrivilegedActionException'> (0x000000076ce936a8) thrown at [/Users/java_re/workspace/8-2-build-macosx-x86_64/jdk8u60/4407/hotspot/src/share/vm/prims/jvm.cpp, line 1386]
Event: 5.383 Thread 0x00007fed45488800 Exception <a 'java/security/PrivilegedActionException'> (0x000000076cfc8ec8) thrown at [/Users/java_re/workspace/8-2-build-macosx-x86_64/jdk8u60/4407/hotspot/src/share/vm/prims/jvm.cpp, line 1386]

Events (10 events):
Event: 10.574 Thread 0x00007fed45007800 DEOPT PACKING pc=0x000000010b6c0528 sp=0x000000017bae08b0
Event: 10.574 Thread 0x00007fed45007800 DEOPT UNPACKING pc=0x000000010af8e229 sp=0x000000017bae0880 mode 2
Event: 10.574 loading class java/awt/LightweightDispatcher$2
Event: 10.574 loading class java/awt/LightweightDispatcher$2 done
Event: 10.574 loading class java/awt/event/AWTEventListenerProxy
Event: 10.574 loading class java/awt/event/AWTEventListenerProxy done
Event: 10.574 loading class java/awt/Toolkit$ToolkitEventMulticaster
Event: 10.574 loading class java/awt/Toolkit$ToolkitEventMulticaster done
Event: 10.574 Thread 0x00007fed451c9000 Thread exited: 0x00007fed451c9000
Event: 10.574 Thread 0x00007fed43b8a800 Uncommon trap: trap_request=0xffffff86 fr.pc=0x000000010b463f50


Dynamic libraries:
0x000000000829b000 	/System/Library/Frameworks/Cocoa.framework/Versions/A/Cocoa
0x000000000829b000 	/System/Library/Frameworks/Security.framework/Versions/A/Security
0x000000000829b000 	/System/Library/Frameworks/ApplicationServices.framework/Versions/A/ApplicationServices
0x000000000829b000 	/usr/lib/libz.1.dylib
0x000000000829b000 	/usr/lib/libSystem.B.dylib
0x000000000829b000 	/usr/lib/libobjc.A.dylib
0x000000000829b000 	/System/Library/Frameworks/CoreFoundation.framework/Versions/A/CoreFoundation
0x000000000829b000 	/System/Library/Frameworks/Foundation.framework/Versions/C/Foundation
0x000000000829b000 	/System/Library/Frameworks/AppKit.framework/Versions/C/AppKit
0x000000000829b000 	/System/Library/Frameworks/CoreData.framework/Versions/A/CoreData
0x000000000829b000 	/System/Library/PrivateFrameworks/RemoteViewServices.framework/Versions/A/RemoteViewServices
0x000000000829b000 	/System/Library/PrivateFrameworks/UIFoundation.framework/Versions/A/UIFoundation
0x000000000829b000 	/System/Library/Frameworks/IOSurface.framework/Versions/A/IOSurface
0x000000000829b000 	/System/Library/Frameworks/AudioToolbox.framework/Versions/A/AudioToolbox
0x000000000829b000 	/System/Library/Frameworks/AudioUnit.framework/Versions/A/AudioUnit
0x000000000829b000 	/System/Library/PrivateFrameworks/DataDetectorsCore.framework/Versions/A/DataDetectorsCore
0x000000000829b000 	/System/Library/PrivateFrameworks/DesktopServicesPriv.framework/Versions/A/DesktopServicesPriv
0x000000000829b000 	/System/Library/Frameworks/Carbon.framework/Versions/A/Frameworks/HIToolbox.framework/Versions/A/HIToolbox
0x000000000829b000 	/System/Library/Frameworks/QuartzCore.framework/Versions/A/QuartzCore
0x000000000829b000 	/System/Library/Frameworks/Carbon.framework/Versions/A/Frameworks/SpeechRecognition.framework/Versions/A/SpeechRecognition
0x000000000829b000 	/usr/lib/libauto.dylib
0x000000000829b000 	/usr/lib/libicucore.A.dylib
0x000000000829b000 	/usr/lib/libxml2.2.dylib
0x000000000829b000 	/System/Library/PrivateFrameworks/CoreUI.framework/Versions/A/CoreUI
0x000000000829b000 	/System/Library/Frameworks/CoreAudio.framework/Versions/A/CoreAudio
0x000000000829b000 	/System/Library/Frameworks/DiskArbitration.framework/Versions/A/DiskArbitration
0x000000000829b000 	/usr/lib/liblangid.dylib
0x000000000829b000 	/System/Library/PrivateFrameworks/MultitouchSupport.framework/Versions/A/MultitouchSupport
0x000000000829b000 	/System/Library/Frameworks/IOKit.framework/Versions/A/IOKit
0x000000000829b000 	/usr/lib/libDiagnosticMessagesClient.dylib
0x000000000829b000 	/System/Library/Frameworks/CoreServices.framework/Versions/A/CoreServices
0x000000000829b000 	/System/Library/PrivateFrameworks/PerformanceAnalysis.framework/Versions/A/PerformanceAnalysis
0x000000000829b000 	/System/Library/PrivateFrameworks/GenerationalStorage.framework/Versions/A/GenerationalStorage
0x000000000829b000 	/System/Library/Frameworks/OpenGL.framework/Versions/A/OpenGL
0x000000000829b000 	/System/Library/PrivateFrameworks/Sharing.framework/Versions/A/Sharing
0x000000000829b000 	/System/Library/Frameworks/CoreGraphics.framework/Versions/A/CoreGraphics
0x000000000829b000 	/System/Library/Frameworks/CoreText.framework/Versions/A/CoreText
0x000000000829b000 	/System/Library/Frameworks/ImageIO.framework/Versions/A/ImageIO
0x000000000829b000 	/usr/lib/libextension.dylib
0x000000000829b000 	/System/Library/PrivateFrameworks/Backup.framework/Versions/A/Backup
0x000000000829b000 	/usr/lib/libarchive.2.dylib
0x000000000829b000 	/System/Library/Frameworks/CFNetwork.framework/Versions/A/CFNetwork
0x000000000829b000 	/System/Library/Frameworks/SystemConfiguration.framework/Versions/A/SystemConfiguration
0x000000000829b000 	/usr/lib/libCRFSuite.dylib
0x000000000829b000 	/usr/lib/libc++.1.dylib
0x000000000829b000 	/usr/lib/libc++abi.dylib
0x000000000829b000 	/usr/lib/system/libcache.dylib
0x000000000829b000 	/usr/lib/system/libcommonCrypto.dylib
0x000000000829b000 	/usr/lib/system/libcompiler_rt.dylib
0x000000000829b000 	/usr/lib/system/libcopyfile.dylib
0x000000000829b000 	/usr/lib/system/libcorecrypto.dylib
0x000000000829b000 	/usr/lib/system/libdispatch.dylib
0x000000000829b000 	/usr/lib/system/libdyld.dylib
0x000000000829b000 	/usr/lib/system/libkeymgr.dylib
0x000000000829b000 	/usr/lib/system/liblaunch.dylib
0x000000000829b000 	/usr/lib/system/libmacho.dylib
0x000000000829b000 	/usr/lib/system/libquarantine.dylib
0x000000000829b000 	/usr/lib/system/libremovefile.dylib
0x000000000829b000 	/usr/lib/system/libsystem_asl.dylib
0x000000000829b000 	/usr/lib/system/libsystem_blocks.dylib
0x000000000829b000 	/usr/lib/system/libsystem_c.dylib
0x000000000829b000 	/usr/lib/system/libsystem_configuration.dylib
0x000000000829b000 	/usr/lib/system/libsystem_coreservices.dylib
0x000000000829b000 	/usr/lib/system/libsystem_coretls.dylib
0x000000000829b000 	/usr/lib/system/libsystem_dnssd.dylib
0x000000000829b000 	/usr/lib/system/libsystem_info.dylib
0x000000000829b000 	/usr/lib/system/libsystem_kernel.dylib
0x000000000829b000 	/usr/lib/system/libsystem_m.dylib
0x000000000829b000 	/usr/lib/system/libsystem_malloc.dylib
0x000000000829b000 	/usr/lib/system/libsystem_network.dylib
0x000000000829b000 	/usr/lib/system/libsystem_networkextension.dylib
0x000000000829b000 	/usr/lib/system/libsystem_notify.dylib
0x000000000829b000 	/usr/lib/system/libsystem_platform.dylib
0x000000000829b000 	/usr/lib/system/libsystem_pthread.dylib
0x000000000829b000 	/usr/lib/system/libsystem_sandbox.dylib
0x000000000829b000 	/usr/lib/system/libsystem_secinit.dylib
0x000000000829b000 	/usr/lib/system/libsystem_stats.dylib
0x000000000829b000 	/usr/lib/system/libsystem_trace.dylib
0x000000000829b000 	/usr/lib/system/libunc.dylib
0x000000000829b000 	/usr/lib/system/libunwind.dylib
0x000000000829b000 	/usr/lib/system/libxpc.dylib
0x000000000829b000 	/usr/lib/libbz2.1.0.dylib
0x000000000829b000 	/usr/lib/liblzma.5.dylib
0x000000000829b000 	/usr/lib/libbsm.0.dylib
0x000000000829b000 	/usr/lib/libsqlite3.dylib
0x000000000829b000 	/usr/lib/system/libkxld.dylib
0x000000000829b000 	/usr/lib/libxar.1.dylib
0x000000000829b000 	/usr/lib/libpam.2.dylib
0x000000000829b000 	/usr/lib/libOpenScriptingUtil.dylib
0x000000000829b000 	/System/Library/Frameworks/CoreServices.framework/Versions/A/Frameworks/FSEvents.framework/Versions/A/FSEvents
0x000000000829b000 	/System/Library/Frameworks/CoreServices.framework/Versions/A/Frameworks/CarbonCore.framework/Versions/A/CarbonCore
0x000000000829b000 	/System/Library/Frameworks/CoreServices.framework/Versions/A/Frameworks/Metadata.framework/Versions/A/Metadata
0x000000000829b000 	/System/Library/Frameworks/CoreServices.framework/Versions/A/Frameworks/OSServices.framework/Versions/A/OSServices
0x000000000829b000 	/System/Library/Frameworks/CoreServices.framework/Versions/A/Frameworks/SearchKit.framework/Versions/A/SearchKit
0x000000000829b000 	/System/Library/Frameworks/CoreServices.framework/Versions/A/Frameworks/AE.framework/Versions/A/AE
0x000000000829b000 	/System/Library/Frameworks/CoreServices.framework/Versions/A/Frameworks/LaunchServices.framework/Versions/A/LaunchServices
0x000000000829b000 	/System/Library/Frameworks/CoreServices.framework/Versions/A/Frameworks/DictionaryServices.framework/Versions/A/DictionaryServices
0x000000000829b000 	/System/Library/Frameworks/NetFS.framework/Versions/A/NetFS
0x000000000829b000 	/System/Library/PrivateFrameworks/NetAuth.framework/Versions/A/NetAuth
0x000000000829b000 	/System/Library/PrivateFrameworks/login.framework/Versions/A/Frameworks/loginsupport.framework/Versions/A/loginsupport
0x000000000829b000 	/System/Library/PrivateFrameworks/TCC.framework/Versions/A/TCC
0x000000000829b000 	/usr/lib/libmecabra.dylib
0x000000000829b000 	/System/Library/Frameworks/ApplicationServices.framework/Versions/A/Frameworks/ATS.framework/Versions/A/ATS
0x000000000829b000 	/System/Library/Frameworks/ApplicationServices.framework/Versions/A/Frameworks/ColorSync.framework/Versions/A/ColorSync
0x000000000829b000 	/System/Library/Frameworks/ApplicationServices.framework/Versions/A/Frameworks/HIServices.framework/Versions/A/HIServices
0x000000000829b000 	/System/Library/Frameworks/ApplicationServices.framework/Versions/A/Frameworks/LangAnalysis.framework/Versions/A/LangAnalysis
0x000000000829b000 	/System/Library/Frameworks/ApplicationServices.framework/Versions/A/Frameworks/PrintCore.framework/Versions/A/PrintCore
0x000000000829b000 	/System/Library/Frameworks/ApplicationServices.framework/Versions/A/Frameworks/QD.framework/Versions/A/QD
0x000000000829b000 	/System/Library/Frameworks/ApplicationServices.framework/Versions/A/Frameworks/SpeechSynthesis.framework/Versions/A/SpeechSynthesis
0x000000000829b000 	/System/Library/Frameworks/Accelerate.framework/Versions/A/Accelerate
0x000000000829b000 	/System/Library/Frameworks/Accelerate.framework/Versions/A/Frameworks/vImage.framework/Versions/A/vImage
0x000000000829b000 	/System/Library/Frameworks/Accelerate.framework/Versions/A/Frameworks/vecLib.framework/Versions/A/vecLib
0x000000000829b000 	/System/Library/Frameworks/Accelerate.framework/Versions/A/Frameworks/vecLib.framework/Versions/A/libvDSP.dylib
0x000000000829b000 	/System/Library/Frameworks/Accelerate.framework/Versions/A/Frameworks/vecLib.framework/Versions/A/libvMisc.dylib
0x000000000829b000 	/System/Library/Frameworks/Accelerate.framework/Versions/A/Frameworks/vecLib.framework/Versions/A/libLAPACK.dylib
0x000000000829b000 	/System/Library/Frameworks/Accelerate.framework/Versions/A/Frameworks/vecLib.framework/Versions/A/libBLAS.dylib
0x000000000829b000 	/System/Library/Frameworks/Accelerate.framework/Versions/A/Frameworks/vecLib.framework/Versions/A/libLinearAlgebra.dylib
0x000000000829b000 	/System/Library/Frameworks/ApplicationServices.framework/Versions/A/Frameworks/ATS.framework/Versions/A/Resources/libFontParser.dylib
0x000000000829b000 	/System/Library/Frameworks/ApplicationServices.framework/Versions/A/Frameworks/ATS.framework/Versions/A/Resources/libFontRegistry.dylib
0x000000000829b000 	/System/Library/PrivateFrameworks/AppleVPA.framework/Versions/A/AppleVPA
0x000000000829b000 	/System/Library/PrivateFrameworks/AppleJPEG.framework/Versions/A/AppleJPEG
0x000000000829b000 	/System/Library/Frameworks/ImageIO.framework/Versions/A/Resources/libJPEG.dylib
0x000000000829b000 	/System/Library/Frameworks/ImageIO.framework/Versions/A/Resources/libTIFF.dylib
0x000000000829b000 	/System/Library/Frameworks/ImageIO.framework/Versions/A/Resources/libPng.dylib
0x000000000829b000 	/System/Library/Frameworks/ImageIO.framework/Versions/A/Resources/libGIF.dylib
0x000000000829b000 	/System/Library/Frameworks/ImageIO.framework/Versions/A/Resources/libJP2.dylib
0x000000000829b000 	/System/Library/Frameworks/ImageIO.framework/Versions/A/Resources/libRadiance.dylib
0x000000000829b000 	/System/Library/Frameworks/CoreVideo.framework/Versions/A/CoreVideo
0x000000000829b000 	/System/Library/Frameworks/OpenGL.framework/Versions/A/Libraries/libGLU.dylib
0x000000000829b000 	/System/Library/Frameworks/OpenGL.framework/Versions/A/Libraries/libGFXShared.dylib
0x000000000829b000 	/System/Library/Frameworks/OpenGL.framework/Versions/A/Libraries/libGL.dylib
0x000000000829b000 	/System/Library/Frameworks/OpenGL.framework/Versions/A/Libraries/libGLImage.dylib
0x000000000829b000 	/System/Library/Frameworks/OpenGL.framework/Versions/A/Libraries/libCVMSPluginSupport.dylib
0x000000000829b000 	/System/Library/Frameworks/OpenGL.framework/Versions/A/Libraries/libCoreVMClient.dylib
0x000000000829b000 	/usr/lib/libcups.2.dylib
0x000000000829b000 	/System/Library/Frameworks/Kerberos.framework/Versions/A/Kerberos
0x000000000829b000 	/System/Library/Frameworks/GSS.framework/Versions/A/GSS
0x000000000829b000 	/usr/lib/libresolv.9.dylib
0x000000000829b000 	/usr/lib/libiconv.2.dylib
0x000000000829b000 	/System/Library/PrivateFrameworks/Heimdal.framework/Versions/A/Heimdal
0x000000000829b000 	/usr/lib/libheimdal-asn1.dylib
0x000000000829b000 	/System/Library/Frameworks/OpenDirectory.framework/Versions/A/OpenDirectory
0x000000000829b000 	/System/Library/PrivateFrameworks/CommonAuth.framework/Versions/A/CommonAuth
0x000000000829b000 	/System/Library/Frameworks/OpenDirectory.framework/Versions/A/Frameworks/CFOpenDirectory.framework/Versions/A/CFOpenDirectory
0x000000000829b000 	/System/Library/Frameworks/SecurityFoundation.framework/Versions/A/SecurityFoundation
0x000000000829b000 	/System/Library/PrivateFrameworks/LanguageModeling.framework/Versions/A/LanguageModeling
0x000000000829b000 	/usr/lib/libcmph.dylib
0x000000000829b000 	/System/Library/Frameworks/ServiceManagement.framework/Versions/A/ServiceManagement
0x000000000829b000 	/usr/lib/libxslt.1.dylib
0x000000000829b000 	/System/Library/Frameworks/Carbon.framework/Versions/A/Frameworks/Ink.framework/Versions/A/Ink
0x000000000829b000 	/System/Library/Frameworks/QuartzCore.framework/Versions/A/Frameworks/CoreImage.framework/Versions/A/CoreImage
0x000000000829b000 	/System/Library/PrivateFrameworks/CrashReporterSupport.framework/Versions/A/CrashReporterSupport
0x000000000829b000 	/System/Library/Frameworks/OpenCL.framework/Versions/A/OpenCL
0x000000000829b000 	/System/Library/PrivateFrameworks/FaceCore.framework/Versions/A/FaceCore
0x000000000829b000 	/System/Library/PrivateFrameworks/Ubiquity.framework/Versions/A/Ubiquity
0x000000000829b000 	/System/Library/PrivateFrameworks/IconServices.framework/Versions/A/IconServices
0x000000000829b000 	/System/Library/PrivateFrameworks/ChunkingLibrary.framework/Versions/A/ChunkingLibrary
0x000000000829b000 	/System/Library/PrivateFrameworks/Apple80211.framework/Versions/A/Apple80211
0x000000000829b000 	/System/Library/Frameworks/CoreWLAN.framework/Versions/A/CoreWLAN
0x000000000829b000 	/System/Library/Frameworks/IOBluetooth.framework/Versions/A/IOBluetooth
0x000000000829b000 	/System/Library/PrivateFrameworks/CoreWiFi.framework/Versions/A/CoreWiFi
0x000000000829b000 	/System/Library/Frameworks/CoreBluetooth.framework/Versions/A/CoreBluetooth
0x000000000829b000 	/System/Library/PrivateFrameworks/DebugSymbols.framework/Versions/A/DebugSymbols
0x000000000829b000 	/System/Library/PrivateFrameworks/CoreSymbolication.framework/Versions/A/CoreSymbolication
0x000000000829b000 	/System/Library/PrivateFrameworks/Symbolication.framework/Versions/A/Symbolication
0x000000000829b000 	/System/Library/PrivateFrameworks/SpeechRecognitionCore.framework/Versions/A/SpeechRecognitionCore
0x000000010a000000 	/Library/Java/JavaVirtualMachines/jdk1.8.0_60.jdk/Contents/Home/jre/lib/server/libjvm.dylib
0x000000000829b000 	/usr/lib/libstdc++.6.dylib
0x0000000108f84000 	/Library/Java/JavaVirtualMachines/jdk1.8.0_60.jdk/Contents/Home/jre/lib/libverify.dylib
0x0000000108f92000 	/Library/Java/JavaVirtualMachines/jdk1.8.0_60.jdk/Contents/Home/jre/lib/libjava.dylib
0x0000000108fd1000 	/Library/Java/JavaVirtualMachines/jdk1.8.0_60.jdk/Contents/Home/jre/lib/libzip.dylib
0x0000000126b3f000 	/System/Library/Frameworks/JavaVM.framework/Frameworks/JavaRuntimeSupport.framework/JavaRuntimeSupport
0x0000000126b55000 	/System/Library/Frameworks/JavaVM.framework/Versions/A/Frameworks/JavaNativeFoundation.framework/Versions/A/JavaNativeFoundation
0x0000000126b69000 	/System/Library/Frameworks/JavaVM.framework/Versions/A/JavaVM
0x000000000829b000 	/System/Library/Frameworks/Carbon.framework/Versions/A/Carbon
0x0000000126b75000 	/System/Library/PrivateFrameworks/JavaLaunching.framework/Versions/A/JavaLaunching
0x000000000829b000 	/System/Library/Frameworks/Carbon.framework/Versions/A/Frameworks/CommonPanels.framework/Versions/A/CommonPanels
0x000000000829b000 	/System/Library/Frameworks/Carbon.framework/Versions/A/Frameworks/Help.framework/Versions/A/Help
0x000000000829b000 	/System/Library/Frameworks/Carbon.framework/Versions/A/Frameworks/ImageCapture.framework/Versions/A/ImageCapture
0x000000000829b000 	/System/Library/Frameworks/Carbon.framework/Versions/A/Frameworks/OpenScripting.framework/Versions/A/OpenScripting
0x000000000829b000 	/System/Library/Frameworks/Carbon.framework/Versions/A/Frameworks/Print.framework/Versions/A/Print
0x000000000829b000 	/System/Library/Frameworks/Carbon.framework/Versions/A/Frameworks/SecurityHI.framework/Versions/A/SecurityHI
0x0000000128b6f000 	/Library/Java/JavaVirtualMachines/jdk1.8.0_60.jdk/Contents/Home/jre/lib/libawt.dylib
0x0000000128c17000 	/Library/Java/JavaVirtualMachines/jdk1.8.0_60.jdk/Contents/Home/jre/lib/./libmlib_image.dylib
0x0000000128ce3000 	/Library/Java/JavaVirtualMachines/jdk1.8.0_60.jdk/Contents/Home/jre/lib/libawt_lwawt.dylib
0x0000000128d98000 	/Library/Java/JavaVirtualMachines/jdk1.8.0_60.jdk/Contents/Home/jre/lib/./libosxapp.dylib
0x000000000829b000 	/System/Library/Frameworks/ExceptionHandling.framework/Versions/A/ExceptionHandling
0x000000000829b000 	/System/Library/PrivateFrameworks/CoreServicesInternal.framework/Versions/A/CoreServicesInternal
0x000000000829b000 	/System/Library/PrivateFrameworks/CloudDocs.framework/Versions/A/CloudDocs
0x000000000829b000 	/System/Library/PrivateFrameworks/CoreDuet.framework/Versions/A/CoreDuet
0x000000000829b000 	/System/Library/Frameworks/CloudKit.framework/Versions/A/CloudKit
0x000000000829b000 	/System/Library/PrivateFrameworks/ProtocolBuffer.framework/Versions/A/ProtocolBuffer
0x000000000829b000 	/System/Library/PrivateFrameworks/CoreDuetDaemonProtocol.framework/Versions/A/CoreDuetDaemonProtocol
0x000000000829b000 	/System/Library/PrivateFrameworks/CoreDuetDebugLogging.framework/Versions/A/CoreDuetDebugLogging
0x000000000829b000 	/System/Library/PrivateFrameworks/MMCS.framework/Versions/A/MMCS
0x000000000829b000 	/System/Library/Frameworks/CoreLocation.framework/Versions/A/CoreLocation
0x000000000829b000 	/System/Library/PrivateFrameworks/ProtectedCloudStorage.framework/Versions/A/ProtectedCloudStorage
0x000000000829b000 	/System/Library/PrivateFrameworks/GeoServices.framework/Versions/A/GeoServices
0x000000000829b000 	/System/Library/Frameworks/CoreGraphics.framework/Versions/A/Resources/libCGCMS.A.dylib
0x000000000829b000 	/System/Library/Frameworks/CoreGraphics.framework/Versions/A/Resources/libRIP.A.dylib
0x000000000829b000 	/System/Library/Frameworks/CoreGraphics.framework/Versions/A/Resources/libCGXType.A.dylib
0x000000000829b000 	/System/Library/Frameworks/OpenCL.framework/Versions/A/Libraries/libcldcpuengine.dylib
0x000000000829b000 	/System/Library/PrivateFrameworks/DiskImages.framework/Versions/A/DiskImages
0x000000000829b000 	/System/Library/Frameworks/DiscRecording.framework/Versions/A/DiscRecording
0x000000000829b000 	/usr/lib/libcsfde.dylib
0x000000000829b000 	/usr/lib/libcurl.4.dylib
0x000000000829b000 	/System/Library/PrivateFrameworks/MediaKit.framework/Versions/A/MediaKit
0x000000000829b000 	/usr/lib/libCoreStorage.dylib
0x000000000829b000 	/System/Library/PrivateFrameworks/EFILogin.framework/Versions/A/EFILogin
0x000000000829b000 	/usr/lib/libutil.dylib
0x000000000829b000 	/System/Library/PrivateFrameworks/FindMyDevice.framework/Versions/A/FindMyDevice
0x000000000829b000 	/System/Library/Frameworks/LDAP.framework/Versions/A/LDAP
0x000000000829b000 	/usr/lib/libsasl2.2.dylib
0x000000000829b000 	/System/Library/PrivateFrameworks/CoreDaemon.framework/Versions/B/CoreDaemon
0x000000000829b000 	/usr/lib/libcrypto.0.9.8.dylib
0x000000000829b000 	/System/Library/PrivateFrameworks/AppleSRP.framework/Versions/A/AppleSRP
0x000000000829b000 	/System/Library/PrivateFrameworks/TrustEvaluationAgent.framework/Versions/A/TrustEvaluationAgent
0x000000012be85000 	cl_kernels
0x000000012be87000 	/System/Library/Frameworks/OpenCL.framework/Versions/A/Libraries/ImageFormats/unorm8_bgra.dylib
0x000000012be77000 	cl_kernels
0x000000000829b000 	/System/Library/PrivateFrameworks/FamilyControls.framework/Versions/A/FamilyControls
0x000000000829b000 	/System/Library/PrivateFrameworks/CommerceKit.framework/Versions/A/Frameworks/CommerceCore.framework/Versions/A/CommerceCore
0x000000000829b000 	/System/Library/PrivateFrameworks/SystemAdministration.framework/Versions/A/SystemAdministration
0x000000000829b000 	/System/Library/PrivateFrameworks/AppContainer.framework/Versions/A/AppContainer
0x000000000829b000 	/System/Library/PrivateFrameworks/SecCodeWrapper.framework/Versions/A/SecCodeWrapper
0x000000000829b000 	/System/Library/Frameworks/DirectoryService.framework/Versions/A/DirectoryService
0x000000000829b000 	/System/Library/PrivateFrameworks/LoginUIKit.framework/Versions/A/Frameworks/LoginUICore.framework/Versions/A/LoginUICore
0x000000000829b000 	/usr/lib/libodfde.dylib
0x000000000829b000 	/System/Library/Frameworks/OpenGL.framework/Versions/A/Resources/GLEngine.bundle/GLEngine
0x000000000829b000 	/System/Library/Frameworks/OpenGL.framework/Versions/A/Libraries/libGLProgrammability.dylib
0x000000012d458000 	/System/Library/Extensions/AppleIntelHD5000GraphicsGLDriver.bundle/Contents/MacOS/AppleIntelHD5000GraphicsGLDriver
0x000000000829b000 	/System/Library/PrivateFrameworks/IOAccelerator.framework/Versions/A/IOAccelerator
0x000000000829b000 	/System/Library/PrivateFrameworks/GPUSupport.framework/Versions/A/Libraries/libGPUSupportMercury.dylib
0x000000000829b000 	/System/Library/Frameworks/OpenGL.framework/Versions/A/Resources/GLRendererFloat.bundle/GLRendererFloat
0x000000012e4de000 	/Library/Java/JavaVirtualMachines/jdk1.8.0_60.jdk/Contents/Home/jre/lib/libfontmanager.dylib
0x000000012f818000 	/Library/Java/JavaVirtualMachines/jdk1.8.0_60.jdk/Contents/Home/jre/lib/libosxui.dylib
0x000000012faa6000 	/Library/Java/JavaVirtualMachines/jdk1.8.0_60.jdk/Contents/Home/jre/lib/libnet.dylib
0x000000012f857000 	/Library/Java/JavaVirtualMachines/jdk1.8.0_60.jdk/Contents/Home/jre/lib/libnio.dylib
0x000000000829b000 	/System/Library/Frameworks/ApplicationServices.framework/Versions/A/Frameworks/ATS.framework/Versions/A/Resources/libTrueTypeScaler.dylib
0x000000017b1b3000 	/private/var/folders/b5/zysj4pxj6576yq718hwysrg80000gn/T/jogamp_0000/file_cache/jln435493364772773693/jln6672361290516171965/libgluegen-rt.jnilib
0x000000017b1b8000 	/private/var/folders/b5/zysj4pxj6576yq718hwysrg80000gn/T/jogamp_0000/file_cache/jln435493364772773693/jln6672361290516171965/libnativewindow_awt.jnilib
0x000000017b1bb000 	/Library/Java/JavaVirtualMachines/jdk1.8.0_60.jdk/Contents/Home/jre/lib/libjawt.dylib
0x000000017b1be000 	/private/var/folders/b5/zysj4pxj6576yq718hwysrg80000gn/T/jogamp_0000/file_cache/jln435493364772773693/jln6672361290516171965/libnativewindow_macosx.jnilib
0x000000017f95b000 	/private/var/folders/b5/zysj4pxj6576yq718hwysrg80000gn/T/jogamp_0000/file_cache/jln435493364772773693/jln6672361290516171965/libjogl_desktop.jnilib

VM Arguments:
jvm_args: -Djava.security.policy=java.policy.applet -Dfile.encoding=UTF-8 
java_command: sun.applet.AppletViewer com.mauriciotl.week02.EarthquakeCityMap1493067404863.html
java_class_path (initial): /Users/mauriciotl/MauricioFiles/Eclipse_II/CourseraProjects/UCSDUnfoldingMaps/build:/Users/mauriciotl/MauricioFiles/Eclipse_II/CourseraProjects/UCSDUnfoldingMaps/lib/core.jar:/Users/mauriciotl/MauricioFiles/Eclipse_II/CourseraProjects/UCSDUnfoldingMaps/lib/gluegen-rt.jar:/Users/mauriciotl/MauricioFiles/Eclipse_II/CourseraProjects/UCSDUnfoldingMaps/lib/jogl-all.jar:/Users/mauriciotl/MauricioFiles/Eclipse_II/CourseraProjects/UCSDUnfoldingMaps/lib/log4j-1.2.15.jar:/Users/mauriciotl/MauricioFiles/Eclipse_II/CourseraProjects/UCSDUnfoldingMaps/lib/sqlite-jdbc-3.7.2.jar:/Users/mauriciotl/MauricioFiles/Eclipse_II/CourseraProjects/UCSDUnfoldingMaps/lib/json4processing.jar:/Users/mauriciotl/MauricioFiles/Eclipse_II/CourseraProjects/UCSDUnfoldingMaps/lib/libTUIO.jar:/Users/mauriciotl/MauricioFiles/Eclipse_II/CourseraProjects/UCSDUnfoldingMaps/lib/unfolding.0.9.7-uscd.jar
Launcher Type: SUN_STANDARD

Environment Variables:
PATH=/usr/bin:/bin:/usr/sbin:/sbin
SHELL=/bin/bash

Signal Handlers:
SIGSEGV: [libjvm.dylib+0x5a6d31], sa_mask[0]=11111111011111110111111111111111, sa_flags=SA_ONSTACK|SA_RESTART|SA_SIGINFO
SIGBUS: [libjvm.dylib+0x5a6d31], sa_mask[0]=11111111011111110111111111111111, sa_flags=SA_RESTART|SA_SIGINFO
SIGFPE: [libjvm.dylib+0x480a4c], sa_mask[0]=11111111011111110111111111111111, sa_flags=SA_RESTART|SA_SIGINFO
SIGPIPE: [libjvm.dylib+0x480a4c], sa_mask[0]=11111111011111110111111111111111, sa_flags=SA_RESTART|SA_SIGINFO
SIGXFSZ: [libjvm.dylib+0x480a4c], sa_mask[0]=11111111011111110111111111111111, sa_flags=SA_RESTART|SA_SIGINFO
SIGILL: [libjvm.dylib+0x480a4c], sa_mask[0]=11111111011111110111111111111111, sa_flags=SA_RESTART|SA_SIGINFO
SIGUSR1: SIG_DFL, sa_mask[0]=00000000000000000000000000000000, sa_flags=none
SIGUSR2: [libjvm.dylib+0x48056a], sa_mask[0]=00100000000000000000000000000000, sa_flags=SA_RESTART|SA_SIGINFO
SIGHUP: [libjvm.dylib+0x47eb41], sa_mask[0]=11111111011111110111111111111111, sa_flags=SA_RESTART|SA_SIGINFO
SIGINT: [libjvm.dylib+0x47eb41], sa_mask[0]=11111111011111110111111111111111, sa_flags=SA_RESTART|SA_SIGINFO
SIGTERM: [libjvm.dylib+0x47eb41], sa_mask[0]=11111111011111110111111111111111, sa_flags=SA_RESTART|SA_SIGINFO
SIGQUIT: [libjvm.dylib+0x47eb41], sa_mask[0]=11111111011111110111111111111111, sa_flags=SA_RESTART|SA_SIGINFO


---------------  S Y S T E M  ---------------

OS:Bsduname:Darwin 14.5.0 Darwin Kernel Version 14.5.0: Fri Feb 17 10:33:20 PST 2017; root:xnu-2782.50.9.1.1~1/RELEASE_X86_64 x86_64
rlimit: STACK 8192k, CORE 0k, NPROC 709, NOFILE 10240, AS infinity
load average:1.68 1.61 1.49

CPU:total 8 (4 cores per cpu, 2 threads per core) family 6 model 70 stepping 1, cmov, cx8, fxsr, mmx, sse, sse2, sse3, ssse3, sse4.1, sse4.2, popcnt, avx, avx2, aes, clmul, erms, lzcnt, ht, tsc, tscinvbit, bmi1, bmi2

Memory: 4k page, physical 16777216k(557004k free)

/proc/meminfo:


vm_info: Java HotSpot(TM) 64-Bit Server VM (25.60-b23) for bsd-amd64 JRE (1.8.0_60-b27), built on Aug  4 2015 10:47:24 by "java_re" with gcc 4.2.1 (Based on Apple Inc. build 5658) (LLVM build 2336.11.00)

time: Mon Apr 24 15:56:55 2017
elapsed time: 10 seconds (0d 0h 0m 10s)

