#
# A fatal error has been detected by the Java Runtime Environment:
#
#  SIGSEGV (0xb) at pc=0x00007fff849910dd, pid=1524, tid=1811
#
# JRE version: Java(TM) SE Runtime Environment (8.0_60-b27) (build 1.8.0_60-b27)
# Java VM: Java HotSpot(TM) 64-Bit Server VM (25.60-b23 mixed mode bsd-amd64 compressed oops)
# Problematic frame:
# C  [libobjc.A.dylib+0x10dd]  objc_msgSend+0x1d
#
# Failed to write core dump. Core dumps have been disabled. To enable core dumping, try "ulimit -c unlimited" before starting Java again
#
# If you would like to submit a bug report, please visit:
#   http://bugreport.java.com/bugreport/crash.jsp
# The crash happened outside the Java Virtual Machine in native code.
# See problematic frame for where to report the bug.
#

---------------  T H R E A D  ---------------

Current thread (0x00007f8f9081a800):  JavaThread "AWT-AppKit" daemon [_thread_in_native, id=1811, stack(0x00007fff5b62a000,0x00007fff5be2a000)]

siginfo: si_signo: 11 (SIGSEGV), si_code: 1 (SEGV_MAPERR), si_addr: 0x0000000000000018

Registers:
RAX=0x00007f8f9064a430, RBX=0x00000001762b3450, RCX=0x000000012c8f01c0, RDX=0x0000000129738520
RSP=0x00007fff5be254e8, RBP=0x00007fff5be255a0, RSI=0x00007fff8cf7140f, RDI=0x00007f8f96ca5dc0
R8 =0x0000000000000000, R9 =0x0000000000000f50, R10=0x00007fff8cf7140f, R11=0x0000000000000000
R12=0x0000000000000000, R13=0x000000017a87f418, R14=0x00000001762b3440, R15=0x00007f8f9081a800
RIP=0x00007fff849910dd, EFLAGS=0x0000000000010246, ERR=0x0000000000000004
  TRAPNO=0x000000000000000e

Top of Stack: (sp=0x00007fff5be254e8)
0x00007fff5be254e8:   00000001762b1157 00007fff5be25540
0x00007fff5be254f8:   0000000000000003 00007fff5be25520
0x00007fff5be25508:   00000001051f1992 000000017a87f418
0x00007fff5be25518:   000000017a87f418 00007f8f9064a430
0x00007fff5be25528:   00000001762b36a0 00000001762b3710
0x00007fff5be25538:   00007fff71e26550 00007fff72badc80
0x00007fff5be25548:   00000001762b3450 00000001762b3690
0x00007fff5be25558:   00007f8f9064a430 00007f8f96ca5dc0
0x00007fff5be25568:   00007f8f9073b080 00007f8f9064a430
0x00007fff5be25578:   00007f8f96ca5dc0 00007fff5be25620
0x00007fff5be25588:   00007f8f9081a9f8 000000017a87f418
0x00007fff5be25598:   00007fff5be25648 00007fff5be25610
0x00007fff5be255a8:   0000000105fe4954 00007fff5be25610
0x00007fff5be255b8:   0000000105fe46d9 0000000105ff0823
0x00007fff5be255c8:   0000000105fe46a2 00007fff5be255d0
0x00007fff5be255d8:   000000017a87f418 00007fff5be25648
0x00007fff5be255e8:   000000017a882050 0000000000000000
0x00007fff5be255f8:   000000017a87f418 0000000000000000
0x00007fff5be25608:   00007fff5be25630 00007fff5be25690
0x00007fff5be25618:   0000000105fd6c4d 000000076d8b4e18
0x00007fff5be25628:   0000000105fde578 00007f8f9064a430
0x00007fff5be25638:   0000000105fdfdb9 00007f8f96ca5dc0
0x00007fff5be25648:   0000000105fdfd82 00007fff5be25650
0x00007fff5be25658:   000000017a87f5e2 00007fff5be256b8
0x00007fff5be25668:   000000017a882050 0000000000000000
0x00007fff5be25678:   000000017a87f5f0 00007fff5be25630
0x00007fff5be25688:   00007fff5be256a0 00007fff5be25700
0x00007fff5be25698:   0000000105fd6c4d 00007f8f9064a430
0x00007fff5be256a8:   000000076d8bcb50 00007f8f96ca5dc0
0x00007fff5be256b8:   000000076d8bcb50 00007fff5be256c0
0x00007fff5be256c8:   000000017c969fb6 00007fff5be25710
0x00007fff5be256d8:   000000017c96a070 0000000000000000 

Instructions: (pc=0x00007fff849910dd)
0x00007fff849910bd:   00 00 00 48 85 ff 2e 74 7a 40 f6 c7 01 2e 75 7e
0x00007fff849910cd:   49 bb f8 ff ff ff ff 7f 00 00 4c 23 1f 49 89 f2
0x00007fff849910dd:   45 23 53 18 49 c1 e2 04 4d 03 53 10 49 3b 32 75
0x00007fff849910ed:   04 41 ff 62 08 49 83 3a 00 74 6a 4d 3b 53 10 74 

Register to memory mapping:

RAX=0x00007f8f9064a430 is an unknown value
RBX=0x00000001762b3450: Java_jogamp_nativewindow_macosx_OSXUtil_GetScreenRefreshRate0+0x1cf0 in /private/var/folders/b5/zysj4pxj6576yq718hwysrg80000gn/T/jogamp_0000/file_cache/jln1408671878640968444/jln5475662522181259067/libnativewindow_macosx.jnilib at 0x00000001762ac000
RCX=0x000000012c8f01c0 is an unknown value
RDX=0x0000000129738520 is an unknown value
RSP=0x00007fff5be254e8 is pointing into the stack for thread: 0x00007f8f9081a800
RBP=0x00007fff5be255a0 is pointing into the stack for thread: 0x00007f8f9081a800
RSI=0x00007fff8cf7140f is an unknown value
RDI=0x00007f8f96ca5dc0 is an unknown value
R8 =0x0000000000000000 is an unknown value
R9 =0x0000000000000f50 is an unknown value
R10=0x00007fff8cf7140f is an unknown value
R11=0x0000000000000000 is an unknown value
R12=0x0000000000000000 is an unknown value
R13={method} {0x000000017a87f418} 'UnsetJAWTRootSurfaceLayer0' '(JJ)V' in 'jogamp/nativewindow/jawt/macosx/MacOSXJAWTWindow'
R14=0x00000001762b3440: Java_jogamp_nativewindow_macosx_OSXUtil_GetScreenRefreshRate0+0x1ce0 in /private/var/folders/b5/zysj4pxj6576yq718hwysrg80000gn/T/jogamp_0000/file_cache/jln1408671878640968444/jln5475662522181259067/libnativewindow_macosx.jnilib at 0x00000001762ac000
R15=0x00007f8f9081a800 is a thread


Stack: [0x00007fff5b62a000,0x00007fff5be2a000],  sp=0x00007fff5be254e8,  free space=8173k
Native frames: (J=compiled Java code, j=interpreted, Vv=VM code, C=native code)
C  [libobjc.A.dylib+0x10dd]  objc_msgSend+0x1d
j  jogamp.nativewindow.jawt.macosx.MacOSXJAWTWindow.UnsetJAWTRootSurfaceLayer0(JJ)V+0
j  jogamp.nativewindow.jawt.macosx.MacOSXJAWTWindow.access$200(JJ)V+2
j  jogamp.nativewindow.jawt.macosx.MacOSXJAWTWindow$1.run()V+38
j  com.jogamp.common.util.RunnableTask.run()V+24
v  ~StubRoutines::call_stub
V  [libjvm.dylib+0x2eab0e]  JavaCalls::call_helper(JavaValue*, methodHandle*, JavaCallArguments*, Thread*)+0x6ae
V  [libjvm.dylib+0x321bb7]  jni_invoke_nonstatic(JNIEnv_*, JavaValue*, _jobject*, JNICallType, _jmethodID*, JNI_ArgumentPusher*, Thread*)+0x2ec
V  [libjvm.dylib+0x31438b]  jni_CallVoidMethod+0x16b
C  [libnativewindow_macosx.jnilib+0x5326]  Java_jogamp_nativewindow_jawt_macosx_MacOSXJAWTWindow_UnsetJAWTRootSurfaceLayer0+0x2b6
C  [Foundation+0x92dd0]  __NSThreadPerformPerform+0x125
C  [CoreFoundation+0x80a01]  __CFRUNLOOP_IS_CALLING_OUT_TO_A_SOURCE0_PERFORM_FUNCTION__+0x11
C  [CoreFoundation+0x72b8d]  __CFRunLoopDoSources0+0x10d
C  [CoreFoundation+0x721bf]  __CFRunLoopRun+0x39f
C  [CoreFoundation+0x71bd8]  CFRunLoopRunSpecific+0x128
C  [HIToolbox+0x3256f]  RunCurrentEventLoopInMode+0xeb
C  [HIToolbox+0x321ee]  ReceiveNextEventCommon+0xb3
C  [HIToolbox+0x3212b]  _BlockUntilNextEventMatchingListInModeWithFilter+0x47
C  [AppKit+0x918ab]  _DPSNextEvent+0x3d2
C  [AppKit+0x90e58]  -[NSApplication nextEventMatchingMask:untilDate:inMode:dequeue:]+0x15a
C  [libosxapp.dylib+0x23aa]  -[NSApplicationAWT nextEventMatchingMask:untilDate:inMode:dequeue:]+0x7c
C  [AppKit+0x86af3]  -[NSApplication run]+0x252
C  [libosxapp.dylib+0x214d]  +[NSApplicationAWT runAWTLoopWithApp:]+0x9c
C  [libawt_lwawt.dylib+0x44517]  -[AWTStarter starter:]+0x389
C  [Foundation+0x92dd0]  __NSThreadPerformPerform+0x125
C  [CoreFoundation+0x80a01]  __CFRUNLOOP_IS_CALLING_OUT_TO_A_SOURCE0_PERFORM_FUNCTION__+0x11
C  [CoreFoundation+0x72b8d]  __CFRunLoopDoSources0+0x10d
C  [CoreFoundation+0x721bf]  __CFRunLoopRun+0x39f
C  [CoreFoundation+0x71bd8]  CFRunLoopRunSpecific+0x128
C  [java+0x6463]  CreateExecutionEnvironment+0x367
C  [java+0x21ac]  JLI_Launch+0x7a0
C  [java+0x84c0]  main+0x65
C  [java+0x1a04]  start+0x34
C  0x0000000000000007

Java frames: (J=compiled Java code, j=interpreted, Vv=VM code)
j  jogamp.nativewindow.jawt.macosx.MacOSXJAWTWindow.UnsetJAWTRootSurfaceLayer0(JJ)V+0
j  jogamp.nativewindow.jawt.macosx.MacOSXJAWTWindow.access$200(JJ)V+2
j  jogamp.nativewindow.jawt.macosx.MacOSXJAWTWindow$1.run()V+38
j  com.jogamp.common.util.RunnableTask.run()V+24
v  ~StubRoutines::call_stub

---------------  P R O C E S S  ---------------

Java Threads: ( => current thread )
  0x00007f8f927f7800 JavaThread "Thread-3" [_thread_blocked, id=64779, stack(0x000000017cd61000,0x000000017ce61000)]
  0x00007f8f9230f000 JavaThread "AWT-EventQueue-1" [_thread_in_native, id=60967, stack(0x0000000176b7a000,0x0000000176c7a000)]
  0x00007f8f922b1800 JavaThread "DestroyJavaVM" [_thread_blocked, id=4867, stack(0x0000000103eed000,0x0000000103fed000)]
  0x00007f8f911c2800 JavaThread "AWT-EventQueue-0" [_thread_blocked, id=58371, stack(0x000000012a7f4000,0x000000012a8f4000)]
  0x00007f8f91a38800 JavaThread "Java2D Disposer" daemon [_thread_blocked, id=55319, stack(0x00000001294ca000,0x00000001295ca000)]
  0x00007f8f919ec800 JavaThread "Java2D Queue Flusher" daemon [_thread_blocked, id=53003, stack(0x0000000128444000,0x0000000128544000)]
  0x00007f8f91151000 JavaThread "AWT-Shutdown" [_thread_blocked, id=30483, stack(0x0000000125429000,0x0000000125529000)]
=>0x00007f8f9081a800 JavaThread "AWT-AppKit" daemon [_thread_in_native, id=1811, stack(0x00007fff5b62a000,0x00007fff5be2a000)]
  0x00007f8f92013000 JavaThread "Service Thread" daemon [_thread_blocked, id=20739, stack(0x00000001239d2000,0x0000000123ad2000)]
  0x00007f8f91824800 JavaThread "C1 CompilerThread3" daemon [_thread_blocked, id=20227, stack(0x00000001238cf000,0x00000001239cf000)]
  0x00007f8f91824000 JavaThread "C2 CompilerThread2" daemon [_thread_blocked, id=19715, stack(0x00000001237cc000,0x00000001238cc000)]
  0x00007f8f91823000 JavaThread "C2 CompilerThread1" daemon [_thread_blocked, id=19203, stack(0x00000001236c9000,0x00000001237c9000)]
  0x00007f8f92007800 JavaThread "C2 CompilerThread0" daemon [_thread_blocked, id=18691, stack(0x00000001235c6000,0x00000001236c6000)]
  0x00007f8f92004000 JavaThread "Signal Dispatcher" daemon [_thread_blocked, id=14611, stack(0x00000001234c3000,0x00000001235c3000)]
  0x00007f8f91069800 JavaThread "Finalizer" daemon [_thread_blocked, id=13571, stack(0x0000000121aa3000,0x0000000121ba3000)]
  0x00007f8f91068800 JavaThread "Reference Handler" daemon [_thread_blocked, id=13059, stack(0x00000001219a0000,0x0000000121aa0000)]

Other Threads:
  0x00007f8f91066000 VMThread [stack: 0x000000012189d000,0x000000012199d000] [id=12547]
  0x00007f8f92005000 WatcherThread [stack: 0x0000000123ad5000,0x0000000123bd5000] [id=21251]

VM state:not at safepoint (normal execution)

VM Mutex/Monitor currently owned by a thread: None

Heap:
 PSYoungGen      total 76288K, used 60636K [0x000000076ab00000, 0x0000000770000000, 0x00000007c0000000)
  eden space 65536K, 92% used [0x000000076ab00000,0x000000076e637070,0x000000076eb00000)
  from space 10752K, 0% used [0x000000076f580000,0x000000076f580000,0x0000000770000000)
  to   space 10752K, 0% used [0x000000076eb00000,0x000000076eb00000,0x000000076f580000)
 ParOldGen       total 175104K, used 0K [0x00000006c0000000, 0x00000006cab00000, 0x000000076ab00000)
  object space 175104K, 0% used [0x00000006c0000000,0x00000006c0000000,0x00000006cab00000)
 Metaspace       used 18877K, capacity 19087K, committed 19200K, reserved 1067008K
  class space    used 1930K, capacity 2012K, committed 2048K, reserved 1048576K

Card table byte_map: [0x000000011538f000,0x0000000115b90000] byte_map_base: 0x0000000111d8f000

Marking Bits: (ParMarkBitMap*) 0x00000001058dee20
 Begin Bits: [0x00000001168fe000, 0x000000011a8fe000)
 End Bits:   [0x000000011a8fe000, 0x000000011e8fe000)

Polling page: 0x0000000103ffd000

CodeCache: size=245760Kb used=4781Kb max_used=4781Kb free=240978Kb
 bounds [0x0000000105fcf000, 0x000000010648f000, 0x0000000114fcf000]
 total_blobs=2005 nmethods=1138 adapters=781
 compilation: enabled

Compilation events (10 events):
Event: 3.968 Thread 0x00007f8f91824800 nmethod 1139 0x0000000106453bd0 code [0x0000000106453d20, 0x0000000106453e30]
Event: 3.968 Thread 0x00007f8f91824800 1140  s    1       java.awt.EventDispatchThread::getEventQueue (5 bytes)
Event: 3.968 Thread 0x00007f8f91824800 nmethod 1140 0x0000000106453790 code [0x00000001064538e0, 0x0000000106453b50]
Event: 3.968 Thread 0x00007f8f91824800 1141       1       java.lang.Integer::intValue (5 bytes)
Event: 3.968 Thread 0x00007f8f91824800 nmethod 1141 0x00000001064534d0 code [0x0000000106453620, 0x0000000106453730]
Event: 3.971 Thread 0x00007f8f91824800 1142       3       sun.java2d.pipe.Region::<init> (26 bytes)
Event: 3.971 Thread 0x00007f8f91824800 nmethod 1142 0x0000000106453090 code [0x0000000106453200, 0x00000001064533b0]
Event: 3.981 Thread 0x00007f8f91824800 1143       3       java.awt.Component::isValid (20 bytes)
Event: 3.981 Thread 0x00007f8f91824800 nmethod 1143 0x0000000106472c90 code [0x0000000106472e00, 0x0000000106472ff0]
Event: 3.990 Thread 0x00007f8f91824800 1144       3       java.security.ProtectionDomain$JavaSecurityAccessImpl::doIntersectionPrivilege (22 bytes)

GC Heap History (0 events):
No events

Deoptimization events (10 events):
Event: 1.076 Thread 0x00007f8f909a2800 Uncommon trap: reason=unstable_if action=reinterpret pc=0x0000000106191fc0 method=java.lang.String.toLowerCase(Ljava/util/Locale;)Ljava/lang/String; @ 85
Event: 1.242 Thread 0x00007f8f9126f800 Uncommon trap: reason=unstable_if action=reinterpret pc=0x000000010624a1e8 method=java.lang.String.indexOf([CII[CIII)I @ 3
Event: 1.242 Thread 0x00007f8f9126f800 Uncommon trap: reason=unstable_if action=reinterpret pc=0x00000001062142e4 method=java.lang.String.indexOf([CII[CIII)I @ 3
Event: 1.242 Thread 0x00007f8f9126f800 Uncommon trap: reason=unstable_if action=reinterpret pc=0x000000010617df98 method=java.lang.String.indexOf([CII[CIII)I @ 3
Event: 1.966 Thread 0x00007f8f9230f000 Uncommon trap: reason=unstable_if action=reinterpret pc=0x000000010616966c method=java.lang.AbstractStringBuilder.append(Ljava/lang/String;)Ljava/lang/AbstractStringBuilder; @ 1
Event: 2.039 Thread 0x00007f8f9230f000 Uncommon trap: reason=unstable_if action=reinterpret pc=0x00000001063aa37c method=com.sun.org.apache.xerces.internal.impl.XMLEntityScanner.scanContent(Lcom/sun/org/apache/xerces/internal/xni/XMLString;)I @ 44
Event: 2.044 Thread 0x00007f8f9230f000 Uncommon trap: reason=unstable_if action=reinterpret pc=0x0000000106396f10 method=com.sun.org.apache.xerces.internal.impl.XMLEntityScanner.skipSpaces()Z @ 14
Event: 2.096 Thread 0x00007f8f9230f000 Uncommon trap: reason=unstable_if action=reinterpret pc=0x00000001063f059c method=com.sun.org.apache.xerces.internal.dom.DeferredDocumentImpl.ensureCapacity(I)V @ 4
Event: 2.096 Thread 0x00007f8f9230f000 Uncommon trap: reason=unstable_if action=reinterpret pc=0x00000001063d89ec method=com.sun.org.apache.xerces.internal.util.SymbolTable.addSymbol([CII)Ljava/lang/String; @ 29
Event: 2.096 Thread 0x00007f8f9230f000 Uncommon trap: reason=unstable_if action=reinterpret pc=0x000000010639b7b0 method=com.sun.org.apache.xerces.internal.util.SymbolTable.addSymbol([CII)Ljava/lang/String; @ 29

Internal exceptions (10 events):
Event: 0.242 Thread 0x00007f8f91004000 Exception <a 'java/io/FileNotFoundException'> (0x000000076af78408) thrown at [/Users/java_re/workspace/8-2-build-macosx-x86_64/jdk8u60/4407/hotspot/src/share/vm/prims/jni.cpp, line 709]
Event: 0.242 Thread 0x00007f8f91004000 Exception <a 'java/io/FileNotFoundException'> (0x000000076af78f70) thrown at [/Users/java_re/workspace/8-2-build-macosx-x86_64/jdk8u60/4407/hotspot/src/share/vm/prims/jni.cpp, line 709]
Event: 0.318 Thread 0x00007f8f91004000 Exception <a 'java/io/FileNotFoundException'> (0x000000076b010c30) thrown at [/Users/java_re/workspace/8-2-build-macosx-x86_64/jdk8u60/4407/hotspot/src/share/vm/prims/jni.cpp, line 709]
Event: 1.258 Thread 0x00007f8f9126f800 Exception <a 'java/lang/UnsatisfiedLinkError': com.jogamp.common.util.JarUtil.fixNativeLibAttribs(Ljava/lang/String;)Z> (0x000000076c7a8660) thrown at [/Users/java_re/workspace/8-2-build-macosx-x86_64/jdk8u60/4407/hotspot/src/share/vm/prims/nativeLookup.c
Event: 1.966 Thread 0x00007f8f9230f000 Exception <a 'java/io/FileNotFoundException'> (0x000000076dad8bd8) thrown at [/Users/java_re/workspace/8-2-build-macosx-x86_64/jdk8u60/4407/hotspot/src/share/vm/prims/jni.cpp, line 709]
Event: 1.966 Thread 0x00007f8f9230f000 Exception <a 'java/io/FileNotFoundException'> (0x000000076dadfa30) thrown at [/Users/java_re/workspace/8-2-build-macosx-x86_64/jdk8u60/4407/hotspot/src/share/vm/prims/jni.cpp, line 709]
Event: 1.966 Thread 0x00007f8f9230f000 Implicit null exception at 0x00000001061692f5 to 0x0000000106169659
Event: 2.078 Thread 0x00007f8f9230f000 Exception <a 'java/lang/ClassCastException': java.lang.Float cannot be cast to java.lang.Integer> (0x000000076e164678) thrown at [/Users/java_re/workspace/8-2-build-macosx-x86_64/jdk8u60/4407/hotspot/src/share/vm/interpreter/interpreterRuntime.cpp, line 3
Event: 2.096 Thread 0x00007f8f9230f000 Implicit null exception at 0x00000001063ef61a to 0x00000001063f0586
Event: 2.125 Thread 0x00007f8f9230f000 Exception <a 'java/lang/ClassCastException': java.lang.Float cannot be cast to java.lang.Integer> (0x000000076e433ca0) thrown at [/Users/java_re/workspace/8-2-build-macosx-x86_64/jdk8u60/4407/hotspot/src/share/vm/interpreter/interpreterRuntime.cpp, line 3

Events (10 events):
Event: 3.988 loading class com/jogamp/nativewindow/awt/JAWTWindow$JAWTComponentListener$2 done
Event: 3.989 loading class jogamp/nativewindow/jawt/macosx/MacOSXJAWTWindow$1
Event: 3.989 loading class jogamp/nativewindow/jawt/macosx/MacOSXJAWTWindow$1 done
Event: 3.990 loading class java/awt/LightweightDispatcher$2
Event: 3.990 loading class java/awt/LightweightDispatcher$2 done
Event: 3.990 loading class java/awt/event/AWTEventListenerProxy
Event: 3.990 loading class java/awt/event/AWTEventListenerProxy done
Event: 3.990 loading class java/awt/Toolkit$ToolkitEventMulticaster
Event: 3.990 loading class java/awt/Toolkit$ToolkitEventMulticaster done
Event: 3.990 Thread 0x00007f8f920e6000 Thread exited: 0x00007f8f920e6000


Dynamic libraries:
0x0000000000918000 	/System/Library/Frameworks/Cocoa.framework/Versions/A/Cocoa
0x0000000000918000 	/System/Library/Frameworks/Security.framework/Versions/A/Security
0x0000000000918000 	/System/Library/Frameworks/ApplicationServices.framework/Versions/A/ApplicationServices
0x0000000000918000 	/usr/lib/libz.1.dylib
0x0000000000918000 	/usr/lib/libSystem.B.dylib
0x0000000000918000 	/usr/lib/libobjc.A.dylib
0x0000000000918000 	/System/Library/Frameworks/CoreFoundation.framework/Versions/A/CoreFoundation
0x0000000000918000 	/System/Library/Frameworks/Foundation.framework/Versions/C/Foundation
0x0000000000918000 	/System/Library/Frameworks/AppKit.framework/Versions/C/AppKit
0x0000000000918000 	/System/Library/Frameworks/CoreData.framework/Versions/A/CoreData
0x0000000000918000 	/System/Library/PrivateFrameworks/RemoteViewServices.framework/Versions/A/RemoteViewServices
0x0000000000918000 	/System/Library/PrivateFrameworks/UIFoundation.framework/Versions/A/UIFoundation
0x0000000000918000 	/System/Library/Frameworks/IOSurface.framework/Versions/A/IOSurface
0x0000000000918000 	/System/Library/Frameworks/AudioToolbox.framework/Versions/A/AudioToolbox
0x0000000000918000 	/System/Library/Frameworks/AudioUnit.framework/Versions/A/AudioUnit
0x0000000000918000 	/System/Library/PrivateFrameworks/DataDetectorsCore.framework/Versions/A/DataDetectorsCore
0x0000000000918000 	/System/Library/PrivateFrameworks/DesktopServicesPriv.framework/Versions/A/DesktopServicesPriv
0x0000000000918000 	/System/Library/Frameworks/Carbon.framework/Versions/A/Frameworks/HIToolbox.framework/Versions/A/HIToolbox
0x0000000000918000 	/System/Library/Frameworks/QuartzCore.framework/Versions/A/QuartzCore
0x0000000000918000 	/System/Library/Frameworks/Carbon.framework/Versions/A/Frameworks/SpeechRecognition.framework/Versions/A/SpeechRecognition
0x0000000000918000 	/usr/lib/libauto.dylib
0x0000000000918000 	/usr/lib/libicucore.A.dylib
0x0000000000918000 	/usr/lib/libxml2.2.dylib
0x0000000000918000 	/System/Library/PrivateFrameworks/CoreUI.framework/Versions/A/CoreUI
0x0000000000918000 	/System/Library/Frameworks/CoreAudio.framework/Versions/A/CoreAudio
0x0000000000918000 	/System/Library/Frameworks/DiskArbitration.framework/Versions/A/DiskArbitration
0x0000000000918000 	/usr/lib/liblangid.dylib
0x0000000000918000 	/System/Library/PrivateFrameworks/MultitouchSupport.framework/Versions/A/MultitouchSupport
0x0000000000918000 	/System/Library/Frameworks/IOKit.framework/Versions/A/IOKit
0x0000000000918000 	/usr/lib/libDiagnosticMessagesClient.dylib
0x0000000000918000 	/System/Library/Frameworks/CoreServices.framework/Versions/A/CoreServices
0x0000000000918000 	/System/Library/PrivateFrameworks/PerformanceAnalysis.framework/Versions/A/PerformanceAnalysis
0x0000000000918000 	/System/Library/PrivateFrameworks/GenerationalStorage.framework/Versions/A/GenerationalStorage
0x0000000000918000 	/System/Library/Frameworks/OpenGL.framework/Versions/A/OpenGL
0x0000000000918000 	/System/Library/PrivateFrameworks/Sharing.framework/Versions/A/Sharing
0x0000000000918000 	/System/Library/Frameworks/CoreGraphics.framework/Versions/A/CoreGraphics
0x0000000000918000 	/System/Library/Frameworks/CoreText.framework/Versions/A/CoreText
0x0000000000918000 	/System/Library/Frameworks/ImageIO.framework/Versions/A/ImageIO
0x0000000000918000 	/usr/lib/libextension.dylib
0x0000000000918000 	/System/Library/PrivateFrameworks/Backup.framework/Versions/A/Backup
0x0000000000918000 	/usr/lib/libarchive.2.dylib
0x0000000000918000 	/System/Library/Frameworks/CFNetwork.framework/Versions/A/CFNetwork
0x0000000000918000 	/System/Library/Frameworks/SystemConfiguration.framework/Versions/A/SystemConfiguration
0x0000000000918000 	/usr/lib/libCRFSuite.dylib
0x0000000000918000 	/usr/lib/libc++.1.dylib
0x0000000000918000 	/usr/lib/libc++abi.dylib
0x0000000000918000 	/usr/lib/system/libcache.dylib
0x0000000000918000 	/usr/lib/system/libcommonCrypto.dylib
0x0000000000918000 	/usr/lib/system/libcompiler_rt.dylib
0x0000000000918000 	/usr/lib/system/libcopyfile.dylib
0x0000000000918000 	/usr/lib/system/libcorecrypto.dylib
0x0000000000918000 	/usr/lib/system/libdispatch.dylib
0x0000000000918000 	/usr/lib/system/libdyld.dylib
0x0000000000918000 	/usr/lib/system/libkeymgr.dylib
0x0000000000918000 	/usr/lib/system/liblaunch.dylib
0x0000000000918000 	/usr/lib/system/libmacho.dylib
0x0000000000918000 	/usr/lib/system/libquarantine.dylib
0x0000000000918000 	/usr/lib/system/libremovefile.dylib
0x0000000000918000 	/usr/lib/system/libsystem_asl.dylib
0x0000000000918000 	/usr/lib/system/libsystem_blocks.dylib
0x0000000000918000 	/usr/lib/system/libsystem_c.dylib
0x0000000000918000 	/usr/lib/system/libsystem_configuration.dylib
0x0000000000918000 	/usr/lib/system/libsystem_coreservices.dylib
0x0000000000918000 	/usr/lib/system/libsystem_coretls.dylib
0x0000000000918000 	/usr/lib/system/libsystem_dnssd.dylib
0x0000000000918000 	/usr/lib/system/libsystem_info.dylib
0x0000000000918000 	/usr/lib/system/libsystem_kernel.dylib
0x0000000000918000 	/usr/lib/system/libsystem_m.dylib
0x0000000000918000 	/usr/lib/system/libsystem_malloc.dylib
0x0000000000918000 	/usr/lib/system/libsystem_network.dylib
0x0000000000918000 	/usr/lib/system/libsystem_networkextension.dylib
0x0000000000918000 	/usr/lib/system/libsystem_notify.dylib
0x0000000000918000 	/usr/lib/system/libsystem_platform.dylib
0x0000000000918000 	/usr/lib/system/libsystem_pthread.dylib
0x0000000000918000 	/usr/lib/system/libsystem_sandbox.dylib
0x0000000000918000 	/usr/lib/system/libsystem_secinit.dylib
0x0000000000918000 	/usr/lib/system/libsystem_stats.dylib
0x0000000000918000 	/usr/lib/system/libsystem_trace.dylib
0x0000000000918000 	/usr/lib/system/libunc.dylib
0x0000000000918000 	/usr/lib/system/libunwind.dylib
0x0000000000918000 	/usr/lib/system/libxpc.dylib
0x0000000000918000 	/usr/lib/libbz2.1.0.dylib
0x0000000000918000 	/usr/lib/liblzma.5.dylib
0x0000000000918000 	/usr/lib/libbsm.0.dylib
0x0000000000918000 	/usr/lib/libsqlite3.dylib
0x0000000000918000 	/usr/lib/system/libkxld.dylib
0x0000000000918000 	/usr/lib/libxar.1.dylib
0x0000000000918000 	/usr/lib/libpam.2.dylib
0x0000000000918000 	/usr/lib/libOpenScriptingUtil.dylib
0x0000000000918000 	/System/Library/Frameworks/CoreServices.framework/Versions/A/Frameworks/FSEvents.framework/Versions/A/FSEvents
0x0000000000918000 	/System/Library/Frameworks/CoreServices.framework/Versions/A/Frameworks/CarbonCore.framework/Versions/A/CarbonCore
0x0000000000918000 	/System/Library/Frameworks/CoreServices.framework/Versions/A/Frameworks/Metadata.framework/Versions/A/Metadata
0x0000000000918000 	/System/Library/Frameworks/CoreServices.framework/Versions/A/Frameworks/OSServices.framework/Versions/A/OSServices
0x0000000000918000 	/System/Library/Frameworks/CoreServices.framework/Versions/A/Frameworks/SearchKit.framework/Versions/A/SearchKit
0x0000000000918000 	/System/Library/Frameworks/CoreServices.framework/Versions/A/Frameworks/AE.framework/Versions/A/AE
0x0000000000918000 	/System/Library/Frameworks/CoreServices.framework/Versions/A/Frameworks/LaunchServices.framework/Versions/A/LaunchServices
0x0000000000918000 	/System/Library/Frameworks/CoreServices.framework/Versions/A/Frameworks/DictionaryServices.framework/Versions/A/DictionaryServices
0x0000000000918000 	/System/Library/Frameworks/NetFS.framework/Versions/A/NetFS
0x0000000000918000 	/System/Library/PrivateFrameworks/NetAuth.framework/Versions/A/NetAuth
0x0000000000918000 	/System/Library/PrivateFrameworks/login.framework/Versions/A/Frameworks/loginsupport.framework/Versions/A/loginsupport
0x0000000000918000 	/System/Library/PrivateFrameworks/TCC.framework/Versions/A/TCC
0x0000000000918000 	/usr/lib/libmecabra.dylib
0x0000000000918000 	/System/Library/Frameworks/ApplicationServices.framework/Versions/A/Frameworks/ATS.framework/Versions/A/ATS
0x0000000000918000 	/System/Library/Frameworks/ApplicationServices.framework/Versions/A/Frameworks/ColorSync.framework/Versions/A/ColorSync
0x0000000000918000 	/System/Library/Frameworks/ApplicationServices.framework/Versions/A/Frameworks/HIServices.framework/Versions/A/HIServices
0x0000000000918000 	/System/Library/Frameworks/ApplicationServices.framework/Versions/A/Frameworks/LangAnalysis.framework/Versions/A/LangAnalysis
0x0000000000918000 	/System/Library/Frameworks/ApplicationServices.framework/Versions/A/Frameworks/PrintCore.framework/Versions/A/PrintCore
0x0000000000918000 	/System/Library/Frameworks/ApplicationServices.framework/Versions/A/Frameworks/QD.framework/Versions/A/QD
0x0000000000918000 	/System/Library/Frameworks/ApplicationServices.framework/Versions/A/Frameworks/SpeechSynthesis.framework/Versions/A/SpeechSynthesis
0x0000000000918000 	/System/Library/Frameworks/Accelerate.framework/Versions/A/Accelerate
0x0000000000918000 	/System/Library/Frameworks/Accelerate.framework/Versions/A/Frameworks/vImage.framework/Versions/A/vImage
0x0000000000918000 	/System/Library/Frameworks/Accelerate.framework/Versions/A/Frameworks/vecLib.framework/Versions/A/vecLib
0x0000000000918000 	/System/Library/Frameworks/Accelerate.framework/Versions/A/Frameworks/vecLib.framework/Versions/A/libvDSP.dylib
0x0000000000918000 	/System/Library/Frameworks/Accelerate.framework/Versions/A/Frameworks/vecLib.framework/Versions/A/libvMisc.dylib
0x0000000000918000 	/System/Library/Frameworks/Accelerate.framework/Versions/A/Frameworks/vecLib.framework/Versions/A/libLAPACK.dylib
0x0000000000918000 	/System/Library/Frameworks/Accelerate.framework/Versions/A/Frameworks/vecLib.framework/Versions/A/libBLAS.dylib
0x0000000000918000 	/System/Library/Frameworks/Accelerate.framework/Versions/A/Frameworks/vecLib.framework/Versions/A/libLinearAlgebra.dylib
0x0000000000918000 	/System/Library/Frameworks/ApplicationServices.framework/Versions/A/Frameworks/ATS.framework/Versions/A/Resources/libFontParser.dylib
0x0000000000918000 	/System/Library/Frameworks/ApplicationServices.framework/Versions/A/Frameworks/ATS.framework/Versions/A/Resources/libFontRegistry.dylib
0x0000000000918000 	/System/Library/PrivateFrameworks/AppleVPA.framework/Versions/A/AppleVPA
0x0000000000918000 	/System/Library/PrivateFrameworks/AppleJPEG.framework/Versions/A/AppleJPEG
0x0000000000918000 	/System/Library/Frameworks/ImageIO.framework/Versions/A/Resources/libJPEG.dylib
0x0000000000918000 	/System/Library/Frameworks/ImageIO.framework/Versions/A/Resources/libTIFF.dylib
0x0000000000918000 	/System/Library/Frameworks/ImageIO.framework/Versions/A/Resources/libPng.dylib
0x0000000000918000 	/System/Library/Frameworks/ImageIO.framework/Versions/A/Resources/libGIF.dylib
0x0000000000918000 	/System/Library/Frameworks/ImageIO.framework/Versions/A/Resources/libJP2.dylib
0x0000000000918000 	/System/Library/Frameworks/ImageIO.framework/Versions/A/Resources/libRadiance.dylib
0x0000000000918000 	/System/Library/Frameworks/CoreVideo.framework/Versions/A/CoreVideo
0x0000000000918000 	/System/Library/Frameworks/OpenGL.framework/Versions/A/Libraries/libGLU.dylib
0x0000000000918000 	/System/Library/Frameworks/OpenGL.framework/Versions/A/Libraries/libGFXShared.dylib
0x0000000000918000 	/System/Library/Frameworks/OpenGL.framework/Versions/A/Libraries/libGL.dylib
0x0000000000918000 	/System/Library/Frameworks/OpenGL.framework/Versions/A/Libraries/libGLImage.dylib
0x0000000000918000 	/System/Library/Frameworks/OpenGL.framework/Versions/A/Libraries/libCVMSPluginSupport.dylib
0x0000000000918000 	/System/Library/Frameworks/OpenGL.framework/Versions/A/Libraries/libCoreVMClient.dylib
0x0000000000918000 	/usr/lib/libcups.2.dylib
0x0000000000918000 	/System/Library/Frameworks/Kerberos.framework/Versions/A/Kerberos
0x0000000000918000 	/System/Library/Frameworks/GSS.framework/Versions/A/GSS
0x0000000000918000 	/usr/lib/libresolv.9.dylib
0x0000000000918000 	/usr/lib/libiconv.2.dylib
0x0000000000918000 	/System/Library/PrivateFrameworks/Heimdal.framework/Versions/A/Heimdal
0x0000000000918000 	/usr/lib/libheimdal-asn1.dylib
0x0000000000918000 	/System/Library/Frameworks/OpenDirectory.framework/Versions/A/OpenDirectory
0x0000000000918000 	/System/Library/PrivateFrameworks/CommonAuth.framework/Versions/A/CommonAuth
0x0000000000918000 	/System/Library/Frameworks/OpenDirectory.framework/Versions/A/Frameworks/CFOpenDirectory.framework/Versions/A/CFOpenDirectory
0x0000000000918000 	/System/Library/Frameworks/SecurityFoundation.framework/Versions/A/SecurityFoundation
0x0000000000918000 	/System/Library/PrivateFrameworks/LanguageModeling.framework/Versions/A/LanguageModeling
0x0000000000918000 	/usr/lib/libcmph.dylib
0x0000000000918000 	/System/Library/Frameworks/ServiceManagement.framework/Versions/A/ServiceManagement
0x0000000000918000 	/usr/lib/libxslt.1.dylib
0x0000000000918000 	/System/Library/Frameworks/Carbon.framework/Versions/A/Frameworks/Ink.framework/Versions/A/Ink
0x0000000000918000 	/System/Library/Frameworks/QuartzCore.framework/Versions/A/Frameworks/CoreImage.framework/Versions/A/CoreImage
0x0000000000918000 	/System/Library/PrivateFrameworks/CrashReporterSupport.framework/Versions/A/CrashReporterSupport
0x0000000000918000 	/System/Library/Frameworks/OpenCL.framework/Versions/A/OpenCL
0x0000000000918000 	/System/Library/PrivateFrameworks/FaceCore.framework/Versions/A/FaceCore
0x0000000000918000 	/System/Library/PrivateFrameworks/Ubiquity.framework/Versions/A/Ubiquity
0x0000000000918000 	/System/Library/PrivateFrameworks/IconServices.framework/Versions/A/IconServices
0x0000000000918000 	/System/Library/PrivateFrameworks/ChunkingLibrary.framework/Versions/A/ChunkingLibrary
0x0000000000918000 	/System/Library/PrivateFrameworks/Apple80211.framework/Versions/A/Apple80211
0x0000000000918000 	/System/Library/Frameworks/CoreWLAN.framework/Versions/A/CoreWLAN
0x0000000000918000 	/System/Library/Frameworks/IOBluetooth.framework/Versions/A/IOBluetooth
0x0000000000918000 	/System/Library/PrivateFrameworks/CoreWiFi.framework/Versions/A/CoreWiFi
0x0000000000918000 	/System/Library/Frameworks/CoreBluetooth.framework/Versions/A/CoreBluetooth
0x0000000000918000 	/System/Library/PrivateFrameworks/DebugSymbols.framework/Versions/A/DebugSymbols
0x0000000000918000 	/System/Library/PrivateFrameworks/CoreSymbolication.framework/Versions/A/CoreSymbolication
0x0000000000918000 	/System/Library/PrivateFrameworks/Symbolication.framework/Versions/A/Symbolication
0x0000000000918000 	/System/Library/PrivateFrameworks/SpeechRecognitionCore.framework/Versions/A/SpeechRecognitionCore
0x0000000105000000 	/Library/Java/JavaVirtualMachines/jdk1.8.0_60.jdk/Contents/Home/jre/lib/server/libjvm.dylib
0x0000000000918000 	/usr/lib/libstdc++.6.dylib
0x0000000103fef000 	/Library/Java/JavaVirtualMachines/jdk1.8.0_60.jdk/Contents/Home/jre/lib/libverify.dylib
0x0000000105f89000 	/Library/Java/JavaVirtualMachines/jdk1.8.0_60.jdk/Contents/Home/jre/lib/libjava.dylib
0x0000000105fc6000 	/Library/Java/JavaVirtualMachines/jdk1.8.0_60.jdk/Contents/Home/jre/lib/libzip.dylib
0x0000000121ba5000 	/System/Library/Frameworks/JavaVM.framework/Frameworks/JavaRuntimeSupport.framework/JavaRuntimeSupport
0x0000000121bbb000 	/System/Library/Frameworks/JavaVM.framework/Versions/A/Frameworks/JavaNativeFoundation.framework/Versions/A/JavaNativeFoundation
0x0000000121bcf000 	/System/Library/Frameworks/JavaVM.framework/Versions/A/JavaVM
0x0000000000918000 	/System/Library/Frameworks/Carbon.framework/Versions/A/Carbon
0x0000000121bdb000 	/System/Library/PrivateFrameworks/JavaLaunching.framework/Versions/A/JavaLaunching
0x0000000000918000 	/System/Library/Frameworks/Carbon.framework/Versions/A/Frameworks/CommonPanels.framework/Versions/A/CommonPanels
0x0000000000918000 	/System/Library/Frameworks/Carbon.framework/Versions/A/Frameworks/Help.framework/Versions/A/Help
0x0000000000918000 	/System/Library/Frameworks/Carbon.framework/Versions/A/Frameworks/ImageCapture.framework/Versions/A/ImageCapture
0x0000000000918000 	/System/Library/Frameworks/Carbon.framework/Versions/A/Frameworks/OpenScripting.framework/Versions/A/OpenScripting
0x0000000000918000 	/System/Library/Frameworks/Carbon.framework/Versions/A/Frameworks/Print.framework/Versions/A/Print
0x0000000000918000 	/System/Library/Frameworks/Carbon.framework/Versions/A/Frameworks/SecurityHI.framework/Versions/A/SecurityHI
0x0000000123bd9000 	/Library/Java/JavaVirtualMachines/jdk1.8.0_60.jdk/Contents/Home/jre/lib/libawt.dylib
0x0000000123c81000 	/Library/Java/JavaVirtualMachines/jdk1.8.0_60.jdk/Contents/Home/jre/lib/./libmlib_image.dylib
0x0000000123d4d000 	/Library/Java/JavaVirtualMachines/jdk1.8.0_60.jdk/Contents/Home/jre/lib/libawt_lwawt.dylib
0x0000000123e02000 	/Library/Java/JavaVirtualMachines/jdk1.8.0_60.jdk/Contents/Home/jre/lib/./libosxapp.dylib
0x0000000000918000 	/System/Library/Frameworks/ExceptionHandling.framework/Versions/A/ExceptionHandling
0x0000000000918000 	/System/Library/PrivateFrameworks/CoreServicesInternal.framework/Versions/A/CoreServicesInternal
0x0000000000918000 	/System/Library/PrivateFrameworks/CloudDocs.framework/Versions/A/CloudDocs
0x0000000000918000 	/System/Library/PrivateFrameworks/CoreDuet.framework/Versions/A/CoreDuet
0x0000000000918000 	/System/Library/Frameworks/CloudKit.framework/Versions/A/CloudKit
0x0000000000918000 	/System/Library/PrivateFrameworks/ProtocolBuffer.framework/Versions/A/ProtocolBuffer
0x0000000000918000 	/System/Library/PrivateFrameworks/CoreDuetDaemonProtocol.framework/Versions/A/CoreDuetDaemonProtocol
0x0000000000918000 	/System/Library/PrivateFrameworks/CoreDuetDebugLogging.framework/Versions/A/CoreDuetDebugLogging
0x0000000000918000 	/System/Library/PrivateFrameworks/MMCS.framework/Versions/A/MMCS
0x0000000000918000 	/System/Library/Frameworks/CoreLocation.framework/Versions/A/CoreLocation
0x0000000000918000 	/System/Library/PrivateFrameworks/ProtectedCloudStorage.framework/Versions/A/ProtectedCloudStorage
0x0000000000918000 	/System/Library/PrivateFrameworks/GeoServices.framework/Versions/A/GeoServices
0x0000000000918000 	/System/Library/Frameworks/CoreGraphics.framework/Versions/A/Resources/libCGCMS.A.dylib
0x0000000000918000 	/System/Library/Frameworks/CoreGraphics.framework/Versions/A/Resources/libRIP.A.dylib
0x0000000000918000 	/System/Library/Frameworks/CoreGraphics.framework/Versions/A/Resources/libCGXType.A.dylib
0x0000000000918000 	/System/Library/Frameworks/OpenCL.framework/Versions/A/Libraries/libcldcpuengine.dylib
0x0000000000918000 	/System/Library/PrivateFrameworks/DiskImages.framework/Versions/A/DiskImages
0x0000000000918000 	/System/Library/Frameworks/DiscRecording.framework/Versions/A/DiscRecording
0x0000000000918000 	/usr/lib/libcsfde.dylib
0x0000000000918000 	/usr/lib/libcurl.4.dylib
0x0000000000918000 	/System/Library/PrivateFrameworks/MediaKit.framework/Versions/A/MediaKit
0x0000000000918000 	/usr/lib/libCoreStorage.dylib
0x0000000000918000 	/System/Library/PrivateFrameworks/EFILogin.framework/Versions/A/EFILogin
0x0000000000918000 	/usr/lib/libutil.dylib
0x0000000000918000 	/System/Library/PrivateFrameworks/FindMyDevice.framework/Versions/A/FindMyDevice
0x0000000000918000 	/System/Library/Frameworks/LDAP.framework/Versions/A/LDAP
0x0000000000918000 	/usr/lib/libsasl2.2.dylib
0x0000000000918000 	/System/Library/PrivateFrameworks/CoreDaemon.framework/Versions/B/CoreDaemon
0x0000000000918000 	/usr/lib/libcrypto.0.9.8.dylib
0x0000000000918000 	/System/Library/PrivateFrameworks/AppleSRP.framework/Versions/A/AppleSRP
0x0000000000918000 	/System/Library/PrivateFrameworks/TrustEvaluationAgent.framework/Versions/A/TrustEvaluationAgent
0x0000000126f73000 	cl_kernels
0x0000000126f75000 	/System/Library/Frameworks/OpenCL.framework/Versions/A/Libraries/ImageFormats/unorm8_bgra.dylib
0x0000000126f65000 	cl_kernels
0x0000000000918000 	/System/Library/PrivateFrameworks/FamilyControls.framework/Versions/A/FamilyControls
0x0000000000918000 	/System/Library/PrivateFrameworks/CommerceKit.framework/Versions/A/Frameworks/CommerceCore.framework/Versions/A/CommerceCore
0x0000000000918000 	/System/Library/PrivateFrameworks/SystemAdministration.framework/Versions/A/SystemAdministration
0x0000000000918000 	/System/Library/PrivateFrameworks/AppContainer.framework/Versions/A/AppContainer
0x0000000000918000 	/System/Library/PrivateFrameworks/SecCodeWrapper.framework/Versions/A/SecCodeWrapper
0x0000000000918000 	/System/Library/Frameworks/DirectoryService.framework/Versions/A/DirectoryService
0x0000000000918000 	/System/Library/PrivateFrameworks/LoginUIKit.framework/Versions/A/Frameworks/LoginUICore.framework/Versions/A/LoginUICore
0x0000000000918000 	/usr/lib/libodfde.dylib
0x0000000000918000 	/System/Library/Frameworks/OpenGL.framework/Versions/A/Resources/GLEngine.bundle/GLEngine
0x0000000000918000 	/System/Library/Frameworks/OpenGL.framework/Versions/A/Libraries/libGLProgrammability.dylib
0x0000000128546000 	/System/Library/Extensions/AppleIntelHD5000GraphicsGLDriver.bundle/Contents/MacOS/AppleIntelHD5000GraphicsGLDriver
0x0000000000918000 	/System/Library/PrivateFrameworks/IOAccelerator.framework/Versions/A/IOAccelerator
0x0000000000918000 	/System/Library/PrivateFrameworks/GPUSupport.framework/Versions/A/Libraries/libGPUSupportMercury.dylib
0x0000000000918000 	/System/Library/Frameworks/OpenGL.framework/Versions/A/Resources/GLRendererFloat.bundle/GLRendererFloat
0x00000001295cc000 	/Library/Java/JavaVirtualMachines/jdk1.8.0_60.jdk/Contents/Home/jre/lib/libfontmanager.dylib
0x000000012a906000 	/Library/Java/JavaVirtualMachines/jdk1.8.0_60.jdk/Contents/Home/jre/lib/libosxui.dylib
0x000000012ab94000 	/Library/Java/JavaVirtualMachines/jdk1.8.0_60.jdk/Contents/Home/jre/lib/libnet.dylib
0x000000012a945000 	/Library/Java/JavaVirtualMachines/jdk1.8.0_60.jdk/Contents/Home/jre/lib/libnio.dylib
0x0000000000918000 	/System/Library/Frameworks/ApplicationServices.framework/Versions/A/Frameworks/ATS.framework/Versions/A/Resources/libTrueTypeScaler.dylib
0x00000001762a1000 	/private/var/folders/b5/zysj4pxj6576yq718hwysrg80000gn/T/jogamp_0000/file_cache/jln1408671878640968444/jln5475662522181259067/libgluegen-rt.jnilib
0x00000001762a6000 	/private/var/folders/b5/zysj4pxj6576yq718hwysrg80000gn/T/jogamp_0000/file_cache/jln1408671878640968444/jln5475662522181259067/libnativewindow_awt.jnilib
0x00000001762a9000 	/Library/Java/JavaVirtualMachines/jdk1.8.0_60.jdk/Contents/Home/jre/lib/libjawt.dylib
0x00000001762ac000 	/private/var/folders/b5/zysj4pxj6576yq718hwysrg80000gn/T/jogamp_0000/file_cache/jln1408671878640968444/jln5475662522181259067/libnativewindow_macosx.jnilib
0x000000017a9e4000 	/private/var/folders/b5/zysj4pxj6576yq718hwysrg80000gn/T/jogamp_0000/file_cache/jln1408671878640968444/jln5475662522181259067/libjogl_desktop.jnilib

VM Arguments:
jvm_args: -Djava.security.policy=java.policy.applet -Dfile.encoding=UTF-8 
java_command: sun.applet.AppletViewer module3.EarthquakeCityMapMTL1493417275783.html
java_class_path (initial): /Users/mauriciotl/MauricioFiles/Eclipse_II/CourseraProjects/UCSDUnfoldingMaps/build:/Users/mauriciotl/MauricioFiles/Eclipse_II/CourseraProjects/UCSDUnfoldingMaps/lib/core.jar:/Users/mauriciotl/MauricioFiles/Eclipse_II/CourseraProjects/UCSDUnfoldingMaps/lib/gluegen-rt.jar:/Users/mauriciotl/MauricioFiles/Eclipse_II/CourseraProjects/UCSDUnfoldingMaps/lib/jogl-all.jar:/Users/mauriciotl/MauricioFiles/Eclipse_II/CourseraProjects/UCSDUnfoldingMaps/lib/log4j-1.2.15.jar:/Users/mauriciotl/MauricioFiles/Eclipse_II/CourseraProjects/UCSDUnfoldingMaps/lib/sqlite-jdbc-3.7.2.jar:/Users/mauriciotl/MauricioFiles/Eclipse_II/CourseraProjects/UCSDUnfoldingMaps/lib/json4processing.jar:/Users/mauriciotl/MauricioFiles/Eclipse_II/CourseraProjects/UCSDUnfoldingMaps/lib/libTUIO.jar:/Users/mauriciotl/MauricioFiles/Eclipse_II/CourseraProjects/UCSDUnfoldingMaps/lib/unfolding.0.9.7-uscd.jar
Launcher Type: SUN_STANDARD

Environment Variables:
PATH=/usr/bin:/bin:/usr/sbin:/sbin
SHELL=/bin/bash

Signal Handlers:
SIGSEGV: [libjvm.dylib+0x5a6d31], sa_mask[0]=11111111011111110111111111111111, sa_flags=SA_ONSTACK|SA_RESTART|SA_SIGINFO
SIGBUS: [libjvm.dylib+0x5a6d31], sa_mask[0]=11111111011111110111111111111111, sa_flags=SA_RESTART|SA_SIGINFO
SIGFPE: [libjvm.dylib+0x480a4c], sa_mask[0]=11111111011111110111111111111111, sa_flags=SA_RESTART|SA_SIGINFO
SIGPIPE: [libjvm.dylib+0x480a4c], sa_mask[0]=11111111011111110111111111111111, sa_flags=SA_RESTART|SA_SIGINFO
SIGXFSZ: [libjvm.dylib+0x480a4c], sa_mask[0]=11111111011111110111111111111111, sa_flags=SA_RESTART|SA_SIGINFO
SIGILL: [libjvm.dylib+0x480a4c], sa_mask[0]=11111111011111110111111111111111, sa_flags=SA_RESTART|SA_SIGINFO
SIGUSR1: SIG_DFL, sa_mask[0]=00000000000000000000000000000000, sa_flags=none
SIGUSR2: [libjvm.dylib+0x48056a], sa_mask[0]=00100000000000000000000000000000, sa_flags=SA_RESTART|SA_SIGINFO
SIGHUP: [libjvm.dylib+0x47eb41], sa_mask[0]=11111111011111110111111111111111, sa_flags=SA_RESTART|SA_SIGINFO
SIGINT: [libjvm.dylib+0x47eb41], sa_mask[0]=11111111011111110111111111111111, sa_flags=SA_RESTART|SA_SIGINFO
SIGTERM: [libjvm.dylib+0x47eb41], sa_mask[0]=11111111011111110111111111111111, sa_flags=SA_RESTART|SA_SIGINFO
SIGQUIT: [libjvm.dylib+0x47eb41], sa_mask[0]=11111111011111110111111111111111, sa_flags=SA_RESTART|SA_SIGINFO


---------------  S Y S T E M  ---------------

OS:Bsduname:Darwin 14.5.0 Darwin Kernel Version 14.5.0: Fri Feb 17 10:33:20 PST 2017; root:xnu-2782.50.9.1.1~1/RELEASE_X86_64 x86_64
rlimit: STACK 8192k, CORE 0k, NPROC 709, NOFILE 10240, AS infinity
load average:1.93 1.72 1.54

CPU:total 8 (4 cores per cpu, 2 threads per core) family 6 model 70 stepping 1, cmov, cx8, fxsr, mmx, sse, sse2, sse3, ssse3, sse4.1, sse4.2, popcnt, avx, avx2, aes, clmul, erms, lzcnt, ht, tsc, tscinvbit, bmi1, bmi2

Memory: 4k page, physical 16777216k(2599596k free)

/proc/meminfo:


vm_info: Java HotSpot(TM) 64-Bit Server VM (25.60-b23) for bsd-amd64 JRE (1.8.0_60-b27), built on Aug  4 2015 10:47:24 by "java_re" with gcc 4.2.1 (Based on Apple Inc. build 5658) (LLVM build 2336.11.00)

time: Fri Apr 28 17:07:59 2017
elapsed time: 3 seconds (0d 0h 0m 3s)

