#
# A fatal error has been detected by the Java Runtime Environment:
#
#  SIGSEGV (0xb) at pc=0x00007fff891590dd, pid=2519, tid=1811
#
# JRE version: Java(TM) SE Runtime Environment (8.0_60-b27) (build 1.8.0_60-b27)
# Java VM: Java HotSpot(TM) 64-Bit Server VM (25.60-b23 mixed mode bsd-amd64 compressed oops)
# Problematic frame:
# C  [libobjc.A.dylib+0x10dd]  objc_msgSend+0x1d
#
# Failed to write core dump. Core dumps have been disabled. To enable core dumping, try "ulimit -c unlimited" before starting Java again
#
# If you would like to submit a bug report, please visit:
#   http://bugreport.java.com/bugreport/crash.jsp
# The crash happened outside the Java Virtual Machine in native code.
# See problematic frame for where to report the bug.
#

---------------  T H R E A D  ---------------

Current thread (0x00007f80b48d0800):  JavaThread "AWT-AppKit" daemon [_thread_in_native, id=1811, stack(0x00007fff5efe4000,0x00007fff5f7e4000)]

siginfo: si_signo: 11 (SIGSEGV), si_code: 1 (SEGV_MAPERR), si_addr: 0x0000000000000018

Registers:
RAX=0x00007f80b7694a10, RBX=0x000000017287e450, RCX=0x0000000172b01760, RDX=0x0000000172b01d20
RSP=0x00007fff5f7df4c8, RBP=0x00007fff5f7df580, RSI=0x00007fff9173940f, RDI=0x00007f80b77e1990
R8 =0x0000000000000000, R9 =0x0000000000000f50, R10=0x00007fff9173940f, R11=0x0000000000000000
R12=0x0000000000000000, R13=0x0000000176fb7ae8, R14=0x000000017287e440, R15=0x00007f80b48d0800
RIP=0x00007fff891590dd, EFLAGS=0x0000000000010246, ERR=0x0000000000000004
  TRAPNO=0x000000000000000e

Top of Stack: (sp=0x00007fff5f7df4c8)
0x00007fff5f7df4c8:   000000017287c157 00007fff5f7df520
0x00007fff5f7df4d8:   0000000000000003 00007fff5f7df500
0x00007fff5f7df4e8:   000000010070c992 0000000176fb7ae8
0x00007fff5f7df4f8:   0000000176fb7ae8 00007f80b7694a10
0x00007fff5f7df508:   000000017287e6a0 000000017287e710
0x00007fff5f7df518:   00007fff765ee550 00007fff77375c80
0x00007fff5f7df528:   000000017287e450 000000017287e690
0x00007fff5f7df538:   00007f80b7694a10 00007f80b77e1990
0x00007fff5f7df548:   00007f80b2333400 00007f80b7694a10
0x00007fff5f7df558:   00007f80b77e1990 00007fff5f7df608
0x00007fff5f7df568:   00007f80b48d09f8 0000000176fb7ae8
0x00007fff5f7df578:   00007fff5f7df630 00007fff5f7df5f8
0x00007fff5f7df588:   000000010264a954 0000000176fb7ae8
0x00007fff5f7df598:   00007fff5f7df630 00007fff5f7df5f8
0x00007fff5f7df5a8:   000000010264a6e7 000000010264a6a2
0x00007fff5f7df5b8:   00007fff5f7df5b8 0000000176fb7ae8
0x00007fff5f7df5c8:   00007fff5f7df630 0000000176fba720
0x00007fff5f7df5d8:   0000000000000000 0000000176fb7ae8
0x00007fff5f7df5e8:   0000000000000000 00007fff5f7df618
0x00007fff5f7df5f8:   00007fff5f7df678 000000010263cc4d
0x00007fff5f7df608:   00000006c0666550 0000000102644578
0x00007fff5f7df618:   00007f80b7694a10 00007fff5f7df678
0x00007fff5f7df628:   00007f80b77e1990 0000000102645d82
0x00007fff5f7df638:   00007fff5f7df638 0000000176fb7cb2
0x00007fff5f7df648:   00007fff5f7df6a0 0000000176fba720
0x00007fff5f7df658:   0000000000000000 0000000176fb7cc0
0x00007fff5f7df668:   00007fff5f7df618 00007fff5f7df688
0x00007fff5f7df678:   00007fff5f7df6e8 000000010263cc4d
0x00007fff5f7df688:   00007f80b7694a10 00000006c07f9338
0x00007fff5f7df698:   00007f80b77e1990 00000006c07f9338
0x00007fff5f7df6a8:   00007fff5f7df6a8 0000000176f0cba6
0x00007fff5f7df6b8:   00007fff5f7df6f8 000000017d6972d0 

Instructions: (pc=0x00007fff891590dd)
0x00007fff891590bd:   00 00 00 48 85 ff 2e 74 7a 40 f6 c7 01 2e 75 7e
0x00007fff891590cd:   49 bb f8 ff ff ff ff 7f 00 00 4c 23 1f 49 89 f2
0x00007fff891590dd:   45 23 53 18 49 c1 e2 04 4d 03 53 10 49 3b 32 75
0x00007fff891590ed:   04 41 ff 62 08 49 83 3a 00 74 6a 4d 3b 53 10 74 

Register to memory mapping:

RAX=0x00007f80b7694a10 is an unknown value
RBX=0x000000017287e450: Java_jogamp_nativewindow_macosx_OSXUtil_GetScreenRefreshRate0+0x1cf0 in /private/var/folders/b5/zysj4pxj6576yq718hwysrg80000gn/T/jogamp_0000/file_cache/jln8868047201174698799/jln559536646632342196/libnativewindow_macosx.jnilib at 0x0000000172877000
RCX=0x0000000172b01760 is an unknown value
RDX=0x0000000172b01d20 is an unknown value
RSP=0x00007fff5f7df4c8 is pointing into the stack for thread: 0x00007f80b48d0800
RBP=0x00007fff5f7df580 is pointing into the stack for thread: 0x00007f80b48d0800
RSI=0x00007fff9173940f is an unknown value
RDI=0x00007f80b77e1990 is an unknown value
R8 =0x0000000000000000 is an unknown value
R9 =0x0000000000000f50 is an unknown value
R10=0x00007fff9173940f is an unknown value
R11=0x0000000000000000 is an unknown value
R12=0x0000000000000000 is an unknown value
R13={method} {0x0000000176fb7ae8} 'UnsetJAWTRootSurfaceLayer0' '(JJ)V' in 'jogamp/nativewindow/jawt/macosx/MacOSXJAWTWindow'
R14=0x000000017287e440: Java_jogamp_nativewindow_macosx_OSXUtil_GetScreenRefreshRate0+0x1ce0 in /private/var/folders/b5/zysj4pxj6576yq718hwysrg80000gn/T/jogamp_0000/file_cache/jln8868047201174698799/jln559536646632342196/libnativewindow_macosx.jnilib at 0x0000000172877000
R15=0x00007f80b48d0800 is a thread


Stack: [0x00007fff5efe4000,0x00007fff5f7e4000],  sp=0x00007fff5f7df4c8,  free space=8173k
Native frames: (J=compiled Java code, j=interpreted, Vv=VM code, C=native code)
C  [libobjc.A.dylib+0x10dd]  objc_msgSend+0x1d
j  jogamp.nativewindow.jawt.macosx.MacOSXJAWTWindow.UnsetJAWTRootSurfaceLayer0(JJ)V+0
j  jogamp.nativewindow.jawt.macosx.MacOSXJAWTWindow.access$200(JJ)V+2
j  jogamp.nativewindow.jawt.macosx.MacOSXJAWTWindow$1.run()V+38
j  com.jogamp.common.util.RunnableTask.run()V+24
v  ~StubRoutines::call_stub
V  [libjvm.dylib+0x2eab0e]
V  [libjvm.dylib+0x321bb7]
V  [libjvm.dylib+0x31438b]
C  [libnativewindow_macosx.jnilib+0x5326]  Java_jogamp_nativewindow_jawt_macosx_MacOSXJAWTWindow_UnsetJAWTRootSurfaceLayer0+0x2b6
C  [Foundation+0x92dd0]  __NSThreadPerformPerform+0x125
C  [CoreFoundation+0x80a01]  __CFRUNLOOP_IS_CALLING_OUT_TO_A_SOURCE0_PERFORM_FUNCTION__+0x11
C  [CoreFoundation+0x72b8d]  __CFRunLoopDoSources0+0x10d
C  [CoreFoundation+0x721bf]  __CFRunLoopRun+0x39f
C  [CoreFoundation+0x71bd8]  CFRunLoopRunSpecific+0x128
C  [HIToolbox+0x3256f]  RunCurrentEventLoopInMode+0xeb
C  [HIToolbox+0x321ee]  ReceiveNextEventCommon+0xb3
C  [HIToolbox+0x3212b]  _BlockUntilNextEventMatchingListInModeWithFilter+0x47
C  [AppKit+0x918ab]  _DPSNextEvent+0x3d2
C  [AppKit+0x90e58]  -[NSApplication nextEventMatchingMask:untilDate:inMode:dequeue:]+0x15a
C  [libosxapp.dylib+0x23aa]  -[NSApplicationAWT nextEventMatchingMask:untilDate:inMode:dequeue:]+0x7c
C  [AppKit+0x86af3]  -[NSApplication run]+0x252
C  [libosxapp.dylib+0x214d]  +[NSApplicationAWT runAWTLoopWithApp:]+0x9c
C  [libawt_lwawt.dylib+0x44517]  -[AWTStarter starter:]+0x389
C  [Foundation+0x92dd0]  __NSThreadPerformPerform+0x125
C  [CoreFoundation+0x80a01]  __CFRUNLOOP_IS_CALLING_OUT_TO_A_SOURCE0_PERFORM_FUNCTION__+0x11
C  [CoreFoundation+0x72b8d]  __CFRunLoopDoSources0+0x10d
C  [CoreFoundation+0x721bf]  __CFRunLoopRun+0x39f
C  [CoreFoundation+0x71bd8]  CFRunLoopRunSpecific+0x128
C  [java+0x6463]  CreateExecutionEnvironment+0x367
C  [java+0x21ac]  JLI_Launch+0x7a0
C  [java+0x84c0]  main+0x65
C  [java+0x1a04]  start+0x34
C  0x0000000000000007

Java frames: (J=compiled Java code, j=interpreted, Vv=VM code)
j  jogamp.nativewindow.jawt.macosx.MacOSXJAWTWindow.UnsetJAWTRootSurfaceLayer0(JJ)V+0
j  jogamp.nativewindow.jawt.macosx.MacOSXJAWTWindow.access$200(JJ)V+2
j  jogamp.nativewindow.jawt.macosx.MacOSXJAWTWindow$1.run()V+38
j  com.jogamp.common.util.RunnableTask.run()V+24
v  ~StubRoutines::call_stub

---------------  P R O C E S S  ---------------

Java Threads: ( => current thread )
  0x00007f80b103d800 JavaThread "Thread-170" [_thread_blocked, id=66851, stack(0x0000000181a40000,0x0000000181b40000)]
  0x00007f80b130e800 JavaThread "AWT-EventQueue-1" [_thread_in_native, id=60187, stack(0x0000000173145000,0x0000000173245000)]
  0x00007f80b12d6800 JavaThread "DestroyJavaVM" [_thread_blocked, id=4867, stack(0x00000001014bc000,0x00000001015bc000)]
  0x00007f80b49d3800 JavaThread "AWT-EventQueue-0" [_thread_blocked, id=57859, stack(0x0000000126dbf000,0x0000000126ebf000)]
  0x00007f80b4973000 JavaThread "Java2D Disposer" daemon [_thread_blocked, id=54807, stack(0x0000000125a95000,0x0000000125b95000)]
  0x00007f80b512d000 JavaThread "Java2D Queue Flusher" daemon [_thread_blocked, id=53255, stack(0x0000000124a0f000,0x0000000124b0f000)]
  0x00007f80b4020800 JavaThread "AWT-Shutdown" [_thread_blocked, id=30739, stack(0x0000000121a7e000,0x0000000121b7e000)]
=>0x00007f80b48d0800 JavaThread "AWT-AppKit" daemon [_thread_in_native, id=1811, stack(0x00007fff5efe4000,0x00007fff5f7e4000)]
  0x00007f80b100c800 JavaThread "Service Thread" daemon [_thread_blocked, id=20739, stack(0x0000000120018000,0x0000000120118000)]
  0x00007f80b4821000 JavaThread "C1 CompilerThread3" daemon [_thread_blocked, id=20227, stack(0x000000011ff15000,0x0000000120015000)]
  0x00007f80b400f800 JavaThread "C2 CompilerThread2" daemon [_thread_blocked, id=19715, stack(0x000000011fe12000,0x000000011ff12000)]
  0x00007f80b481c000 JavaThread "C2 CompilerThread1" daemon [_thread_blocked, id=19203, stack(0x000000011fd0f000,0x000000011fe0f000)]
  0x00007f80b100d800 JavaThread "C2 CompilerThread0" daemon [_thread_blocked, id=18691, stack(0x000000011fc0c000,0x000000011fd0c000)]
  0x00007f80b100b800 JavaThread "Signal Dispatcher" daemon [_thread_blocked, id=18443, stack(0x000000011fb09000,0x000000011fc09000)]
  0x00007f80b3014800 JavaThread "Finalizer" daemon [_thread_blocked, id=13571, stack(0x000000011e0e9000,0x000000011e1e9000)]
  0x00007f80b4810000 JavaThread "Reference Handler" daemon [_thread_blocked, id=13059, stack(0x000000011dfe6000,0x000000011e0e6000)]

Other Threads:
  0x00007f80b480d800 VMThread [stack: 0x000000011dee3000,0x000000011dfe3000] [id=12547]
  0x00007f80b4854000 WatcherThread [stack: 0x000000012011b000,0x000000012021b000] [id=21251]

VM state:not at safepoint (normal execution)

VM Mutex/Monitor currently owned by a thread: None

Heap:
 PSYoungGen      total 57856K, used 9149K [0x000000076ab00000, 0x000000076f300000, 0x00000007c0000000)
  eden space 45056K, 6% used [0x000000076ab00000,0x000000076adc74b8,0x000000076d700000)
  from space 12800K, 49% used [0x000000076e680000,0x000000076eca8170,0x000000076f300000)
  to   space 14336K, 0% used [0x000000076d700000,0x000000076d700000,0x000000076e500000)
 ParOldGen       total 90112K, used 50550K [0x00000006c0000000, 0x00000006c5800000, 0x000000076ab00000)
  object space 90112K, 56% used [0x00000006c0000000,0x00000006c315db18,0x00000006c5800000)
 Metaspace       used 21160K, capacity 21371K, committed 21552K, reserved 1069056K
  class space    used 2036K, capacity 2110K, committed 2176K, reserved 1048576K

Card table byte_map: [0x00000001119f5000,0x00000001121f6000] byte_map_base: 0x000000010e3f5000

Marking Bits: (ParMarkBitMap*) 0x0000000100df9e20
 Begin Bits: [0x0000000112f64000, 0x0000000116f64000)
 End Bits:   [0x0000000116f64000, 0x000000011af64000)

Polling page: 0x00000001015cc000

CodeCache: size=245760Kb used=10338Kb max_used=10888Kb free=235421Kb
 bounds [0x0000000102635000, 0x00000001030f5000, 0x0000000111635000]
 total_blobs=3737 nmethods=2853 adapters=797
 compilation: enabled

Compilation events (10 events):
Event: 124.535 Thread 0x00007f80b400f800 nmethod 3400 0x000000010309c9d0 code [0x000000010309cb20, 0x000000010309cb98]
Event: 124.571 Thread 0x00007f80b100d800 3401  s    4       sun.misc.URLClassPath::getNextLoader (88 bytes)
Event: 124.571 Thread 0x00007f80b4821000 3402  s!   2       sun.misc.URLClassPath::getLoader (197 bytes)
Event: 124.573 Thread 0x00007f80b4821000 nmethod 3402 0x0000000102dd3c10 code [0x0000000102dd3f00, 0x0000000102dd5608]
Event: 124.574 Thread 0x00007f80b4821000 3404       3       sun.java2d.pipe.RenderBuffer::putFloat (26 bytes)
Event: 124.574 Thread 0x00007f80b4821000 nmethod 3404 0x0000000102dd3850 code [0x0000000102dd39c0, 0x0000000102dd3b50]
Event: 124.574 Thread 0x00007f80b4821000 3403       1       sun.java2d.SurfaceData::isValid (5 bytes)
Event: 124.574 Thread 0x00007f80b4821000 nmethod 3403 0x0000000102c04a10 code [0x0000000102c04b60, 0x0000000102c04c70]
Event: 124.574 Thread 0x00007f80b481c000 3405       4       java.lang.Object::wait (6 bytes)
Event: 124.574 Thread 0x00007f80b481c000 nmethod 3405 0x0000000102d7af90 code [0x0000000102d7b0e0, 0x0000000102d7b168]

GC Heap History (10 events):
Event: 103.176 GC heap before
{Heap before GC invocations=21 (full 1):
 PSYoungGen      total 54784K, used 54528K [0x000000076ab00000, 0x000000076fe00000, 0x00000007c0000000)
  eden space 48128K, 100% used [0x000000076ab00000,0x000000076da00000,0x000000076da00000)
  from space 6656K, 96% used [0x000000076db00000,0x000000076e140190,0x000000076e180000)
  to   space 18432K, 0% used [0x000000076ec00000,0x000000076ec00000,0x000000076fe00000)
 ParOldGen       total 90112K, used 50550K [0x00000006c0000000, 0x00000006c5800000, 0x000000076ab00000)
  object space 90112K, 56% used [0x00000006c0000000,0x00000006c315db18,0x00000006c5800000)
 Metaspace       used 21124K, capacity 21307K, committed 21552K, reserved 1069056K
  class space    used 2028K, capacity 2110K, committed 2176K, reserved 1048576K
Event: 103.178 GC heap after
Heap after GC invocations=21 (full 1):
 PSYoungGen      total 63488K, used 6272K [0x000000076ab00000, 0x000000076fc00000, 0x00000007c0000000)
  eden space 47104K, 0% used [0x000000076ab00000,0x000000076ab00000,0x000000076d900000)
  from space 16384K, 38% used [0x000000076ec00000,0x000000076f220170,0x000000076fc00000)
  to   space 17920K, 0% used [0x000000076d900000,0x000000076d900000,0x000000076ea80000)
 ParOldGen       total 90112K, used 50550K [0x00000006c0000000, 0x00000006c5800000, 0x000000076ab00000)
  object space 90112K, 56% used [0x00000006c0000000,0x00000006c315db18,0x00000006c5800000)
 Metaspace       used 21124K, capacity 21307K, committed 21552K, reserved 1069056K
  class space    used 2028K, capacity 2110K, committed 2176K, reserved 1048576K
}
Event: 108.610 GC heap before
{Heap before GC invocations=22 (full 1):
 PSYoungGen      total 63488K, used 53376K [0x000000076ab00000, 0x000000076fc00000, 0x00000007c0000000)
  eden space 47104K, 100% used [0x000000076ab00000,0x000000076d900000,0x000000076d900000)
  from space 16384K, 38% used [0x000000076ec00000,0x000000076f220170,0x000000076fc00000)
  to   space 17920K, 0% used [0x000000076d900000,0x000000076d900000,0x000000076ea80000)
 ParOldGen       total 90112K, used 50550K [0x00000006c0000000, 0x00000006c5800000, 0x000000076ab00000)
  object space 90112K, 56% used [0x00000006c0000000,0x00000006c315db18,0x00000006c5800000)
 Metaspace       used 21124K, capacity 21307K, committed 21552K, reserved 1069056K
  class space    used 2028K, capacity 2110K, committed 2176K, reserved 1048576K
Event: 108.613 GC heap after
Heap after GC invocations=22 (full 1):
 PSYoungGen      total 53248K, used 6272K [0x000000076ab00000, 0x000000076f980000, 0x00000007c0000000)
  eden space 46592K, 0% used [0x000000076ab00000,0x000000076ab00000,0x000000076d880000)
  from space 6656K, 94% used [0x000000076d900000,0x000000076df20170,0x000000076df80000)
  to   space 16896K, 0% used [0x000000076e900000,0x000000076e900000,0x000000076f980000)
 ParOldGen       total 90112K, used 50550K [0x00000006c0000000, 0x00000006c5800000, 0x000000076ab00000)
  object space 90112K, 56% used [0x00000006c0000000,0x00000006c315db18,0x00000006c5800000)
 Metaspace       used 21124K, capacity 21307K, committed 21552K, reserved 1069056K
  class space    used 2028K, capacity 2110K, committed 2176K, reserved 1048576K
}
Event: 114.345 GC heap before
{Heap before GC invocations=23 (full 1):
 PSYoungGen      total 53248K, used 52864K [0x000000076ab00000, 0x000000076f980000, 0x00000007c0000000)
  eden space 46592K, 100% used [0x000000076ab00000,0x000000076d880000,0x000000076d880000)
  from space 6656K, 94% used [0x000000076d900000,0x000000076df20170,0x000000076df80000)
  to   space 16896K, 0% used [0x000000076e900000,0x000000076e900000,0x000000076f980000)
 ParOldGen       total 90112K, used 50550K [0x00000006c0000000, 0x00000006c5800000, 0x000000076ab00000)
  object space 90112K, 56% used [0x00000006c0000000,0x00000006c315db18,0x00000006c5800000)
 Metaspace       used 21124K, capacity 21307K, committed 21552K, reserved 1069056K
  class space    used 2028K, capacity 2110K, committed 2176K, reserved 1048576K
Event: 114.348 GC heap after
Heap after GC invocations=23 (full 1):
 PSYoungGen      total 60416K, used 6272K [0x000000076ab00000, 0x000000076f700000, 0x00000007c0000000)
  eden space 46080K, 0% used [0x000000076ab00000,0x000000076ab00000,0x000000076d800000)
  from space 14336K, 43% used [0x000000076e900000,0x000000076ef20170,0x000000076f700000)
  to   space 15872K, 0% used [0x000000076d800000,0x000000076d800000,0x000000076e780000)
 ParOldGen       total 90112K, used 50550K [0x00000006c0000000, 0x00000006c5800000, 0x000000076ab00000)
  object space 90112K, 56% used [0x00000006c0000000,0x00000006c315db18,0x00000006c5800000)
 Metaspace       used 21124K, capacity 21307K, committed 21552K, reserved 1069056K
  class space    used 2028K, capacity 2110K, committed 2176K, reserved 1048576K
}
Event: 119.312 GC heap before
{Heap before GC invocations=24 (full 1):
 PSYoungGen      total 60416K, used 52352K [0x000000076ab00000, 0x000000076f700000, 0x00000007c0000000)
  eden space 46080K, 100% used [0x000000076ab00000,0x000000076d800000,0x000000076d800000)
  from space 14336K, 43% used [0x000000076e900000,0x000000076ef20170,0x000000076f700000)
  to   space 15872K, 0% used [0x000000076d800000,0x000000076d800000,0x000000076e780000)
 ParOldGen       total 90112K, used 50550K [0x00000006c0000000, 0x00000006c5800000, 0x000000076ab00000)
  object space 90112K, 56% used [0x00000006c0000000,0x00000006c315db18,0x00000006c5800000)
 Metaspace       used 21124K, capacity 21307K, committed 21552K, reserved 1069056K
  class space    used 2028K, capacity 2110K, committed 2176K, reserved 1048576K
Event: 119.315 GC heap after
Heap after GC invocations=24 (full 1):
 PSYoungGen      total 52224K, used 6272K [0x000000076ab00000, 0x000000076f580000, 0x00000007c0000000)
  eden space 45568K, 0% used [0x000000076ab00000,0x000000076ab00000,0x000000076d780000)
  from space 6656K, 94% used [0x000000076d800000,0x000000076de20170,0x000000076de80000)
  to   space 15360K, 0% used [0x000000076e680000,0x000000076e680000,0x000000076f580000)
 ParOldGen       total 90112K, used 50550K [0x00000006c0000000, 0x00000006c5800000, 0x000000076ab00000)
  object space 90112K, 56% used [0x00000006c0000000,0x00000006c315db18,0x00000006c5800000)
 Metaspace       used 21124K, capacity 21307K, committed 21552K, reserved 1069056K
  class space    used 2028K, capacity 2110K, committed 2176K, reserved 1048576K
}
Event: 124.413 GC heap before
{Heap before GC invocations=25 (full 1):
 PSYoungGen      total 52224K, used 51840K [0x000000076ab00000, 0x000000076f580000, 0x00000007c0000000)
  eden space 45568K, 100% used [0x000000076ab00000,0x000000076d780000,0x000000076d780000)
  from space 6656K, 94% used [0x000000076d800000,0x000000076de20170,0x000000076de80000)
  to   space 15360K, 0% used [0x000000076e680000,0x000000076e680000,0x000000076f580000)
 ParOldGen       total 90112K, used 50550K [0x00000006c0000000, 0x00000006c5800000, 0x000000076ab00000)
  object space 90112K, 56% used [0x00000006c0000000,0x00000006c315db18,0x00000006c5800000)
 Metaspace       used 21124K, capacity 21307K, committed 21552K, reserved 1069056K
  class space    used 2028K, capacity 2110K, committed 2176K, reserved 1048576K
Event: 124.415 GC heap after
Heap after GC invocations=25 (full 1):
 PSYoungGen      total 57856K, used 6304K [0x000000076ab00000, 0x000000076f300000, 0x00000007c0000000)
  eden space 45056K, 0% used [0x000000076ab00000,0x000000076ab00000,0x000000076d700000)
  from space 12800K, 49% used [0x000000076e680000,0x000000076eca8170,0x000000076f300000)
  to   space 14336K, 0% used [0x000000076d700000,0x000000076d700000,0x000000076e500000)
 ParOldGen       total 90112K, used 50550K [0x00000006c0000000, 0x00000006c5800000, 0x000000076ab00000)
  object space 90112K, 56% used [0x00000006c0000000,0x00000006c315db18,0x00000006c5800000)
 Metaspace       used 21124K, capacity 21307K, committed 21552K, reserved 1069056K
  class space    used 2028K, capacity 2110K, committed 2176K, reserved 1048576K
}

Deoptimization events (10 events):
Event: 124.563 Thread 0x00007f80b513f000 Uncommon trap: reason=unstable_if action=reinterpret pc=0x0000000102a632a0 method=java.util.HashMap.putVal(ILjava/lang/Object;Ljava/lang/Object;ZZ)Ljava/lang/Object; @ 81
Event: 124.563 Thread 0x00007f80b513f000 Uncommon trap: reason=unstable_if action=reinterpret pc=0x0000000102a56c04 method=java.util.HashMap.putVal(ILjava/lang/Object;Ljava/lang/Object;ZZ)Ljava/lang/Object; @ 81
Event: 124.563 Thread 0x00007f80b49d3800 Uncommon trap: reason=class_check action=maybe_recompile pc=0x0000000103056730 method=java.awt.Component.getGraphics()Ljava/awt/Graphics; @ 114
Event: 124.565 Thread 0x00007f80b48d0800 Uncommon trap: reason=class_check action=maybe_recompile pc=0x000000010279eac0 method=com.jogamp.common.util.RunnableTask.run()V @ 24
Event: 124.565 Thread 0x00007f80b48d0800 Uncommon trap: reason=unstable_if action=reinterpret pc=0x0000000102b72cfc method=jogamp.nativewindow.macosx.OSXUtil.RunOnMainThread(ZZLjava/lang/Runnable;)V @ 3
Event: 124.570 Thread 0x00007f80b130e800 Uncommon trap: reason=unstable_if action=reinterpret pc=0x0000000102d6ddf0 method=jogamp.opengl.GLContextImpl.release(Z)V @ 161
Event: 124.572 Thread 0x00007f80b130e800 Uncommon trap: reason=unstable_if action=reinterpret pc=0x000000010309ba58 method=java.util.LinkedList$ListItr.<init>(Ljava/util/LinkedList;I)V @ 26
Event: 124.572 Thread 0x00007f80b130e800 Uncommon trap: reason=unstable_if action=reinterpret pc=0x0000000102f90ed0 method=java.security.AccessControlContext.optimize()Ljava/security/AccessControlContext; @ 233
Event: 124.573 Thread 0x00007f80b130e800 Uncommon trap: reason=unstable_if action=reinterpret pc=0x000000010309bf84 method=java.util.LinkedList$ListItr.<init>(Ljava/util/LinkedList;I)V @ 26
Event: 124.574 Thread 0x00007f80b48d0800 Uncommon trap: reason=class_check action=maybe_recompile pc=0x000000010279eac0 method=com.jogamp.common.util.RunnableTask.run()V @ 24

Internal exceptions (10 events):
Event: 0.121 Thread 0x00007f80b2804000 Exception <a 'java/lang/NoSuchFieldError': method resolution failed> (0x000000076aefc618) thrown at [/Users/java_re/workspace/8-2-build-macosx-x86_64/jdk8u60/4407/hotspot/src/share/vm/prims/methodHandles.cpp, line 1146]
Event: 0.257 Thread 0x00007f80b2804000 Exception <a 'java/io/FileNotFoundException'> (0x000000076af78420) thrown at [/Users/java_re/workspace/8-2-build-macosx-x86_64/jdk8u60/4407/hotspot/src/share/vm/prims/jni.cpp, line 709]
Event: 0.257 Thread 0x00007f80b2804000 Exception <a 'java/io/FileNotFoundException'> (0x000000076af78f88) thrown at [/Users/java_re/workspace/8-2-build-macosx-x86_64/jdk8u60/4407/hotspot/src/share/vm/prims/jni.cpp, line 709]
Event: 0.332 Thread 0x00007f80b2804000 Exception <a 'java/io/FileNotFoundException'> (0x000000076b0110c8) thrown at [/Users/java_re/workspace/8-2-build-macosx-x86_64/jdk8u60/4407/hotspot/src/share/vm/prims/jni.cpp, line 709]
Event: 1.309 Thread 0x00007f80b523b800 Exception <a 'java/lang/UnsatisfiedLinkError': com.jogamp.common.util.JarUtil.fixNativeLibAttribs(Ljava/lang/String;)Z> (0x000000076c6611d0) thrown at [/Users/java_re/workspace/8-2-build-macosx-x86_64/jdk8u60/4407/hotspot/src/share/vm/prims/nativeLookup.c
Event: 1.978 Thread 0x00007f80b130e800 Exception <a 'java/io/FileNotFoundException'> (0x000000076d9949c0) thrown at [/Users/java_re/workspace/8-2-build-macosx-x86_64/jdk8u60/4407/hotspot/src/share/vm/prims/jni.cpp, line 709]
Event: 1.978 Thread 0x00007f80b130e800 Exception <a 'java/io/FileNotFoundException'> (0x000000076d99b830) thrown at [/Users/java_re/workspace/8-2-build-macosx-x86_64/jdk8u60/4407/hotspot/src/share/vm/prims/jni.cpp, line 709]
Event: 1.979 Thread 0x00007f80b130e800 Implicit null exception at 0x00000001027d26f5 to 0x00000001027d2a59
Event: 2.224 Thread 0x00007f80b3014800 Exception <a 'java/lang/NullPointerException'> (0x000000076ad1bbf8) thrown at [/Users/java_re/workspace/8-2-build-macosx-x86_64/jdk8u60/4407/hotspot/src/share/vm/interpreter/linkResolver.cpp, line 1178]
Event: 87.573 Thread 0x00007f80b130e800 Implicit null exception at 0x000000010306954f to 0x000000010306d8b5

Events (10 events):
Event: 124.573 loading class java/awt/Toolkit$ToolkitEventMulticaster done
Event: 124.573 Thread 0x00007f80b130e800 Uncommon trap: trap_request=0xffffff65 fr.pc=0x000000010309bf84
Event: 124.573 Thread 0x00007f80b130e800 DEOPT PACKING pc=0x000000010309bf84 sp=0x0000000173242ab0
Event: 124.573 Thread 0x00007f80b130e800 DEOPT UNPACKING pc=0x000000010263a229 sp=0x0000000173242a08 mode 2
Event: 124.574 Thread 0x00007f80b48d0800 Uncommon trap: trap_request=0xffffffde fr.pc=0x000000010279eac0
Event: 124.574 Thread 0x00007f80b48d0800 DEOPT PACKING pc=0x000000010279eac0 sp=0x00007fff5f7df740
Event: 124.574 Thread 0x00007f80b48d0800 DEOPT UNPACKING pc=0x000000010263a229 sp=0x00007fff5f7df6e8 mode 2
Event: 124.574 Thread 0x00007f80b513f000 Thread exited: 0x00007f80b513f000
Event: 124.574 loading class java/awt/Window$1DisposeAction
Event: 124.574 loading class java/awt/Window$1DisposeAction done


Dynamic libraries:
0x00000000050e0000 	/System/Library/Frameworks/Cocoa.framework/Versions/A/Cocoa
0x00000000050e0000 	/System/Library/Frameworks/Security.framework/Versions/A/Security
0x00000000050e0000 	/System/Library/Frameworks/ApplicationServices.framework/Versions/A/ApplicationServices
0x00000000050e0000 	/usr/lib/libz.1.dylib
0x00000000050e0000 	/usr/lib/libSystem.B.dylib
0x00000000050e0000 	/usr/lib/libobjc.A.dylib
0x00000000050e0000 	/System/Library/Frameworks/CoreFoundation.framework/Versions/A/CoreFoundation
0x00000000050e0000 	/System/Library/Frameworks/Foundation.framework/Versions/C/Foundation
0x00000000050e0000 	/System/Library/Frameworks/AppKit.framework/Versions/C/AppKit
0x00000000050e0000 	/System/Library/Frameworks/CoreData.framework/Versions/A/CoreData
0x00000000050e0000 	/System/Library/PrivateFrameworks/RemoteViewServices.framework/Versions/A/RemoteViewServices
0x00000000050e0000 	/System/Library/PrivateFrameworks/UIFoundation.framework/Versions/A/UIFoundation
0x00000000050e0000 	/System/Library/Frameworks/IOSurface.framework/Versions/A/IOSurface
0x00000000050e0000 	/System/Library/Frameworks/AudioToolbox.framework/Versions/A/AudioToolbox
0x00000000050e0000 	/System/Library/Frameworks/AudioUnit.framework/Versions/A/AudioUnit
0x00000000050e0000 	/System/Library/PrivateFrameworks/DataDetectorsCore.framework/Versions/A/DataDetectorsCore
0x00000000050e0000 	/System/Library/PrivateFrameworks/DesktopServicesPriv.framework/Versions/A/DesktopServicesPriv
0x00000000050e0000 	/System/Library/Frameworks/Carbon.framework/Versions/A/Frameworks/HIToolbox.framework/Versions/A/HIToolbox
0x00000000050e0000 	/System/Library/Frameworks/QuartzCore.framework/Versions/A/QuartzCore
0x00000000050e0000 	/System/Library/Frameworks/Carbon.framework/Versions/A/Frameworks/SpeechRecognition.framework/Versions/A/SpeechRecognition
0x00000000050e0000 	/usr/lib/libauto.dylib
0x00000000050e0000 	/usr/lib/libicucore.A.dylib
0x00000000050e0000 	/usr/lib/libxml2.2.dylib
0x00000000050e0000 	/System/Library/PrivateFrameworks/CoreUI.framework/Versions/A/CoreUI
0x00000000050e0000 	/System/Library/Frameworks/CoreAudio.framework/Versions/A/CoreAudio
0x00000000050e0000 	/System/Library/Frameworks/DiskArbitration.framework/Versions/A/DiskArbitration
0x00000000050e0000 	/usr/lib/liblangid.dylib
0x00000000050e0000 	/System/Library/PrivateFrameworks/MultitouchSupport.framework/Versions/A/MultitouchSupport
0x00000000050e0000 	/System/Library/Frameworks/IOKit.framework/Versions/A/IOKit
0x00000000050e0000 	/usr/lib/libDiagnosticMessagesClient.dylib
0x00000000050e0000 	/System/Library/Frameworks/CoreServices.framework/Versions/A/CoreServices
0x00000000050e0000 	/System/Library/PrivateFrameworks/PerformanceAnalysis.framework/Versions/A/PerformanceAnalysis
0x00000000050e0000 	/System/Library/PrivateFrameworks/GenerationalStorage.framework/Versions/A/GenerationalStorage
0x00000000050e0000 	/System/Library/Frameworks/OpenGL.framework/Versions/A/OpenGL
0x00000000050e0000 	/System/Library/PrivateFrameworks/Sharing.framework/Versions/A/Sharing
0x00000000050e0000 	/System/Library/Frameworks/CoreGraphics.framework/Versions/A/CoreGraphics
0x00000000050e0000 	/System/Library/Frameworks/CoreText.framework/Versions/A/CoreText
0x00000000050e0000 	/System/Library/Frameworks/ImageIO.framework/Versions/A/ImageIO
0x00000000050e0000 	/usr/lib/libextension.dylib
0x00000000050e0000 	/System/Library/PrivateFrameworks/Backup.framework/Versions/A/Backup
0x00000000050e0000 	/usr/lib/libarchive.2.dylib
0x00000000050e0000 	/System/Library/Frameworks/CFNetwork.framework/Versions/A/CFNetwork
0x00000000050e0000 	/System/Library/Frameworks/SystemConfiguration.framework/Versions/A/SystemConfiguration
0x00000000050e0000 	/usr/lib/libCRFSuite.dylib
0x00000000050e0000 	/usr/lib/libc++.1.dylib
0x00000000050e0000 	/usr/lib/libc++abi.dylib
0x00000000050e0000 	/usr/lib/system/libcache.dylib
0x00000000050e0000 	/usr/lib/system/libcommonCrypto.dylib
0x00000000050e0000 	/usr/lib/system/libcompiler_rt.dylib
0x00000000050e0000 	/usr/lib/system/libcopyfile.dylib
0x00000000050e0000 	/usr/lib/system/libcorecrypto.dylib
0x00000000050e0000 	/usr/lib/system/libdispatch.dylib
0x00000000050e0000 	/usr/lib/system/libdyld.dylib
0x00000000050e0000 	/usr/lib/system/libkeymgr.dylib
0x00000000050e0000 	/usr/lib/system/liblaunch.dylib
0x00000000050e0000 	/usr/lib/system/libmacho.dylib
0x00000000050e0000 	/usr/lib/system/libquarantine.dylib
0x00000000050e0000 	/usr/lib/system/libremovefile.dylib
0x00000000050e0000 	/usr/lib/system/libsystem_asl.dylib
0x00000000050e0000 	/usr/lib/system/libsystem_blocks.dylib
0x00000000050e0000 	/usr/lib/system/libsystem_c.dylib
0x00000000050e0000 	/usr/lib/system/libsystem_configuration.dylib
0x00000000050e0000 	/usr/lib/system/libsystem_coreservices.dylib
0x00000000050e0000 	/usr/lib/system/libsystem_coretls.dylib
0x00000000050e0000 	/usr/lib/system/libsystem_dnssd.dylib
0x00000000050e0000 	/usr/lib/system/libsystem_info.dylib
0x00000000050e0000 	/usr/lib/system/libsystem_kernel.dylib
0x00000000050e0000 	/usr/lib/system/libsystem_m.dylib
0x00000000050e0000 	/usr/lib/system/libsystem_malloc.dylib
0x00000000050e0000 	/usr/lib/system/libsystem_network.dylib
0x00000000050e0000 	/usr/lib/system/libsystem_networkextension.dylib
0x00000000050e0000 	/usr/lib/system/libsystem_notify.dylib
0x00000000050e0000 	/usr/lib/system/libsystem_platform.dylib
0x00000000050e0000 	/usr/lib/system/libsystem_pthread.dylib
0x00000000050e0000 	/usr/lib/system/libsystem_sandbox.dylib
0x00000000050e0000 	/usr/lib/system/libsystem_secinit.dylib
0x00000000050e0000 	/usr/lib/system/libsystem_stats.dylib
0x00000000050e0000 	/usr/lib/system/libsystem_trace.dylib
0x00000000050e0000 	/usr/lib/system/libunc.dylib
0x00000000050e0000 	/usr/lib/system/libunwind.dylib
0x00000000050e0000 	/usr/lib/system/libxpc.dylib
0x00000000050e0000 	/usr/lib/libbz2.1.0.dylib
0x00000000050e0000 	/usr/lib/liblzma.5.dylib
0x00000000050e0000 	/usr/lib/libbsm.0.dylib
0x00000000050e0000 	/usr/lib/libsqlite3.dylib
0x00000000050e0000 	/usr/lib/system/libkxld.dylib
0x00000000050e0000 	/usr/lib/libxar.1.dylib
0x00000000050e0000 	/usr/lib/libpam.2.dylib
0x00000000050e0000 	/usr/lib/libOpenScriptingUtil.dylib
0x00000000050e0000 	/System/Library/Frameworks/CoreServices.framework/Versions/A/Frameworks/FSEvents.framework/Versions/A/FSEvents
0x00000000050e0000 	/System/Library/Frameworks/CoreServices.framework/Versions/A/Frameworks/CarbonCore.framework/Versions/A/CarbonCore
0x00000000050e0000 	/System/Library/Frameworks/CoreServices.framework/Versions/A/Frameworks/Metadata.framework/Versions/A/Metadata
0x00000000050e0000 	/System/Library/Frameworks/CoreServices.framework/Versions/A/Frameworks/OSServices.framework/Versions/A/OSServices
0x00000000050e0000 	/System/Library/Frameworks/CoreServices.framework/Versions/A/Frameworks/SearchKit.framework/Versions/A/SearchKit
0x00000000050e0000 	/System/Library/Frameworks/CoreServices.framework/Versions/A/Frameworks/AE.framework/Versions/A/AE
0x00000000050e0000 	/System/Library/Frameworks/CoreServices.framework/Versions/A/Frameworks/LaunchServices.framework/Versions/A/LaunchServices
0x00000000050e0000 	/System/Library/Frameworks/CoreServices.framework/Versions/A/Frameworks/DictionaryServices.framework/Versions/A/DictionaryServices
0x00000000050e0000 	/System/Library/Frameworks/NetFS.framework/Versions/A/NetFS
0x00000000050e0000 	/System/Library/PrivateFrameworks/NetAuth.framework/Versions/A/NetAuth
0x00000000050e0000 	/System/Library/PrivateFrameworks/login.framework/Versions/A/Frameworks/loginsupport.framework/Versions/A/loginsupport
0x00000000050e0000 	/System/Library/PrivateFrameworks/TCC.framework/Versions/A/TCC
0x00000000050e0000 	/usr/lib/libmecabra.dylib
0x00000000050e0000 	/System/Library/Frameworks/ApplicationServices.framework/Versions/A/Frameworks/ATS.framework/Versions/A/ATS
0x00000000050e0000 	/System/Library/Frameworks/ApplicationServices.framework/Versions/A/Frameworks/ColorSync.framework/Versions/A/ColorSync
0x00000000050e0000 	/System/Library/Frameworks/ApplicationServices.framework/Versions/A/Frameworks/HIServices.framework/Versions/A/HIServices
0x00000000050e0000 	/System/Library/Frameworks/ApplicationServices.framework/Versions/A/Frameworks/LangAnalysis.framework/Versions/A/LangAnalysis
0x00000000050e0000 	/System/Library/Frameworks/ApplicationServices.framework/Versions/A/Frameworks/PrintCore.framework/Versions/A/PrintCore
0x00000000050e0000 	/System/Library/Frameworks/ApplicationServices.framework/Versions/A/Frameworks/QD.framework/Versions/A/QD
0x00000000050e0000 	/System/Library/Frameworks/ApplicationServices.framework/Versions/A/Frameworks/SpeechSynthesis.framework/Versions/A/SpeechSynthesis
0x00000000050e0000 	/System/Library/Frameworks/Accelerate.framework/Versions/A/Accelerate
0x00000000050e0000 	/System/Library/Frameworks/Accelerate.framework/Versions/A/Frameworks/vImage.framework/Versions/A/vImage
0x00000000050e0000 	/System/Library/Frameworks/Accelerate.framework/Versions/A/Frameworks/vecLib.framework/Versions/A/vecLib
0x00000000050e0000 	/System/Library/Frameworks/Accelerate.framework/Versions/A/Frameworks/vecLib.framework/Versions/A/libvDSP.dylib
0x00000000050e0000 	/System/Library/Frameworks/Accelerate.framework/Versions/A/Frameworks/vecLib.framework/Versions/A/libvMisc.dylib
0x00000000050e0000 	/System/Library/Frameworks/Accelerate.framework/Versions/A/Frameworks/vecLib.framework/Versions/A/libLAPACK.dylib
0x00000000050e0000 	/System/Library/Frameworks/Accelerate.framework/Versions/A/Frameworks/vecLib.framework/Versions/A/libBLAS.dylib
0x00000000050e0000 	/System/Library/Frameworks/Accelerate.framework/Versions/A/Frameworks/vecLib.framework/Versions/A/libLinearAlgebra.dylib
0x00000000050e0000 	/System/Library/Frameworks/ApplicationServices.framework/Versions/A/Frameworks/ATS.framework/Versions/A/Resources/libFontParser.dylib
0x00000000050e0000 	/System/Library/Frameworks/ApplicationServices.framework/Versions/A/Frameworks/ATS.framework/Versions/A/Resources/libFontRegistry.dylib
0x00000000050e0000 	/System/Library/PrivateFrameworks/AppleVPA.framework/Versions/A/AppleVPA
0x00000000050e0000 	/System/Library/PrivateFrameworks/AppleJPEG.framework/Versions/A/AppleJPEG
0x00000000050e0000 	/System/Library/Frameworks/ImageIO.framework/Versions/A/Resources/libJPEG.dylib
0x00000000050e0000 	/System/Library/Frameworks/ImageIO.framework/Versions/A/Resources/libTIFF.dylib
0x00000000050e0000 	/System/Library/Frameworks/ImageIO.framework/Versions/A/Resources/libPng.dylib
0x00000000050e0000 	/System/Library/Frameworks/ImageIO.framework/Versions/A/Resources/libGIF.dylib
0x00000000050e0000 	/System/Library/Frameworks/ImageIO.framework/Versions/A/Resources/libJP2.dylib
0x00000000050e0000 	/System/Library/Frameworks/ImageIO.framework/Versions/A/Resources/libRadiance.dylib
0x00000000050e0000 	/System/Library/Frameworks/CoreVideo.framework/Versions/A/CoreVideo
0x00000000050e0000 	/System/Library/Frameworks/OpenGL.framework/Versions/A/Libraries/libGLU.dylib
0x00000000050e0000 	/System/Library/Frameworks/OpenGL.framework/Versions/A/Libraries/libGFXShared.dylib
0x00000000050e0000 	/System/Library/Frameworks/OpenGL.framework/Versions/A/Libraries/libGL.dylib
0x00000000050e0000 	/System/Library/Frameworks/OpenGL.framework/Versions/A/Libraries/libGLImage.dylib
0x00000000050e0000 	/System/Library/Frameworks/OpenGL.framework/Versions/A/Libraries/libCVMSPluginSupport.dylib
0x00000000050e0000 	/System/Library/Frameworks/OpenGL.framework/Versions/A/Libraries/libCoreVMClient.dylib
0x00000000050e0000 	/usr/lib/libcups.2.dylib
0x00000000050e0000 	/System/Library/Frameworks/Kerberos.framework/Versions/A/Kerberos
0x00000000050e0000 	/System/Library/Frameworks/GSS.framework/Versions/A/GSS
0x00000000050e0000 	/usr/lib/libresolv.9.dylib
0x00000000050e0000 	/usr/lib/libiconv.2.dylib
0x00000000050e0000 	/System/Library/PrivateFrameworks/Heimdal.framework/Versions/A/Heimdal
0x00000000050e0000 	/usr/lib/libheimdal-asn1.dylib
0x00000000050e0000 	/System/Library/Frameworks/OpenDirectory.framework/Versions/A/OpenDirectory
0x00000000050e0000 	/System/Library/PrivateFrameworks/CommonAuth.framework/Versions/A/CommonAuth
0x00000000050e0000 	/System/Library/Frameworks/OpenDirectory.framework/Versions/A/Frameworks/CFOpenDirectory.framework/Versions/A/CFOpenDirectory
0x00000000050e0000 	/System/Library/Frameworks/SecurityFoundation.framework/Versions/A/SecurityFoundation
0x00000000050e0000 	/System/Library/PrivateFrameworks/LanguageModeling.framework/Versions/A/LanguageModeling
0x00000000050e0000 	/usr/lib/libcmph.dylib
0x00000000050e0000 	/System/Library/Frameworks/ServiceManagement.framework/Versions/A/ServiceManagement
0x00000000050e0000 	/usr/lib/libxslt.1.dylib
0x00000000050e0000 	/System/Library/Frameworks/Carbon.framework/Versions/A/Frameworks/Ink.framework/Versions/A/Ink
0x00000000050e0000 	/System/Library/Frameworks/QuartzCore.framework/Versions/A/Frameworks/CoreImage.framework/Versions/A/CoreImage
0x00000000050e0000 	/System/Library/PrivateFrameworks/CrashReporterSupport.framework/Versions/A/CrashReporterSupport
0x00000000050e0000 	/System/Library/Frameworks/OpenCL.framework/Versions/A/OpenCL
0x00000000050e0000 	/System/Library/PrivateFrameworks/FaceCore.framework/Versions/A/FaceCore
0x00000000050e0000 	/System/Library/PrivateFrameworks/Ubiquity.framework/Versions/A/Ubiquity
0x00000000050e0000 	/System/Library/PrivateFrameworks/IconServices.framework/Versions/A/IconServices
0x00000000050e0000 	/System/Library/PrivateFrameworks/ChunkingLibrary.framework/Versions/A/ChunkingLibrary
0x00000000050e0000 	/System/Library/PrivateFrameworks/Apple80211.framework/Versions/A/Apple80211
0x00000000050e0000 	/System/Library/Frameworks/CoreWLAN.framework/Versions/A/CoreWLAN
0x00000000050e0000 	/System/Library/Frameworks/IOBluetooth.framework/Versions/A/IOBluetooth
0x00000000050e0000 	/System/Library/PrivateFrameworks/CoreWiFi.framework/Versions/A/CoreWiFi
0x00000000050e0000 	/System/Library/Frameworks/CoreBluetooth.framework/Versions/A/CoreBluetooth
0x00000000050e0000 	/System/Library/PrivateFrameworks/DebugSymbols.framework/Versions/A/DebugSymbols
0x00000000050e0000 	/System/Library/PrivateFrameworks/CoreSymbolication.framework/Versions/A/CoreSymbolication
0x00000000050e0000 	/System/Library/PrivateFrameworks/Symbolication.framework/Versions/A/Symbolication
0x00000000050e0000 	/System/Library/PrivateFrameworks/SpeechRecognitionCore.framework/Versions/A/SpeechRecognitionCore
0x000000010051b000 	/Library/Java/JavaVirtualMachines/jdk1.8.0_60.jdk/Contents/Home/jre/lib/server/libjvm.dylib
0x00000000050e0000 	/usr/lib/libstdc++.6.dylib
0x00000001015be000 	/Library/Java/JavaVirtualMachines/jdk1.8.0_60.jdk/Contents/Home/jre/lib/libverify.dylib
0x0000000102600000 	/Library/Java/JavaVirtualMachines/jdk1.8.0_60.jdk/Contents/Home/jre/lib/libjava.dylib
0x00000001015d6000 	/Library/Java/JavaVirtualMachines/jdk1.8.0_60.jdk/Contents/Home/jre/lib/libzip.dylib
0x000000011e1eb000 	/System/Library/Frameworks/JavaVM.framework/Frameworks/JavaRuntimeSupport.framework/JavaRuntimeSupport
0x000000011e201000 	/System/Library/Frameworks/JavaVM.framework/Versions/A/Frameworks/JavaNativeFoundation.framework/Versions/A/JavaNativeFoundation
0x000000011e215000 	/System/Library/Frameworks/JavaVM.framework/Versions/A/JavaVM
0x00000000050e0000 	/System/Library/Frameworks/Carbon.framework/Versions/A/Carbon
0x000000011e221000 	/System/Library/PrivateFrameworks/JavaLaunching.framework/Versions/A/JavaLaunching
0x00000000050e0000 	/System/Library/Frameworks/Carbon.framework/Versions/A/Frameworks/CommonPanels.framework/Versions/A/CommonPanels
0x00000000050e0000 	/System/Library/Frameworks/Carbon.framework/Versions/A/Frameworks/Help.framework/Versions/A/Help
0x00000000050e0000 	/System/Library/Frameworks/Carbon.framework/Versions/A/Frameworks/ImageCapture.framework/Versions/A/ImageCapture
0x00000000050e0000 	/System/Library/Frameworks/Carbon.framework/Versions/A/Frameworks/OpenScripting.framework/Versions/A/OpenScripting
0x00000000050e0000 	/System/Library/Frameworks/Carbon.framework/Versions/A/Frameworks/Print.framework/Versions/A/Print
0x00000000050e0000 	/System/Library/Frameworks/Carbon.framework/Versions/A/Frameworks/SecurityHI.framework/Versions/A/SecurityHI
0x000000012021f000 	/Library/Java/JavaVirtualMachines/jdk1.8.0_60.jdk/Contents/Home/jre/lib/libawt.dylib
0x00000001202c7000 	/Library/Java/JavaVirtualMachines/jdk1.8.0_60.jdk/Contents/Home/jre/lib/./libmlib_image.dylib
0x0000000120393000 	/Library/Java/JavaVirtualMachines/jdk1.8.0_60.jdk/Contents/Home/jre/lib/libawt_lwawt.dylib
0x0000000120448000 	/Library/Java/JavaVirtualMachines/jdk1.8.0_60.jdk/Contents/Home/jre/lib/./libosxapp.dylib
0x00000000050e0000 	/System/Library/Frameworks/ExceptionHandling.framework/Versions/A/ExceptionHandling
0x00000000050e0000 	/System/Library/PrivateFrameworks/CoreServicesInternal.framework/Versions/A/CoreServicesInternal
0x00000000050e0000 	/System/Library/PrivateFrameworks/CloudDocs.framework/Versions/A/CloudDocs
0x00000000050e0000 	/System/Library/PrivateFrameworks/CoreDuet.framework/Versions/A/CoreDuet
0x00000000050e0000 	/System/Library/Frameworks/CloudKit.framework/Versions/A/CloudKit
0x00000000050e0000 	/System/Library/PrivateFrameworks/ProtocolBuffer.framework/Versions/A/ProtocolBuffer
0x00000000050e0000 	/System/Library/PrivateFrameworks/CoreDuetDaemonProtocol.framework/Versions/A/CoreDuetDaemonProtocol
0x00000000050e0000 	/System/Library/PrivateFrameworks/CoreDuetDebugLogging.framework/Versions/A/CoreDuetDebugLogging
0x00000000050e0000 	/System/Library/PrivateFrameworks/MMCS.framework/Versions/A/MMCS
0x00000000050e0000 	/System/Library/Frameworks/CoreLocation.framework/Versions/A/CoreLocation
0x00000000050e0000 	/System/Library/PrivateFrameworks/ProtectedCloudStorage.framework/Versions/A/ProtectedCloudStorage
0x00000000050e0000 	/System/Library/PrivateFrameworks/GeoServices.framework/Versions/A/GeoServices
0x00000000050e0000 	/System/Library/Frameworks/CoreGraphics.framework/Versions/A/Resources/libCGCMS.A.dylib
0x00000000050e0000 	/System/Library/Frameworks/CoreGraphics.framework/Versions/A/Resources/libRIP.A.dylib
0x00000000050e0000 	/System/Library/Frameworks/CoreGraphics.framework/Versions/A/Resources/libCGXType.A.dylib
0x00000000050e0000 	/System/Library/Frameworks/OpenCL.framework/Versions/A/Libraries/libcldcpuengine.dylib
0x00000000050e0000 	/System/Library/PrivateFrameworks/DiskImages.framework/Versions/A/DiskImages
0x00000000050e0000 	/System/Library/Frameworks/DiscRecording.framework/Versions/A/DiscRecording
0x00000000050e0000 	/usr/lib/libcsfde.dylib
0x00000000050e0000 	/usr/lib/libcurl.4.dylib
0x00000000050e0000 	/System/Library/PrivateFrameworks/MediaKit.framework/Versions/A/MediaKit
0x00000000050e0000 	/usr/lib/libCoreStorage.dylib
0x00000000050e0000 	/System/Library/PrivateFrameworks/EFILogin.framework/Versions/A/EFILogin
0x00000000050e0000 	/usr/lib/libutil.dylib
0x00000000050e0000 	/System/Library/PrivateFrameworks/FindMyDevice.framework/Versions/A/FindMyDevice
0x00000000050e0000 	/System/Library/Frameworks/LDAP.framework/Versions/A/LDAP
0x00000000050e0000 	/usr/lib/libsasl2.2.dylib
0x00000000050e0000 	/System/Library/PrivateFrameworks/CoreDaemon.framework/Versions/B/CoreDaemon
0x00000000050e0000 	/usr/lib/libcrypto.0.9.8.dylib
0x00000000050e0000 	/System/Library/PrivateFrameworks/AppleSRP.framework/Versions/A/AppleSRP
0x00000000050e0000 	/System/Library/PrivateFrameworks/TrustEvaluationAgent.framework/Versions/A/TrustEvaluationAgent
0x00000001235c1000 	cl_kernels
0x00000001235c3000 	/System/Library/Frameworks/OpenCL.framework/Versions/A/Libraries/ImageFormats/unorm8_bgra.dylib
0x00000001235b3000 	cl_kernels
0x00000000050e0000 	/System/Library/PrivateFrameworks/FamilyControls.framework/Versions/A/FamilyControls
0x00000000050e0000 	/System/Library/PrivateFrameworks/CommerceKit.framework/Versions/A/Frameworks/CommerceCore.framework/Versions/A/CommerceCore
0x00000000050e0000 	/System/Library/PrivateFrameworks/SystemAdministration.framework/Versions/A/SystemAdministration
0x00000000050e0000 	/System/Library/PrivateFrameworks/AppContainer.framework/Versions/A/AppContainer
0x00000000050e0000 	/System/Library/PrivateFrameworks/SecCodeWrapper.framework/Versions/A/SecCodeWrapper
0x00000000050e0000 	/System/Library/Frameworks/DirectoryService.framework/Versions/A/DirectoryService
0x00000000050e0000 	/System/Library/PrivateFrameworks/LoginUIKit.framework/Versions/A/Frameworks/LoginUICore.framework/Versions/A/LoginUICore
0x00000000050e0000 	/usr/lib/libodfde.dylib
0x00000000050e0000 	/System/Library/Frameworks/OpenGL.framework/Versions/A/Resources/GLEngine.bundle/GLEngine
0x00000000050e0000 	/System/Library/Frameworks/OpenGL.framework/Versions/A/Libraries/libGLProgrammability.dylib
0x0000000124b11000 	/System/Library/Extensions/AppleIntelHD5000GraphicsGLDriver.bundle/Contents/MacOS/AppleIntelHD5000GraphicsGLDriver
0x00000000050e0000 	/System/Library/PrivateFrameworks/IOAccelerator.framework/Versions/A/IOAccelerator
0x00000000050e0000 	/System/Library/PrivateFrameworks/GPUSupport.framework/Versions/A/Libraries/libGPUSupportMercury.dylib
0x00000000050e0000 	/System/Library/Frameworks/OpenGL.framework/Versions/A/Resources/GLRendererFloat.bundle/GLRendererFloat
0x0000000125b97000 	/Library/Java/JavaVirtualMachines/jdk1.8.0_60.jdk/Contents/Home/jre/lib/libfontmanager.dylib
0x0000000126ed1000 	/Library/Java/JavaVirtualMachines/jdk1.8.0_60.jdk/Contents/Home/jre/lib/libosxui.dylib
0x000000012715f000 	/Library/Java/JavaVirtualMachines/jdk1.8.0_60.jdk/Contents/Home/jre/lib/libnet.dylib
0x0000000126f10000 	/Library/Java/JavaVirtualMachines/jdk1.8.0_60.jdk/Contents/Home/jre/lib/libnio.dylib
0x00000000050e0000 	/System/Library/Frameworks/ApplicationServices.framework/Versions/A/Frameworks/ATS.framework/Versions/A/Resources/libTrueTypeScaler.dylib
0x000000017286c000 	/private/var/folders/b5/zysj4pxj6576yq718hwysrg80000gn/T/jogamp_0000/file_cache/jln8868047201174698799/jln559536646632342196/libgluegen-rt.jnilib
0x0000000172871000 	/private/var/folders/b5/zysj4pxj6576yq718hwysrg80000gn/T/jogamp_0000/file_cache/jln8868047201174698799/jln559536646632342196/libnativewindow_awt.jnilib
0x0000000172874000 	/Library/Java/JavaVirtualMachines/jdk1.8.0_60.jdk/Contents/Home/jre/lib/libjawt.dylib
0x0000000172877000 	/private/var/folders/b5/zysj4pxj6576yq718hwysrg80000gn/T/jogamp_0000/file_cache/jln8868047201174698799/jln559536646632342196/libnativewindow_macosx.jnilib
0x000000017711f000 	/private/var/folders/b5/zysj4pxj6576yq718hwysrg80000gn/T/jogamp_0000/file_cache/jln8868047201174698799/jln559536646632342196/libjogl_desktop.jnilib

VM Arguments:
jvm_args: -Djava.security.policy=java.policy.applet -Dfile.encoding=UTF-8 
java_command: sun.applet.AppletViewer com.mauriciotl.week03.practice.FromFileListLocation1494375138539.html
java_class_path (initial): /Users/mauriciotl/MauricioFiles/Eclipse_II/CourseraProjects/UCSDUnfoldingMaps/build:/Users/mauriciotl/MauricioFiles/Eclipse_II/CourseraProjects/UCSDUnfoldingMaps/lib/core.jar:/Users/mauriciotl/MauricioFiles/Eclipse_II/CourseraProjects/UCSDUnfoldingMaps/lib/gluegen-rt.jar:/Users/mauriciotl/MauricioFiles/Eclipse_II/CourseraProjects/UCSDUnfoldingMaps/lib/jogl-all.jar:/Users/mauriciotl/MauricioFiles/Eclipse_II/CourseraProjects/UCSDUnfoldingMaps/lib/log4j-1.2.15.jar:/Users/mauriciotl/MauricioFiles/Eclipse_II/CourseraProjects/UCSDUnfoldingMaps/lib/sqlite-jdbc-3.7.2.jar:/Users/mauriciotl/MauricioFiles/Eclipse_II/CourseraProjects/UCSDUnfoldingMaps/lib/json4processing.jar:/Users/mauriciotl/MauricioFiles/Eclipse_II/CourseraProjects/UCSDUnfoldingMaps/lib/libTUIO.jar:/Users/mauriciotl/MauricioFiles/Eclipse_II/CourseraProjects/UCSDUnfoldingMaps/lib/unfolding.0.9.7-uscd.jar
Launcher Type: SUN_STANDARD

Environment Variables:
PATH=/usr/bin:/bin:/usr/sbin:/sbin
SHELL=/bin/bash

Signal Handlers:
SIGSEGV: [libjvm.dylib+0x5a6d31], sa_mask[0]=11111111011111110111111111111111, sa_flags=SA_ONSTACK|SA_RESTART|SA_SIGINFO
SIGBUS: [libjvm.dylib+0x5a6d31], sa_mask[0]=11111111011111110111111111111111, sa_flags=SA_RESTART|SA_SIGINFO
SIGFPE: [libjvm.dylib+0x480a4c], sa_mask[0]=11111111011111110111111111111111, sa_flags=SA_RESTART|SA_SIGINFO
SIGPIPE: [libjvm.dylib+0x480a4c], sa_mask[0]=11111111011111110111111111111111, sa_flags=SA_RESTART|SA_SIGINFO
SIGXFSZ: [libjvm.dylib+0x480a4c], sa_mask[0]=11111111011111110111111111111111, sa_flags=SA_RESTART|SA_SIGINFO
SIGILL: [libjvm.dylib+0x480a4c], sa_mask[0]=11111111011111110111111111111111, sa_flags=SA_RESTART|SA_SIGINFO
SIGUSR1: SIG_DFL, sa_mask[0]=00000000000000000000000000000000, sa_flags=none
SIGUSR2: [libjvm.dylib+0x48056a], sa_mask[0]=00100000000000000000000000000000, sa_flags=SA_RESTART|SA_SIGINFO
SIGHUP: [libjvm.dylib+0x47eb41], sa_mask[0]=11111111011111110111111111111111, sa_flags=SA_RESTART|SA_SIGINFO
SIGINT: [libjvm.dylib+0x47eb41], sa_mask[0]=11111111011111110111111111111111, sa_flags=SA_RESTART|SA_SIGINFO
SIGTERM: [libjvm.dylib+0x47eb41], sa_mask[0]=11111111011111110111111111111111, sa_flags=SA_RESTART|SA_SIGINFO
SIGQUIT: [libjvm.dylib+0x47eb41], sa_mask[0]=11111111011111110111111111111111, sa_flags=SA_RESTART|SA_SIGINFO


---------------  S Y S T E M  ---------------

OS:Bsduname:Darwin 14.5.0 Darwin Kernel Version 14.5.0: Fri Feb 17 10:33:20 PST 2017; root:xnu-2782.50.9.1.1~1/RELEASE_X86_64 x86_64
rlimit: STACK 8192k, CORE 0k, NPROC 709, NOFILE 10240, AS infinity
load average:1.96 2.06 2.05

CPU:total 8 (4 cores per cpu, 2 threads per core) family 6 model 70 stepping 1, cmov, cx8, fxsr, mmx, sse, sse2, sse3, ssse3, sse4.1, sse4.2, popcnt, avx, avx2, aes, clmul, erms, lzcnt, ht, tsc, tscinvbit, bmi1, bmi2

Memory: 4k page, physical 16777216k(3771352k free)

/proc/meminfo:


vm_info: Java HotSpot(TM) 64-Bit Server VM (25.60-b23) for bsd-amd64 JRE (1.8.0_60-b27), built on Aug  4 2015 10:47:24 by "java_re" with gcc 4.2.1 (Based on Apple Inc. build 5658) (LLVM build 2336.11.00)

time: Tue May  9 19:14:23 2017
elapsed time: 124 seconds (0d 0h 2m 4s)

