#
# A fatal error has been detected by the Java Runtime Environment:
#
#  SIGSEGV (0xb) at pc=0x00007fff89e2c0dd, pid=677, tid=1811
#
# JRE version: Java(TM) SE Runtime Environment (8.0_60-b27) (build 1.8.0_60-b27)
# Java VM: Java HotSpot(TM) 64-Bit Server VM (25.60-b23 mixed mode bsd-amd64 compressed oops)
# Problematic frame:
# C  [libobjc.A.dylib+0x10dd]  objc_msgSend+0x1d
#
# Failed to write core dump. Core dumps have been disabled. To enable core dumping, try "ulimit -c unlimited" before starting Java again
#
# If you would like to submit a bug report, please visit:
#   http://bugreport.java.com/bugreport/crash.jsp
# The crash happened outside the Java Virtual Machine in native code.
# See problematic frame for where to report the bug.
#

---------------  T H R E A D  ---------------

Current thread (0x00007f966d872800):  JavaThread "AWT-AppKit" daemon [_thread_in_native, id=1811, stack(0x00007fff5d8be000,0x00007fff5e0be000)]

siginfo: si_signo: 11 (SIGSEGV), si_code: 1 (SEGV_MAPERR), si_addr: 0x0000000000000018

Registers:
RAX=0x00007f9670d3d030, RBX=0x0000000174095450, RCX=0x00000001286a4ce0, RDX=0x000000012745c620
RSP=0x00007fff5e0b94d8, RBP=0x00007fff5e0b9590, RSI=0x00007fff9240c40f, RDI=0x00007f9670ca1130
R8 =0x0000000000000000, R9 =0x0000000000000f50, R10=0x00007fff9240c40f, R11=0x0000000000000000
R12=0x0000000000000000, R13=0x0000000178c769b0, R14=0x0000000174095440, R15=0x00007f966d872800
RIP=0x00007fff89e2c0dd, EFLAGS=0x0000000000010246, ERR=0x0000000000000004
  TRAPNO=0x000000000000000e

Top of Stack: (sp=0x00007fff5e0b94d8)
0x00007fff5e0b94d8:   0000000174093157 00007fff5e0b9530
0x00007fff5e0b94e8:   0000000000000003 00007fff5e0b9510
0x00007fff5e0b94f8:   0000000102ff1992 0000000178c769b0
0x00007fff5e0b9508:   0000000178c769b0 00007f9670d3d030
0x00007fff5e0b9518:   00000001740956a0 0000000174095710
0x00007fff5e0b9528:   00007fff772c1550 00007fff78048c80
0x00007fff5e0b9538:   0000000174095450 0000000174095690
0x00007fff5e0b9548:   00007f9670d3d030 00007f9670ca1130
0x00007fff5e0b9558:   00007f966a733ca0 00007f9670d3d030
0x00007fff5e0b9568:   00007f9670ca1130 00007fff5e0b9618
0x00007fff5e0b9578:   00007f966d8729f8 0000000178c769b0
0x00007fff5e0b9588:   00007fff5e0b9640 00007fff5e0b9608
0x00007fff5e0b9598:   0000000103d9e954 0000000178c769b0
0x00007fff5e0b95a8:   00007fff5e0b9640 00007fff5e0b9608
0x00007fff5e0b95b8:   0000000103d9e6e7 0000000103d9e6a2
0x00007fff5e0b95c8:   00007fff5e0b95c8 0000000178c769b0
0x00007fff5e0b95d8:   00007fff5e0b9640 0000000178c795e8
0x00007fff5e0b95e8:   0000000000000000 0000000178c769b0
0x00007fff5e0b95f8:   0000000000000000 00007fff5e0b9628
0x00007fff5e0b9608:   00007fff5e0b9688 0000000103d90c4d
0x00007fff5e0b9618:   00000006c005f818 0000000103d98578
0x00007fff5e0b9628:   00007f9670d3d030 00007fff5e0b9688
0x00007fff5e0b9638:   00007f9670ca1130 0000000103d99d82
0x00007fff5e0b9648:   00007fff5e0b9648 0000000178c76b7a
0x00007fff5e0b9658:   00007fff5e0b96b0 0000000178c795e8
0x00007fff5e0b9668:   0000000000000000 0000000178c76b88
0x00007fff5e0b9678:   00007fff5e0b9628 00007fff5e0b9698
0x00007fff5e0b9688:   00007fff5e0b96f8 0000000103d90c4d
0x00007fff5e0b9698:   00007f9670d3d030 00000006c0201a38
0x00007fff5e0b96a8:   00007f9670ca1130 00000006c0201a38
0x00007fff5e0b96b8:   00007fff5e0b96b8 000000017dfe3dbe
0x00007fff5e0b96c8:   00007fff5e0b9708 000000017dfe3e78 

Instructions: (pc=0x00007fff89e2c0dd)
0x00007fff89e2c0bd:   00 00 00 48 85 ff 2e 74 7a 40 f6 c7 01 2e 75 7e
0x00007fff89e2c0cd:   49 bb f8 ff ff ff ff 7f 00 00 4c 23 1f 49 89 f2
0x00007fff89e2c0dd:   45 23 53 18 49 c1 e2 04 4d 03 53 10 49 3b 32 75
0x00007fff89e2c0ed:   04 41 ff 62 08 49 83 3a 00 74 6a 4d 3b 53 10 74 

Register to memory mapping:

RAX=0x00007f9670d3d030 is an unknown value
RBX=0x0000000174095450: Java_jogamp_nativewindow_macosx_OSXUtil_GetScreenRefreshRate0+0x1cf0 in /private/var/folders/b5/zysj4pxj6576yq718hwysrg80000gn/T/jogamp_0000/file_cache/jln6600446627792300258/jln5164463515398679473/libnativewindow_macosx.jnilib at 0x000000017408e000
RCX=0x00000001286a4ce0 is an unknown value
RDX=0x000000012745c620 is an unknown value
RSP=0x00007fff5e0b94d8 is pointing into the stack for thread: 0x00007f966d872800
RBP=0x00007fff5e0b9590 is pointing into the stack for thread: 0x00007f966d872800
RSI=0x00007fff9240c40f is an unknown value
RDI=0x00007f9670ca1130 is an unknown value
R8 =0x0000000000000000 is an unknown value
R9 =0x0000000000000f50 is an unknown value
R10=0x00007fff9240c40f is an unknown value
R11=0x0000000000000000 is an unknown value
R12=0x0000000000000000 is an unknown value
R13={method} {0x0000000178c769b0} 'UnsetJAWTRootSurfaceLayer0' '(JJ)V' in 'jogamp/nativewindow/jawt/macosx/MacOSXJAWTWindow'
R14=0x0000000174095440: Java_jogamp_nativewindow_macosx_OSXUtil_GetScreenRefreshRate0+0x1ce0 in /private/var/folders/b5/zysj4pxj6576yq718hwysrg80000gn/T/jogamp_0000/file_cache/jln6600446627792300258/jln5164463515398679473/libnativewindow_macosx.jnilib at 0x000000017408e000
R15=0x00007f966d872800 is a thread


Stack: [0x00007fff5d8be000,0x00007fff5e0be000],  sp=0x00007fff5e0b94d8,  free space=8173k
Native frames: (J=compiled Java code, j=interpreted, Vv=VM code, C=native code)
C  [libobjc.A.dylib+0x10dd]  objc_msgSend+0x1d
j  jogamp.nativewindow.jawt.macosx.MacOSXJAWTWindow.UnsetJAWTRootSurfaceLayer0(JJ)V+0
j  jogamp.nativewindow.jawt.macosx.MacOSXJAWTWindow.access$200(JJ)V+2
j  jogamp.nativewindow.jawt.macosx.MacOSXJAWTWindow$1.run()V+38
j  com.jogamp.common.util.RunnableTask.run()V+24
v  ~StubRoutines::call_stub
V  [libjvm.dylib+0x2eab0e]
V  [libjvm.dylib+0x321bb7]
V  [libjvm.dylib+0x31438b]
C  [libnativewindow_macosx.jnilib+0x5326]  Java_jogamp_nativewindow_jawt_macosx_MacOSXJAWTWindow_UnsetJAWTRootSurfaceLayer0+0x2b6
C  [Foundation+0x92dd0]  __NSThreadPerformPerform+0x125
C  [CoreFoundation+0x80a01]  __CFRUNLOOP_IS_CALLING_OUT_TO_A_SOURCE0_PERFORM_FUNCTION__+0x11
C  [CoreFoundation+0x72c5c]  __CFRunLoopDoSources0+0x1dc
C  [CoreFoundation+0x721bf]  __CFRunLoopRun+0x39f
C  [CoreFoundation+0x71bd8]  CFRunLoopRunSpecific+0x128
C  [HIToolbox+0x3256f]  RunCurrentEventLoopInMode+0xeb
C  [HIToolbox+0x321ee]  ReceiveNextEventCommon+0xb3
C  [HIToolbox+0x3212b]  _BlockUntilNextEventMatchingListInModeWithFilter+0x47
C  [AppKit+0x918ab]  _DPSNextEvent+0x3d2
C  [AppKit+0x90e58]  -[NSApplication nextEventMatchingMask:untilDate:inMode:dequeue:]+0x15a
C  [libosxapp.dylib+0x23aa]  -[NSApplicationAWT nextEventMatchingMask:untilDate:inMode:dequeue:]+0x7c
C  [AppKit+0x86af3]  -[NSApplication run]+0x252
C  [libosxapp.dylib+0x214d]  +[NSApplicationAWT runAWTLoopWithApp:]+0x9c
C  [libawt_lwawt.dylib+0x44517]  -[AWTStarter starter:]+0x389
C  [Foundation+0x92dd0]  __NSThreadPerformPerform+0x125
C  [CoreFoundation+0x80a01]  __CFRUNLOOP_IS_CALLING_OUT_TO_A_SOURCE0_PERFORM_FUNCTION__+0x11
C  [CoreFoundation+0x72b8d]  __CFRunLoopDoSources0+0x10d
C  [CoreFoundation+0x721bf]  __CFRunLoopRun+0x39f
C  [CoreFoundation+0x71bd8]  CFRunLoopRunSpecific+0x128
C  [java+0x6463]  CreateExecutionEnvironment+0x367
C  [java+0x21ac]  JLI_Launch+0x7a0
C  [java+0x84c0]  main+0x65
C  [java+0x1a04]  start+0x34
C  0x0000000000000007

Java frames: (J=compiled Java code, j=interpreted, Vv=VM code)
j  jogamp.nativewindow.jawt.macosx.MacOSXJAWTWindow.UnsetJAWTRootSurfaceLayer0(JJ)V+0
j  jogamp.nativewindow.jawt.macosx.MacOSXJAWTWindow.access$200(JJ)V+2
j  jogamp.nativewindow.jawt.macosx.MacOSXJAWTWindow$1.run()V+38
j  com.jogamp.common.util.RunnableTask.run()V+24
v  ~StubRoutines::call_stub

---------------  P R O C E S S  ---------------

Java Threads: ( => current thread )
  0x00007f966e902000 JavaThread "Thread-296" [_thread_blocked, id=68331, stack(0x0000000188526000,0x0000000188626000)]
  0x00007f966b135800 JavaThread "AWT-EventQueue-1" [_thread_in_native, id=60711, stack(0x0000000174890000,0x0000000174990000)]
  0x00007f966d9e8000 JavaThread "DestroyJavaVM" [_thread_blocked, id=4867, stack(0x0000000101c59000,0x0000000101d59000)]
  0x00007f966a986800 JavaThread "AWT-EventQueue-0" [_thread_blocked, id=58371, stack(0x0000000128518000,0x0000000128618000)]
  0x00007f966b082800 JavaThread "Java2D Disposer" daemon [_thread_blocked, id=55319, stack(0x00000001271ee000,0x00000001272ee000)]
  0x00007f966d893000 JavaThread "Java2D Queue Flusher" daemon [_thread_blocked, id=53767, stack(0x00000001261b8000,0x00000001262b8000)]
  0x00007f966a808000 JavaThread "AWT-Shutdown" [_thread_blocked, id=30227, stack(0x0000000123121000,0x0000000123221000)]
=>0x00007f966d872800 JavaThread "AWT-AppKit" daemon [_thread_in_native, id=1811, stack(0x00007fff5d8be000,0x00007fff5e0be000)]
  0x00007f966e80b800 JavaThread "Service Thread" daemon [_thread_blocked, id=20739, stack(0x0000000121740000,0x0000000121840000)]
  0x00007f966d86f800 JavaThread "C1 CompilerThread3" daemon [_thread_blocked, id=20227, stack(0x000000012163d000,0x000000012173d000)]
  0x00007f966a80f000 JavaThread "C2 CompilerThread2" daemon [_thread_blocked, id=19715, stack(0x000000012153a000,0x000000012163a000)]
  0x00007f966a809000 JavaThread "C2 CompilerThread1" daemon [_thread_blocked, id=19203, stack(0x0000000121437000,0x0000000121537000)]
  0x00007f966e800000 JavaThread "C2 CompilerThread0" daemon [_thread_blocked, id=18691, stack(0x0000000121334000,0x0000000121434000)]
  0x00007f966e818000 JavaThread "Signal Dispatcher" daemon [_thread_blocked, id=15383, stack(0x0000000121231000,0x0000000121331000)]
  0x00007f966c004800 JavaThread "Finalizer" daemon [_thread_blocked, id=13571, stack(0x000000011f815000,0x000000011f915000)]
  0x00007f966c004000 JavaThread "Reference Handler" daemon [_thread_blocked, id=13059, stack(0x000000011f712000,0x000000011f812000)]

Other Threads:
  0x00007f966d853800 VMThread [stack: 0x000000011f60f000,0x000000011f70f000] [id=12547]
  0x00007f966e819000 WatcherThread [stack: 0x0000000121843000,0x0000000121943000] [id=21251]

VM state:not at safepoint (normal execution)

VM Mutex/Monitor currently owned by a thread: None

Heap:
 PSYoungGen      total 135680K, used 70293K [0x000000076ab00000, 0x0000000776380000, 0x00000007c0000000)
  eden space 85504K, 39% used [0x000000076ab00000,0x000000076cc62718,0x000000076fe80000)
  from space 50176K, 71% used [0x0000000770000000,0x0000000772342f80,0x0000000773100000)
  to   space 51712K, 0% used [0x0000000773100000,0x0000000773100000,0x0000000776380000)
 ParOldGen       total 111616K, used 56263K [0x00000006c0000000, 0x00000006c6d00000, 0x000000076ab00000)
  object space 111616K, 50% used [0x00000006c0000000,0x00000006c36f1d70,0x00000006c6d00000)
 Metaspace       used 24464K, capacity 24689K, committed 25088K, reserved 1071104K
  class space    used 2360K, capacity 2451K, committed 2560K, reserved 1048576K

Card table byte_map: [0x0000000113149000,0x000000011394a000] byte_map_base: 0x000000010fb49000

Marking Bits: (ParMarkBitMap*) 0x00000001036dee20
 Begin Bits: [0x00000001146b8000, 0x00000001186b8000)
 End Bits:   [0x00000001186b8000, 0x000000011c6b8000)

Polling page: 0x0000000101d9e000

CodeCache: size=245760Kb used=11736Kb max_used=11747Kb free=234023Kb
 bounds [0x0000000103d89000, 0x0000000104929000, 0x0000000112d89000]
 total_blobs=4219 nmethods=3300 adapters=832
 compilation: enabled

Compilation events (10 events):
Event: 143.006 Thread 0x00007f966a809000 3992       4       sun.java2d.SunGraphics2D::translate (68 bytes)
Event: 143.007 Thread 0x00007f966d86f800 3993       1       sun.java2d.SurfaceData::isValid (5 bytes)
Event: 143.007 Thread 0x00007f966d86f800 nmethod 3993 0x00000001045f4f50 code [0x00000001045f50a0, 0x00000001045f51b0]
Event: 143.010 Thread 0x00007f966a809000 nmethod 3992 0x00000001048bb050 code [0x00000001048bb1e0, 0x00000001048bb488]
Event: 143.014 Thread 0x00007f966e800000 3994       4       com.jogamp.nativewindow.awt.AWTGraphicsConfiguration::getNativeGraphicsConfiguration (17 bytes)
Event: 143.015 Thread 0x00007f966e800000 nmethod 3994 0x0000000104411150 code [0x00000001044112a0, 0x0000000104411338]
Event: 143.016 Thread 0x00007f966d86f800 3995       3       sun.java2d.pipe.RenderBuffer::putFloat (26 bytes)
Event: 143.016 Thread 0x00007f966d86f800 nmethod 3995 0x000000010442e3d0 code [0x000000010442e540, 0x000000010442e6d0]
Event: 143.016 Thread 0x00007f966a80f000 3997       4       java.lang.Object::wait (6 bytes)
Event: 143.016 Thread 0x00007f966a80f000 nmethod 3997 0x000000010442e150 code [0x000000010442e2a0, 0x000000010442e328]

GC Heap History (10 events):
Event: 93.016 GC heap before
{Heap before GC invocations=14 (full 1):
 PSYoungGen      total 137216K, used 125963K [0x000000076ab00000, 0x0000000775d00000, 0x00000007c0000000)
  eden space 95232K, 100% used [0x000000076ab00000,0x0000000770800000,0x0000000770800000)
  from space 41984K, 73% used [0x0000000773300000,0x0000000775102e50,0x0000000775c00000)
  to   space 43520K, 0% used [0x0000000770800000,0x0000000770800000,0x0000000773280000)
 ParOldGen       total 111616K, used 56239K [0x00000006c0000000, 0x00000006c6d00000, 0x000000076ab00000)
  object space 111616K, 50% used [0x00000006c0000000,0x00000006c36ebd70,0x00000006c6d00000)
 Metaspace       used 24405K, capacity 24657K, committed 24960K, reserved 1071104K
  class space    used 2350K, capacity 2419K, committed 2432K, reserved 1048576K
Event: 93.025 GC heap after
Heap after GC invocations=14 (full 1):
 PSYoungGen      total 125952K, used 32427K [0x000000076ab00000, 0x0000000775e00000, 0x00000007c0000000)
  eden space 93184K, 0% used [0x000000076ab00000,0x000000076ab00000,0x0000000770600000)
  from space 32768K, 98% used [0x0000000770800000,0x00000007727aaea0,0x0000000772800000)
  to   space 45056K, 0% used [0x0000000773200000,0x0000000773200000,0x0000000775e00000)
 ParOldGen       total 111616K, used 56247K [0x00000006c0000000, 0x00000006c6d00000, 0x000000076ab00000)
  object space 111616K, 50% used [0x00000006c0000000,0x00000006c36edd70,0x00000006c6d00000)
 Metaspace       used 24405K, capacity 24657K, committed 24960K, reserved 1071104K
  class space    used 2350K, capacity 2419K, committed 2432K, reserved 1048576K
}
Event: 103.984 GC heap before
{Heap before GC invocations=15 (full 1):
 PSYoungGen      total 125952K, used 125611K [0x000000076ab00000, 0x0000000775e00000, 0x00000007c0000000)
  eden space 93184K, 100% used [0x000000076ab00000,0x0000000770600000,0x0000000770600000)
  from space 32768K, 98% used [0x0000000770800000,0x00000007727aaea0,0x0000000772800000)
  to   space 45056K, 0% used [0x0000000773200000,0x0000000773200000,0x0000000775e00000)
 ParOldGen       total 111616K, used 56247K [0x00000006c0000000, 0x00000006c6d00000, 0x000000076ab00000)
  object space 111616K, 50% used [0x00000006c0000000,0x00000006c36edd70,0x00000006c6d00000)
 Metaspace       used 24405K, capacity 24657K, committed 24960K, reserved 1071104K
  class space    used 2350K, capacity 2419K, committed 2432K, reserved 1048576K
Event: 103.992 GC heap after
Heap after GC invocations=15 (full 1):
 PSYoungGen      total 136192K, used 33963K [0x000000076ab00000, 0x0000000776000000, 0x00000007c0000000)
  eden space 91136K, 0% used [0x000000076ab00000,0x000000076ab00000,0x0000000770400000)
  from space 45056K, 75% used [0x0000000773200000,0x000000077532aee0,0x0000000775e00000)
  to   space 47104K, 0% used [0x0000000770400000,0x0000000770400000,0x0000000773200000)
 ParOldGen       total 111616K, used 56247K [0x00000006c0000000, 0x00000006c6d00000, 0x000000076ab00000)
  object space 111616K, 50% used [0x00000006c0000000,0x00000006c36edd70,0x00000006c6d00000)
 Metaspace       used 24405K, capacity 24657K, committed 24960K, reserved 1071104K
  class space    used 2350K, capacity 2419K, committed 2432K, reserved 1048576K
}
Event: 115.444 GC heap before
{Heap before GC invocations=16 (full 1):
 PSYoungGen      total 136192K, used 125099K [0x000000076ab00000, 0x0000000776000000, 0x00000007c0000000)
  eden space 91136K, 100% used [0x000000076ab00000,0x0000000770400000,0x0000000770400000)
  from space 45056K, 75% used [0x0000000773200000,0x000000077532aee0,0x0000000775e00000)
  to   space 47104K, 0% used [0x0000000770400000,0x0000000770400000,0x0000000773200000)
 ParOldGen       total 111616K, used 56247K [0x00000006c0000000, 0x00000006c6d00000, 0x000000076ab00000)
  object space 111616K, 50% used [0x00000006c0000000,0x00000006c36edd70,0x00000006c6d00000)
 Metaspace       used 24405K, capacity 24657K, committed 24960K, reserved 1071104K
  class space    used 2350K, capacity 2419K, committed 2432K, reserved 1048576K
Event: 115.449 GC heap after
Heap after GC invocations=16 (full 1):
 PSYoungGen      total 123392K, used 34235K [0x000000076ab00000, 0x0000000776100000, 0x00000007c0000000)
  eden space 89088K, 0% used [0x000000076ab00000,0x000000076ab00000,0x0000000770200000)
  from space 34304K, 99% used [0x0000000770400000,0x000000077256ef00,0x0000000772580000)
  to   space 48640K, 0% used [0x0000000773180000,0x0000000773180000,0x0000000776100000)
 ParOldGen       total 111616K, used 56255K [0x00000006c0000000, 0x00000006c6d00000, 0x000000076ab00000)
  object space 111616K, 50% used [0x00000006c0000000,0x00000006c36efd70,0x00000006c6d00000)
 Metaspace       used 24405K, capacity 24657K, committed 24960K, reserved 1071104K
  class space    used 2350K, capacity 2419K, committed 2432K, reserved 1048576K
}
Event: 126.555 GC heap before
{Heap before GC invocations=17 (full 1):
 PSYoungGen      total 123392K, used 123323K [0x000000076ab00000, 0x0000000776100000, 0x00000007c0000000)
  eden space 89088K, 100% used [0x000000076ab00000,0x0000000770200000,0x0000000770200000)
  from space 34304K, 99% used [0x0000000770400000,0x000000077256ef00,0x0000000772580000)
  to   space 48640K, 0% used [0x0000000773180000,0x0000000773180000,0x0000000776100000)
 ParOldGen       total 111616K, used 56255K [0x00000006c0000000, 0x00000006c6d00000, 0x000000076ab00000)
  object space 111616K, 50% used [0x00000006c0000000,0x00000006c36efd70,0x00000006c6d00000)
 Metaspace       used 24414K, capacity 24657K, committed 24960K, reserved 1071104K
  class space    used 2350K, capacity 2419K, committed 2432K, reserved 1048576K
Event: 126.565 GC heap after
Heap after GC invocations=17 (full 1):
 PSYoungGen      total 135680K, used 35947K [0x000000076ab00000, 0x0000000776200000, 0x00000007c0000000)
  eden space 87040K, 0% used [0x000000076ab00000,0x000000076ab00000,0x0000000770000000)
  from space 48640K, 73% used [0x0000000773180000,0x000000077549af90,0x0000000776100000)
  to   space 50176K, 0% used [0x0000000770000000,0x0000000770000000,0x0000000773100000)
 ParOldGen       total 111616K, used 56263K [0x00000006c0000000, 0x00000006c6d00000, 0x000000076ab00000)
  object space 111616K, 50% used [0x00000006c0000000,0x00000006c36f1d70,0x00000006c6d00000)
 Metaspace       used 24414K, capacity 24657K, committed 24960K, reserved 1071104K
  class space    used 2350K, capacity 2419K, committed 2432K, reserved 1048576K
}
Event: 138.390 GC heap before
{Heap before GC invocations=18 (full 1):
 PSYoungGen      total 135680K, used 122987K [0x000000076ab00000, 0x0000000776200000, 0x00000007c0000000)
  eden space 87040K, 100% used [0x000000076ab00000,0x0000000770000000,0x0000000770000000)
  from space 48640K, 73% used [0x0000000773180000,0x000000077549af90,0x0000000776100000)
  to   space 50176K, 0% used [0x0000000770000000,0x0000000770000000,0x0000000773100000)
 ParOldGen       total 111616K, used 56263K [0x00000006c0000000, 0x00000006c6d00000, 0x000000076ab00000)
  object space 111616K, 50% used [0x00000006c0000000,0x00000006c36f1d70,0x00000006c6d00000)
 Metaspace       used 24427K, capacity 24689K, committed 25088K, reserved 1071104K
  class space    used 2352K, capacity 2451K, committed 2560K, reserved 1048576K
Event: 138.399 GC heap after
Heap after GC invocations=18 (full 1):
 PSYoungGen      total 135680K, used 36107K [0x000000076ab00000, 0x0000000776380000, 0x00000007c0000000)
  eden space 85504K, 0% used [0x000000076ab00000,0x000000076ab00000,0x000000076fe80000)
  from space 50176K, 71% used [0x0000000770000000,0x0000000772342f80,0x0000000773100000)
  to   space 51712K, 0% used [0x0000000773100000,0x0000000773100000,0x0000000776380000)
 ParOldGen       total 111616K, used 56263K [0x00000006c0000000, 0x00000006c6d00000, 0x000000076ab00000)
  object space 111616K, 50% used [0x00000006c0000000,0x00000006c36f1d70,0x00000006c6d00000)
 Metaspace       used 24427K, capacity 24689K, committed 25088K, reserved 1071104K
  class space    used 2352K, capacity 2451K, committed 2560K, reserved 1048576K
}

Deoptimization events (10 events):
Event: 143.005 Thread 0x00007f966e9a9000 Uncommon trap: reason=unstable_if action=reinterpret pc=0x000000010427a7d8 method=java.util.HashMap.putVal(ILjava/lang/Object;Ljava/lang/Object;ZZ)Ljava/lang/Object; @ 81
Event: 143.005 Thread 0x00007f966e9a9000 Uncommon trap: reason=unstable_if action=reinterpret pc=0x0000000104265858 method=java.util.HashMap.putVal(ILjava/lang/Object;Ljava/lang/Object;ZZ)Ljava/lang/Object; @ 81
Event: 143.006 Thread 0x00007f966a986800 Uncommon trap: reason=class_check action=maybe_recompile pc=0x000000010472fd30 method=java.awt.Component.getGraphics()Ljava/awt/Graphics; @ 114
Event: 143.008 Thread 0x00007f966d872800 Uncommon trap: reason=class_check action=maybe_recompile pc=0x00000001041409c0 method=com.jogamp.common.util.RunnableTask.run()V @ 24
Event: 143.008 Thread 0x00007f966d872800 Uncommon trap: reason=unstable_if action=reinterpret pc=0x00000001048b15fc method=jogamp.nativewindow.macosx.OSXUtil.RunOnMainThread(ZZLjava/lang/Runnable;)V @ 3
Event: 143.013 Thread 0x00007f966b135800 Uncommon trap: reason=unstable_if action=reinterpret pc=0x00000001043c1fc0 method=jogamp.opengl.GLContextImpl.release(Z)V @ 161
Event: 143.014 Thread 0x00007f966b135800 Uncommon trap: reason=unstable_if action=reinterpret pc=0x0000000104839818 method=java.util.LinkedList$ListItr.<init>(Ljava/util/LinkedList;I)V @ 26
Event: 143.016 Thread 0x00007f966b135800 Uncommon trap: reason=unstable_if action=reinterpret pc=0x0000000104839344 method=java.util.LinkedList$ListItr.<init>(Ljava/util/LinkedList;I)V @ 26
Event: 143.016 Thread 0x00007f966a986800 Uncommon trap: reason=unstable_if action=reinterpret pc=0x0000000103f0e138 method=java.awt.font.FontRenderContext.equals(Ljava/awt/font/FontRenderContext;)Z @ 2
Event: 143.018 Thread 0x00007f966d872800 Uncommon trap: reason=class_check action=maybe_recompile pc=0x00000001041409c0 method=com.jogamp.common.util.RunnableTask.run()V @ 24

Internal exceptions (10 events):
Event: 0.115 Thread 0x00007f966d001800 Exception <a 'java/lang/NoSuchFieldError': method resolution failed> (0x000000076aeeee48) thrown at [/Users/java_re/workspace/8-2-build-macosx-x86_64/jdk8u60/4407/hotspot/src/share/vm/prims/methodHandles.cpp, line 1146]
Event: 0.116 Thread 0x00007f966d001800 Exception <a 'java/lang/NoSuchFieldError': method resolution failed> (0x000000076aefc618) thrown at [/Users/java_re/workspace/8-2-build-macosx-x86_64/jdk8u60/4407/hotspot/src/share/vm/prims/methodHandles.cpp, line 1146]
Event: 0.244 Thread 0x00007f966d001800 Exception <a 'java/io/FileNotFoundException'> (0x000000076af78408) thrown at [/Users/java_re/workspace/8-2-build-macosx-x86_64/jdk8u60/4407/hotspot/src/share/vm/prims/jni.cpp, line 709]
Event: 0.244 Thread 0x00007f966d001800 Exception <a 'java/io/FileNotFoundException'> (0x000000076af78f70) thrown at [/Users/java_re/workspace/8-2-build-macosx-x86_64/jdk8u60/4407/hotspot/src/share/vm/prims/jni.cpp, line 709]
Event: 0.319 Thread 0x00007f966d001800 Exception <a 'java/io/FileNotFoundException'> (0x000000076b010b98) thrown at [/Users/java_re/workspace/8-2-build-macosx-x86_64/jdk8u60/4407/hotspot/src/share/vm/prims/jni.cpp, line 709]
Event: 1.254 Thread 0x00007f966a800000 Exception <a 'java/lang/UnsatisfiedLinkError': com.jogamp.common.util.JarUtil.fixNativeLibAttribs(Ljava/lang/String;)Z> (0x000000076c7a8fd0) thrown at [/Users/java_re/workspace/8-2-build-macosx-x86_64/jdk8u60/4407/hotspot/src/share/vm/prims/nativeLookup.c
Event: 1.887 Thread 0x00007f966b135800 Exception <a 'java/io/FileNotFoundException'> (0x000000076dade890) thrown at [/Users/java_re/workspace/8-2-build-macosx-x86_64/jdk8u60/4407/hotspot/src/share/vm/prims/jni.cpp, line 709]
Event: 1.887 Thread 0x00007f966b135800 Exception <a 'java/io/FileNotFoundException'> (0x000000076dae56f0) thrown at [/Users/java_re/workspace/8-2-build-macosx-x86_64/jdk8u60/4407/hotspot/src/share/vm/prims/jni.cpp, line 709]
Event: 1.887 Thread 0x00007f966b135800 Implicit null exception at 0x0000000103f299b5 to 0x0000000103f29d19
Event: 2.054 Thread 0x00007f966c004800 Exception <a 'java/lang/NullPointerException'> (0x000000076adbc620) thrown at [/Users/java_re/workspace/8-2-build-macosx-x86_64/jdk8u60/4407/hotspot/src/share/vm/interpreter/linkResolver.cpp, line 1178]

Events (10 events):
Event: 143.016 Thread 0x00007f966b135800 DEOPT UNPACKING pc=0x0000000103d8e229 sp=0x000000017498d9e8 mode 2
Event: 143.016 Thread 0x00007f966a986800 Uncommon trap: trap_request=0xffffff65 fr.pc=0x0000000103f0e138
Event: 143.016 Thread 0x00007f966a986800 DEOPT PACKING pc=0x0000000103f0e138 sp=0x0000000128615600
Event: 143.016 Thread 0x00007f966a986800 DEOPT UNPACKING pc=0x0000000103d8e229 sp=0x00000001286155d0 mode 2
Event: 143.016 Thread 0x00007f966e9a9000 Thread exited: 0x00007f966e9a9000
Event: 143.016 loading class java/awt/Window$1DisposeAction
Event: 143.016 loading class java/awt/Window$1DisposeAction done
Event: 143.018 Thread 0x00007f966d872800 Uncommon trap: trap_request=0xffffffde fr.pc=0x00000001041409c0
Event: 143.018 Thread 0x00007f966d872800 DEOPT PACKING pc=0x00000001041409c0 sp=0x00007fff5e0b9750
Event: 143.018 Thread 0x00007f966d872800 DEOPT UNPACKING pc=0x0000000103d8e229 sp=0x00007fff5e0b96f8 mode 2


Dynamic libraries:
0x0000000005db3000 	/System/Library/Frameworks/Cocoa.framework/Versions/A/Cocoa
0x0000000005db3000 	/System/Library/Frameworks/Security.framework/Versions/A/Security
0x0000000005db3000 	/System/Library/Frameworks/ApplicationServices.framework/Versions/A/ApplicationServices
0x0000000005db3000 	/usr/lib/libz.1.dylib
0x0000000005db3000 	/usr/lib/libSystem.B.dylib
0x0000000005db3000 	/usr/lib/libobjc.A.dylib
0x0000000005db3000 	/System/Library/Frameworks/CoreFoundation.framework/Versions/A/CoreFoundation
0x0000000005db3000 	/System/Library/Frameworks/Foundation.framework/Versions/C/Foundation
0x0000000005db3000 	/System/Library/Frameworks/AppKit.framework/Versions/C/AppKit
0x0000000005db3000 	/System/Library/Frameworks/CoreData.framework/Versions/A/CoreData
0x0000000005db3000 	/System/Library/PrivateFrameworks/RemoteViewServices.framework/Versions/A/RemoteViewServices
0x0000000005db3000 	/System/Library/PrivateFrameworks/UIFoundation.framework/Versions/A/UIFoundation
0x0000000005db3000 	/System/Library/Frameworks/IOSurface.framework/Versions/A/IOSurface
0x0000000005db3000 	/System/Library/Frameworks/AudioToolbox.framework/Versions/A/AudioToolbox
0x0000000005db3000 	/System/Library/Frameworks/AudioUnit.framework/Versions/A/AudioUnit
0x0000000005db3000 	/System/Library/PrivateFrameworks/DataDetectorsCore.framework/Versions/A/DataDetectorsCore
0x0000000005db3000 	/System/Library/PrivateFrameworks/DesktopServicesPriv.framework/Versions/A/DesktopServicesPriv
0x0000000005db3000 	/System/Library/Frameworks/Carbon.framework/Versions/A/Frameworks/HIToolbox.framework/Versions/A/HIToolbox
0x0000000005db3000 	/System/Library/Frameworks/QuartzCore.framework/Versions/A/QuartzCore
0x0000000005db3000 	/System/Library/Frameworks/Carbon.framework/Versions/A/Frameworks/SpeechRecognition.framework/Versions/A/SpeechRecognition
0x0000000005db3000 	/usr/lib/libauto.dylib
0x0000000005db3000 	/usr/lib/libicucore.A.dylib
0x0000000005db3000 	/usr/lib/libxml2.2.dylib
0x0000000005db3000 	/System/Library/PrivateFrameworks/CoreUI.framework/Versions/A/CoreUI
0x0000000005db3000 	/System/Library/Frameworks/CoreAudio.framework/Versions/A/CoreAudio
0x0000000005db3000 	/System/Library/Frameworks/DiskArbitration.framework/Versions/A/DiskArbitration
0x0000000005db3000 	/usr/lib/liblangid.dylib
0x0000000005db3000 	/System/Library/PrivateFrameworks/MultitouchSupport.framework/Versions/A/MultitouchSupport
0x0000000005db3000 	/System/Library/Frameworks/IOKit.framework/Versions/A/IOKit
0x0000000005db3000 	/usr/lib/libDiagnosticMessagesClient.dylib
0x0000000005db3000 	/System/Library/Frameworks/CoreServices.framework/Versions/A/CoreServices
0x0000000005db3000 	/System/Library/PrivateFrameworks/PerformanceAnalysis.framework/Versions/A/PerformanceAnalysis
0x0000000005db3000 	/System/Library/PrivateFrameworks/GenerationalStorage.framework/Versions/A/GenerationalStorage
0x0000000005db3000 	/System/Library/Frameworks/OpenGL.framework/Versions/A/OpenGL
0x0000000005db3000 	/System/Library/PrivateFrameworks/Sharing.framework/Versions/A/Sharing
0x0000000005db3000 	/System/Library/Frameworks/CoreGraphics.framework/Versions/A/CoreGraphics
0x0000000005db3000 	/System/Library/Frameworks/CoreText.framework/Versions/A/CoreText
0x0000000005db3000 	/System/Library/Frameworks/ImageIO.framework/Versions/A/ImageIO
0x0000000005db3000 	/usr/lib/libextension.dylib
0x0000000005db3000 	/System/Library/PrivateFrameworks/Backup.framework/Versions/A/Backup
0x0000000005db3000 	/usr/lib/libarchive.2.dylib
0x0000000005db3000 	/System/Library/Frameworks/CFNetwork.framework/Versions/A/CFNetwork
0x0000000005db3000 	/System/Library/Frameworks/SystemConfiguration.framework/Versions/A/SystemConfiguration
0x0000000005db3000 	/usr/lib/libCRFSuite.dylib
0x0000000005db3000 	/usr/lib/libc++.1.dylib
0x0000000005db3000 	/usr/lib/libc++abi.dylib
0x0000000005db3000 	/usr/lib/system/libcache.dylib
0x0000000005db3000 	/usr/lib/system/libcommonCrypto.dylib
0x0000000005db3000 	/usr/lib/system/libcompiler_rt.dylib
0x0000000005db3000 	/usr/lib/system/libcopyfile.dylib
0x0000000005db3000 	/usr/lib/system/libcorecrypto.dylib
0x0000000005db3000 	/usr/lib/system/libdispatch.dylib
0x0000000005db3000 	/usr/lib/system/libdyld.dylib
0x0000000005db3000 	/usr/lib/system/libkeymgr.dylib
0x0000000005db3000 	/usr/lib/system/liblaunch.dylib
0x0000000005db3000 	/usr/lib/system/libmacho.dylib
0x0000000005db3000 	/usr/lib/system/libquarantine.dylib
0x0000000005db3000 	/usr/lib/system/libremovefile.dylib
0x0000000005db3000 	/usr/lib/system/libsystem_asl.dylib
0x0000000005db3000 	/usr/lib/system/libsystem_blocks.dylib
0x0000000005db3000 	/usr/lib/system/libsystem_c.dylib
0x0000000005db3000 	/usr/lib/system/libsystem_configuration.dylib
0x0000000005db3000 	/usr/lib/system/libsystem_coreservices.dylib
0x0000000005db3000 	/usr/lib/system/libsystem_coretls.dylib
0x0000000005db3000 	/usr/lib/system/libsystem_dnssd.dylib
0x0000000005db3000 	/usr/lib/system/libsystem_info.dylib
0x0000000005db3000 	/usr/lib/system/libsystem_kernel.dylib
0x0000000005db3000 	/usr/lib/system/libsystem_m.dylib
0x0000000005db3000 	/usr/lib/system/libsystem_malloc.dylib
0x0000000005db3000 	/usr/lib/system/libsystem_network.dylib
0x0000000005db3000 	/usr/lib/system/libsystem_networkextension.dylib
0x0000000005db3000 	/usr/lib/system/libsystem_notify.dylib
0x0000000005db3000 	/usr/lib/system/libsystem_platform.dylib
0x0000000005db3000 	/usr/lib/system/libsystem_pthread.dylib
0x0000000005db3000 	/usr/lib/system/libsystem_sandbox.dylib
0x0000000005db3000 	/usr/lib/system/libsystem_secinit.dylib
0x0000000005db3000 	/usr/lib/system/libsystem_stats.dylib
0x0000000005db3000 	/usr/lib/system/libsystem_trace.dylib
0x0000000005db3000 	/usr/lib/system/libunc.dylib
0x0000000005db3000 	/usr/lib/system/libunwind.dylib
0x0000000005db3000 	/usr/lib/system/libxpc.dylib
0x0000000005db3000 	/usr/lib/libbz2.1.0.dylib
0x0000000005db3000 	/usr/lib/liblzma.5.dylib
0x0000000005db3000 	/usr/lib/libbsm.0.dylib
0x0000000005db3000 	/usr/lib/libsqlite3.dylib
0x0000000005db3000 	/usr/lib/system/libkxld.dylib
0x0000000005db3000 	/usr/lib/libxar.1.dylib
0x0000000005db3000 	/usr/lib/libpam.2.dylib
0x0000000005db3000 	/usr/lib/libOpenScriptingUtil.dylib
0x0000000005db3000 	/System/Library/Frameworks/CoreServices.framework/Versions/A/Frameworks/FSEvents.framework/Versions/A/FSEvents
0x0000000005db3000 	/System/Library/Frameworks/CoreServices.framework/Versions/A/Frameworks/CarbonCore.framework/Versions/A/CarbonCore
0x0000000005db3000 	/System/Library/Frameworks/CoreServices.framework/Versions/A/Frameworks/Metadata.framework/Versions/A/Metadata
0x0000000005db3000 	/System/Library/Frameworks/CoreServices.framework/Versions/A/Frameworks/OSServices.framework/Versions/A/OSServices
0x0000000005db3000 	/System/Library/Frameworks/CoreServices.framework/Versions/A/Frameworks/SearchKit.framework/Versions/A/SearchKit
0x0000000005db3000 	/System/Library/Frameworks/CoreServices.framework/Versions/A/Frameworks/AE.framework/Versions/A/AE
0x0000000005db3000 	/System/Library/Frameworks/CoreServices.framework/Versions/A/Frameworks/LaunchServices.framework/Versions/A/LaunchServices
0x0000000005db3000 	/System/Library/Frameworks/CoreServices.framework/Versions/A/Frameworks/DictionaryServices.framework/Versions/A/DictionaryServices
0x0000000005db3000 	/System/Library/Frameworks/NetFS.framework/Versions/A/NetFS
0x0000000005db3000 	/System/Library/PrivateFrameworks/NetAuth.framework/Versions/A/NetAuth
0x0000000005db3000 	/System/Library/PrivateFrameworks/login.framework/Versions/A/Frameworks/loginsupport.framework/Versions/A/loginsupport
0x0000000005db3000 	/System/Library/PrivateFrameworks/TCC.framework/Versions/A/TCC
0x0000000005db3000 	/usr/lib/libmecabra.dylib
0x0000000005db3000 	/System/Library/Frameworks/ApplicationServices.framework/Versions/A/Frameworks/ATS.framework/Versions/A/ATS
0x0000000005db3000 	/System/Library/Frameworks/ApplicationServices.framework/Versions/A/Frameworks/ColorSync.framework/Versions/A/ColorSync
0x0000000005db3000 	/System/Library/Frameworks/ApplicationServices.framework/Versions/A/Frameworks/HIServices.framework/Versions/A/HIServices
0x0000000005db3000 	/System/Library/Frameworks/ApplicationServices.framework/Versions/A/Frameworks/LangAnalysis.framework/Versions/A/LangAnalysis
0x0000000005db3000 	/System/Library/Frameworks/ApplicationServices.framework/Versions/A/Frameworks/PrintCore.framework/Versions/A/PrintCore
0x0000000005db3000 	/System/Library/Frameworks/ApplicationServices.framework/Versions/A/Frameworks/QD.framework/Versions/A/QD
0x0000000005db3000 	/System/Library/Frameworks/ApplicationServices.framework/Versions/A/Frameworks/SpeechSynthesis.framework/Versions/A/SpeechSynthesis
0x0000000005db3000 	/System/Library/Frameworks/Accelerate.framework/Versions/A/Accelerate
0x0000000005db3000 	/System/Library/Frameworks/Accelerate.framework/Versions/A/Frameworks/vImage.framework/Versions/A/vImage
0x0000000005db3000 	/System/Library/Frameworks/Accelerate.framework/Versions/A/Frameworks/vecLib.framework/Versions/A/vecLib
0x0000000005db3000 	/System/Library/Frameworks/Accelerate.framework/Versions/A/Frameworks/vecLib.framework/Versions/A/libvDSP.dylib
0x0000000005db3000 	/System/Library/Frameworks/Accelerate.framework/Versions/A/Frameworks/vecLib.framework/Versions/A/libvMisc.dylib
0x0000000005db3000 	/System/Library/Frameworks/Accelerate.framework/Versions/A/Frameworks/vecLib.framework/Versions/A/libLAPACK.dylib
0x0000000005db3000 	/System/Library/Frameworks/Accelerate.framework/Versions/A/Frameworks/vecLib.framework/Versions/A/libBLAS.dylib
0x0000000005db3000 	/System/Library/Frameworks/Accelerate.framework/Versions/A/Frameworks/vecLib.framework/Versions/A/libLinearAlgebra.dylib
0x0000000005db3000 	/System/Library/Frameworks/ApplicationServices.framework/Versions/A/Frameworks/ATS.framework/Versions/A/Resources/libFontParser.dylib
0x0000000005db3000 	/System/Library/Frameworks/ApplicationServices.framework/Versions/A/Frameworks/ATS.framework/Versions/A/Resources/libFontRegistry.dylib
0x0000000005db3000 	/System/Library/PrivateFrameworks/AppleVPA.framework/Versions/A/AppleVPA
0x0000000005db3000 	/System/Library/PrivateFrameworks/AppleJPEG.framework/Versions/A/AppleJPEG
0x0000000005db3000 	/System/Library/Frameworks/ImageIO.framework/Versions/A/Resources/libJPEG.dylib
0x0000000005db3000 	/System/Library/Frameworks/ImageIO.framework/Versions/A/Resources/libTIFF.dylib
0x0000000005db3000 	/System/Library/Frameworks/ImageIO.framework/Versions/A/Resources/libPng.dylib
0x0000000005db3000 	/System/Library/Frameworks/ImageIO.framework/Versions/A/Resources/libGIF.dylib
0x0000000005db3000 	/System/Library/Frameworks/ImageIO.framework/Versions/A/Resources/libJP2.dylib
0x0000000005db3000 	/System/Library/Frameworks/ImageIO.framework/Versions/A/Resources/libRadiance.dylib
0x0000000005db3000 	/System/Library/Frameworks/CoreVideo.framework/Versions/A/CoreVideo
0x0000000005db3000 	/System/Library/Frameworks/OpenGL.framework/Versions/A/Libraries/libGLU.dylib
0x0000000005db3000 	/System/Library/Frameworks/OpenGL.framework/Versions/A/Libraries/libGFXShared.dylib
0x0000000005db3000 	/System/Library/Frameworks/OpenGL.framework/Versions/A/Libraries/libGL.dylib
0x0000000005db3000 	/System/Library/Frameworks/OpenGL.framework/Versions/A/Libraries/libGLImage.dylib
0x0000000005db3000 	/System/Library/Frameworks/OpenGL.framework/Versions/A/Libraries/libCVMSPluginSupport.dylib
0x0000000005db3000 	/System/Library/Frameworks/OpenGL.framework/Versions/A/Libraries/libCoreVMClient.dylib
0x0000000005db3000 	/usr/lib/libcups.2.dylib
0x0000000005db3000 	/System/Library/Frameworks/Kerberos.framework/Versions/A/Kerberos
0x0000000005db3000 	/System/Library/Frameworks/GSS.framework/Versions/A/GSS
0x0000000005db3000 	/usr/lib/libresolv.9.dylib
0x0000000005db3000 	/usr/lib/libiconv.2.dylib
0x0000000005db3000 	/System/Library/PrivateFrameworks/Heimdal.framework/Versions/A/Heimdal
0x0000000005db3000 	/usr/lib/libheimdal-asn1.dylib
0x0000000005db3000 	/System/Library/Frameworks/OpenDirectory.framework/Versions/A/OpenDirectory
0x0000000005db3000 	/System/Library/PrivateFrameworks/CommonAuth.framework/Versions/A/CommonAuth
0x0000000005db3000 	/System/Library/Frameworks/OpenDirectory.framework/Versions/A/Frameworks/CFOpenDirectory.framework/Versions/A/CFOpenDirectory
0x0000000005db3000 	/System/Library/Frameworks/SecurityFoundation.framework/Versions/A/SecurityFoundation
0x0000000005db3000 	/System/Library/PrivateFrameworks/LanguageModeling.framework/Versions/A/LanguageModeling
0x0000000005db3000 	/usr/lib/libcmph.dylib
0x0000000005db3000 	/System/Library/Frameworks/ServiceManagement.framework/Versions/A/ServiceManagement
0x0000000005db3000 	/usr/lib/libxslt.1.dylib
0x0000000005db3000 	/System/Library/Frameworks/Carbon.framework/Versions/A/Frameworks/Ink.framework/Versions/A/Ink
0x0000000005db3000 	/System/Library/Frameworks/QuartzCore.framework/Versions/A/Frameworks/CoreImage.framework/Versions/A/CoreImage
0x0000000005db3000 	/System/Library/PrivateFrameworks/CrashReporterSupport.framework/Versions/A/CrashReporterSupport
0x0000000005db3000 	/System/Library/Frameworks/OpenCL.framework/Versions/A/OpenCL
0x0000000005db3000 	/System/Library/PrivateFrameworks/FaceCore.framework/Versions/A/FaceCore
0x0000000005db3000 	/System/Library/PrivateFrameworks/Ubiquity.framework/Versions/A/Ubiquity
0x0000000005db3000 	/System/Library/PrivateFrameworks/IconServices.framework/Versions/A/IconServices
0x0000000005db3000 	/System/Library/PrivateFrameworks/ChunkingLibrary.framework/Versions/A/ChunkingLibrary
0x0000000005db3000 	/System/Library/PrivateFrameworks/Apple80211.framework/Versions/A/Apple80211
0x0000000005db3000 	/System/Library/Frameworks/CoreWLAN.framework/Versions/A/CoreWLAN
0x0000000005db3000 	/System/Library/Frameworks/IOBluetooth.framework/Versions/A/IOBluetooth
0x0000000005db3000 	/System/Library/PrivateFrameworks/CoreWiFi.framework/Versions/A/CoreWiFi
0x0000000005db3000 	/System/Library/Frameworks/CoreBluetooth.framework/Versions/A/CoreBluetooth
0x0000000005db3000 	/System/Library/PrivateFrameworks/DebugSymbols.framework/Versions/A/DebugSymbols
0x0000000005db3000 	/System/Library/PrivateFrameworks/CoreSymbolication.framework/Versions/A/CoreSymbolication
0x0000000005db3000 	/System/Library/PrivateFrameworks/Symbolication.framework/Versions/A/Symbolication
0x0000000005db3000 	/System/Library/PrivateFrameworks/SpeechRecognitionCore.framework/Versions/A/SpeechRecognitionCore
0x0000000102e00000 	/Library/Java/JavaVirtualMachines/jdk1.8.0_60.jdk/Contents/Home/jre/lib/server/libjvm.dylib
0x0000000005db3000 	/usr/lib/libstdc++.6.dylib
0x0000000101d5b000 	/Library/Java/JavaVirtualMachines/jdk1.8.0_60.jdk/Contents/Home/jre/lib/libverify.dylib
0x0000000101d69000 	/Library/Java/JavaVirtualMachines/jdk1.8.0_60.jdk/Contents/Home/jre/lib/libjava.dylib
0x0000000101da8000 	/Library/Java/JavaVirtualMachines/jdk1.8.0_60.jdk/Contents/Home/jre/lib/libzip.dylib
0x000000011f917000 	/System/Library/Frameworks/JavaVM.framework/Frameworks/JavaRuntimeSupport.framework/JavaRuntimeSupport
0x000000011f92d000 	/System/Library/Frameworks/JavaVM.framework/Versions/A/Frameworks/JavaNativeFoundation.framework/Versions/A/JavaNativeFoundation
0x000000011f941000 	/System/Library/Frameworks/JavaVM.framework/Versions/A/JavaVM
0x0000000005db3000 	/System/Library/Frameworks/Carbon.framework/Versions/A/Carbon
0x000000011f94d000 	/System/Library/PrivateFrameworks/JavaLaunching.framework/Versions/A/JavaLaunching
0x0000000005db3000 	/System/Library/Frameworks/Carbon.framework/Versions/A/Frameworks/CommonPanels.framework/Versions/A/CommonPanels
0x0000000005db3000 	/System/Library/Frameworks/Carbon.framework/Versions/A/Frameworks/Help.framework/Versions/A/Help
0x0000000005db3000 	/System/Library/Frameworks/Carbon.framework/Versions/A/Frameworks/ImageCapture.framework/Versions/A/ImageCapture
0x0000000005db3000 	/System/Library/Frameworks/Carbon.framework/Versions/A/Frameworks/OpenScripting.framework/Versions/A/OpenScripting
0x0000000005db3000 	/System/Library/Frameworks/Carbon.framework/Versions/A/Frameworks/Print.framework/Versions/A/Print
0x0000000005db3000 	/System/Library/Frameworks/Carbon.framework/Versions/A/Frameworks/SecurityHI.framework/Versions/A/SecurityHI
0x0000000121945000 	/Library/Java/JavaVirtualMachines/jdk1.8.0_60.jdk/Contents/Home/jre/lib/libawt.dylib
0x00000001219ed000 	/Library/Java/JavaVirtualMachines/jdk1.8.0_60.jdk/Contents/Home/jre/lib/./libmlib_image.dylib
0x0000000121ab9000 	/Library/Java/JavaVirtualMachines/jdk1.8.0_60.jdk/Contents/Home/jre/lib/libawt_lwawt.dylib
0x0000000121b6e000 	/Library/Java/JavaVirtualMachines/jdk1.8.0_60.jdk/Contents/Home/jre/lib/./libosxapp.dylib
0x0000000005db3000 	/System/Library/Frameworks/ExceptionHandling.framework/Versions/A/ExceptionHandling
0x0000000005db3000 	/System/Library/PrivateFrameworks/CoreServicesInternal.framework/Versions/A/CoreServicesInternal
0x0000000005db3000 	/System/Library/PrivateFrameworks/CloudDocs.framework/Versions/A/CloudDocs
0x0000000005db3000 	/System/Library/PrivateFrameworks/CoreDuet.framework/Versions/A/CoreDuet
0x0000000005db3000 	/System/Library/Frameworks/CloudKit.framework/Versions/A/CloudKit
0x0000000005db3000 	/System/Library/PrivateFrameworks/ProtocolBuffer.framework/Versions/A/ProtocolBuffer
0x0000000005db3000 	/System/Library/PrivateFrameworks/CoreDuetDaemonProtocol.framework/Versions/A/CoreDuetDaemonProtocol
0x0000000005db3000 	/System/Library/PrivateFrameworks/CoreDuetDebugLogging.framework/Versions/A/CoreDuetDebugLogging
0x0000000005db3000 	/System/Library/PrivateFrameworks/MMCS.framework/Versions/A/MMCS
0x0000000005db3000 	/System/Library/Frameworks/CoreLocation.framework/Versions/A/CoreLocation
0x0000000005db3000 	/System/Library/PrivateFrameworks/ProtectedCloudStorage.framework/Versions/A/ProtectedCloudStorage
0x0000000005db3000 	/System/Library/PrivateFrameworks/GeoServices.framework/Versions/A/GeoServices
0x0000000005db3000 	/System/Library/Frameworks/CoreGraphics.framework/Versions/A/Resources/libCGCMS.A.dylib
0x0000000005db3000 	/System/Library/Frameworks/CoreGraphics.framework/Versions/A/Resources/libRIP.A.dylib
0x0000000005db3000 	/System/Library/Frameworks/CoreGraphics.framework/Versions/A/Resources/libCGXType.A.dylib
0x0000000005db3000 	/System/Library/Frameworks/OpenCL.framework/Versions/A/Libraries/libcldcpuengine.dylib
0x0000000005db3000 	/System/Library/PrivateFrameworks/DiskImages.framework/Versions/A/DiskImages
0x0000000005db3000 	/System/Library/Frameworks/DiscRecording.framework/Versions/A/DiscRecording
0x0000000005db3000 	/usr/lib/libcsfde.dylib
0x0000000005db3000 	/usr/lib/libcurl.4.dylib
0x0000000005db3000 	/System/Library/PrivateFrameworks/MediaKit.framework/Versions/A/MediaKit
0x0000000005db3000 	/usr/lib/libCoreStorage.dylib
0x0000000005db3000 	/System/Library/PrivateFrameworks/EFILogin.framework/Versions/A/EFILogin
0x0000000005db3000 	/usr/lib/libutil.dylib
0x0000000005db3000 	/System/Library/PrivateFrameworks/FindMyDevice.framework/Versions/A/FindMyDevice
0x0000000005db3000 	/System/Library/Frameworks/LDAP.framework/Versions/A/LDAP
0x0000000005db3000 	/usr/lib/libsasl2.2.dylib
0x0000000005db3000 	/System/Library/PrivateFrameworks/CoreDaemon.framework/Versions/B/CoreDaemon
0x0000000005db3000 	/usr/lib/libcrypto.0.9.8.dylib
0x0000000005db3000 	/System/Library/PrivateFrameworks/AppleSRP.framework/Versions/A/AppleSRP
0x0000000005db3000 	/System/Library/PrivateFrameworks/TrustEvaluationAgent.framework/Versions/A/TrustEvaluationAgent
0x0000000124c64000 	cl_kernels
0x0000000124c66000 	/System/Library/Frameworks/OpenCL.framework/Versions/A/Libraries/ImageFormats/unorm8_bgra.dylib
0x0000000124c56000 	cl_kernels
0x0000000005db3000 	/System/Library/PrivateFrameworks/FamilyControls.framework/Versions/A/FamilyControls
0x0000000005db3000 	/System/Library/PrivateFrameworks/CommerceKit.framework/Versions/A/Frameworks/CommerceCore.framework/Versions/A/CommerceCore
0x0000000005db3000 	/System/Library/PrivateFrameworks/SystemAdministration.framework/Versions/A/SystemAdministration
0x0000000005db3000 	/System/Library/PrivateFrameworks/AppContainer.framework/Versions/A/AppContainer
0x0000000005db3000 	/System/Library/PrivateFrameworks/SecCodeWrapper.framework/Versions/A/SecCodeWrapper
0x0000000005db3000 	/System/Library/Frameworks/DirectoryService.framework/Versions/A/DirectoryService
0x0000000005db3000 	/System/Library/PrivateFrameworks/LoginUIKit.framework/Versions/A/Frameworks/LoginUICore.framework/Versions/A/LoginUICore
0x0000000005db3000 	/usr/lib/libodfde.dylib
0x0000000005db3000 	/System/Library/Frameworks/OpenGL.framework/Versions/A/Resources/GLEngine.bundle/GLEngine
0x0000000005db3000 	/System/Library/Frameworks/OpenGL.framework/Versions/A/Libraries/libGLProgrammability.dylib
0x00000001262ba000 	/System/Library/Extensions/AppleIntelHD5000GraphicsGLDriver.bundle/Contents/MacOS/AppleIntelHD5000GraphicsGLDriver
0x0000000005db3000 	/System/Library/PrivateFrameworks/IOAccelerator.framework/Versions/A/IOAccelerator
0x0000000005db3000 	/System/Library/PrivateFrameworks/GPUSupport.framework/Versions/A/Libraries/libGPUSupportMercury.dylib
0x0000000005db3000 	/System/Library/Frameworks/OpenGL.framework/Versions/A/Resources/GLRendererFloat.bundle/GLRendererFloat
0x00000001272f0000 	/Library/Java/JavaVirtualMachines/jdk1.8.0_60.jdk/Contents/Home/jre/lib/libfontmanager.dylib
0x000000012867a000 	/Library/Java/JavaVirtualMachines/jdk1.8.0_60.jdk/Contents/Home/jre/lib/libosxui.dylib
0x000000012892f000 	/Library/Java/JavaVirtualMachines/jdk1.8.0_60.jdk/Contents/Home/jre/lib/libnet.dylib
0x000000012873a000 	/Library/Java/JavaVirtualMachines/jdk1.8.0_60.jdk/Contents/Home/jre/lib/libnio.dylib
0x0000000005db3000 	/System/Library/Frameworks/ApplicationServices.framework/Versions/A/Frameworks/ATS.framework/Versions/A/Resources/libTrueTypeScaler.dylib
0x0000000174083000 	/private/var/folders/b5/zysj4pxj6576yq718hwysrg80000gn/T/jogamp_0000/file_cache/jln6600446627792300258/jln5164463515398679473/libgluegen-rt.jnilib
0x0000000174088000 	/private/var/folders/b5/zysj4pxj6576yq718hwysrg80000gn/T/jogamp_0000/file_cache/jln6600446627792300258/jln5164463515398679473/libnativewindow_awt.jnilib
0x000000017408b000 	/Library/Java/JavaVirtualMachines/jdk1.8.0_60.jdk/Contents/Home/jre/lib/libjawt.dylib
0x000000017408e000 	/private/var/folders/b5/zysj4pxj6576yq718hwysrg80000gn/T/jogamp_0000/file_cache/jln6600446627792300258/jln5164463515398679473/libnativewindow_macosx.jnilib
0x0000000178dbc000 	/private/var/folders/b5/zysj4pxj6576yq718hwysrg80000gn/T/jogamp_0000/file_cache/jln6600446627792300258/jln5164463515398679473/libjogl_desktop.jnilib
0x0000000174715000 	/Library/Java/JavaVirtualMachines/jdk1.8.0_60.jdk/Contents/Home/jre/lib/libsunec.dylib
0x000000017b2c7000 	/Library/Java/JavaVirtualMachines/jdk1.8.0_60.jdk/Contents/Home/jre/lib/libt2k.dylib

VM Arguments:
jvm_args: -Djava.security.policy=java.policy.applet -Dfile.encoding=UTF-8 
java_command: sun.applet.AppletViewer module5.EarthquakeCityMap1494883588009.html
java_class_path (initial): /Users/mauriciotl/MauricioFiles/Eclipse_II/CourseraProjects/UCSDUnfoldingMaps/build:/Users/mauriciotl/MauricioFiles/Eclipse_II/CourseraProjects/UCSDUnfoldingMaps/lib/core.jar:/Users/mauriciotl/MauricioFiles/Eclipse_II/CourseraProjects/UCSDUnfoldingMaps/lib/gluegen-rt.jar:/Users/mauriciotl/MauricioFiles/Eclipse_II/CourseraProjects/UCSDUnfoldingMaps/lib/jogl-all.jar:/Users/mauriciotl/MauricioFiles/Eclipse_II/CourseraProjects/UCSDUnfoldingMaps/lib/log4j-1.2.15.jar:/Users/mauriciotl/MauricioFiles/Eclipse_II/CourseraProjects/UCSDUnfoldingMaps/lib/sqlite-jdbc-3.7.2.jar:/Users/mauriciotl/MauricioFiles/Eclipse_II/CourseraProjects/UCSDUnfoldingMaps/lib/json4processing.jar:/Users/mauriciotl/MauricioFiles/Eclipse_II/CourseraProjects/UCSDUnfoldingMaps/lib/libTUIO.jar:/Users/mauriciotl/MauricioFiles/Eclipse_II/CourseraProjects/UCSDUnfoldingMaps/lib/unfolding.0.9.7-uscd.jar
Launcher Type: SUN_STANDARD

Environment Variables:
PATH=/usr/bin:/bin:/usr/sbin:/sbin
SHELL=/bin/bash

Signal Handlers:
SIGSEGV: [libjvm.dylib+0x5a6d31], sa_mask[0]=11111111011111110111111111111111, sa_flags=SA_ONSTACK|SA_RESTART|SA_SIGINFO
SIGBUS: [libjvm.dylib+0x5a6d31], sa_mask[0]=11111111011111110111111111111111, sa_flags=SA_RESTART|SA_SIGINFO
SIGFPE: [libjvm.dylib+0x480a4c], sa_mask[0]=11111111011111110111111111111111, sa_flags=SA_RESTART|SA_SIGINFO
SIGPIPE: [libjvm.dylib+0x480a4c], sa_mask[0]=11111111011111110111111111111111, sa_flags=SA_RESTART|SA_SIGINFO
SIGXFSZ: [libjvm.dylib+0x480a4c], sa_mask[0]=11111111011111110111111111111111, sa_flags=SA_RESTART|SA_SIGINFO
SIGILL: [libjvm.dylib+0x480a4c], sa_mask[0]=11111111011111110111111111111111, sa_flags=SA_RESTART|SA_SIGINFO
SIGUSR1: SIG_DFL, sa_mask[0]=00000000000000000000000000000000, sa_flags=none
SIGUSR2: [libjvm.dylib+0x48056a], sa_mask[0]=00100000000000000000000000000000, sa_flags=SA_RESTART|SA_SIGINFO
SIGHUP: [libjvm.dylib+0x47eb41], sa_mask[0]=11111111011111110111111111111111, sa_flags=SA_RESTART|SA_SIGINFO
SIGINT: [libjvm.dylib+0x47eb41], sa_mask[0]=11111111011111110111111111111111, sa_flags=SA_RESTART|SA_SIGINFO
SIGTERM: [libjvm.dylib+0x47eb41], sa_mask[0]=11111111011111110111111111111111, sa_flags=SA_RESTART|SA_SIGINFO
SIGQUIT: [libjvm.dylib+0x47eb41], sa_mask[0]=11111111011111110111111111111111, sa_flags=SA_RESTART|SA_SIGINFO


---------------  S Y S T E M  ---------------

OS:Bsduname:Darwin 14.5.0 Darwin Kernel Version 14.5.0: Fri Feb 17 10:33:20 PST 2017; root:xnu-2782.50.9.1.1~1/RELEASE_X86_64 x86_64
rlimit: STACK 8192k, CORE 0k, NPROC 709, NOFILE 10240, AS infinity
load average:1.84 1.53 1.42

CPU:total 8 (4 cores per cpu, 2 threads per core) family 6 model 70 stepping 1, cmov, cx8, fxsr, mmx, sse, sse2, sse3, ssse3, sse4.1, sse4.2, popcnt, avx, avx2, aes, clmul, erms, lzcnt, ht, tsc, tscinvbit, bmi1, bmi2

Memory: 4k page, physical 16777216k(2550304k free)

/proc/meminfo:


vm_info: Java HotSpot(TM) 64-Bit Server VM (25.60-b23) for bsd-amd64 JRE (1.8.0_60-b27), built on Aug  4 2015 10:47:24 by "java_re" with gcc 4.2.1 (Based on Apple Inc. build 5658) (LLVM build 2336.11.00)

time: Mon May 15 16:28:51 2017
elapsed time: 143 seconds (0d 0h 2m 23s)

