#
# A fatal error has been detected by the Java Runtime Environment:
#
#  SIGSEGV (0xb) at pc=0x00007fff8c3140dd, pid=6202, tid=1811
#
# JRE version: Java(TM) SE Runtime Environment (8.0_60-b27) (build 1.8.0_60-b27)
# Java VM: Java HotSpot(TM) 64-Bit Server VM (25.60-b23 mixed mode bsd-amd64 compressed oops)
# Problematic frame:
# C  [libobjc.A.dylib+0x10dd]  objc_msgSend+0x1d
#
# Failed to write core dump. Core dumps have been disabled. To enable core dumping, try "ulimit -c unlimited" before starting Java again
#
# If you would like to submit a bug report, please visit:
#   http://bugreport.java.com/bugreport/crash.jsp
# The crash happened outside the Java Virtual Machine in native code.
# See problematic frame for where to report the bug.
#

---------------  T H R E A D  ---------------

Current thread (0x00007f8fcb0c0000):  JavaThread "AWT-AppKit" daemon [_thread_in_native, id=1811, stack(0x00007fff59684000,0x00007fff59e84000)]

siginfo: si_signo: 11 (SIGSEGV), si_code: 1 (SEGV_MAPERR), si_addr: 0x0000000000000018

Registers:
RAX=0x00007f8fd120ddb0, RBX=0x00000001782a9450, RCX=0x000000012e8968a0, RDX=0x000000012e896780
RSP=0x00007fff59e7f4f8, RBP=0x00007fff59e7f5b0, RSI=0x00007fff948f440f, RDI=0x00007f8fd087e400
R8 =0x0000000000000000, R9 =0x0000000000000f50, R10=0x00007fff948f440f, R11=0x0000000000000000
R12=0x0000000000000000, R13=0x000000017bed05a8, R14=0x00000001782a9440, R15=0x00007f8fcb0c0000
RIP=0x00007fff8c3140dd, EFLAGS=0x0000000000010246, ERR=0x0000000000000004
  TRAPNO=0x000000000000000e

Top of Stack: (sp=0x00007fff59e7f4f8)
0x00007fff59e7f4f8:   00000001782a7157 00007fff59e7f550
0x00007fff59e7f508:   0000000000000003 00007fff59e7f530
0x00007fff59e7f518:   00000001071f1992 000000017bed05a8
0x00007fff59e7f528:   000000017bed05a8 00007f8fd120ddb0
0x00007fff59e7f538:   00000001782a96a0 00000001782a9710
0x00007fff59e7f548:   00007fff797a9550 00007fff7a530c80
0x00007fff59e7f558:   00000001782a9450 00000001782a9690
0x00007fff59e7f568:   00007f8fd120ddb0 00007f8fd087e400
0x00007fff59e7f578:   00007f8fc9c81cd0 00007f8fd120ddb0
0x00007fff59e7f588:   00007f8fd087e400 00007fff59e7f630
0x00007fff59e7f598:   00007f8fcb0c01f8 000000017bed05a8
0x00007fff59e7f5a8:   00007fff59e7f658 00007fff59e7f620
0x00007fff59e7f5b8:   0000000107f9e954 00007fff59e7f620
0x00007fff59e7f5c8:   0000000107f9e6d9 0000000107faa823
0x00007fff59e7f5d8:   0000000107f9e6a2 00007fff59e7f5e0
0x00007fff59e7f5e8:   000000017bed05a8 00007fff59e7f658
0x00007fff59e7f5f8:   000000017bed31e0 0000000000000000
0x00007fff59e7f608:   000000017bed05a8 0000000000000000
0x00007fff59e7f618:   00007fff59e7f640 00007fff59e7f6a0
0x00007fff59e7f628:   0000000107f90c4d 000000076f6742c0
0x00007fff59e7f638:   0000000107f98578 00007f8fd120ddb0
0x00007fff59e7f648:   0000000107f99db9 00007f8fd087e400
0x00007fff59e7f658:   0000000107f99d82 00007fff59e7f660
0x00007fff59e7f668:   000000017bed0772 00007fff59e7f6c8
0x00007fff59e7f678:   000000017bed31e0 0000000000000000
0x00007fff59e7f688:   000000017bed0780 00007fff59e7f640
0x00007fff59e7f698:   00007fff59e7f6b0 00007fff59e7f710
0x00007fff59e7f6a8:   0000000107f90c4d 00007f8fd120ddb0
0x00007fff59e7f6b8:   000000076f5e0748 00007f8fd087e400
0x00007fff59e7f6c8:   000000076f5e0748 00007fff59e7f6d0
0x00007fff59e7f6d8:   00000001804a565e 00007fff59e7f720
0x00007fff59e7f6e8:   00000001804a5718 0000000000000000 

Instructions: (pc=0x00007fff8c3140dd)
0x00007fff8c3140bd:   00 00 00 48 85 ff 2e 74 7a 40 f6 c7 01 2e 75 7e
0x00007fff8c3140cd:   49 bb f8 ff ff ff ff 7f 00 00 4c 23 1f 49 89 f2
0x00007fff8c3140dd:   45 23 53 18 49 c1 e2 04 4d 03 53 10 49 3b 32 75
0x00007fff8c3140ed:   04 41 ff 62 08 49 83 3a 00 74 6a 4d 3b 53 10 74 

Register to memory mapping:

RAX=0x00007f8fd120ddb0 is an unknown value
RBX=0x00000001782a9450: Java_jogamp_nativewindow_macosx_OSXUtil_GetScreenRefreshRate0+0x1cf0 in /private/var/folders/b5/zysj4pxj6576yq718hwysrg80000gn/T/jogamp_0000/file_cache/jln4033349409742744510/jln157431372981556040/libnativewindow_macosx.jnilib at 0x00000001782a2000
RCX=0x000000012e8968a0 is an unknown value
RDX=0x000000012e896780 is an unknown value
RSP=0x00007fff59e7f4f8 is pointing into the stack for thread: 0x00007f8fcb0c0000
RBP=0x00007fff59e7f5b0 is pointing into the stack for thread: 0x00007f8fcb0c0000
RSI=0x00007fff948f440f is an unknown value
RDI=0x00007f8fd087e400 is an unknown value
R8 =0x0000000000000000 is an unknown value
R9 =0x0000000000000f50 is an unknown value
R10=0x00007fff948f440f is an unknown value
R11=0x0000000000000000 is an unknown value
R12=0x0000000000000000 is an unknown value
R13={method} {0x000000017bed05a8} 'UnsetJAWTRootSurfaceLayer0' '(JJ)V' in 'jogamp/nativewindow/jawt/macosx/MacOSXJAWTWindow'
R14=0x00000001782a9440: Java_jogamp_nativewindow_macosx_OSXUtil_GetScreenRefreshRate0+0x1ce0 in /private/var/folders/b5/zysj4pxj6576yq718hwysrg80000gn/T/jogamp_0000/file_cache/jln4033349409742744510/jln157431372981556040/libnativewindow_macosx.jnilib at 0x00000001782a2000
R15=0x00007f8fcb0c0000 is a thread


Stack: [0x00007fff59684000,0x00007fff59e84000],  sp=0x00007fff59e7f4f8,  free space=8173k
Native frames: (J=compiled Java code, j=interpreted, Vv=VM code, C=native code)
C  [libobjc.A.dylib+0x10dd]  objc_msgSend+0x1d
j  jogamp.nativewindow.jawt.macosx.MacOSXJAWTWindow.UnsetJAWTRootSurfaceLayer0(JJ)V+0
j  jogamp.nativewindow.jawt.macosx.MacOSXJAWTWindow.access$200(JJ)V+2
j  jogamp.nativewindow.jawt.macosx.MacOSXJAWTWindow$1.run()V+38
j  com.jogamp.common.util.RunnableTask.run()V+24
v  ~StubRoutines::call_stub
V  [libjvm.dylib+0x2eab0e]
V  [libjvm.dylib+0x321bb7]
V  [libjvm.dylib+0x31438b]
C  [libnativewindow_macosx.jnilib+0x5326]  Java_jogamp_nativewindow_jawt_macosx_MacOSXJAWTWindow_UnsetJAWTRootSurfaceLayer0+0x2b6
C  [Foundation+0x92dd0]  __NSThreadPerformPerform+0x125
C  [CoreFoundation+0x80a01]  __CFRUNLOOP_IS_CALLING_OUT_TO_A_SOURCE0_PERFORM_FUNCTION__+0x11
C  [CoreFoundation+0x72b8d]  __CFRunLoopDoSources0+0x10d
C  [CoreFoundation+0x721bf]  __CFRunLoopRun+0x39f
C  [CoreFoundation+0x71bd8]  CFRunLoopRunSpecific+0x128
C  [HIToolbox+0x3256f]  RunCurrentEventLoopInMode+0xeb
C  [HIToolbox+0x321ee]  ReceiveNextEventCommon+0xb3
C  [HIToolbox+0x3212b]  _BlockUntilNextEventMatchingListInModeWithFilter+0x47
C  [AppKit+0x918ab]  _DPSNextEvent+0x3d2
C  [AppKit+0x90e58]  -[NSApplication nextEventMatchingMask:untilDate:inMode:dequeue:]+0x15a
C  [libosxapp.dylib+0x23aa]  -[NSApplicationAWT nextEventMatchingMask:untilDate:inMode:dequeue:]+0x7c
C  [AppKit+0x86af3]  -[NSApplication run]+0x252
C  [libosxapp.dylib+0x214d]  +[NSApplicationAWT runAWTLoopWithApp:]+0x9c
C  [libawt_lwawt.dylib+0x44517]  -[AWTStarter starter:]+0x389
C  [Foundation+0x92dd0]  __NSThreadPerformPerform+0x125
C  [CoreFoundation+0x80a01]  __CFRUNLOOP_IS_CALLING_OUT_TO_A_SOURCE0_PERFORM_FUNCTION__+0x11
C  [CoreFoundation+0x72b8d]  __CFRunLoopDoSources0+0x10d
C  [CoreFoundation+0x721bf]  __CFRunLoopRun+0x39f
C  [CoreFoundation+0x71bd8]  CFRunLoopRunSpecific+0x128
C  [java+0x6463]  CreateExecutionEnvironment+0x367
C  [java+0x21ac]  JLI_Launch+0x7a0
C  [java+0x84c0]  main+0x65
C  [java+0x1a04]  start+0x34
C  0x0000000000000007

Java frames: (J=compiled Java code, j=interpreted, Vv=VM code)
j  jogamp.nativewindow.jawt.macosx.MacOSXJAWTWindow.UnsetJAWTRootSurfaceLayer0(JJ)V+0
j  jogamp.nativewindow.jawt.macosx.MacOSXJAWTWindow.access$200(JJ)V+2
j  jogamp.nativewindow.jawt.macosx.MacOSXJAWTWindow$1.run()V+38
j  com.jogamp.common.util.RunnableTask.run()V+24
v  ~StubRoutines::call_stub

---------------  P R O C E S S  ---------------

Java Threads: ( => current thread )
  0x00007f8fca615800 JavaThread "Thread-28" [_thread_blocked, id=68651, stack(0x00000001802eb000,0x00000001803eb000)]
  0x00007f8fce01b800 JavaThread "Image Fetcher 2" daemon [_thread_blocked, id=68195, stack(0x0000000181279000,0x0000000181379000)]
  0x00007f8fccd96800 JavaThread "Image Fetcher 1" daemon [_thread_blocked, id=67619, stack(0x0000000180d1e000,0x0000000180e1e000)]
  0x00007f8fccd92000 JavaThread "Image Fetcher 0" daemon [_thread_blocked, id=67075, stack(0x0000000180a7b000,0x0000000180b7b000)]
  0x00007f8fccc00800 JavaThread "Keep-Alive-Timer" daemon [_thread_blocked, id=66863, stack(0x0000000180978000,0x0000000180a78000)]
  0x00007f8fca808000 JavaThread "Animation Thread" [_thread_blocked, id=59959, stack(0x00000001784dd000,0x00000001785dd000)]
  0x00007f8fcb266000 JavaThread "AWT-EventQueue-1" [_thread_in_native, id=60707, stack(0x0000000178b20000,0x0000000178c20000)]
  0x00007f8fcb191800 JavaThread "DestroyJavaVM" [_thread_blocked, id=4867, stack(0x0000000105e93000,0x0000000105f93000)]
  0x00007f8fca9f7800 JavaThread "AWT-EventQueue-0" [_thread_blocked, id=57859, stack(0x000000012c79a000,0x000000012c89a000)]
  0x00007f8fca99f000 JavaThread "Java2D Disposer" daemon [_thread_blocked, id=54807, stack(0x000000012b470000,0x000000012b570000)]
  0x00007f8fcc950000 JavaThread "Java2D Queue Flusher" daemon [_thread_blocked, id=52491, stack(0x000000012a3ea000,0x000000012a4ea000)]
  0x00007f8fcc90d800 JavaThread "AWT-Shutdown" [_thread_blocked, id=30995, stack(0x0000000127454000,0x0000000127554000)]
=>0x00007f8fcb0c0000 JavaThread "AWT-AppKit" daemon [_thread_in_native, id=1811, stack(0x00007fff59684000,0x00007fff59e84000)]
  0x00007f8fcc84b800 JavaThread "Service Thread" daemon [_thread_blocked, id=20739, stack(0x0000000125978000,0x0000000125a78000)]
  0x00007f8fca820800 JavaThread "C1 CompilerThread3" daemon [_thread_blocked, id=20227, stack(0x0000000125875000,0x0000000125975000)]
  0x00007f8fcc83a000 JavaThread "C2 CompilerThread2" daemon [_thread_blocked, id=19715, stack(0x0000000125772000,0x0000000125872000)]
  0x00007f8fca820000 JavaThread "C2 CompilerThread1" daemon [_thread_blocked, id=19203, stack(0x000000012566f000,0x000000012576f000)]
  0x00007f8fca00a800 JavaThread "C2 CompilerThread0" daemon [_thread_blocked, id=18691, stack(0x000000012556c000,0x000000012566c000)]
  0x00007f8fca007000 JavaThread "Signal Dispatcher" daemon [_thread_blocked, id=15383, stack(0x0000000125469000,0x0000000125569000)]
  0x00007f8fcb02c000 JavaThread "Finalizer" daemon [_thread_blocked, id=13571, stack(0x0000000123a5d000,0x0000000123b5d000)]
  0x00007f8fcb02b800 JavaThread "Reference Handler" daemon [_thread_blocked, id=13059, stack(0x000000012395a000,0x0000000123a5a000)]

Other Threads:
  0x00007f8fcb029000 VMThread [stack: 0x0000000123857000,0x0000000123957000] [id=12547]
  0x00007f8fcb031000 WatcherThread [stack: 0x0000000125a7b000,0x0000000125b7b000] [id=21251]

VM state:not at safepoint (normal execution)

VM Mutex/Monitor currently owned by a thread: None

Heap:
 PSYoungGen      total 76288K, used 17183K [0x000000076ab00000, 0x0000000770000000, 0x00000007c0000000)
  eden space 65536K, 9% used [0x000000076ab00000,0x000000076b14ae98,0x000000076eb00000)
  from space 10752K, 99% used [0x000000076f580000,0x000000076fffce00,0x0000000770000000)
  to   space 10752K, 0% used [0x000000076eb00000,0x000000076eb00000,0x000000076f580000)
 ParOldGen       total 175104K, used 7180K [0x00000006c0000000, 0x00000006cab00000, 0x000000076ab00000)
  object space 175104K, 4% used [0x00000006c0000000,0x00000006c0703200,0x00000006cab00000)
 Metaspace       used 18832K, capacity 19035K, committed 19200K, reserved 1067008K
  class space    used 1870K, capacity 1950K, committed 2048K, reserved 1048576K

Card table byte_map: [0x0000000117349000,0x0000000117b4a000] byte_map_base: 0x0000000113d49000

Marking Bits: (ParMarkBitMap*) 0x00000001078dee20
 Begin Bits: [0x00000001188b8000, 0x000000011c8b8000)
 End Bits:   [0x000000011c8b8000, 0x00000001208b8000)

Polling page: 0x0000000105fd8000

CodeCache: size=245760Kb used=6399Kb max_used=6399Kb free=239360Kb
 bounds [0x0000000107f89000, 0x00000001085d9000, 0x0000000116f89000]
 total_blobs=2685 nmethods=1812 adapters=787
 compilation: enabled

Compilation events (10 events):
Event: 6.174 Thread 0x00007f8fca820800 1808       1       java.awt.Component::getTreeLock (4 bytes)
Event: 6.175 Thread 0x00007f8fca820800 nmethod 1808 0x00000001085cbb50 code [0x00000001085cbca0, 0x00000001085cbdb0]
Event: 6.184 Thread 0x00007f8fca820800 1809       3       sun.java2d.pipe.Region::intersectsQuickCheck (50 bytes)
Event: 6.184 Thread 0x00007f8fca820800 nmethod 1809 0x00000001085cbe10 code [0x00000001085cbf80, 0x00000001085cc1f0]
Event: 6.192 Thread 0x00007f8fca820800 1810       3       sun.misc.JarIndex::get (49 bytes)
Event: 6.192 Thread 0x00007f8fca820800 nmethod 1810 0x00000001085cc290 code [0x00000001085cc460, 0x00000001085cccd8]
Event: 6.192 Thread 0x00007f8fca820800 1811       3       java.util.Stack::empty (13 bytes)
Event: 6.192 Thread 0x00007f8fca820800 nmethod 1811 0x00000001085cd010 code [0x00000001085cd180, 0x00000001085cd550]
Event: 6.193 Thread 0x00007f8fca820800 1812       3       java.lang.Object::wait (6 bytes)
Event: 6.193 Thread 0x00007f8fca820800 nmethod 1812 0x00000001085cd610 code [0x00000001085cd780, 0x00000001085cd988]

GC Heap History (4 events):
Event: 2.467 GC heap before
{Heap before GC invocations=1 (full 0):
 PSYoungGen      total 76288K, used 65536K [0x000000076ab00000, 0x0000000770000000, 0x00000007c0000000)
  eden space 65536K, 100% used [0x000000076ab00000,0x000000076eb00000,0x000000076eb00000)
  from space 10752K, 0% used [0x000000076f580000,0x000000076f580000,0x0000000770000000)
  to   space 10752K, 0% used [0x000000076eb00000,0x000000076eb00000,0x000000076f580000)
 ParOldGen       total 175104K, used 0K [0x00000006c0000000, 0x00000006cab00000, 0x000000076ab00000)
  object space 175104K, 0% used [0x00000006c0000000,0x00000006c0000000,0x00000006cab00000)
 Metaspace       used 17928K, capacity 18139K, committed 18304K, reserved 1064960K
  class space    used 1811K, capacity 1886K, committed 1920K, reserved 1048576K
Event: 2.475 GC heap after
Heap after GC invocations=1 (full 0):
 PSYoungGen      total 76288K, used 10740K [0x000000076ab00000, 0x0000000770000000, 0x00000007c0000000)
  eden space 65536K, 0% used [0x000000076ab00000,0x000000076ab00000,0x000000076eb00000)
  from space 10752K, 99% used [0x000000076eb00000,0x000000076f57d098,0x000000076f580000)
  to   space 10752K, 0% used [0x000000076f580000,0x000000076f580000,0x0000000770000000)
 ParOldGen       total 175104K, used 2194K [0x00000006c0000000, 0x00000006cab00000, 0x000000076ab00000)
  object space 175104K, 1% used [0x00000006c0000000,0x00000006c0224ae8,0x00000006cab00000)
 Metaspace       used 17928K, capacity 18139K, committed 18304K, reserved 1064960K
  class space    used 1811K, capacity 1886K, committed 1920K, reserved 1048576K
}
Event: 5.388 GC heap before
{Heap before GC invocations=2 (full 0):
 PSYoungGen      total 76288K, used 76276K [0x000000076ab00000, 0x0000000770000000, 0x00000007c0000000)
  eden space 65536K, 100% used [0x000000076ab00000,0x000000076eb00000,0x000000076eb00000)
  from space 10752K, 99% used [0x000000076eb00000,0x000000076f57d098,0x000000076f580000)
  to   space 10752K, 0% used [0x000000076f580000,0x000000076f580000,0x0000000770000000)
 ParOldGen       total 175104K, used 2194K [0x00000006c0000000, 0x00000006cab00000, 0x000000076ab00000)
  object space 175104K, 1% used [0x00000006c0000000,0x00000006c0224ae8,0x00000006cab00000)
 Metaspace       used 18770K, capacity 18939K, committed 19072K, reserved 1067008K
  class space    used 1861K, capacity 1918K, committed 1920K, reserved 1048576K
Event: 5.396 GC heap after
Heap after GC invocations=2 (full 0):
 PSYoungGen      total 76288K, used 10739K [0x000000076ab00000, 0x0000000770000000, 0x00000007c0000000)
  eden space 65536K, 0% used [0x000000076ab00000,0x000000076ab00000,0x000000076eb00000)
  from space 10752K, 99% used [0x000000076f580000,0x000000076fffce00,0x0000000770000000)
  to   space 10752K, 0% used [0x000000076eb00000,0x000000076eb00000,0x000000076f580000)
 ParOldGen       total 175104K, used 7180K [0x00000006c0000000, 0x00000006cab00000, 0x000000076ab00000)
  object space 175104K, 4% used [0x00000006c0000000,0x00000006c0703200,0x00000006cab00000)
 Metaspace       used 18770K, capacity 18939K, committed 19072K, reserved 1067008K
  class space    used 1861K, capacity 1918K, committed 1920K, reserved 1048576K
}

Deoptimization events (8 events):
Event: 1.090 Thread 0x00007f8fca232800 Uncommon trap: reason=unstable_if action=reinterpret pc=0x000000010814b680 method=java.lang.String.toLowerCase(Ljava/util/Locale;)Ljava/lang/String; @ 85
Event: 1.284 Thread 0x00007f8fca808000 Uncommon trap: reason=unstable_if action=reinterpret pc=0x0000000108205ea4 method=java.lang.String.indexOf([CII[CIII)I @ 3
Event: 1.284 Thread 0x00007f8fca808000 Uncommon trap: reason=unstable_if action=reinterpret pc=0x00000001081d525c method=java.lang.String.indexOf([CII[CIII)I @ 3
Event: 1.284 Thread 0x00007f8fca808000 Uncommon trap: reason=unstable_if action=reinterpret pc=0x00000001081374e0 method=java.lang.String.indexOf([CII[CIII)I @ 3
Event: 2.054 Thread 0x00007f8fcb266000 Uncommon trap: reason=unstable_if action=reinterpret pc=0x000000010812b3ac method=java.lang.AbstractStringBuilder.append(Ljava/lang/String;)Ljava/lang/AbstractStringBuilder; @ 1
Event: 2.843 Thread 0x00007f8fccb67000 Uncommon trap: reason=unstable_if action=reinterpret pc=0x000000010841f73c method=java.util.Vector.indexOf(Ljava/lang/Object;I)I @ 41
Event: 6.169 Thread 0x00007f8fcb266000 Uncommon trap: reason=unstable_if action=reinterpret pc=0x00000001084ef928 method=com.jogamp.common.util.VersionNumber.compareTo(Lcom/jogamp/common/util/VersionNumber;)I @ 21
Event: 6.183 Thread 0x00007f8fca159000 Uncommon trap: reason=unstable_if action=reinterpret pc=0x00000001085ad4b0 method=java.util.HashMap.putVal(ILjava/lang/Object;Ljava/lang/Object;ZZ)Ljava/lang/Object; @ 81

Internal exceptions (10 events):
Event: 0.110 Thread 0x00007f8fca808000 Exception <a 'java/lang/NoSuchFieldError': method resolution failed> (0x000000076aeeee48) thrown at [/Users/java_re/workspace/8-2-build-macosx-x86_64/jdk8u60/4407/hotspot/src/share/vm/prims/methodHandles.cpp, line 1146]
Event: 0.111 Thread 0x00007f8fca808000 Exception <a 'java/lang/NoSuchFieldError': method resolution failed> (0x000000076aefc618) thrown at [/Users/java_re/workspace/8-2-build-macosx-x86_64/jdk8u60/4407/hotspot/src/share/vm/prims/methodHandles.cpp, line 1146]
Event: 0.244 Thread 0x00007f8fca808000 Exception <a 'java/io/FileNotFoundException'> (0x000000076af78420) thrown at [/Users/java_re/workspace/8-2-build-macosx-x86_64/jdk8u60/4407/hotspot/src/share/vm/prims/jni.cpp, line 709]
Event: 0.245 Thread 0x00007f8fca808000 Exception <a 'java/io/FileNotFoundException'> (0x000000076af78f88) thrown at [/Users/java_re/workspace/8-2-build-macosx-x86_64/jdk8u60/4407/hotspot/src/share/vm/prims/jni.cpp, line 709]
Event: 0.316 Thread 0x00007f8fca808000 Exception <a 'java/io/FileNotFoundException'> (0x000000076b010a60) thrown at [/Users/java_re/workspace/8-2-build-macosx-x86_64/jdk8u60/4407/hotspot/src/share/vm/prims/jni.cpp, line 709]
Event: 1.300 Thread 0x00007f8fca808000 Exception <a 'java/lang/UnsatisfiedLinkError': com.jogamp.common.util.JarUtil.fixNativeLibAttribs(Ljava/lang/String;)Z> (0x000000076c65b900) thrown at [/Users/java_re/workspace/8-2-build-macosx-x86_64/jdk8u60/4407/hotspot/src/share/vm/prims/nativeLookup.c
Event: 2.054 Thread 0x00007f8fcb266000 Exception <a 'java/io/FileNotFoundException'> (0x000000076d897af0) thrown at [/Users/java_re/workspace/8-2-build-macosx-x86_64/jdk8u60/4407/hotspot/src/share/vm/prims/jni.cpp, line 709]
Event: 2.054 Thread 0x00007f8fcb266000 Exception <a 'java/io/FileNotFoundException'> (0x000000076d89e960) thrown at [/Users/java_re/workspace/8-2-build-macosx-x86_64/jdk8u60/4407/hotspot/src/share/vm/prims/jni.cpp, line 709]
Event: 2.054 Thread 0x00007f8fcb266000 Implicit null exception at 0x000000010812b035 to 0x000000010812b399
Event: 2.477 Thread 0x00007f8fcb02c000 Exception <a 'java/lang/NullPointerException'> (0x000000076ad12500) thrown at [/Users/java_re/workspace/8-2-build-macosx-x86_64/jdk8u60/4407/hotspot/src/share/vm/interpreter/linkResolver.cpp, line 1178]

Events (10 events):
Event: 6.192 loading class jogamp/nativewindow/jawt/macosx/MacOSXJAWTWindow$1 done
Event: 6.192 loading class java/awt/LightweightDispatcher$2
Event: 6.192 loading class java/awt/LightweightDispatcher$2 done
Event: 6.193 loading class java/awt/event/AWTEventListenerProxy
Event: 6.193 loading class java/awt/event/AWTEventListenerProxy done
Event: 6.193 loading class java/awt/Toolkit$ToolkitEventMulticaster
Event: 6.193 loading class java/awt/Toolkit$ToolkitEventMulticaster done
Event: 6.193 Thread 0x00007f8fca159000 Thread exited: 0x00007f8fca159000
Event: 6.193 loading class java/awt/Window$1DisposeAction
Event: 6.193 loading class java/awt/Window$1DisposeAction done


Dynamic libraries:
0x000000000829b000 	/System/Library/Frameworks/Cocoa.framework/Versions/A/Cocoa
0x000000000829b000 	/System/Library/Frameworks/Security.framework/Versions/A/Security
0x000000000829b000 	/System/Library/Frameworks/ApplicationServices.framework/Versions/A/ApplicationServices
0x000000000829b000 	/usr/lib/libz.1.dylib
0x000000000829b000 	/usr/lib/libSystem.B.dylib
0x000000000829b000 	/usr/lib/libobjc.A.dylib
0x000000000829b000 	/System/Library/Frameworks/CoreFoundation.framework/Versions/A/CoreFoundation
0x000000000829b000 	/System/Library/Frameworks/Foundation.framework/Versions/C/Foundation
0x000000000829b000 	/System/Library/Frameworks/AppKit.framework/Versions/C/AppKit
0x000000000829b000 	/System/Library/Frameworks/CoreData.framework/Versions/A/CoreData
0x000000000829b000 	/System/Library/PrivateFrameworks/RemoteViewServices.framework/Versions/A/RemoteViewServices
0x000000000829b000 	/System/Library/PrivateFrameworks/UIFoundation.framework/Versions/A/UIFoundation
0x000000000829b000 	/System/Library/Frameworks/IOSurface.framework/Versions/A/IOSurface
0x000000000829b000 	/System/Library/Frameworks/AudioToolbox.framework/Versions/A/AudioToolbox
0x000000000829b000 	/System/Library/Frameworks/AudioUnit.framework/Versions/A/AudioUnit
0x000000000829b000 	/System/Library/PrivateFrameworks/DataDetectorsCore.framework/Versions/A/DataDetectorsCore
0x000000000829b000 	/System/Library/PrivateFrameworks/DesktopServicesPriv.framework/Versions/A/DesktopServicesPriv
0x000000000829b000 	/System/Library/Frameworks/Carbon.framework/Versions/A/Frameworks/HIToolbox.framework/Versions/A/HIToolbox
0x000000000829b000 	/System/Library/Frameworks/QuartzCore.framework/Versions/A/QuartzCore
0x000000000829b000 	/System/Library/Frameworks/Carbon.framework/Versions/A/Frameworks/SpeechRecognition.framework/Versions/A/SpeechRecognition
0x000000000829b000 	/usr/lib/libauto.dylib
0x000000000829b000 	/usr/lib/libicucore.A.dylib
0x000000000829b000 	/usr/lib/libxml2.2.dylib
0x000000000829b000 	/System/Library/PrivateFrameworks/CoreUI.framework/Versions/A/CoreUI
0x000000000829b000 	/System/Library/Frameworks/CoreAudio.framework/Versions/A/CoreAudio
0x000000000829b000 	/System/Library/Frameworks/DiskArbitration.framework/Versions/A/DiskArbitration
0x000000000829b000 	/usr/lib/liblangid.dylib
0x000000000829b000 	/System/Library/PrivateFrameworks/MultitouchSupport.framework/Versions/A/MultitouchSupport
0x000000000829b000 	/System/Library/Frameworks/IOKit.framework/Versions/A/IOKit
0x000000000829b000 	/usr/lib/libDiagnosticMessagesClient.dylib
0x000000000829b000 	/System/Library/Frameworks/CoreServices.framework/Versions/A/CoreServices
0x000000000829b000 	/System/Library/PrivateFrameworks/PerformanceAnalysis.framework/Versions/A/PerformanceAnalysis
0x000000000829b000 	/System/Library/PrivateFrameworks/GenerationalStorage.framework/Versions/A/GenerationalStorage
0x000000000829b000 	/System/Library/Frameworks/OpenGL.framework/Versions/A/OpenGL
0x000000000829b000 	/System/Library/PrivateFrameworks/Sharing.framework/Versions/A/Sharing
0x000000000829b000 	/System/Library/Frameworks/CoreGraphics.framework/Versions/A/CoreGraphics
0x000000000829b000 	/System/Library/Frameworks/CoreText.framework/Versions/A/CoreText
0x000000000829b000 	/System/Library/Frameworks/ImageIO.framework/Versions/A/ImageIO
0x000000000829b000 	/usr/lib/libextension.dylib
0x000000000829b000 	/System/Library/PrivateFrameworks/Backup.framework/Versions/A/Backup
0x000000000829b000 	/usr/lib/libarchive.2.dylib
0x000000000829b000 	/System/Library/Frameworks/CFNetwork.framework/Versions/A/CFNetwork
0x000000000829b000 	/System/Library/Frameworks/SystemConfiguration.framework/Versions/A/SystemConfiguration
0x000000000829b000 	/usr/lib/libCRFSuite.dylib
0x000000000829b000 	/usr/lib/libc++.1.dylib
0x000000000829b000 	/usr/lib/libc++abi.dylib
0x000000000829b000 	/usr/lib/system/libcache.dylib
0x000000000829b000 	/usr/lib/system/libcommonCrypto.dylib
0x000000000829b000 	/usr/lib/system/libcompiler_rt.dylib
0x000000000829b000 	/usr/lib/system/libcopyfile.dylib
0x000000000829b000 	/usr/lib/system/libcorecrypto.dylib
0x000000000829b000 	/usr/lib/system/libdispatch.dylib
0x000000000829b000 	/usr/lib/system/libdyld.dylib
0x000000000829b000 	/usr/lib/system/libkeymgr.dylib
0x000000000829b000 	/usr/lib/system/liblaunch.dylib
0x000000000829b000 	/usr/lib/system/libmacho.dylib
0x000000000829b000 	/usr/lib/system/libquarantine.dylib
0x000000000829b000 	/usr/lib/system/libremovefile.dylib
0x000000000829b000 	/usr/lib/system/libsystem_asl.dylib
0x000000000829b000 	/usr/lib/system/libsystem_blocks.dylib
0x000000000829b000 	/usr/lib/system/libsystem_c.dylib
0x000000000829b000 	/usr/lib/system/libsystem_configuration.dylib
0x000000000829b000 	/usr/lib/system/libsystem_coreservices.dylib
0x000000000829b000 	/usr/lib/system/libsystem_coretls.dylib
0x000000000829b000 	/usr/lib/system/libsystem_dnssd.dylib
0x000000000829b000 	/usr/lib/system/libsystem_info.dylib
0x000000000829b000 	/usr/lib/system/libsystem_kernel.dylib
0x000000000829b000 	/usr/lib/system/libsystem_m.dylib
0x000000000829b000 	/usr/lib/system/libsystem_malloc.dylib
0x000000000829b000 	/usr/lib/system/libsystem_network.dylib
0x000000000829b000 	/usr/lib/system/libsystem_networkextension.dylib
0x000000000829b000 	/usr/lib/system/libsystem_notify.dylib
0x000000000829b000 	/usr/lib/system/libsystem_platform.dylib
0x000000000829b000 	/usr/lib/system/libsystem_pthread.dylib
0x000000000829b000 	/usr/lib/system/libsystem_sandbox.dylib
0x000000000829b000 	/usr/lib/system/libsystem_secinit.dylib
0x000000000829b000 	/usr/lib/system/libsystem_stats.dylib
0x000000000829b000 	/usr/lib/system/libsystem_trace.dylib
0x000000000829b000 	/usr/lib/system/libunc.dylib
0x000000000829b000 	/usr/lib/system/libunwind.dylib
0x000000000829b000 	/usr/lib/system/libxpc.dylib
0x000000000829b000 	/usr/lib/libbz2.1.0.dylib
0x000000000829b000 	/usr/lib/liblzma.5.dylib
0x000000000829b000 	/usr/lib/libbsm.0.dylib
0x000000000829b000 	/usr/lib/libsqlite3.dylib
0x000000000829b000 	/usr/lib/system/libkxld.dylib
0x000000000829b000 	/usr/lib/libxar.1.dylib
0x000000000829b000 	/usr/lib/libpam.2.dylib
0x000000000829b000 	/usr/lib/libOpenScriptingUtil.dylib
0x000000000829b000 	/System/Library/Frameworks/CoreServices.framework/Versions/A/Frameworks/FSEvents.framework/Versions/A/FSEvents
0x000000000829b000 	/System/Library/Frameworks/CoreServices.framework/Versions/A/Frameworks/CarbonCore.framework/Versions/A/CarbonCore
0x000000000829b000 	/System/Library/Frameworks/CoreServices.framework/Versions/A/Frameworks/Metadata.framework/Versions/A/Metadata
0x000000000829b000 	/System/Library/Frameworks/CoreServices.framework/Versions/A/Frameworks/OSServices.framework/Versions/A/OSServices
0x000000000829b000 	/System/Library/Frameworks/CoreServices.framework/Versions/A/Frameworks/SearchKit.framework/Versions/A/SearchKit
0x000000000829b000 	/System/Library/Frameworks/CoreServices.framework/Versions/A/Frameworks/AE.framework/Versions/A/AE
0x000000000829b000 	/System/Library/Frameworks/CoreServices.framework/Versions/A/Frameworks/LaunchServices.framework/Versions/A/LaunchServices
0x000000000829b000 	/System/Library/Frameworks/CoreServices.framework/Versions/A/Frameworks/DictionaryServices.framework/Versions/A/DictionaryServices
0x000000000829b000 	/System/Library/Frameworks/NetFS.framework/Versions/A/NetFS
0x000000000829b000 	/System/Library/PrivateFrameworks/NetAuth.framework/Versions/A/NetAuth
0x000000000829b000 	/System/Library/PrivateFrameworks/login.framework/Versions/A/Frameworks/loginsupport.framework/Versions/A/loginsupport
0x000000000829b000 	/System/Library/PrivateFrameworks/TCC.framework/Versions/A/TCC
0x000000000829b000 	/usr/lib/libmecabra.dylib
0x000000000829b000 	/System/Library/Frameworks/ApplicationServices.framework/Versions/A/Frameworks/ATS.framework/Versions/A/ATS
0x000000000829b000 	/System/Library/Frameworks/ApplicationServices.framework/Versions/A/Frameworks/ColorSync.framework/Versions/A/ColorSync
0x000000000829b000 	/System/Library/Frameworks/ApplicationServices.framework/Versions/A/Frameworks/HIServices.framework/Versions/A/HIServices
0x000000000829b000 	/System/Library/Frameworks/ApplicationServices.framework/Versions/A/Frameworks/LangAnalysis.framework/Versions/A/LangAnalysis
0x000000000829b000 	/System/Library/Frameworks/ApplicationServices.framework/Versions/A/Frameworks/PrintCore.framework/Versions/A/PrintCore
0x000000000829b000 	/System/Library/Frameworks/ApplicationServices.framework/Versions/A/Frameworks/QD.framework/Versions/A/QD
0x000000000829b000 	/System/Library/Frameworks/ApplicationServices.framework/Versions/A/Frameworks/SpeechSynthesis.framework/Versions/A/SpeechSynthesis
0x000000000829b000 	/System/Library/Frameworks/Accelerate.framework/Versions/A/Accelerate
0x000000000829b000 	/System/Library/Frameworks/Accelerate.framework/Versions/A/Frameworks/vImage.framework/Versions/A/vImage
0x000000000829b000 	/System/Library/Frameworks/Accelerate.framework/Versions/A/Frameworks/vecLib.framework/Versions/A/vecLib
0x000000000829b000 	/System/Library/Frameworks/Accelerate.framework/Versions/A/Frameworks/vecLib.framework/Versions/A/libvDSP.dylib
0x000000000829b000 	/System/Library/Frameworks/Accelerate.framework/Versions/A/Frameworks/vecLib.framework/Versions/A/libvMisc.dylib
0x000000000829b000 	/System/Library/Frameworks/Accelerate.framework/Versions/A/Frameworks/vecLib.framework/Versions/A/libLAPACK.dylib
0x000000000829b000 	/System/Library/Frameworks/Accelerate.framework/Versions/A/Frameworks/vecLib.framework/Versions/A/libBLAS.dylib
0x000000000829b000 	/System/Library/Frameworks/Accelerate.framework/Versions/A/Frameworks/vecLib.framework/Versions/A/libLinearAlgebra.dylib
0x000000000829b000 	/System/Library/Frameworks/ApplicationServices.framework/Versions/A/Frameworks/ATS.framework/Versions/A/Resources/libFontParser.dylib
0x000000000829b000 	/System/Library/Frameworks/ApplicationServices.framework/Versions/A/Frameworks/ATS.framework/Versions/A/Resources/libFontRegistry.dylib
0x000000000829b000 	/System/Library/PrivateFrameworks/AppleVPA.framework/Versions/A/AppleVPA
0x000000000829b000 	/System/Library/PrivateFrameworks/AppleJPEG.framework/Versions/A/AppleJPEG
0x000000000829b000 	/System/Library/Frameworks/ImageIO.framework/Versions/A/Resources/libJPEG.dylib
0x000000000829b000 	/System/Library/Frameworks/ImageIO.framework/Versions/A/Resources/libTIFF.dylib
0x000000000829b000 	/System/Library/Frameworks/ImageIO.framework/Versions/A/Resources/libPng.dylib
0x000000000829b000 	/System/Library/Frameworks/ImageIO.framework/Versions/A/Resources/libGIF.dylib
0x000000000829b000 	/System/Library/Frameworks/ImageIO.framework/Versions/A/Resources/libJP2.dylib
0x000000000829b000 	/System/Library/Frameworks/ImageIO.framework/Versions/A/Resources/libRadiance.dylib
0x000000000829b000 	/System/Library/Frameworks/CoreVideo.framework/Versions/A/CoreVideo
0x000000000829b000 	/System/Library/Frameworks/OpenGL.framework/Versions/A/Libraries/libGLU.dylib
0x000000000829b000 	/System/Library/Frameworks/OpenGL.framework/Versions/A/Libraries/libGFXShared.dylib
0x000000000829b000 	/System/Library/Frameworks/OpenGL.framework/Versions/A/Libraries/libGL.dylib
0x000000000829b000 	/System/Library/Frameworks/OpenGL.framework/Versions/A/Libraries/libGLImage.dylib
0x000000000829b000 	/System/Library/Frameworks/OpenGL.framework/Versions/A/Libraries/libCVMSPluginSupport.dylib
0x000000000829b000 	/System/Library/Frameworks/OpenGL.framework/Versions/A/Libraries/libCoreVMClient.dylib
0x000000000829b000 	/usr/lib/libcups.2.dylib
0x000000000829b000 	/System/Library/Frameworks/Kerberos.framework/Versions/A/Kerberos
0x000000000829b000 	/System/Library/Frameworks/GSS.framework/Versions/A/GSS
0x000000000829b000 	/usr/lib/libresolv.9.dylib
0x000000000829b000 	/usr/lib/libiconv.2.dylib
0x000000000829b000 	/System/Library/PrivateFrameworks/Heimdal.framework/Versions/A/Heimdal
0x000000000829b000 	/usr/lib/libheimdal-asn1.dylib
0x000000000829b000 	/System/Library/Frameworks/OpenDirectory.framework/Versions/A/OpenDirectory
0x000000000829b000 	/System/Library/PrivateFrameworks/CommonAuth.framework/Versions/A/CommonAuth
0x000000000829b000 	/System/Library/Frameworks/OpenDirectory.framework/Versions/A/Frameworks/CFOpenDirectory.framework/Versions/A/CFOpenDirectory
0x000000000829b000 	/System/Library/Frameworks/SecurityFoundation.framework/Versions/A/SecurityFoundation
0x000000000829b000 	/System/Library/PrivateFrameworks/LanguageModeling.framework/Versions/A/LanguageModeling
0x000000000829b000 	/usr/lib/libcmph.dylib
0x000000000829b000 	/System/Library/Frameworks/ServiceManagement.framework/Versions/A/ServiceManagement
0x000000000829b000 	/usr/lib/libxslt.1.dylib
0x000000000829b000 	/System/Library/Frameworks/Carbon.framework/Versions/A/Frameworks/Ink.framework/Versions/A/Ink
0x000000000829b000 	/System/Library/Frameworks/QuartzCore.framework/Versions/A/Frameworks/CoreImage.framework/Versions/A/CoreImage
0x000000000829b000 	/System/Library/PrivateFrameworks/CrashReporterSupport.framework/Versions/A/CrashReporterSupport
0x000000000829b000 	/System/Library/Frameworks/OpenCL.framework/Versions/A/OpenCL
0x000000000829b000 	/System/Library/PrivateFrameworks/FaceCore.framework/Versions/A/FaceCore
0x000000000829b000 	/System/Library/PrivateFrameworks/Ubiquity.framework/Versions/A/Ubiquity
0x000000000829b000 	/System/Library/PrivateFrameworks/IconServices.framework/Versions/A/IconServices
0x000000000829b000 	/System/Library/PrivateFrameworks/ChunkingLibrary.framework/Versions/A/ChunkingLibrary
0x000000000829b000 	/System/Library/PrivateFrameworks/Apple80211.framework/Versions/A/Apple80211
0x000000000829b000 	/System/Library/Frameworks/CoreWLAN.framework/Versions/A/CoreWLAN
0x000000000829b000 	/System/Library/Frameworks/IOBluetooth.framework/Versions/A/IOBluetooth
0x000000000829b000 	/System/Library/PrivateFrameworks/CoreWiFi.framework/Versions/A/CoreWiFi
0x000000000829b000 	/System/Library/Frameworks/CoreBluetooth.framework/Versions/A/CoreBluetooth
0x000000000829b000 	/System/Library/PrivateFrameworks/DebugSymbols.framework/Versions/A/DebugSymbols
0x000000000829b000 	/System/Library/PrivateFrameworks/CoreSymbolication.framework/Versions/A/CoreSymbolication
0x000000000829b000 	/System/Library/PrivateFrameworks/Symbolication.framework/Versions/A/Symbolication
0x000000000829b000 	/System/Library/PrivateFrameworks/SpeechRecognitionCore.framework/Versions/A/SpeechRecognitionCore
0x0000000107000000 	/Library/Java/JavaVirtualMachines/jdk1.8.0_60.jdk/Contents/Home/jre/lib/server/libjvm.dylib
0x000000000829b000 	/usr/lib/libstdc++.6.dylib
0x0000000105f95000 	/Library/Java/JavaVirtualMachines/jdk1.8.0_60.jdk/Contents/Home/jre/lib/libverify.dylib
0x0000000105fa3000 	/Library/Java/JavaVirtualMachines/jdk1.8.0_60.jdk/Contents/Home/jre/lib/libjava.dylib
0x0000000105fe2000 	/Library/Java/JavaVirtualMachines/jdk1.8.0_60.jdk/Contents/Home/jre/lib/libzip.dylib
0x0000000123b5f000 	/System/Library/Frameworks/JavaVM.framework/Frameworks/JavaRuntimeSupport.framework/JavaRuntimeSupport
0x0000000105fec000 	/System/Library/Frameworks/JavaVM.framework/Versions/A/Frameworks/JavaNativeFoundation.framework/Versions/A/JavaNativeFoundation
0x0000000123b75000 	/System/Library/Frameworks/JavaVM.framework/Versions/A/JavaVM
0x000000000829b000 	/System/Library/Frameworks/Carbon.framework/Versions/A/Carbon
0x0000000123b81000 	/System/Library/PrivateFrameworks/JavaLaunching.framework/Versions/A/JavaLaunching
0x000000000829b000 	/System/Library/Frameworks/Carbon.framework/Versions/A/Frameworks/CommonPanels.framework/Versions/A/CommonPanels
0x000000000829b000 	/System/Library/Frameworks/Carbon.framework/Versions/A/Frameworks/Help.framework/Versions/A/Help
0x000000000829b000 	/System/Library/Frameworks/Carbon.framework/Versions/A/Frameworks/ImageCapture.framework/Versions/A/ImageCapture
0x000000000829b000 	/System/Library/Frameworks/Carbon.framework/Versions/A/Frameworks/OpenScripting.framework/Versions/A/OpenScripting
0x000000000829b000 	/System/Library/Frameworks/Carbon.framework/Versions/A/Frameworks/Print.framework/Versions/A/Print
0x000000000829b000 	/System/Library/Frameworks/Carbon.framework/Versions/A/Frameworks/SecurityHI.framework/Versions/A/SecurityHI
0x0000000125b7f000 	/Library/Java/JavaVirtualMachines/jdk1.8.0_60.jdk/Contents/Home/jre/lib/libawt.dylib
0x0000000125c27000 	/Library/Java/JavaVirtualMachines/jdk1.8.0_60.jdk/Contents/Home/jre/lib/./libmlib_image.dylib
0x0000000125cf3000 	/Library/Java/JavaVirtualMachines/jdk1.8.0_60.jdk/Contents/Home/jre/lib/libawt_lwawt.dylib
0x0000000125da8000 	/Library/Java/JavaVirtualMachines/jdk1.8.0_60.jdk/Contents/Home/jre/lib/./libosxapp.dylib
0x000000000829b000 	/System/Library/Frameworks/ExceptionHandling.framework/Versions/A/ExceptionHandling
0x000000000829b000 	/System/Library/PrivateFrameworks/CoreServicesInternal.framework/Versions/A/CoreServicesInternal
0x000000000829b000 	/System/Library/PrivateFrameworks/CloudDocs.framework/Versions/A/CloudDocs
0x000000000829b000 	/System/Library/PrivateFrameworks/CoreDuet.framework/Versions/A/CoreDuet
0x000000000829b000 	/System/Library/Frameworks/CloudKit.framework/Versions/A/CloudKit
0x000000000829b000 	/System/Library/PrivateFrameworks/ProtocolBuffer.framework/Versions/A/ProtocolBuffer
0x000000000829b000 	/System/Library/PrivateFrameworks/CoreDuetDaemonProtocol.framework/Versions/A/CoreDuetDaemonProtocol
0x000000000829b000 	/System/Library/PrivateFrameworks/CoreDuetDebugLogging.framework/Versions/A/CoreDuetDebugLogging
0x000000000829b000 	/System/Library/PrivateFrameworks/MMCS.framework/Versions/A/MMCS
0x000000000829b000 	/System/Library/Frameworks/CoreLocation.framework/Versions/A/CoreLocation
0x000000000829b000 	/System/Library/PrivateFrameworks/ProtectedCloudStorage.framework/Versions/A/ProtectedCloudStorage
0x000000000829b000 	/System/Library/PrivateFrameworks/GeoServices.framework/Versions/A/GeoServices
0x000000000829b000 	/System/Library/Frameworks/CoreGraphics.framework/Versions/A/Resources/libCGCMS.A.dylib
0x000000000829b000 	/System/Library/Frameworks/CoreGraphics.framework/Versions/A/Resources/libRIP.A.dylib
0x000000000829b000 	/System/Library/Frameworks/CoreGraphics.framework/Versions/A/Resources/libCGXType.A.dylib
0x000000000829b000 	/System/Library/Frameworks/OpenCL.framework/Versions/A/Libraries/libcldcpuengine.dylib
0x000000000829b000 	/System/Library/PrivateFrameworks/DiskImages.framework/Versions/A/DiskImages
0x000000000829b000 	/System/Library/Frameworks/DiscRecording.framework/Versions/A/DiscRecording
0x000000000829b000 	/usr/lib/libcsfde.dylib
0x000000000829b000 	/usr/lib/libcurl.4.dylib
0x000000000829b000 	/System/Library/PrivateFrameworks/MediaKit.framework/Versions/A/MediaKit
0x000000000829b000 	/usr/lib/libCoreStorage.dylib
0x000000000829b000 	/System/Library/PrivateFrameworks/EFILogin.framework/Versions/A/EFILogin
0x000000000829b000 	/usr/lib/libutil.dylib
0x000000000829b000 	/System/Library/PrivateFrameworks/FindMyDevice.framework/Versions/A/FindMyDevice
0x000000000829b000 	/System/Library/Frameworks/LDAP.framework/Versions/A/LDAP
0x000000000829b000 	/usr/lib/libsasl2.2.dylib
0x000000000829b000 	/System/Library/PrivateFrameworks/CoreDaemon.framework/Versions/B/CoreDaemon
0x000000000829b000 	/usr/lib/libcrypto.0.9.8.dylib
0x000000000829b000 	/System/Library/PrivateFrameworks/AppleSRP.framework/Versions/A/AppleSRP
0x000000000829b000 	/System/Library/PrivateFrameworks/TrustEvaluationAgent.framework/Versions/A/TrustEvaluationAgent
0x0000000128f9c000 	cl_kernels
0x0000000128f9e000 	/System/Library/Frameworks/OpenCL.framework/Versions/A/Libraries/ImageFormats/unorm8_bgra.dylib
0x0000000128f8e000 	cl_kernels
0x000000000829b000 	/System/Library/PrivateFrameworks/FamilyControls.framework/Versions/A/FamilyControls
0x000000000829b000 	/System/Library/PrivateFrameworks/CommerceKit.framework/Versions/A/Frameworks/CommerceCore.framework/Versions/A/CommerceCore
0x000000000829b000 	/System/Library/PrivateFrameworks/SystemAdministration.framework/Versions/A/SystemAdministration
0x000000000829b000 	/System/Library/PrivateFrameworks/AppContainer.framework/Versions/A/AppContainer
0x000000000829b000 	/System/Library/PrivateFrameworks/SecCodeWrapper.framework/Versions/A/SecCodeWrapper
0x000000000829b000 	/System/Library/Frameworks/DirectoryService.framework/Versions/A/DirectoryService
0x000000000829b000 	/System/Library/PrivateFrameworks/LoginUIKit.framework/Versions/A/Frameworks/LoginUICore.framework/Versions/A/LoginUICore
0x000000000829b000 	/usr/lib/libodfde.dylib
0x000000000829b000 	/System/Library/Frameworks/OpenGL.framework/Versions/A/Resources/GLEngine.bundle/GLEngine
0x000000000829b000 	/System/Library/Frameworks/OpenGL.framework/Versions/A/Libraries/libGLProgrammability.dylib
0x000000012a4ec000 	/System/Library/Extensions/AppleIntelHD5000GraphicsGLDriver.bundle/Contents/MacOS/AppleIntelHD5000GraphicsGLDriver
0x000000000829b000 	/System/Library/PrivateFrameworks/IOAccelerator.framework/Versions/A/IOAccelerator
0x000000000829b000 	/System/Library/PrivateFrameworks/GPUSupport.framework/Versions/A/Libraries/libGPUSupportMercury.dylib
0x000000000829b000 	/System/Library/Frameworks/OpenGL.framework/Versions/A/Resources/GLRendererFloat.bundle/GLRendererFloat
0x000000012b572000 	/Library/Java/JavaVirtualMachines/jdk1.8.0_60.jdk/Contents/Home/jre/lib/libfontmanager.dylib
0x000000012c8ac000 	/Library/Java/JavaVirtualMachines/jdk1.8.0_60.jdk/Contents/Home/jre/lib/libosxui.dylib
0x000000012cb3a000 	/Library/Java/JavaVirtualMachines/jdk1.8.0_60.jdk/Contents/Home/jre/lib/libnet.dylib
0x000000012c8eb000 	/Library/Java/JavaVirtualMachines/jdk1.8.0_60.jdk/Contents/Home/jre/lib/libnio.dylib
0x000000000829b000 	/System/Library/Frameworks/ApplicationServices.framework/Versions/A/Frameworks/ATS.framework/Versions/A/Resources/libTrueTypeScaler.dylib
0x0000000178297000 	/private/var/folders/b5/zysj4pxj6576yq718hwysrg80000gn/T/jogamp_0000/file_cache/jln4033349409742744510/jln157431372981556040/libgluegen-rt.jnilib
0x000000017829c000 	/private/var/folders/b5/zysj4pxj6576yq718hwysrg80000gn/T/jogamp_0000/file_cache/jln4033349409742744510/jln157431372981556040/libnativewindow_awt.jnilib
0x000000017829f000 	/Library/Java/JavaVirtualMachines/jdk1.8.0_60.jdk/Contents/Home/jre/lib/libjawt.dylib
0x00000001782a2000 	/private/var/folders/b5/zysj4pxj6576yq718hwysrg80000gn/T/jogamp_0000/file_cache/jln4033349409742744510/jln157431372981556040/libnativewindow_macosx.jnilib
0x000000017c028000 	/private/var/folders/b5/zysj4pxj6576yq718hwysrg80000gn/T/jogamp_0000/file_cache/jln4033349409742744510/jln157431372981556040/libjogl_desktop.jnilib
0x0000000178924000 	/Library/Java/JavaVirtualMachines/jdk1.8.0_60.jdk/Contents/Home/jre/lib/libjpeg.dylib

VM Arguments:
jvm_args: -Djava.security.policy=java.policy.applet -Dfile.encoding=UTF-8 
java_command: sun.applet.AppletViewer module1.HelloWorld1492964521067.html
java_class_path (initial): /Users/mauriciotl/MauricioFiles/Eclipse_II/CourseraProjects/UCSDUnfoldingMaps/build:/Users/mauriciotl/MauricioFiles/Eclipse_II/CourseraProjects/UCSDUnfoldingMaps/lib/core.jar:/Users/mauriciotl/MauricioFiles/Eclipse_II/CourseraProjects/UCSDUnfoldingMaps/lib/gluegen-rt.jar:/Users/mauriciotl/MauricioFiles/Eclipse_II/CourseraProjects/UCSDUnfoldingMaps/lib/jogl-all.jar:/Users/mauriciotl/MauricioFiles/Eclipse_II/CourseraProjects/UCSDUnfoldingMaps/lib/log4j-1.2.15.jar:/Users/mauriciotl/MauricioFiles/Eclipse_II/CourseraProjects/UCSDUnfoldingMaps/lib/sqlite-jdbc-3.7.2.jar:/Users/mauriciotl/MauricioFiles/Eclipse_II/CourseraProjects/UCSDUnfoldingMaps/lib/json4processing.jar:/Users/mauriciotl/MauricioFiles/Eclipse_II/CourseraProjects/UCSDUnfoldingMaps/lib/libTUIO.jar:/Users/mauriciotl/MauricioFiles/Eclipse_II/CourseraProjects/UCSDUnfoldingMaps/lib/unfolding.0.9.7-uscd.jar
Launcher Type: SUN_STANDARD

Environment Variables:
PATH=/usr/bin:/bin:/usr/sbin:/sbin
SHELL=/bin/bash

Signal Handlers:
SIGSEGV: [libjvm.dylib+0x5a6d31], sa_mask[0]=11111111011111110111111111111111, sa_flags=SA_ONSTACK|SA_RESTART|SA_SIGINFO
SIGBUS: [libjvm.dylib+0x5a6d31], sa_mask[0]=11111111011111110111111111111111, sa_flags=SA_RESTART|SA_SIGINFO
SIGFPE: [libjvm.dylib+0x480a4c], sa_mask[0]=11111111011111110111111111111111, sa_flags=SA_RESTART|SA_SIGINFO
SIGPIPE: [libjvm.dylib+0x480a4c], sa_mask[0]=11111111011111110111111111111111, sa_flags=SA_RESTART|SA_SIGINFO
SIGXFSZ: [libjvm.dylib+0x480a4c], sa_mask[0]=11111111011111110111111111111111, sa_flags=SA_RESTART|SA_SIGINFO
SIGILL: [libjvm.dylib+0x480a4c], sa_mask[0]=11111111011111110111111111111111, sa_flags=SA_RESTART|SA_SIGINFO
SIGUSR1: SIG_DFL, sa_mask[0]=00000000000000000000000000000000, sa_flags=none
SIGUSR2: [libjvm.dylib+0x48056a], sa_mask[0]=00100000000000000000000000000000, sa_flags=SA_RESTART|SA_SIGINFO
SIGHUP: [libjvm.dylib+0x47eb41], sa_mask[0]=11111111011111110111111111111111, sa_flags=SA_RESTART|SA_SIGINFO
SIGINT: [libjvm.dylib+0x47eb41], sa_mask[0]=11111111011111110111111111111111, sa_flags=SA_RESTART|SA_SIGINFO
SIGTERM: [libjvm.dylib+0x47eb41], sa_mask[0]=11111111011111110111111111111111, sa_flags=SA_RESTART|SA_SIGINFO
SIGQUIT: [libjvm.dylib+0x47eb41], sa_mask[0]=11111111011111110111111111111111, sa_flags=SA_RESTART|SA_SIGINFO


---------------  S Y S T E M  ---------------

OS:Bsduname:Darwin 14.5.0 Darwin Kernel Version 14.5.0: Fri Feb 17 10:33:20 PST 2017; root:xnu-2782.50.9.1.1~1/RELEASE_X86_64 x86_64
rlimit: STACK 8192k, CORE 0k, NPROC 709, NOFILE 10240, AS infinity
load average:1.54 1.50 1.47

CPU:total 8 (4 cores per cpu, 2 threads per core) family 6 model 70 stepping 1, cmov, cx8, fxsr, mmx, sse, sse2, sse3, ssse3, sse4.1, sse4.2, popcnt, avx, avx2, aes, clmul, erms, lzcnt, ht, tsc, tscinvbit, bmi1, bmi2

Memory: 4k page, physical 16777216k(1355040k free)

/proc/meminfo:


vm_info: Java HotSpot(TM) 64-Bit Server VM (25.60-b23) for bsd-amd64 JRE (1.8.0_60-b27), built on Aug  4 2015 10:47:24 by "java_re" with gcc 4.2.1 (Based on Apple Inc. build 5658) (LLVM build 2336.11.00)

time: Sun Apr 23 11:22:07 2017
elapsed time: 6 seconds (0d 0h 0m 6s)

