#
# A fatal error has been detected by the Java Runtime Environment:
#
#  SIGILL (0x4) at pc=0x00007fff8aecf2ea, pid=827, tid=1811
#
# JRE version: Java(TM) SE Runtime Environment (8.0_60-b27) (build 1.8.0_60-b27)
# Java VM: Java HotSpot(TM) 64-Bit Server VM (25.60-b23 mixed mode bsd-amd64 compressed oops)
# Problematic frame:
# C  [libobjc.A.dylib+0x122ea]  _objc_trap()+0x0
#
# Failed to write core dump. Core dumps have been disabled. To enable core dumping, try "ulimit -c unlimited" before starting Java again
#
# If you would like to submit a bug report, please visit:
#   http://bugreport.java.com/bugreport/crash.jsp
# The crash happened outside the Java Virtual Machine in native code.
# See problematic frame for where to report the bug.
#

---------------  T H R E A D  ---------------

Current thread (0x00007fec8a883000):  JavaThread "AWT-AppKit" daemon [_thread_in_native, id=1811, stack(0x00007fff50928000,0x00007fff51128000)]

siginfo: si_signo: 4 (SIGILL), si_code: 1 (ILL_ILLOPC), si_addr: 0x00007fff8aecf2ea

Registers:
RAX=0x0000000000000000, RBX=0x00007fff7836d040, RCX=0x0000000000000000, RDX=0x00007fff777af1e0
RSP=0x00007fff51123388, RBP=0x00007fff51123470, RSI=0x0000060000000600, RDI=0x0000050000000603
R8 =0x00007fff51123330, R9 =0x00007fec8fa00000, R10=0x00000000000001d0, R11=0x00007fec8fa00000
R12=0x0000000000000020, R13=0x0000000185d139b0, R14=0x00007fff9349e40f, R15=0x00007fff8aee0de7
RIP=0x00007fff8aecf2ea, EFLAGS=0x0000000000010202, ERR=0x0000000000000000
  TRAPNO=0x0000000000000006

Top of Stack: (sp=0x00007fff51123388)
0x00007fff51123388:   00007fff8aecf42a 00000000000362f0
0x00007fff51123398:   000000010eaf6a00 00000000000362e0
0x00007fff511233a8:   00000000001f8100 0000000000000007
0x00007fff511233b8:   00007fec8fa00000 00007fff51123610
0x00007fff511233c8:   000000010fee535f 00007fff511233f0
0x00007fff511233d8:   00007fff951c68d8 00007fff953620f9
0x00007fff511233e8:   00007fff94460cce 0000000000000000
0x00007fff511233f8:   0000000000000000 00007fff8f90adc5
0x00007fff51123408:   0000000000000004 00007fff51123430
0x00007fff51123418:   00007fff952586c3 0000000000000003
0x00007fff51123428:   00007fff78c6d640 00007fec8fa7e3b0
0x00007fff51123438:   00007fec8fa7e760 00007fec8fa7e3b0
0x00007fff51123448:   00007fec8fa7e760 0000003000000008
0x00007fff51123458:   00007fff51123480 00007fff51123390
0x00007fff51123468:   00007fff7836d040 00007fff511234c0
0x00007fff51123478:   00007fff8aece3be 00007fff8f90adc5
0x00007fff51123488:   00007fff00000015 00007fff00000000
0x00007fff51123498:   00007fff951c66b6 0000000180e5d450
0x00007fff511234a8:   0000000000000000 0000000180e5d440
0x00007fff511234b8:   00007fec8a883000 00007fff511234d0
0x00007fff511234c8:   00007fff8aece2dd 00007fff51123590
0x00007fff511234d8:   0000000180e5b157 00007fff51123530
0x00007fff511234e8:   0000000000000003 00007fff51123510
0x00007fff511234f8:   000000010fdf1992 0000000185d139b0
0x00007fff51123508:   0000000185d139b0 00007fec8fed3e60
0x00007fff51123518:   0000000180e5d6a0 0000000180e5d710
0x00007fff51123528:   00007fff78353550 00007fff790dac80
0x00007fff51123538:   0000000180e5d450 0000000180e5d690
0x00007fff51123548:   00007fec8fed3e60 00007fec8fc35020
0x00007fff51123558:   00007fec89638e90 00007fec8fed3e60
0x00007fff51123568:   00007fec8fc35020 00007fff51123618
0x00007fff51123578:   00007fec8a8831f8 0000000185d139b0 

Instructions: (pc=0x00007fff8aecf2ea)
0x00007fff8aecf2ca:   c0 44 89 f2 e8 1f 08 01 00 48 8b 7d e0 e8 30 cc
0x00007fff8aecf2da:   ff ff 48 8b 7d e0 e8 d3 15 ff ff e8 00 00 00 00
0x00007fff8aecf2ea:   0f 0b 55 48 89 e5 48 81 ec d0 00 00 00 84 c0 74
0x00007fff8aecf2fa:   26 0f 29 85 60 ff ff ff 0f 29 8d 70 ff ff ff 0f 

Register to memory mapping:

RAX=0x0000000000000000 is an unknown value
RBX=0x00007fff7836d040: __block_literal_global43+0xeb80 in /System/Library/Frameworks/CoreFoundation.framework/Versions/A/CoreFoundation at 0x00007fff8f59f000
RCX=0x0000000000000000 is an unknown value
RDX=0x00007fff777af1e0: _ZZL14_objc_crashlogPKcE13crashlog_lock+0x20 in /usr/lib/libobjc.A.dylib at 0x00007fff8aebd000
RSP=0x00007fff51123388 is pointing into the stack for thread: 0x00007fec8a883000
RBP=0x00007fff51123470 is pointing into the stack for thread: 0x00007fec8a883000
RSI=0x0000060000000600 is an unknown value
RDI=0x0000050000000603 is an unknown value
R8 =0x00007fff51123330 is pointing into the stack for thread: 0x00007fec8a883000
R9 =0x00007fec8fa00000 is an unknown value
R10=0x00000000000001d0 is an unknown value
R11=0x00007fec8fa00000 is an unknown value
R12=0x0000000000000020 is an unknown value
R13={method} {0x0000000185d139b0} 'UnsetJAWTRootSurfaceLayer0' '(JJ)V' in 'jogamp/nativewindow/jawt/macosx/MacOSXJAWTWindow'
R14=0x00007fff9349e40f is an unknown value
R15=0x00007fff8aee0de7: _ZNK8objc_opt13objc_clsopt_t20getClassesAndHeadersEPKcPPvS4_+0x159d in /usr/lib/libobjc.A.dylib at 0x00007fff8aebd000


Stack: [0x00007fff50928000,0x00007fff51128000],  sp=0x00007fff51123388,  free space=8172k
Native frames: (J=compiled Java code, j=interpreted, Vv=VM code, C=native code)
C  [libobjc.A.dylib+0x122ea]  _objc_trap()+0x0
C  [libobjc.A.dylib+0x113be]  cache_getImp_corrupt_cache_error+0x0
C  [libobjc.A.dylib+0x112dd]  objc_msgSend_corrupt_cache_error+0x9
C  [libnativewindow_macosx.jnilib+0x5157]  Java_jogamp_nativewindow_jawt_macosx_MacOSXJAWTWindow_UnsetJAWTRootSurfaceLayer0+0xe7
j  jogamp.nativewindow.jawt.macosx.MacOSXJAWTWindow.UnsetJAWTRootSurfaceLayer0(JJ)V+0
j  jogamp.nativewindow.jawt.macosx.MacOSXJAWTWindow.access$200(JJ)V+2
j  jogamp.nativewindow.jawt.macosx.MacOSXJAWTWindow$1.run()V+38
j  com.jogamp.common.util.RunnableTask.run()V+24
v  ~StubRoutines::call_stub
V  [libjvm.dylib+0x2eab0e]  JavaCalls::call_helper(JavaValue*, methodHandle*, JavaCallArguments*, Thread*)+0x6ae
V  [libjvm.dylib+0x321bb7]  jni_invoke_nonstatic(JNIEnv_*, JavaValue*, _jobject*, JNICallType, _jmethodID*, JNI_ArgumentPusher*, Thread*)+0x2ec
V  [libjvm.dylib+0x31438b]  jni_CallVoidMethod+0x16b
C  [libnativewindow_macosx.jnilib+0x5326]  Java_jogamp_nativewindow_jawt_macosx_MacOSXJAWTWindow_UnsetJAWTRootSurfaceLayer0+0x2b6
C  [Foundation+0x92dd0]  __NSThreadPerformPerform+0x125
C  [CoreFoundation+0x80a01]  __CFRUNLOOP_IS_CALLING_OUT_TO_A_SOURCE0_PERFORM_FUNCTION__+0x11
C  [CoreFoundation+0x72c5c]  __CFRunLoopDoSources0+0x1dc
C  [CoreFoundation+0x721bf]  __CFRunLoopRun+0x39f
C  [CoreFoundation+0x71bd8]  CFRunLoopRunSpecific+0x128
C  [HIToolbox+0x3256f]  RunCurrentEventLoopInMode+0xeb
C  [HIToolbox+0x321ee]  ReceiveNextEventCommon+0xb3
C  [HIToolbox+0x3212b]  _BlockUntilNextEventMatchingListInModeWithFilter+0x47
C  [AppKit+0x918ab]  _DPSNextEvent+0x3d2
C  [AppKit+0x90e58]  -[NSApplication nextEventMatchingMask:untilDate:inMode:dequeue:]+0x15a
C  [libosxapp.dylib+0x23aa]  -[NSApplicationAWT nextEventMatchingMask:untilDate:inMode:dequeue:]+0x7c
C  [AppKit+0x86af3]  -[NSApplication run]+0x252
C  [libosxapp.dylib+0x214d]  +[NSApplicationAWT runAWTLoopWithApp:]+0x9c
C  [libawt_lwawt.dylib+0x44517]  -[AWTStarter starter:]+0x389
C  [Foundation+0x92dd0]  __NSThreadPerformPerform+0x125
C  [CoreFoundation+0x80a01]  __CFRUNLOOP_IS_CALLING_OUT_TO_A_SOURCE0_PERFORM_FUNCTION__+0x11
C  [CoreFoundation+0x72b8d]  __CFRunLoopDoSources0+0x10d
C  [CoreFoundation+0x721bf]  __CFRunLoopRun+0x39f
C  [CoreFoundation+0x71bd8]  CFRunLoopRunSpecific+0x128
C  [java+0x6463]  CreateExecutionEnvironment+0x367
C  [java+0x21ac]  JLI_Launch+0x7a0
C  [java+0x84c0]  main+0x65
C  [java+0x1a04]  start+0x34
C  0x0000000000000007

Java frames: (J=compiled Java code, j=interpreted, Vv=VM code)
j  jogamp.nativewindow.jawt.macosx.MacOSXJAWTWindow.UnsetJAWTRootSurfaceLayer0(JJ)V+0
j  jogamp.nativewindow.jawt.macosx.MacOSXJAWTWindow.access$200(JJ)V+2
j  jogamp.nativewindow.jawt.macosx.MacOSXJAWTWindow$1.run()V+38
j  com.jogamp.common.util.RunnableTask.run()V+24
v  ~StubRoutines::call_stub

---------------  P R O C E S S  ---------------

Java Threads: ( => current thread )
  0x00007fec9281b000 JavaThread "Thread-19" [_thread_blocked, id=27479, stack(0x000000018d1ee000,0x000000018d2ee000)]
  0x00007fec89a56800 JavaThread "AWT-EventQueue-1" [_thread_in_native, id=60455, stack(0x00000001817dd000,0x00000001818dd000)]
  0x00007fec8da8f800 JavaThread "DestroyJavaVM" [_thread_blocked, id=4867, stack(0x0000000110b8a000,0x0000000110c8a000)]
  0x00007fec8a9a8000 JavaThread "AWT-EventQueue-0" [_thread_blocked, id=57859, stack(0x00000001354ff000,0x00000001355ff000)]
  0x00007fec8a99e000 JavaThread "Java2D Disposer" daemon [_thread_blocked, id=54807, stack(0x00000001341d4000,0x00000001342d4000)]
  0x00007fec8d973800 JavaThread "Java2D Queue Flusher" daemon [_thread_blocked, id=53255, stack(0x000000013314e000,0x000000013324e000)]
  0x00007fec8a887800 JavaThread "AWT-Shutdown" [_thread_blocked, id=30995, stack(0x00000001301b6000,0x00000001302b6000)]
=>0x00007fec8a883000 JavaThread "AWT-AppKit" daemon [_thread_in_native, id=1811, stack(0x00007fff50928000,0x00007fff51128000)]
  0x00007fec8a001000 JavaThread "Service Thread" daemon [_thread_blocked, id=20739, stack(0x000000012e6d5000,0x000000012e7d5000)]
  0x00007fec8c812000 JavaThread "C1 CompilerThread3" daemon [_thread_blocked, id=20227, stack(0x000000012e5d2000,0x000000012e6d2000)]
  0x00007fec8c811000 JavaThread "C2 CompilerThread2" daemon [_thread_blocked, id=19715, stack(0x000000012e4cf000,0x000000012e5cf000)]
  0x00007fec8c80f800 JavaThread "C2 CompilerThread1" daemon [_thread_blocked, id=19203, stack(0x000000012e3cc000,0x000000012e4cc000)]
  0x00007fec8d007000 JavaThread "C2 CompilerThread0" daemon [_thread_blocked, id=18691, stack(0x000000012e2c9000,0x000000012e3c9000)]
  0x00007fec8d005800 JavaThread "Signal Dispatcher" daemon [_thread_blocked, id=15383, stack(0x000000012e1c6000,0x000000012e2c6000)]
  0x00007fec8c80c800 JavaThread "Finalizer" daemon [_thread_blocked, id=13571, stack(0x000000012c7a6000,0x000000012c8a6000)]
  0x00007fec8c80c000 JavaThread "Reference Handler" daemon [_thread_blocked, id=13059, stack(0x000000012c6a3000,0x000000012c7a3000)]

Other Threads:
  0x00007fec8c809800 VMThread [stack: 0x000000012c5a0000,0x000000012c6a0000] [id=12547]
  0x00007fec8a00a000 WatcherThread [stack: 0x000000012e7d8000,0x000000012e8d8000] [id=21251]

VM state:not at safepoint (normal execution)

VM Mutex/Monitor currently owned by a thread: None

Heap:
 PSYoungGen      total 49664K, used 16442K [0x000000076ab00000, 0x000000076de80000, 0x00000007c0000000)
  eden space 47616K, 34% used [0x000000076ab00000,0x000000076bad69f8,0x000000076d980000)
  from space 2048K, 10% used [0x000000076dc80000,0x000000076dcb8000,0x000000076de80000)
  to   space 2560K, 0% used [0x000000076d980000,0x000000076d980000,0x000000076dc00000)
 ParOldGen       total 102400K, used 20128K [0x00000006c0000000, 0x00000006c6400000, 0x000000076ab00000)
  object space 102400K, 19% used [0x00000006c0000000,0x00000006c13a8370,0x00000006c6400000)
 Metaspace       used 23895K, capacity 24165K, committed 24576K, reserved 1071104K
  class space    used 2361K, capacity 2451K, committed 2560K, reserved 1048576K

Card table byte_map: [0x0000000120092000,0x0000000120893000] byte_map_base: 0x000000011ca92000

Marking Bits: (ParMarkBitMap*) 0x00000001104dee20
 Begin Bits: [0x0000000121601000, 0x0000000125601000)
 End Bits:   [0x0000000125601000, 0x0000000129601000)

Polling page: 0x000000010ebfc000

CodeCache: size=245760Kb used=9870Kb max_used=11772Kb free=235889Kb
 bounds [0x0000000110cd2000, 0x0000000111872000, 0x000000011fcd2000]
 total_blobs=3725 nmethods=2807 adapters=831
 compilation: enabled

Compilation events (10 events):
Event: 772.832 Thread 0x00007fec8d007000 nmethod 3291 0x000000011125a950 code [0x000000011125ab00, 0x000000011125b528]
Event: 772.838 Thread 0x00007fec8c80f800 nmethod 3292 0x00000001112c9d50 code [0x00000001112c9f60, 0x00000001112ca8e0]
Event: 773.357 Thread 0x00007fec8c812000 3294   !   3       processing.core.PApplet::handleDraw (382 bytes)
Event: 773.360 Thread 0x00007fec8c812000 nmethod 3294 0x0000000110ea7950 code [0x0000000110ea7e40, 0x0000000110eab068]
Event: 773.675 Thread 0x00007fec8c812000 3295       3       processing.core.PApplet::dequeueEvents (66 bytes)
Event: 773.676 Thread 0x00007fec8c812000 nmethod 3295 0x000000011135b350 code [0x000000011135b520, 0x000000011135bde8]
Event: 773.743 Thread 0x00007fec8c811000 3296       4       sun.java2d.SurfaceData::pixelFor (13 bytes)
Event: 773.744 Thread 0x00007fec8c811000 nmethod 3296 0x00000001112dac10 code [0x00000001112dad60, 0x00000001112dae38]
Event: 773.804 Thread 0x00007fec8c812000 3297       3       java.util.HashMap::putVal (300 bytes)
Event: 773.806 Thread 0x00007fec8c812000 nmethod 3297 0x00000001114851d0 code [0x0000000111485440, 0x00000001114866f8]

GC Heap History (10 events):
Event: 717.335 GC heap before
{Heap before GC invocations=47 (full 1):
 PSYoungGen      total 50688K, used 50368K [0x000000076ab00000, 0x000000076e300000, 0x00000007c0000000)
  eden space 50176K, 100% used [0x000000076ab00000,0x000000076dc00000,0x000000076dc00000)
  from space 512K, 37% used [0x000000076dc80000,0x000000076dcb0000,0x000000076dd00000)
  to   space 3584K, 0% used [0x000000076df80000,0x000000076df80000,0x000000076e300000)
 ParOldGen       total 102400K, used 20128K [0x00000006c0000000, 0x00000006c6400000, 0x000000076ab00000)
  object space 102400K, 19% used [0x00000006c0000000,0x00000006c13a8370,0x00000006c6400000)
 Metaspace       used 23844K, capacity 24095K, committed 24320K, reserved 1071104K
  class space    used 2352K, capacity 2450K, committed 2560K, reserved 1048576K
Event: 717.344 GC heap after
Heap after GC invocations=47 (full 1):
 PSYoungGen      total 52736K, used 192K [0x000000076ab00000, 0x000000076e280000, 0x00000007c0000000)
  eden space 49664K, 0% used [0x000000076ab00000,0x000000076ab00000,0x000000076db80000)
  from space 3072K, 6% used [0x000000076df80000,0x000000076dfb0000,0x000000076e280000)
  to   space 3584K, 0% used [0x000000076db80000,0x000000076db80000,0x000000076df00000)
 ParOldGen       total 102400K, used 20128K [0x00000006c0000000, 0x00000006c6400000, 0x000000076ab00000)
  object space 102400K, 19% used [0x00000006c0000000,0x00000006c13a8370,0x00000006c6400000)
 Metaspace       used 23844K, capacity 24095K, committed 24320K, reserved 1071104K
  class space    used 2352K, capacity 2450K, committed 2560K, reserved 1048576K
}
Event: 728.964 GC heap before
{Heap before GC invocations=48 (full 1):
 PSYoungGen      total 52736K, used 49856K [0x000000076ab00000, 0x000000076e280000, 0x00000007c0000000)
  eden space 49664K, 100% used [0x000000076ab00000,0x000000076db80000,0x000000076db80000)
  from space 3072K, 6% used [0x000000076df80000,0x000000076dfb0000,0x000000076e280000)
  to   space 3584K, 0% used [0x000000076db80000,0x000000076db80000,0x000000076df00000)
 ParOldGen       total 102400K, used 20128K [0x00000006c0000000, 0x00000006c6400000, 0x000000076ab00000)
  object space 102400K, 19% used [0x00000006c0000000,0x00000006c13a8370,0x00000006c6400000)
 Metaspace       used 23844K, capacity 24095K, committed 24320K, reserved 1071104K
  class space    used 2352K, capacity 2450K, committed 2560K, reserved 1048576K
Event: 728.968 GC heap after
Heap after GC invocations=48 (full 1):
 PSYoungGen      total 49664K, used 128K [0x000000076ab00000, 0x000000076e100000, 0x00000007c0000000)
  eden space 49152K, 0% used [0x000000076ab00000,0x000000076ab00000,0x000000076db00000)
  from space 512K, 25% used [0x000000076db80000,0x000000076dba0000,0x000000076dc00000)
  to   space 3072K, 0% used [0x000000076de00000,0x000000076de00000,0x000000076e100000)
 ParOldGen       total 102400K, used 20128K [0x00000006c0000000, 0x00000006c6400000, 0x000000076ab00000)
  object space 102400K, 19% used [0x00000006c0000000,0x00000006c13a8370,0x00000006c6400000)
 Metaspace       used 23844K, capacity 24095K, committed 24320K, reserved 1071104K
  class space    used 2352K, capacity 2450K, committed 2560K, reserved 1048576K
}
Event: 743.499 GC heap before
{Heap before GC invocations=49 (full 1):
 PSYoungGen      total 49664K, used 49280K [0x000000076ab00000, 0x000000076e100000, 0x00000007c0000000)
  eden space 49152K, 100% used [0x000000076ab00000,0x000000076db00000,0x000000076db00000)
  from space 512K, 25% used [0x000000076db80000,0x000000076dba0000,0x000000076dc00000)
  to   space 3072K, 0% used [0x000000076de00000,0x000000076de00000,0x000000076e100000)
 ParOldGen       total 102400K, used 20128K [0x00000006c0000000, 0x00000006c6400000, 0x000000076ab00000)
  object space 102400K, 19% used [0x00000006c0000000,0x00000006c13a8370,0x00000006c6400000)
 Metaspace       used 23844K, capacity 24095K, committed 24320K, reserved 1071104K
  class space    used 2352K, capacity 2450K, committed 2560K, reserved 1048576K
Event: 743.505 GC heap after
Heap after GC invocations=49 (full 1):
 PSYoungGen      total 51200K, used 256K [0x000000076ab00000, 0x000000076e080000, 0x00000007c0000000)
  eden space 48640K, 0% used [0x000000076ab00000,0x000000076ab00000,0x000000076da80000)
  from space 2560K, 10% used [0x000000076de00000,0x000000076de40000,0x000000076e080000)
  to   space 3072K, 0% used [0x000000076da80000,0x000000076da80000,0x000000076dd80000)
 ParOldGen       total 102400K, used 20128K [0x00000006c0000000, 0x00000006c6400000, 0x000000076ab00000)
  object space 102400K, 19% used [0x00000006c0000000,0x00000006c13a8370,0x00000006c6400000)
 Metaspace       used 23844K, capacity 24095K, committed 24320K, reserved 1071104K
  class space    used 2352K, capacity 2450K, committed 2560K, reserved 1048576K
}
Event: 760.525 GC heap before
{Heap before GC invocations=50 (full 1):
 PSYoungGen      total 51200K, used 48896K [0x000000076ab00000, 0x000000076e080000, 0x00000007c0000000)
  eden space 48640K, 100% used [0x000000076ab00000,0x000000076da80000,0x000000076da80000)
  from space 2560K, 10% used [0x000000076de00000,0x000000076de40000,0x000000076e080000)
  to   space 3072K, 0% used [0x000000076da80000,0x000000076da80000,0x000000076dd80000)
 ParOldGen       total 102400K, used 20128K [0x00000006c0000000, 0x00000006c6400000, 0x000000076ab00000)
  object space 102400K, 19% used [0x00000006c0000000,0x00000006c13a8370,0x00000006c6400000)
 Metaspace       used 23844K, capacity 24095K, committed 24320K, reserved 1071104K
  class space    used 2352K, capacity 2450K, committed 2560K, reserved 1048576K
Event: 760.526 GC heap after
Heap after GC invocations=50 (full 1):
 PSYoungGen      total 48640K, used 160K [0x000000076ab00000, 0x000000076df00000, 0x00000007c0000000)
  eden space 48128K, 0% used [0x000000076ab00000,0x000000076ab00000,0x000000076da00000)
  from space 512K, 31% used [0x000000076da80000,0x000000076daa8000,0x000000076db00000)
  to   space 2560K, 0% used [0x000000076dc80000,0x000000076dc80000,0x000000076df00000)
 ParOldGen       total 102400K, used 20128K [0x00000006c0000000, 0x00000006c6400000, 0x000000076ab00000)
  object space 102400K, 19% used [0x00000006c0000000,0x00000006c13a8370,0x00000006c6400000)
 Metaspace       used 23844K, capacity 24095K, committed 24320K, reserved 1071104K
  class space    used 2352K, capacity 2450K, committed 2560K, reserved 1048576K
}
Event: 770.822 GC heap before
{Heap before GC invocations=51 (full 1):
 PSYoungGen      total 48640K, used 48288K [0x000000076ab00000, 0x000000076df00000, 0x00000007c0000000)
  eden space 48128K, 100% used [0x000000076ab00000,0x000000076da00000,0x000000076da00000)
  from space 512K, 31% used [0x000000076da80000,0x000000076daa8000,0x000000076db00000)
  to   space 2560K, 0% used [0x000000076dc80000,0x000000076dc80000,0x000000076df00000)
 ParOldGen       total 102400K, used 20128K [0x00000006c0000000, 0x00000006c6400000, 0x000000076ab00000)
  object space 102400K, 19% used [0x00000006c0000000,0x00000006c13a8370,0x00000006c6400000)
 Metaspace       used 23844K, capacity 24095K, committed 24320K, reserved 1071104K
  class space    used 2352K, capacity 2450K, committed 2560K, reserved 1048576K
Event: 770.824 GC heap after
Heap after GC invocations=51 (full 1):
 PSYoungGen      total 49664K, used 224K [0x000000076ab00000, 0x000000076de80000, 0x00000007c0000000)
  eden space 47616K, 0% used [0x000000076ab00000,0x000000076ab00000,0x000000076d980000)
  from space 2048K, 10% used [0x000000076dc80000,0x000000076dcb8000,0x000000076de80000)
  to   space 2560K, 0% used [0x000000076d980000,0x000000076d980000,0x000000076dc00000)
 ParOldGen       total 102400K, used 20128K [0x00000006c0000000, 0x00000006c6400000, 0x000000076ab00000)
  object space 102400K, 19% used [0x00000006c0000000,0x00000006c13a8370,0x00000006c6400000)
 Metaspace       used 23844K, capacity 24095K, committed 24320K, reserved 1071104K
  class space    used 2352K, capacity 2450K, committed 2560K, reserved 1048576K
}

Deoptimization events (10 events):
Event: 773.804 Thread 0x00007fec8991d800 Uncommon trap: reason=unstable_if action=reinterpret pc=0x00000001111b6f74 method=java.util.HashMap.putVal(ILjava/lang/Object;Ljava/lang/Object;ZZ)Ljava/lang/Object; @ 81
Event: 773.805 Thread 0x00007fec89a56800 Uncommon trap: reason=class_check action=maybe_recompile pc=0x000000011141f9dc method=java.awt.event.InvocationEvent.dispatch()V @ 11
Event: 773.829 Thread 0x00007fec8a883000 Uncommon trap: reason=class_check action=maybe_recompile pc=0x0000000110dfd180 method=com.jogamp.common.util.RunnableTask.run()V @ 24
Event: 773.830 Thread 0x00007fec8a883000 Uncommon trap: reason=unstable_if action=reinterpret pc=0x0000000110dde37c method=jogamp.nativewindow.macosx.OSXUtil.RunOnMainThread(ZZLjava/lang/Runnable;)V @ 3
Event: 773.834 Thread 0x00007fec89a56800 Uncommon trap: reason=unstable_if action=reinterpret pc=0x000000011181af10 method=jogamp.opengl.GLContextImpl.release(Z)V @ 161
Event: 773.837 Thread 0x00007fec89a56800 Uncommon trap: reason=unstable_if action=reinterpret pc=0x00000001117a3d58 method=java.util.LinkedList$ListItr.<init>(Ljava/util/LinkedList;I)V @ 26
Event: 773.838 Thread 0x00007fec89a56800 Uncommon trap: reason=unstable_if action=reinterpret pc=0x0000000111769010 method=java.security.AccessControlContext.optimize()Ljava/security/AccessControlContext; @ 233
Event: 773.841 Thread 0x00007fec8a9a8000 Uncommon trap: reason=class_check action=maybe_recompile pc=0x0000000111813f44 method=java.awt.Component.getGraphics()Ljava/awt/Graphics; @ 114
Event: 773.842 Thread 0x00007fec89a56800 Uncommon trap: reason=class_check action=maybe_recompile pc=0x000000011141f9dc method=java.awt.event.InvocationEvent.dispatch()V @ 11
Event: 773.842 Thread 0x00007fec8a883000 Uncommon trap: reason=class_check action=maybe_recompile pc=0x0000000110dfd180 method=com.jogamp.common.util.RunnableTask.run()V @ 24

Internal exceptions (10 events):
Event: 0.128 Thread 0x00007fec8b004000 Exception <a 'java/lang/NoSuchFieldError': method resolution failed> (0x000000076aefc668) thrown at [/Users/java_re/workspace/8-2-build-macosx-x86_64/jdk8u60/4407/hotspot/src/share/vm/prims/methodHandles.cpp, line 1146]
Event: 0.253 Thread 0x00007fec8b004000 Exception <a 'java/io/FileNotFoundException'> (0x000000076af78458) thrown at [/Users/java_re/workspace/8-2-build-macosx-x86_64/jdk8u60/4407/hotspot/src/share/vm/prims/jni.cpp, line 709]
Event: 0.253 Thread 0x00007fec8b004000 Exception <a 'java/io/FileNotFoundException'> (0x000000076af78fc0) thrown at [/Users/java_re/workspace/8-2-build-macosx-x86_64/jdk8u60/4407/hotspot/src/share/vm/prims/jni.cpp, line 709]
Event: 0.325 Thread 0x00007fec8b004000 Exception <a 'java/io/FileNotFoundException'> (0x000000076b010e98) thrown at [/Users/java_re/workspace/8-2-build-macosx-x86_64/jdk8u60/4407/hotspot/src/share/vm/prims/jni.cpp, line 709]
Event: 1.272 Thread 0x00007fec89a57800 Exception <a 'java/lang/UnsatisfiedLinkError': com.jogamp.common.util.JarUtil.fixNativeLibAttribs(Ljava/lang/String;)Z> (0x000000076c6813c8) thrown at [/Users/java_re/workspace/8-2-build-macosx-x86_64/jdk8u60/4407/hotspot/src/share/vm/prims/nativeLookup.c
Event: 1.920 Thread 0x00007fec89a56800 Exception <a 'java/io/FileNotFoundException'> (0x000000076d9b49c0) thrown at [/Users/java_re/workspace/8-2-build-macosx-x86_64/jdk8u60/4407/hotspot/src/share/vm/prims/jni.cpp, line 709]
Event: 1.921 Thread 0x00007fec89a56800 Exception <a 'java/io/FileNotFoundException'> (0x000000076d9bb820) thrown at [/Users/java_re/workspace/8-2-build-macosx-x86_64/jdk8u60/4407/hotspot/src/share/vm/prims/jni.cpp, line 709]
Event: 1.921 Thread 0x00007fec89a56800 Implicit null exception at 0x0000000110e6b473 to 0x0000000110e6b82d
Event: 2.114 Thread 0x00007fec8c80c800 Exception <a 'java/lang/NullPointerException'> (0x000000076adbcd08) thrown at [/Users/java_re/workspace/8-2-build-macosx-x86_64/jdk8u60/4407/hotspot/src/share/vm/interpreter/linkResolver.cpp, line 1178]
Event: 513.893 Thread 0x00007fec89a57800 Implicit null exception at 0x0000000111800dbf to 0x0000000111801b75

Events (10 events):
Event: 773.841 Thread 0x00007fec8a9a8000 DEOPT PACKING pc=0x0000000111813f44 sp=0x00000001355fcae0
Event: 773.841 Thread 0x00007fec8a9a8000 DEOPT UNPACKING pc=0x0000000110cd7229 sp=0x00000001355fcaf0 mode 2
Event: 773.841 loading class java/awt/Window$1DisposeAction
Event: 773.842 loading class java/awt/Window$1DisposeAction done
Event: 773.842 Thread 0x00007fec89a56800 Uncommon trap: trap_request=0xffffffde fr.pc=0x000000011141f9dc
Event: 773.842 Thread 0x00007fec89a56800 DEOPT PACKING pc=0x000000011141f9dc sp=0x00000001818dad60
Event: 773.842 Thread 0x00007fec89a56800 DEOPT UNPACKING pc=0x0000000110cd7229 sp=0x00000001818dabf8 mode 2
Event: 773.842 Thread 0x00007fec8a883000 Uncommon trap: trap_request=0xffffffde fr.pc=0x0000000110dfd180
Event: 773.842 Thread 0x00007fec8a883000 DEOPT PACKING pc=0x0000000110dfd180 sp=0x00007fff51123750
Event: 773.842 Thread 0x00007fec8a883000 DEOPT UNPACKING pc=0x0000000110cd7229 sp=0x00007fff511236f8 mode 2


Dynamic libraries:
0x0000000006e45000 	/System/Library/Frameworks/Cocoa.framework/Versions/A/Cocoa
0x0000000006e45000 	/System/Library/Frameworks/Security.framework/Versions/A/Security
0x0000000006e45000 	/System/Library/Frameworks/ApplicationServices.framework/Versions/A/ApplicationServices
0x0000000006e45000 	/usr/lib/libz.1.dylib
0x0000000006e45000 	/usr/lib/libSystem.B.dylib
0x0000000006e45000 	/usr/lib/libobjc.A.dylib
0x0000000006e45000 	/System/Library/Frameworks/CoreFoundation.framework/Versions/A/CoreFoundation
0x0000000006e45000 	/System/Library/Frameworks/Foundation.framework/Versions/C/Foundation
0x0000000006e45000 	/System/Library/Frameworks/AppKit.framework/Versions/C/AppKit
0x0000000006e45000 	/System/Library/Frameworks/CoreData.framework/Versions/A/CoreData
0x0000000006e45000 	/System/Library/PrivateFrameworks/RemoteViewServices.framework/Versions/A/RemoteViewServices
0x0000000006e45000 	/System/Library/PrivateFrameworks/UIFoundation.framework/Versions/A/UIFoundation
0x0000000006e45000 	/System/Library/Frameworks/IOSurface.framework/Versions/A/IOSurface
0x0000000006e45000 	/System/Library/Frameworks/AudioToolbox.framework/Versions/A/AudioToolbox
0x0000000006e45000 	/System/Library/Frameworks/AudioUnit.framework/Versions/A/AudioUnit
0x0000000006e45000 	/System/Library/PrivateFrameworks/DataDetectorsCore.framework/Versions/A/DataDetectorsCore
0x0000000006e45000 	/System/Library/PrivateFrameworks/DesktopServicesPriv.framework/Versions/A/DesktopServicesPriv
0x0000000006e45000 	/System/Library/Frameworks/Carbon.framework/Versions/A/Frameworks/HIToolbox.framework/Versions/A/HIToolbox
0x0000000006e45000 	/System/Library/Frameworks/QuartzCore.framework/Versions/A/QuartzCore
0x0000000006e45000 	/System/Library/Frameworks/Carbon.framework/Versions/A/Frameworks/SpeechRecognition.framework/Versions/A/SpeechRecognition
0x0000000006e45000 	/usr/lib/libauto.dylib
0x0000000006e45000 	/usr/lib/libicucore.A.dylib
0x0000000006e45000 	/usr/lib/libxml2.2.dylib
0x0000000006e45000 	/System/Library/PrivateFrameworks/CoreUI.framework/Versions/A/CoreUI
0x0000000006e45000 	/System/Library/Frameworks/CoreAudio.framework/Versions/A/CoreAudio
0x0000000006e45000 	/System/Library/Frameworks/DiskArbitration.framework/Versions/A/DiskArbitration
0x0000000006e45000 	/usr/lib/liblangid.dylib
0x0000000006e45000 	/System/Library/PrivateFrameworks/MultitouchSupport.framework/Versions/A/MultitouchSupport
0x0000000006e45000 	/System/Library/Frameworks/IOKit.framework/Versions/A/IOKit
0x0000000006e45000 	/usr/lib/libDiagnosticMessagesClient.dylib
0x0000000006e45000 	/System/Library/Frameworks/CoreServices.framework/Versions/A/CoreServices
0x0000000006e45000 	/System/Library/PrivateFrameworks/PerformanceAnalysis.framework/Versions/A/PerformanceAnalysis
0x0000000006e45000 	/System/Library/PrivateFrameworks/GenerationalStorage.framework/Versions/A/GenerationalStorage
0x0000000006e45000 	/System/Library/Frameworks/OpenGL.framework/Versions/A/OpenGL
0x0000000006e45000 	/System/Library/PrivateFrameworks/Sharing.framework/Versions/A/Sharing
0x0000000006e45000 	/System/Library/Frameworks/CoreGraphics.framework/Versions/A/CoreGraphics
0x0000000006e45000 	/System/Library/Frameworks/CoreText.framework/Versions/A/CoreText
0x0000000006e45000 	/System/Library/Frameworks/ImageIO.framework/Versions/A/ImageIO
0x0000000006e45000 	/usr/lib/libextension.dylib
0x0000000006e45000 	/System/Library/PrivateFrameworks/Backup.framework/Versions/A/Backup
0x0000000006e45000 	/usr/lib/libarchive.2.dylib
0x0000000006e45000 	/System/Library/Frameworks/CFNetwork.framework/Versions/A/CFNetwork
0x0000000006e45000 	/System/Library/Frameworks/SystemConfiguration.framework/Versions/A/SystemConfiguration
0x0000000006e45000 	/usr/lib/libCRFSuite.dylib
0x0000000006e45000 	/usr/lib/libc++.1.dylib
0x0000000006e45000 	/usr/lib/libc++abi.dylib
0x0000000006e45000 	/usr/lib/system/libcache.dylib
0x0000000006e45000 	/usr/lib/system/libcommonCrypto.dylib
0x0000000006e45000 	/usr/lib/system/libcompiler_rt.dylib
0x0000000006e45000 	/usr/lib/system/libcopyfile.dylib
0x0000000006e45000 	/usr/lib/system/libcorecrypto.dylib
0x0000000006e45000 	/usr/lib/system/libdispatch.dylib
0x0000000006e45000 	/usr/lib/system/libdyld.dylib
0x0000000006e45000 	/usr/lib/system/libkeymgr.dylib
0x0000000006e45000 	/usr/lib/system/liblaunch.dylib
0x0000000006e45000 	/usr/lib/system/libmacho.dylib
0x0000000006e45000 	/usr/lib/system/libquarantine.dylib
0x0000000006e45000 	/usr/lib/system/libremovefile.dylib
0x0000000006e45000 	/usr/lib/system/libsystem_asl.dylib
0x0000000006e45000 	/usr/lib/system/libsystem_blocks.dylib
0x0000000006e45000 	/usr/lib/system/libsystem_c.dylib
0x0000000006e45000 	/usr/lib/system/libsystem_configuration.dylib
0x0000000006e45000 	/usr/lib/system/libsystem_coreservices.dylib
0x0000000006e45000 	/usr/lib/system/libsystem_coretls.dylib
0x0000000006e45000 	/usr/lib/system/libsystem_dnssd.dylib
0x0000000006e45000 	/usr/lib/system/libsystem_info.dylib
0x0000000006e45000 	/usr/lib/system/libsystem_kernel.dylib
0x0000000006e45000 	/usr/lib/system/libsystem_m.dylib
0x0000000006e45000 	/usr/lib/system/libsystem_malloc.dylib
0x0000000006e45000 	/usr/lib/system/libsystem_network.dylib
0x0000000006e45000 	/usr/lib/system/libsystem_networkextension.dylib
0x0000000006e45000 	/usr/lib/system/libsystem_notify.dylib
0x0000000006e45000 	/usr/lib/system/libsystem_platform.dylib
0x0000000006e45000 	/usr/lib/system/libsystem_pthread.dylib
0x0000000006e45000 	/usr/lib/system/libsystem_sandbox.dylib
0x0000000006e45000 	/usr/lib/system/libsystem_secinit.dylib
0x0000000006e45000 	/usr/lib/system/libsystem_stats.dylib
0x0000000006e45000 	/usr/lib/system/libsystem_trace.dylib
0x0000000006e45000 	/usr/lib/system/libunc.dylib
0x0000000006e45000 	/usr/lib/system/libunwind.dylib
0x0000000006e45000 	/usr/lib/system/libxpc.dylib
0x0000000006e45000 	/usr/lib/libbz2.1.0.dylib
0x0000000006e45000 	/usr/lib/liblzma.5.dylib
0x0000000006e45000 	/usr/lib/libbsm.0.dylib
0x0000000006e45000 	/usr/lib/libsqlite3.dylib
0x0000000006e45000 	/usr/lib/system/libkxld.dylib
0x0000000006e45000 	/usr/lib/libxar.1.dylib
0x0000000006e45000 	/usr/lib/libpam.2.dylib
0x0000000006e45000 	/usr/lib/libOpenScriptingUtil.dylib
0x0000000006e45000 	/System/Library/Frameworks/CoreServices.framework/Versions/A/Frameworks/FSEvents.framework/Versions/A/FSEvents
0x0000000006e45000 	/System/Library/Frameworks/CoreServices.framework/Versions/A/Frameworks/CarbonCore.framework/Versions/A/CarbonCore
0x0000000006e45000 	/System/Library/Frameworks/CoreServices.framework/Versions/A/Frameworks/Metadata.framework/Versions/A/Metadata
0x0000000006e45000 	/System/Library/Frameworks/CoreServices.framework/Versions/A/Frameworks/OSServices.framework/Versions/A/OSServices
0x0000000006e45000 	/System/Library/Frameworks/CoreServices.framework/Versions/A/Frameworks/SearchKit.framework/Versions/A/SearchKit
0x0000000006e45000 	/System/Library/Frameworks/CoreServices.framework/Versions/A/Frameworks/AE.framework/Versions/A/AE
0x0000000006e45000 	/System/Library/Frameworks/CoreServices.framework/Versions/A/Frameworks/LaunchServices.framework/Versions/A/LaunchServices
0x0000000006e45000 	/System/Library/Frameworks/CoreServices.framework/Versions/A/Frameworks/DictionaryServices.framework/Versions/A/DictionaryServices
0x0000000006e45000 	/System/Library/Frameworks/NetFS.framework/Versions/A/NetFS
0x0000000006e45000 	/System/Library/PrivateFrameworks/NetAuth.framework/Versions/A/NetAuth
0x0000000006e45000 	/System/Library/PrivateFrameworks/login.framework/Versions/A/Frameworks/loginsupport.framework/Versions/A/loginsupport
0x0000000006e45000 	/System/Library/PrivateFrameworks/TCC.framework/Versions/A/TCC
0x0000000006e45000 	/usr/lib/libmecabra.dylib
0x0000000006e45000 	/System/Library/Frameworks/ApplicationServices.framework/Versions/A/Frameworks/ATS.framework/Versions/A/ATS
0x0000000006e45000 	/System/Library/Frameworks/ApplicationServices.framework/Versions/A/Frameworks/ColorSync.framework/Versions/A/ColorSync
0x0000000006e45000 	/System/Library/Frameworks/ApplicationServices.framework/Versions/A/Frameworks/HIServices.framework/Versions/A/HIServices
0x0000000006e45000 	/System/Library/Frameworks/ApplicationServices.framework/Versions/A/Frameworks/LangAnalysis.framework/Versions/A/LangAnalysis
0x0000000006e45000 	/System/Library/Frameworks/ApplicationServices.framework/Versions/A/Frameworks/PrintCore.framework/Versions/A/PrintCore
0x0000000006e45000 	/System/Library/Frameworks/ApplicationServices.framework/Versions/A/Frameworks/QD.framework/Versions/A/QD
0x0000000006e45000 	/System/Library/Frameworks/ApplicationServices.framework/Versions/A/Frameworks/SpeechSynthesis.framework/Versions/A/SpeechSynthesis
0x0000000006e45000 	/System/Library/Frameworks/Accelerate.framework/Versions/A/Accelerate
0x0000000006e45000 	/System/Library/Frameworks/Accelerate.framework/Versions/A/Frameworks/vImage.framework/Versions/A/vImage
0x0000000006e45000 	/System/Library/Frameworks/Accelerate.framework/Versions/A/Frameworks/vecLib.framework/Versions/A/vecLib
0x0000000006e45000 	/System/Library/Frameworks/Accelerate.framework/Versions/A/Frameworks/vecLib.framework/Versions/A/libvDSP.dylib
0x0000000006e45000 	/System/Library/Frameworks/Accelerate.framework/Versions/A/Frameworks/vecLib.framework/Versions/A/libvMisc.dylib
0x0000000006e45000 	/System/Library/Frameworks/Accelerate.framework/Versions/A/Frameworks/vecLib.framework/Versions/A/libLAPACK.dylib
0x0000000006e45000 	/System/Library/Frameworks/Accelerate.framework/Versions/A/Frameworks/vecLib.framework/Versions/A/libBLAS.dylib
0x0000000006e45000 	/System/Library/Frameworks/Accelerate.framework/Versions/A/Frameworks/vecLib.framework/Versions/A/libLinearAlgebra.dylib
0x0000000006e45000 	/System/Library/Frameworks/ApplicationServices.framework/Versions/A/Frameworks/ATS.framework/Versions/A/Resources/libFontParser.dylib
0x0000000006e45000 	/System/Library/Frameworks/ApplicationServices.framework/Versions/A/Frameworks/ATS.framework/Versions/A/Resources/libFontRegistry.dylib
0x0000000006e45000 	/System/Library/PrivateFrameworks/AppleVPA.framework/Versions/A/AppleVPA
0x0000000006e45000 	/System/Library/PrivateFrameworks/AppleJPEG.framework/Versions/A/AppleJPEG
0x0000000006e45000 	/System/Library/Frameworks/ImageIO.framework/Versions/A/Resources/libJPEG.dylib
0x0000000006e45000 	/System/Library/Frameworks/ImageIO.framework/Versions/A/Resources/libTIFF.dylib
0x0000000006e45000 	/System/Library/Frameworks/ImageIO.framework/Versions/A/Resources/libPng.dylib
0x0000000006e45000 	/System/Library/Frameworks/ImageIO.framework/Versions/A/Resources/libGIF.dylib
0x0000000006e45000 	/System/Library/Frameworks/ImageIO.framework/Versions/A/Resources/libJP2.dylib
0x0000000006e45000 	/System/Library/Frameworks/ImageIO.framework/Versions/A/Resources/libRadiance.dylib
0x0000000006e45000 	/System/Library/Frameworks/CoreVideo.framework/Versions/A/CoreVideo
0x0000000006e45000 	/System/Library/Frameworks/OpenGL.framework/Versions/A/Libraries/libGLU.dylib
0x0000000006e45000 	/System/Library/Frameworks/OpenGL.framework/Versions/A/Libraries/libGFXShared.dylib
0x0000000006e45000 	/System/Library/Frameworks/OpenGL.framework/Versions/A/Libraries/libGL.dylib
0x0000000006e45000 	/System/Library/Frameworks/OpenGL.framework/Versions/A/Libraries/libGLImage.dylib
0x0000000006e45000 	/System/Library/Frameworks/OpenGL.framework/Versions/A/Libraries/libCVMSPluginSupport.dylib
0x0000000006e45000 	/System/Library/Frameworks/OpenGL.framework/Versions/A/Libraries/libCoreVMClient.dylib
0x0000000006e45000 	/usr/lib/libcups.2.dylib
0x0000000006e45000 	/System/Library/Frameworks/Kerberos.framework/Versions/A/Kerberos
0x0000000006e45000 	/System/Library/Frameworks/GSS.framework/Versions/A/GSS
0x0000000006e45000 	/usr/lib/libresolv.9.dylib
0x0000000006e45000 	/usr/lib/libiconv.2.dylib
0x0000000006e45000 	/System/Library/PrivateFrameworks/Heimdal.framework/Versions/A/Heimdal
0x0000000006e45000 	/usr/lib/libheimdal-asn1.dylib
0x0000000006e45000 	/System/Library/Frameworks/OpenDirectory.framework/Versions/A/OpenDirectory
0x0000000006e45000 	/System/Library/PrivateFrameworks/CommonAuth.framework/Versions/A/CommonAuth
0x0000000006e45000 	/System/Library/Frameworks/OpenDirectory.framework/Versions/A/Frameworks/CFOpenDirectory.framework/Versions/A/CFOpenDirectory
0x0000000006e45000 	/System/Library/Frameworks/SecurityFoundation.framework/Versions/A/SecurityFoundation
0x0000000006e45000 	/System/Library/PrivateFrameworks/LanguageModeling.framework/Versions/A/LanguageModeling
0x0000000006e45000 	/usr/lib/libcmph.dylib
0x0000000006e45000 	/System/Library/Frameworks/ServiceManagement.framework/Versions/A/ServiceManagement
0x0000000006e45000 	/usr/lib/libxslt.1.dylib
0x0000000006e45000 	/System/Library/Frameworks/Carbon.framework/Versions/A/Frameworks/Ink.framework/Versions/A/Ink
0x0000000006e45000 	/System/Library/Frameworks/QuartzCore.framework/Versions/A/Frameworks/CoreImage.framework/Versions/A/CoreImage
0x0000000006e45000 	/System/Library/PrivateFrameworks/CrashReporterSupport.framework/Versions/A/CrashReporterSupport
0x0000000006e45000 	/System/Library/Frameworks/OpenCL.framework/Versions/A/OpenCL
0x0000000006e45000 	/System/Library/PrivateFrameworks/FaceCore.framework/Versions/A/FaceCore
0x0000000006e45000 	/System/Library/PrivateFrameworks/Ubiquity.framework/Versions/A/Ubiquity
0x0000000006e45000 	/System/Library/PrivateFrameworks/IconServices.framework/Versions/A/IconServices
0x0000000006e45000 	/System/Library/PrivateFrameworks/ChunkingLibrary.framework/Versions/A/ChunkingLibrary
0x0000000006e45000 	/System/Library/PrivateFrameworks/Apple80211.framework/Versions/A/Apple80211
0x0000000006e45000 	/System/Library/Frameworks/CoreWLAN.framework/Versions/A/CoreWLAN
0x0000000006e45000 	/System/Library/Frameworks/IOBluetooth.framework/Versions/A/IOBluetooth
0x0000000006e45000 	/System/Library/PrivateFrameworks/CoreWiFi.framework/Versions/A/CoreWiFi
0x0000000006e45000 	/System/Library/Frameworks/CoreBluetooth.framework/Versions/A/CoreBluetooth
0x0000000006e45000 	/System/Library/PrivateFrameworks/DebugSymbols.framework/Versions/A/DebugSymbols
0x0000000006e45000 	/System/Library/PrivateFrameworks/CoreSymbolication.framework/Versions/A/CoreSymbolication
0x0000000006e45000 	/System/Library/PrivateFrameworks/Symbolication.framework/Versions/A/Symbolication
0x0000000006e45000 	/System/Library/PrivateFrameworks/SpeechRecognitionCore.framework/Versions/A/SpeechRecognitionCore
0x000000010fc00000 	/Library/Java/JavaVirtualMachines/jdk1.8.0_60.jdk/Contents/Home/jre/lib/server/libjvm.dylib
0x0000000006e45000 	/usr/lib/libstdc++.6.dylib
0x000000010ebee000 	/Library/Java/JavaVirtualMachines/jdk1.8.0_60.jdk/Contents/Home/jre/lib/libverify.dylib
0x0000000110c8c000 	/Library/Java/JavaVirtualMachines/jdk1.8.0_60.jdk/Contents/Home/jre/lib/libjava.dylib
0x0000000110cc9000 	/Library/Java/JavaVirtualMachines/jdk1.8.0_60.jdk/Contents/Home/jre/lib/libzip.dylib
0x000000012c8a8000 	/System/Library/Frameworks/JavaVM.framework/Frameworks/JavaRuntimeSupport.framework/JavaRuntimeSupport
0x000000012c8be000 	/System/Library/Frameworks/JavaVM.framework/Versions/A/Frameworks/JavaNativeFoundation.framework/Versions/A/JavaNativeFoundation
0x000000012c8d2000 	/System/Library/Frameworks/JavaVM.framework/Versions/A/JavaVM
0x0000000006e45000 	/System/Library/Frameworks/Carbon.framework/Versions/A/Carbon
0x000000012c8de000 	/System/Library/PrivateFrameworks/JavaLaunching.framework/Versions/A/JavaLaunching
0x0000000006e45000 	/System/Library/Frameworks/Carbon.framework/Versions/A/Frameworks/CommonPanels.framework/Versions/A/CommonPanels
0x0000000006e45000 	/System/Library/Frameworks/Carbon.framework/Versions/A/Frameworks/Help.framework/Versions/A/Help
0x0000000006e45000 	/System/Library/Frameworks/Carbon.framework/Versions/A/Frameworks/ImageCapture.framework/Versions/A/ImageCapture
0x0000000006e45000 	/System/Library/Frameworks/Carbon.framework/Versions/A/Frameworks/OpenScripting.framework/Versions/A/OpenScripting
0x0000000006e45000 	/System/Library/Frameworks/Carbon.framework/Versions/A/Frameworks/Print.framework/Versions/A/Print
0x0000000006e45000 	/System/Library/Frameworks/Carbon.framework/Versions/A/Frameworks/SecurityHI.framework/Versions/A/SecurityHI
0x000000012e8dc000 	/Library/Java/JavaVirtualMachines/jdk1.8.0_60.jdk/Contents/Home/jre/lib/libawt.dylib
0x000000012e984000 	/Library/Java/JavaVirtualMachines/jdk1.8.0_60.jdk/Contents/Home/jre/lib/./libmlib_image.dylib
0x000000012ea50000 	/Library/Java/JavaVirtualMachines/jdk1.8.0_60.jdk/Contents/Home/jre/lib/libawt_lwawt.dylib
0x000000012eb05000 	/Library/Java/JavaVirtualMachines/jdk1.8.0_60.jdk/Contents/Home/jre/lib/./libosxapp.dylib
0x0000000006e45000 	/System/Library/Frameworks/ExceptionHandling.framework/Versions/A/ExceptionHandling
0x0000000006e45000 	/System/Library/PrivateFrameworks/CoreServicesInternal.framework/Versions/A/CoreServicesInternal
0x0000000006e45000 	/System/Library/PrivateFrameworks/CloudDocs.framework/Versions/A/CloudDocs
0x0000000006e45000 	/System/Library/PrivateFrameworks/CoreDuet.framework/Versions/A/CoreDuet
0x0000000006e45000 	/System/Library/Frameworks/CloudKit.framework/Versions/A/CloudKit
0x0000000006e45000 	/System/Library/PrivateFrameworks/ProtocolBuffer.framework/Versions/A/ProtocolBuffer
0x0000000006e45000 	/System/Library/PrivateFrameworks/CoreDuetDaemonProtocol.framework/Versions/A/CoreDuetDaemonProtocol
0x0000000006e45000 	/System/Library/PrivateFrameworks/CoreDuetDebugLogging.framework/Versions/A/CoreDuetDebugLogging
0x0000000006e45000 	/System/Library/PrivateFrameworks/MMCS.framework/Versions/A/MMCS
0x0000000006e45000 	/System/Library/Frameworks/CoreLocation.framework/Versions/A/CoreLocation
0x0000000006e45000 	/System/Library/PrivateFrameworks/ProtectedCloudStorage.framework/Versions/A/ProtectedCloudStorage
0x0000000006e45000 	/System/Library/PrivateFrameworks/GeoServices.framework/Versions/A/GeoServices
0x0000000006e45000 	/System/Library/Frameworks/CoreGraphics.framework/Versions/A/Resources/libCGCMS.A.dylib
0x0000000006e45000 	/System/Library/Frameworks/CoreGraphics.framework/Versions/A/Resources/libRIP.A.dylib
0x0000000006e45000 	/System/Library/Frameworks/CoreGraphics.framework/Versions/A/Resources/libCGXType.A.dylib
0x0000000006e45000 	/System/Library/Frameworks/OpenCL.framework/Versions/A/Libraries/libcldcpuengine.dylib
0x0000000006e45000 	/System/Library/PrivateFrameworks/DiskImages.framework/Versions/A/DiskImages
0x0000000006e45000 	/System/Library/Frameworks/DiscRecording.framework/Versions/A/DiscRecording
0x0000000006e45000 	/usr/lib/libcsfde.dylib
0x0000000006e45000 	/usr/lib/libcurl.4.dylib
0x0000000006e45000 	/System/Library/PrivateFrameworks/MediaKit.framework/Versions/A/MediaKit
0x0000000006e45000 	/usr/lib/libCoreStorage.dylib
0x0000000006e45000 	/System/Library/PrivateFrameworks/EFILogin.framework/Versions/A/EFILogin
0x0000000006e45000 	/usr/lib/libutil.dylib
0x0000000006e45000 	/System/Library/PrivateFrameworks/FindMyDevice.framework/Versions/A/FindMyDevice
0x0000000006e45000 	/System/Library/Frameworks/LDAP.framework/Versions/A/LDAP
0x0000000006e45000 	/usr/lib/libsasl2.2.dylib
0x0000000006e45000 	/System/Library/PrivateFrameworks/CoreDaemon.framework/Versions/B/CoreDaemon
0x0000000006e45000 	/usr/lib/libcrypto.0.9.8.dylib
0x0000000006e45000 	/System/Library/PrivateFrameworks/AppleSRP.framework/Versions/A/AppleSRP
0x0000000006e45000 	/System/Library/PrivateFrameworks/TrustEvaluationAgent.framework/Versions/A/TrustEvaluationAgent
0x0000000131d00000 	cl_kernels
0x0000000131d02000 	/System/Library/Frameworks/OpenCL.framework/Versions/A/Libraries/ImageFormats/unorm8_bgra.dylib
0x0000000131cf2000 	cl_kernels
0x0000000006e45000 	/System/Library/PrivateFrameworks/FamilyControls.framework/Versions/A/FamilyControls
0x0000000006e45000 	/System/Library/PrivateFrameworks/CommerceKit.framework/Versions/A/Frameworks/CommerceCore.framework/Versions/A/CommerceCore
0x0000000006e45000 	/System/Library/PrivateFrameworks/SystemAdministration.framework/Versions/A/SystemAdministration
0x0000000006e45000 	/System/Library/PrivateFrameworks/AppContainer.framework/Versions/A/AppContainer
0x0000000006e45000 	/System/Library/PrivateFrameworks/SecCodeWrapper.framework/Versions/A/SecCodeWrapper
0x0000000006e45000 	/System/Library/Frameworks/DirectoryService.framework/Versions/A/DirectoryService
0x0000000006e45000 	/System/Library/PrivateFrameworks/LoginUIKit.framework/Versions/A/Frameworks/LoginUICore.framework/Versions/A/LoginUICore
0x0000000006e45000 	/usr/lib/libodfde.dylib
0x0000000006e45000 	/System/Library/Frameworks/OpenGL.framework/Versions/A/Resources/GLEngine.bundle/GLEngine
0x0000000006e45000 	/System/Library/Frameworks/OpenGL.framework/Versions/A/Libraries/libGLProgrammability.dylib
0x0000000133250000 	/System/Library/Extensions/AppleIntelHD5000GraphicsGLDriver.bundle/Contents/MacOS/AppleIntelHD5000GraphicsGLDriver
0x0000000006e45000 	/System/Library/PrivateFrameworks/IOAccelerator.framework/Versions/A/IOAccelerator
0x0000000006e45000 	/System/Library/PrivateFrameworks/GPUSupport.framework/Versions/A/Libraries/libGPUSupportMercury.dylib
0x0000000006e45000 	/System/Library/Frameworks/OpenGL.framework/Versions/A/Resources/GLRendererFloat.bundle/GLRendererFloat
0x00000001342d6000 	/Library/Java/JavaVirtualMachines/jdk1.8.0_60.jdk/Contents/Home/jre/lib/libfontmanager.dylib
0x0000000135611000 	/Library/Java/JavaVirtualMachines/jdk1.8.0_60.jdk/Contents/Home/jre/lib/libosxui.dylib
0x000000013589d000 	/Library/Java/JavaVirtualMachines/jdk1.8.0_60.jdk/Contents/Home/jre/lib/libnet.dylib
0x0000000135650000 	/Library/Java/JavaVirtualMachines/jdk1.8.0_60.jdk/Contents/Home/jre/lib/libnio.dylib
0x0000000006e45000 	/System/Library/Frameworks/ApplicationServices.framework/Versions/A/Frameworks/ATS.framework/Versions/A/Resources/libTrueTypeScaler.dylib
0x0000000180e4c000 	/private/var/folders/b5/zysj4pxj6576yq718hwysrg80000gn/T/jogamp_0000/file_cache/jln990728006431405927/jln3458456638391122504/libgluegen-rt.jnilib
0x0000000180e50000 	/private/var/folders/b5/zysj4pxj6576yq718hwysrg80000gn/T/jogamp_0000/file_cache/jln990728006431405927/jln3458456638391122504/libnativewindow_awt.jnilib
0x0000000180e53000 	/Library/Java/JavaVirtualMachines/jdk1.8.0_60.jdk/Contents/Home/jre/lib/libjawt.dylib
0x0000000180e56000 	/private/var/folders/b5/zysj4pxj6576yq718hwysrg80000gn/T/jogamp_0000/file_cache/jln990728006431405927/jln3458456638391122504/libnativewindow_macosx.jnilib
0x0000000180f50000 	/private/var/folders/b5/zysj4pxj6576yq718hwysrg80000gn/T/jogamp_0000/file_cache/jln990728006431405927/jln3458456638391122504/libjogl_desktop.jnilib
0x0000000180edf000 	/Library/Java/JavaVirtualMachines/jdk1.8.0_60.jdk/Contents/Home/jre/lib/libsunec.dylib
0x0000000188302000 	/Library/Java/JavaVirtualMachines/jdk1.8.0_60.jdk/Contents/Home/jre/lib/libt2k.dylib
0x0000000180e98000 	/Library/Java/JavaVirtualMachines/jdk1.8.0_60.jdk/Contents/Home/jre/lib/libjpeg.dylib

VM Arguments:
jvm_args: -Djava.security.policy=java.policy.applet -Dfile.encoding=UTF-8 
java_command: sun.applet.AppletViewer module4.EarthquakeCityMap_forDebuging1494705987365.html
java_class_path (initial): /Users/mauriciotl/MauricioFiles/Eclipse_II/CourseraProjects/UCSDUnfoldingMaps/build:/Users/mauriciotl/MauricioFiles/Eclipse_II/CourseraProjects/UCSDUnfoldingMaps/lib/core.jar:/Users/mauriciotl/MauricioFiles/Eclipse_II/CourseraProjects/UCSDUnfoldingMaps/lib/gluegen-rt.jar:/Users/mauriciotl/MauricioFiles/Eclipse_II/CourseraProjects/UCSDUnfoldingMaps/lib/jogl-all.jar:/Users/mauriciotl/MauricioFiles/Eclipse_II/CourseraProjects/UCSDUnfoldingMaps/lib/log4j-1.2.15.jar:/Users/mauriciotl/MauricioFiles/Eclipse_II/CourseraProjects/UCSDUnfoldingMaps/lib/sqlite-jdbc-3.7.2.jar:/Users/mauriciotl/MauricioFiles/Eclipse_II/CourseraProjects/UCSDUnfoldingMaps/lib/json4processing.jar:/Users/mauriciotl/MauricioFiles/Eclipse_II/CourseraProjects/UCSDUnfoldingMaps/lib/libTUIO.jar:/Users/mauriciotl/MauricioFiles/Eclipse_II/CourseraProjects/UCSDUnfoldingMaps/lib/unfolding.0.9.7-uscd.jar
Launcher Type: SUN_STANDARD

Environment Variables:
PATH=/usr/bin:/bin:/usr/sbin:/sbin
SHELL=/bin/bash

Signal Handlers:
SIGSEGV: [libjvm.dylib+0x5a6d31], sa_mask[0]=11111111011111110111111111111111, sa_flags=SA_ONSTACK|SA_RESTART|SA_SIGINFO
SIGBUS: [libjvm.dylib+0x5a6d31], sa_mask[0]=11111111011111110111111111111111, sa_flags=SA_RESTART|SA_SIGINFO
SIGFPE: [libjvm.dylib+0x480a4c], sa_mask[0]=11111111011111110111111111111111, sa_flags=SA_RESTART|SA_SIGINFO
SIGPIPE: [libjvm.dylib+0x480a4c], sa_mask[0]=11111111011111110111111111111111, sa_flags=SA_RESTART|SA_SIGINFO
SIGXFSZ: [libjvm.dylib+0x480a4c], sa_mask[0]=11111111011111110111111111111111, sa_flags=SA_RESTART|SA_SIGINFO
SIGILL: [libjvm.dylib+0x480a4c], sa_mask[0]=11111111011111110111111111111111, sa_flags=SA_RESTART|SA_SIGINFO
SIGUSR1: SIG_DFL, sa_mask[0]=00000000000000000000000000000000, sa_flags=none
SIGUSR2: [libjvm.dylib+0x48056a], sa_mask[0]=00100000000000000000000000000000, sa_flags=SA_RESTART|SA_SIGINFO
SIGHUP: [libjvm.dylib+0x47eb41], sa_mask[0]=11111111011111110111111111111111, sa_flags=SA_RESTART|SA_SIGINFO
SIGINT: [libjvm.dylib+0x47eb41], sa_mask[0]=11111111011111110111111111111111, sa_flags=SA_RESTART|SA_SIGINFO
SIGTERM: [libjvm.dylib+0x47eb41], sa_mask[0]=11111111011111110111111111111111, sa_flags=SA_RESTART|SA_SIGINFO
SIGQUIT: [libjvm.dylib+0x47eb41], sa_mask[0]=11111111011111110111111111111111, sa_flags=SA_RESTART|SA_SIGINFO


---------------  S Y S T E M  ---------------

OS:Bsduname:Darwin 14.5.0 Darwin Kernel Version 14.5.0: Fri Feb 17 10:33:20 PST 2017; root:xnu-2782.50.9.1.1~1/RELEASE_X86_64 x86_64
rlimit: STACK 8192k, CORE 0k, NPROC 709, NOFILE 10240, AS infinity
load average:2.88 2.31 1.88

CPU:total 8 (4 cores per cpu, 2 threads per core) family 6 model 70 stepping 1, cmov, cx8, fxsr, mmx, sse, sse2, sse3, ssse3, sse4.1, sse4.2, popcnt, avx, avx2, aes, clmul, erms, lzcnt, ht, tsc, tscinvbit, bmi1, bmi2

Memory: 4k page, physical 16777216k(3619496k free)

/proc/meminfo:


vm_info: Java HotSpot(TM) 64-Bit Server VM (25.60-b23) for bsd-amd64 JRE (1.8.0_60-b27), built on Aug  4 2015 10:47:24 by "java_re" with gcc 4.2.1 (Based on Apple Inc. build 5658) (LLVM build 2336.11.00)

time: Sat May 13 19:54:34 2017
elapsed time: 773 seconds (0d 0h 12m 53s)

