#
# A fatal error has been detected by the Java Runtime Environment:
#
#  SIGSEGV (0xb) at pc=0x00007fff8c3140dd, pid=6754, tid=1811
#
# JRE version: Java(TM) SE Runtime Environment (8.0_60-b27) (build 1.8.0_60-b27)
# Java VM: Java HotSpot(TM) 64-Bit Server VM (25.60-b23 mixed mode bsd-amd64 compressed oops)
# Problematic frame:
# C  [libobjc.A.dylib+0x10dd]  objc_msgSend+0x1d
#
# Failed to write core dump. Core dumps have been disabled. To enable core dumping, try "ulimit -c unlimited" before starting Java again
#
# If you would like to submit a bug report, please visit:
#   http://bugreport.java.com/bugreport/crash.jsp
# The crash happened outside the Java Virtual Machine in native code.
# See problematic frame for where to report the bug.
#

---------------  T H R E A D  ---------------

Current thread (0x00007fa97b82d000):  JavaThread "AWT-AppKit" daemon [_thread_in_native, id=1811, stack(0x00007fff51bb2000,0x00007fff523b2000)]

siginfo: si_signo: 11 (SIGSEGV), si_code: 1 (SEGV_MAPERR), si_addr: 0x0000000000000018

Registers:
RAX=0x00007fa982919700, RBX=0x000000017fd4c450, RCX=0x000000017ffcf3c0, RDX=0x000000017ffcfe80
RSP=0x00007fff523ad4c8, RBP=0x00007fff523ad580, RSI=0x00007fff948f440f, RDI=0x00007fa981ed5a10
R8 =0x0000000000000000, R9 =0x0000000000000f50, R10=0x00007fff948f440f, R11=0x0000000000000000
R12=0x0000000000000000, R13=0x00000001844aeef0, R14=0x000000017fd4c440, R15=0x00007fa97b82d000
RIP=0x00007fff8c3140dd, EFLAGS=0x0000000000010246, ERR=0x0000000000000004
  TRAPNO=0x000000000000000e

Top of Stack: (sp=0x00007fff523ad4c8)
0x00007fff523ad4c8:   000000017fd4a157 00007fff523ad520
0x00007fff523ad4d8:   0000000000000003 00007fff523ad500
0x00007fff523ad4e8:   000000010ebf1992 00000001844aeef0
0x00007fff523ad4f8:   00000001844aeef0 00007fa982919700
0x00007fff523ad508:   000000017fd4c6a0 000000017fd4c710
0x00007fff523ad518:   00007fff797a9550 00007fff7a530c80
0x00007fff523ad528:   000000017fd4c450 000000017fd4c690
0x00007fff523ad538:   00007fa982919700 00007fa981ed5a10
0x00007fff523ad548:   00007fa97b44a640 00007fa982919700
0x00007fff523ad558:   00007fa981ed5a10 00007fff523ad608
0x00007fff523ad568:   00007fa97b82d1f8 00000001844aeef0
0x00007fff523ad578:   00007fff523ad630 00007fff523ad5f8
0x00007fff523ad588:   000000010faa1954 00000001844aeef0
0x00007fff523ad598:   00007fff523ad630 00007fff523ad5f8
0x00007fff523ad5a8:   000000010faa16e7 000000010faa16a2
0x00007fff523ad5b8:   00007fff523ad5b8 00000001844aeef0
0x00007fff523ad5c8:   00007fff523ad630 00000001844b1b28
0x00007fff523ad5d8:   0000000000000000 00000001844aeef0
0x00007fff523ad5e8:   0000000000000000 00007fff523ad618
0x00007fff523ad5f8:   00007fff523ad678 000000010fa93c4d
0x00007fff523ad608:   000000076eb34998 000000010fa9b578
0x00007fff523ad618:   00007fa982919700 00007fff523ad678
0x00007fff523ad628:   00007fa981ed5a10 000000010fa9cd82
0x00007fff523ad638:   00007fff523ad638 00000001844af0ba
0x00007fff523ad648:   00007fff523ad6a0 00000001844b1b28
0x00007fff523ad658:   0000000000000000 00000001844af0c8
0x00007fff523ad668:   00007fff523ad618 00007fff523ad688
0x00007fff523ad678:   00007fff523ad6e8 000000010fa93c4d
0x00007fff523ad688:   00007fa982919700 000000076ed934a0
0x00007fff523ad698:   00007fa981ed5a10 000000076ed934a0
0x00007fff523ad6a8:   00007fff523ad6a8 0000000189d13076
0x00007fff523ad6b8:   00007fff523ad6f8 0000000189d13130 

Instructions: (pc=0x00007fff8c3140dd)
0x00007fff8c3140bd:   00 00 00 48 85 ff 2e 74 7a 40 f6 c7 01 2e 75 7e
0x00007fff8c3140cd:   49 bb f8 ff ff ff ff 7f 00 00 4c 23 1f 49 89 f2
0x00007fff8c3140dd:   45 23 53 18 49 c1 e2 04 4d 03 53 10 49 3b 32 75
0x00007fff8c3140ed:   04 41 ff 62 08 49 83 3a 00 74 6a 4d 3b 53 10 74 

Register to memory mapping:

RAX=0x00007fa982919700 is an unknown value
RBX=0x000000017fd4c450: Java_jogamp_nativewindow_macosx_OSXUtil_GetScreenRefreshRate0+0x1cf0 in /private/var/folders/b5/zysj4pxj6576yq718hwysrg80000gn/T/jogamp_0000/file_cache/jln733736003733963835/jln5654138996240476465/libnativewindow_macosx.jnilib at 0x000000017fd45000
RCX=0x000000017ffcf3c0 is an unknown value
RDX=0x000000017ffcfe80 is an unknown value
RSP=0x00007fff523ad4c8 is pointing into the stack for thread: 0x00007fa97b82d000
RBP=0x00007fff523ad580 is pointing into the stack for thread: 0x00007fa97b82d000
RSI=0x00007fff948f440f is an unknown value
RDI=0x00007fa981ed5a10 is an unknown value
R8 =0x0000000000000000 is an unknown value
R9 =0x0000000000000f50 is an unknown value
R10=0x00007fff948f440f is an unknown value
R11=0x0000000000000000 is an unknown value
R12=0x0000000000000000 is an unknown value
R13={method} {0x00000001844aeef0} 'UnsetJAWTRootSurfaceLayer0' '(JJ)V' in 'jogamp/nativewindow/jawt/macosx/MacOSXJAWTWindow'
R14=0x000000017fd4c440: Java_jogamp_nativewindow_macosx_OSXUtil_GetScreenRefreshRate0+0x1ce0 in /private/var/folders/b5/zysj4pxj6576yq718hwysrg80000gn/T/jogamp_0000/file_cache/jln733736003733963835/jln5654138996240476465/libnativewindow_macosx.jnilib at 0x000000017fd45000
R15=0x00007fa97b82d000 is a thread


Stack: [0x00007fff51bb2000,0x00007fff523b2000],  sp=0x00007fff523ad4c8,  free space=8173k
Native frames: (J=compiled Java code, j=interpreted, Vv=VM code, C=native code)
C  [libobjc.A.dylib+0x10dd]  objc_msgSend+0x1d
j  jogamp.nativewindow.jawt.macosx.MacOSXJAWTWindow.UnsetJAWTRootSurfaceLayer0(JJ)V+0
j  jogamp.nativewindow.jawt.macosx.MacOSXJAWTWindow.access$200(JJ)V+2
j  jogamp.nativewindow.jawt.macosx.MacOSXJAWTWindow$1.run()V+38
j  com.jogamp.common.util.RunnableTask.run()V+24
v  ~StubRoutines::call_stub
V  [libjvm.dylib+0x2eab0e]  JavaCalls::call_helper(JavaValue*, methodHandle*, JavaCallArguments*, Thread*)+0x6ae
V  [libjvm.dylib+0x321bb7]  jni_invoke_nonstatic(JNIEnv_*, JavaValue*, _jobject*, JNICallType, _jmethodID*, JNI_ArgumentPusher*, Thread*)+0x2ec
V  [libjvm.dylib+0x31438b]  jni_CallVoidMethod+0x16b
C  [libnativewindow_macosx.jnilib+0x5326]  Java_jogamp_nativewindow_jawt_macosx_MacOSXJAWTWindow_UnsetJAWTRootSurfaceLayer0+0x2b6
C  [Foundation+0x92dd0]  __NSThreadPerformPerform+0x125
C  [CoreFoundation+0x80a01]  __CFRUNLOOP_IS_CALLING_OUT_TO_A_SOURCE0_PERFORM_FUNCTION__+0x11
C  [CoreFoundation+0x72b8d]  __CFRunLoopDoSources0+0x10d
C  [CoreFoundation+0x721bf]  __CFRunLoopRun+0x39f
C  [CoreFoundation+0x71bd8]  CFRunLoopRunSpecific+0x128
C  [HIToolbox+0x3256f]  RunCurrentEventLoopInMode+0xeb
C  [HIToolbox+0x321ee]  ReceiveNextEventCommon+0xb3
C  [HIToolbox+0x3212b]  _BlockUntilNextEventMatchingListInModeWithFilter+0x47
C  [AppKit+0x918ab]  _DPSNextEvent+0x3d2
C  [AppKit+0x90e58]  -[NSApplication nextEventMatchingMask:untilDate:inMode:dequeue:]+0x15a
C  [libosxapp.dylib+0x23aa]  -[NSApplicationAWT nextEventMatchingMask:untilDate:inMode:dequeue:]+0x7c
C  [AppKit+0x86af3]  -[NSApplication run]+0x252
C  [libosxapp.dylib+0x214d]  +[NSApplicationAWT runAWTLoopWithApp:]+0x9c
C  [libawt_lwawt.dylib+0x44517]  -[AWTStarter starter:]+0x389
C  [Foundation+0x92dd0]  __NSThreadPerformPerform+0x125
C  [CoreFoundation+0x80a01]  __CFRUNLOOP_IS_CALLING_OUT_TO_A_SOURCE0_PERFORM_FUNCTION__+0x11
C  [CoreFoundation+0x72b8d]  __CFRunLoopDoSources0+0x10d
C  [CoreFoundation+0x721bf]  __CFRunLoopRun+0x39f
C  [CoreFoundation+0x71bd8]  CFRunLoopRunSpecific+0x128
C  [java+0x6463]  CreateExecutionEnvironment+0x367
C  [java+0x21ac]  JLI_Launch+0x7a0
C  [java+0x84c0]  main+0x65
C  [java+0x1a04]  start+0x34
C  0x0000000000000007

Java frames: (J=compiled Java code, j=interpreted, Vv=VM code)
j  jogamp.nativewindow.jawt.macosx.MacOSXJAWTWindow.UnsetJAWTRootSurfaceLayer0(JJ)V+0
j  jogamp.nativewindow.jawt.macosx.MacOSXJAWTWindow.access$200(JJ)V+2
j  jogamp.nativewindow.jawt.macosx.MacOSXJAWTWindow$1.run()V+38
j  com.jogamp.common.util.RunnableTask.run()V+24
v  ~StubRoutines::call_stub

---------------  P R O C E S S  ---------------

Java Threads: ( => current thread )
  0x00007fa97f7f5800 JavaThread "Thread-86" [_thread_blocked, id=67571, stack(0x000000018c675000,0x000000018c775000)]
  0x00007fa97ba24000 JavaThread "AWT-EventQueue-1" [_thread_in_native, id=60967, stack(0x0000000180623000,0x0000000180723000)]
  0x00007fa97c13d000 JavaThread "DestroyJavaVM" [_thread_blocked, id=4867, stack(0x000000010f98a000,0x000000010fa8a000)]
  0x00007fa97da49000 JavaThread "AWT-EventQueue-0" [_thread_blocked, id=58627, stack(0x000000013426c000,0x000000013436c000)]
  0x00007fa97d9f4000 JavaThread "Java2D Disposer" daemon [_thread_blocked, id=55575, stack(0x0000000132f42000,0x0000000133042000)]
  0x00007fa97f1fd800 JavaThread "Java2D Queue Flusher" daemon [_thread_blocked, id=54023, stack(0x0000000131ebc000,0x0000000131fbc000)]
  0x00007fa97b859800 JavaThread "AWT-Shutdown" [_thread_blocked, id=30483, stack(0x000000012ee20000,0x000000012ef20000)]
=>0x00007fa97b82d000 JavaThread "AWT-AppKit" daemon [_thread_in_native, id=1811, stack(0x00007fff51bb2000,0x00007fff523b2000)]
  0x00007fa97c007800 JavaThread "Service Thread" daemon [_thread_blocked, id=20739, stack(0x000000012d44d000,0x000000012d54d000)]
  0x00007fa97c80c000 JavaThread "C1 CompilerThread3" daemon [_thread_blocked, id=20227, stack(0x000000012d34a000,0x000000012d44a000)]
  0x00007fa97f04e000 JavaThread "C2 CompilerThread2" daemon [_thread_blocked, id=19715, stack(0x000000012d247000,0x000000012d347000)]
  0x00007fa97f04d800 JavaThread "C2 CompilerThread1" daemon [_thread_blocked, id=19203, stack(0x000000012d144000,0x000000012d244000)]
  0x00007fa97d804800 JavaThread "C2 CompilerThread0" daemon [_thread_blocked, id=18691, stack(0x000000012d041000,0x000000012d141000)]
  0x00007fa97f04c800 JavaThread "Signal Dispatcher" daemon [_thread_blocked, id=14615, stack(0x000000012cf3e000,0x000000012d03e000)]
  0x00007fa97f01f000 JavaThread "Finalizer" daemon [_thread_blocked, id=13571, stack(0x000000012b538000,0x000000012b638000)]
  0x00007fa97f01e000 JavaThread "Reference Handler" daemon [_thread_blocked, id=13059, stack(0x000000012b435000,0x000000012b535000)]

Other Threads:
  0x00007fa97f01b800 VMThread [stack: 0x000000012b332000,0x000000012b432000] [id=12547]
  0x00007fa97b80e800 WatcherThread [stack: 0x000000012d550000,0x000000012d650000] [id=21251]

VM state:not at safepoint (normal execution)

VM Mutex/Monitor currently owned by a thread: None

Heap:
 PSYoungGen      total 74752K, used 62436K [0x000000076ab00000, 0x0000000771480000, 0x00000007c0000000)
  eden space 64000K, 80% used [0x000000076ab00000,0x000000076dd80698,0x000000076e980000)
  from space 10752K, 99% used [0x000000076eb00000,0x000000076f578c00,0x000000076f580000)
  to   space 22016K, 0% used [0x000000076ff00000,0x000000076ff00000,0x0000000771480000)
 ParOldGen       total 175104K, used 23178K [0x00000006c0000000, 0x00000006cab00000, 0x000000076ab00000)
  object space 175104K, 13% used [0x00000006c0000000,0x00000006c16a2a78,0x00000006cab00000)
 Metaspace       used 19422K, capacity 19643K, committed 19968K, reserved 1067008K
  class space    used 1885K, capacity 1982K, committed 2048K, reserved 1048576K

Card table byte_map: [0x000000011ee4c000,0x000000011f64d000] byte_map_base: 0x000000011b84c000

Marking Bits: (ParMarkBitMap*) 0x000000010f2dee20
 Begin Bits: [0x00000001203bb000, 0x00000001243bb000)
 End Bits:   [0x00000001243bb000, 0x00000001283bb000)

Polling page: 0x000000010d9a7000

CodeCache: size=245760Kb used=8318Kb max_used=8331Kb free=237441Kb
 bounds [0x000000010fa8c000, 0x00000001102cc000, 0x000000011ea8c000]
 total_blobs=3185 nmethods=2307 adapters=791
 compilation: enabled

Compilation events (10 events):
Event: 129.731 Thread 0x00007fa97c80c000 2591       3       java.awt.Component::dispatchEvent (6 bytes)
Event: 129.731 Thread 0x00007fa97c80c000 nmethod 2591 0x000000011028c010 code [0x000000011028c180, 0x000000011028c388]
Event: 129.762 Thread 0x00007fa97c80c000 2593       3       sun.java2d.pipe.RenderBuffer::putFloat (26 bytes)
Event: 129.763 Thread 0x00007fa97c80c000 nmethod 2593 0x000000011028bc50 code [0x000000011028bdc0, 0x000000011028bf50]
Event: 129.763 Thread 0x00007fa97c80c000 2592       1       sun.java2d.SurfaceData::isValid (5 bytes)
Event: 129.763 Thread 0x00007fa97f04d800 2594  s    4       sun.misc.URLClassPath::getNextLoader (88 bytes)
Event: 129.764 Thread 0x00007fa97c80c000 nmethod 2592 0x00000001100dd390 code [0x00000001100dd4e0, 0x00000001100dd5f0]
Event: 129.770 Thread 0x00007fa97f04d800 nmethod 2594 0x00000001102b20d0 code [0x00000001102b2240, 0x00000001102b29b8]
Event: 129.772 Thread 0x00007fa97c80c000 2595       3       sun.misc.JarIndex::get (49 bytes)
Event: 129.772 Thread 0x00007fa97c80c000 nmethod 2595 0x000000010ff2a1d0 code [0x000000010ff2a3a0, 0x000000010ff2ac18]

GC Heap History (10 events):
Event: 2.378 GC heap before
{Heap before GC invocations=1 (full 0):
 PSYoungGen      total 76288K, used 65536K [0x000000076ab00000, 0x0000000770000000, 0x00000007c0000000)
  eden space 65536K, 100% used [0x000000076ab00000,0x000000076eb00000,0x000000076eb00000)
  from space 10752K, 0% used [0x000000076f580000,0x000000076f580000,0x0000000770000000)
  to   space 10752K, 0% used [0x000000076eb00000,0x000000076eb00000,0x000000076f580000)
 ParOldGen       total 175104K, used 0K [0x00000006c0000000, 0x00000006cab00000, 0x000000076ab00000)
  object space 175104K, 0% used [0x00000006c0000000,0x00000006c0000000,0x00000006cab00000)
 Metaspace       used 18264K, capacity 18449K, committed 18688K, reserved 1067008K
  class space    used 1866K, capacity 1949K, committed 2048K, reserved 1048576K
Event: 2.388 GC heap after
Heap after GC invocations=1 (full 0):
 PSYoungGen      total 76288K, used 10743K [0x000000076ab00000, 0x0000000770000000, 0x00000007c0000000)
  eden space 65536K, 0% used [0x000000076ab00000,0x000000076ab00000,0x000000076eb00000)
  from space 10752K, 99% used [0x000000076eb00000,0x000000076f57dcb0,0x000000076f580000)
  to   space 10752K, 0% used [0x000000076f580000,0x000000076f580000,0x0000000770000000)
 ParOldGen       total 175104K, used 2724K [0x00000006c0000000, 0x00000006cab00000, 0x000000076ab00000)
  object space 175104K, 1% used [0x00000006c0000000,0x00000006c02a91a0,0x00000006cab00000)
 Metaspace       used 18264K, capacity 18449K, committed 18688K, reserved 1067008K
  class space    used 1866K, capacity 1949K, committed 2048K, reserved 1048576K
}
Event: 11.307 GC heap before
{Heap before GC invocations=2 (full 0):
 PSYoungGen      total 76288K, used 76279K [0x000000076ab00000, 0x0000000770000000, 0x00000007c0000000)
  eden space 65536K, 100% used [0x000000076ab00000,0x000000076eb00000,0x000000076eb00000)
  from space 10752K, 99% used [0x000000076eb00000,0x000000076f57dcb0,0x000000076f580000)
  to   space 10752K, 0% used [0x000000076f580000,0x000000076f580000,0x0000000770000000)
 ParOldGen       total 175104K, used 2724K [0x00000006c0000000, 0x00000006cab00000, 0x000000076ab00000)
  object space 175104K, 1% used [0x00000006c0000000,0x00000006c02a91a0,0x00000006cab00000)
 Metaspace       used 19246K, capacity 19483K, committed 19712K, reserved 1067008K
  class space    used 1875K, capacity 1950K, committed 2048K, reserved 1048576K
Event: 11.317 GC heap after
Heap after GC invocations=2 (full 0):
 PSYoungGen      total 76288K, used 10738K [0x000000076ab00000, 0x0000000770000000, 0x00000007c0000000)
  eden space 65536K, 0% used [0x000000076ab00000,0x000000076ab00000,0x000000076eb00000)
  from space 10752K, 99% used [0x000000076f580000,0x000000076fffcbe0,0x0000000770000000)
  to   space 10752K, 0% used [0x000000076eb00000,0x000000076eb00000,0x000000076f580000)
 ParOldGen       total 175104K, used 7853K [0x00000006c0000000, 0x00000006cab00000, 0x000000076ab00000)
  object space 175104K, 4% used [0x00000006c0000000,0x00000006c07ab6e8,0x00000006cab00000)
 Metaspace       used 19246K, capacity 19483K, committed 19712K, reserved 1067008K
  class space    used 1875K, capacity 1950K, committed 2048K, reserved 1048576K
}
Event: 14.338 GC heap before
{Heap before GC invocations=3 (full 0):
 PSYoungGen      total 76288K, used 76274K [0x000000076ab00000, 0x0000000770000000, 0x00000007c0000000)
  eden space 65536K, 100% used [0x000000076ab00000,0x000000076eb00000,0x000000076eb00000)
  from space 10752K, 99% used [0x000000076f580000,0x000000076fffcbe0,0x0000000770000000)
  to   space 10752K, 0% used [0x000000076eb00000,0x000000076eb00000,0x000000076f580000)
 ParOldGen       total 175104K, used 7853K [0x00000006c0000000, 0x00000006cab00000, 0x000000076ab00000)
  object space 175104K, 4% used [0x00000006c0000000,0x00000006c07ab6e8,0x00000006cab00000)
 Metaspace       used 19311K, capacity 19483K, committed 19712K, reserved 1067008K
  class space    used 1876K, capacity 1950K, committed 2048K, reserved 1048576K
Event: 14.348 GC heap after
Heap after GC invocations=3 (full 0):
 PSYoungGen      total 76288K, used 10739K [0x000000076ab00000, 0x0000000770000000, 0x00000007c0000000)
  eden space 65536K, 0% used [0x000000076ab00000,0x000000076ab00000,0x000000076eb00000)
  from space 10752K, 99% used [0x000000076eb00000,0x000000076f57cc00,0x000000076f580000)
  to   space 10752K, 0% used [0x000000076f580000,0x000000076f580000,0x0000000770000000)
 ParOldGen       total 175104K, used 18002K [0x00000006c0000000, 0x00000006cab00000, 0x000000076ab00000)
  object space 175104K, 10% used [0x00000006c0000000,0x00000006c1194948,0x00000006cab00000)
 Metaspace       used 19311K, capacity 19483K, committed 19712K, reserved 1067008K
  class space    used 1876K, capacity 1950K, committed 2048K, reserved 1048576K
}
Event: 41.092 GC heap before
{Heap before GC invocations=4 (full 0):
 PSYoungGen      total 76288K, used 76275K [0x000000076ab00000, 0x0000000770000000, 0x00000007c0000000)
  eden space 65536K, 100% used [0x000000076ab00000,0x000000076eb00000,0x000000076eb00000)
  from space 10752K, 99% used [0x000000076eb00000,0x000000076f57cc00,0x000000076f580000)
  to   space 10752K, 0% used [0x000000076f580000,0x000000076f580000,0x0000000770000000)
 ParOldGen       total 175104K, used 18002K [0x00000006c0000000, 0x00000006cab00000, 0x000000076ab00000)
  object space 175104K, 10% used [0x00000006c0000000,0x00000006c1194948,0x00000006cab00000)
 Metaspace       used 19385K, capacity 19611K, committed 19968K, reserved 1067008K
  class space    used 1876K, capacity 1950K, committed 2048K, reserved 1048576K
Event: 41.102 GC heap after
Heap after GC invocations=4 (full 0):
 PSYoungGen      total 76288K, used 10738K [0x000000076ab00000, 0x0000000770000000, 0x00000007c0000000)
  eden space 65536K, 0% used [0x000000076ab00000,0x000000076ab00000,0x000000076eb00000)
  from space 10752K, 99% used [0x000000076f580000,0x000000076fffcbf0,0x0000000770000000)
  to   space 10752K, 0% used [0x000000076eb00000,0x000000076eb00000,0x000000076f580000)
 ParOldGen       total 175104K, used 23074K [0x00000006c0000000, 0x00000006cab00000, 0x000000076ab00000)
  object space 175104K, 13% used [0x00000006c0000000,0x00000006c1688a78,0x00000006cab00000)
 Metaspace       used 19385K, capacity 19611K, committed 19968K, reserved 1067008K
  class space    used 1876K, capacity 1950K, committed 2048K, reserved 1048576K
}
Event: 91.156 GC heap before
{Heap before GC invocations=5 (full 0):
 PSYoungGen      total 76288K, used 76274K [0x000000076ab00000, 0x0000000770000000, 0x00000007c0000000)
  eden space 65536K, 100% used [0x000000076ab00000,0x000000076eb00000,0x000000076eb00000)
  from space 10752K, 99% used [0x000000076f580000,0x000000076fffcbf0,0x0000000770000000)
  to   space 10752K, 0% used [0x000000076eb00000,0x000000076eb00000,0x000000076f580000)
 ParOldGen       total 175104K, used 23074K [0x00000006c0000000, 0x00000006cab00000, 0x000000076ab00000)
  object space 175104K, 13% used [0x00000006c0000000,0x00000006c1688a78,0x00000006cab00000)
 Metaspace       used 19387K, capacity 19611K, committed 19968K, reserved 1067008K
  class space    used 1877K, capacity 1950K, committed 2048K, reserved 1048576K
Event: 91.162 GC heap after
Heap after GC invocations=5 (full 0):
 PSYoungGen      total 74752K, used 10723K [0x000000076ab00000, 0x0000000771480000, 0x00000007c0000000)
  eden space 64000K, 0% used [0x000000076ab00000,0x000000076ab00000,0x000000076e980000)
  from space 10752K, 99% used [0x000000076eb00000,0x000000076f578c00,0x000000076f580000)
  to   space 22016K, 0% used [0x000000076ff00000,0x000000076ff00000,0x0000000771480000)
 ParOldGen       total 175104K, used 23178K [0x00000006c0000000, 0x00000006cab00000, 0x000000076ab00000)
  object space 175104K, 13% used [0x00000006c0000000,0x00000006c16a2a78,0x00000006cab00000)
 Metaspace       used 19387K, capacity 19611K, committed 19968K, reserved 1067008K
  class space    used 1877K, capacity 1950K, committed 2048K, reserved 1048576K
}

Deoptimization events (10 events):
Event: 129.743 Thread 0x00007fa97ba24000 Uncommon trap: reason=class_check action=maybe_recompile pc=0x000000010ff26690 method=java.awt.event.InvocationEvent.dispatch()V @ 11
Event: 129.761 Thread 0x00007fa97b8b0000 Uncommon trap: reason=unstable_if action=reinterpret pc=0x00000001100c7904 method=java.util.HashMap.putVal(ILjava/lang/Object;Ljava/lang/Object;ZZ)Ljava/lang/Object; @ 81
Event: 129.761 Thread 0x00007fa97da49000 Uncommon trap: reason=class_check action=maybe_recompile pc=0x00000001100176cc method=java.awt.Component.getGraphics()Ljava/awt/Graphics; @ 114
Event: 129.762 Thread 0x00007fa97ba24000 Uncommon trap: reason=class_check action=maybe_recompile pc=0x000000010ff26690 method=java.awt.event.InvocationEvent.dispatch()V @ 11
Event: 129.766 Thread 0x00007fa97b82d000 Uncommon trap: reason=class_check action=maybe_recompile pc=0x000000010fe33540 method=com.jogamp.common.util.RunnableTask.run()V @ 24
Event: 129.767 Thread 0x00007fa97b82d000 Uncommon trap: reason=unstable_if action=reinterpret pc=0x000000010fff087c method=jogamp.nativewindow.macosx.OSXUtil.RunOnMainThread(ZZLjava/lang/Runnable;)V @ 3
Event: 129.771 Thread 0x00007fa97ba24000 Uncommon trap: reason=unstable_if action=reinterpret pc=0x0000000110288d98 method=jogamp.opengl.GLContextImpl.release(Z)V @ 161
Event: 129.773 Thread 0x00007fa97ba24000 Uncommon trap: reason=unstable_if action=reinterpret pc=0x000000010fe18798 method=java.util.LinkedList$ListItr.<init>(Ljava/util/LinkedList;I)V @ 26
Event: 129.773 Thread 0x00007fa97ba24000 Uncommon trap: reason=unstable_if action=reinterpret pc=0x0000000110114f88 method=java.security.AccessControlContext.optimize()Ljava/security/AccessControlContext; @ 233
Event: 129.774 Thread 0x00007fa97b82d000 Uncommon trap: reason=class_check action=maybe_recompile pc=0x000000010fe33540 method=com.jogamp.common.util.RunnableTask.run()V @ 24

Internal exceptions (10 events):
Event: 0.111 Thread 0x00007fa97d807800 Exception <a 'java/lang/NoSuchFieldError': method resolution failed> (0x000000076aeeee98) thrown at [/Users/java_re/workspace/8-2-build-macosx-x86_64/jdk8u60/4407/hotspot/src/share/vm/prims/methodHandles.cpp, line 1146]
Event: 0.113 Thread 0x00007fa97d807800 Exception <a 'java/lang/NoSuchFieldError': method resolution failed> (0x000000076aefc668) thrown at [/Users/java_re/workspace/8-2-build-macosx-x86_64/jdk8u60/4407/hotspot/src/share/vm/prims/methodHandles.cpp, line 1146]
Event: 0.257 Thread 0x00007fa97d807800 Exception <a 'java/io/FileNotFoundException'> (0x000000076af78470) thrown at [/Users/java_re/workspace/8-2-build-macosx-x86_64/jdk8u60/4407/hotspot/src/share/vm/prims/jni.cpp, line 709]
Event: 0.257 Thread 0x00007fa97d807800 Exception <a 'java/io/FileNotFoundException'> (0x000000076af78fd8) thrown at [/Users/java_re/workspace/8-2-build-macosx-x86_64/jdk8u60/4407/hotspot/src/share/vm/prims/jni.cpp, line 709]
Event: 0.342 Thread 0x00007fa97d807800 Exception <a 'java/io/FileNotFoundException'> (0x000000076b010f08) thrown at [/Users/java_re/workspace/8-2-build-macosx-x86_64/jdk8u60/4407/hotspot/src/share/vm/prims/jni.cpp, line 709]
Event: 1.296 Thread 0x00007fa97ba25800 Exception <a 'java/lang/UnsatisfiedLinkError': com.jogamp.common.util.JarUtil.fixNativeLibAttribs(Ljava/lang/String;)Z> (0x000000076c660fb8) thrown at [/Users/java_re/workspace/8-2-build-macosx-x86_64/jdk8u60/4407/hotspot/src/share/vm/prims/nativeLookup.c
Event: 1.951 Thread 0x00007fa97ba24000 Exception <a 'java/io/FileNotFoundException'> (0x000000076d994538) thrown at [/Users/java_re/workspace/8-2-build-macosx-x86_64/jdk8u60/4407/hotspot/src/share/vm/prims/jni.cpp, line 709]
Event: 1.951 Thread 0x00007fa97ba24000 Exception <a 'java/io/FileNotFoundException'> (0x000000076d99b398) thrown at [/Users/java_re/workspace/8-2-build-macosx-x86_64/jdk8u60/4407/hotspot/src/share/vm/prims/jni.cpp, line 709]
Event: 1.951 Thread 0x00007fa97ba24000 Implicit null exception at 0x000000010fc2fcb5 to 0x000000010fc30019
Event: 2.390 Thread 0x00007fa97f01f000 Exception <a 'java/lang/NullPointerException'> (0x000000076afff320) thrown at [/Users/java_re/workspace/8-2-build-macosx-x86_64/jdk8u60/4407/hotspot/src/share/vm/interpreter/linkResolver.cpp, line 1178]

Events (10 events):
Event: 129.774 loading class java/awt/LightweightDispatcher$2 done
Event: 129.774 loading class java/awt/event/AWTEventListenerProxy
Event: 129.774 loading class java/awt/event/AWTEventListenerProxy done
Event: 129.774 Executing VM operation: Deoptimize
Event: 129.774 Executing VM operation: Deoptimize done
Event: 129.774 Thread 0x00007fa97b82d000 Uncommon trap: trap_request=0xffffffde fr.pc=0x000000010fe33540
Event: 129.774 Thread 0x00007fa97b82d000 DEOPT PACKING pc=0x000000010fe33540 sp=0x00007fff523ad740
Event: 129.774 Thread 0x00007fa97b82d000 DEOPT UNPACKING pc=0x000000010fa91229 sp=0x00007fff523ad6e8 mode 2
Event: 129.774 loading class java/awt/Toolkit$ToolkitEventMulticaster
Event: 129.774 loading class java/awt/Toolkit$ToolkitEventMulticaster done


Dynamic libraries:
0x000000000829b000 	/System/Library/Frameworks/Cocoa.framework/Versions/A/Cocoa
0x000000000829b000 	/System/Library/Frameworks/Security.framework/Versions/A/Security
0x000000000829b000 	/System/Library/Frameworks/ApplicationServices.framework/Versions/A/ApplicationServices
0x000000000829b000 	/usr/lib/libz.1.dylib
0x000000000829b000 	/usr/lib/libSystem.B.dylib
0x000000000829b000 	/usr/lib/libobjc.A.dylib
0x000000000829b000 	/System/Library/Frameworks/CoreFoundation.framework/Versions/A/CoreFoundation
0x000000000829b000 	/System/Library/Frameworks/Foundation.framework/Versions/C/Foundation
0x000000000829b000 	/System/Library/Frameworks/AppKit.framework/Versions/C/AppKit
0x000000000829b000 	/System/Library/Frameworks/CoreData.framework/Versions/A/CoreData
0x000000000829b000 	/System/Library/PrivateFrameworks/RemoteViewServices.framework/Versions/A/RemoteViewServices
0x000000000829b000 	/System/Library/PrivateFrameworks/UIFoundation.framework/Versions/A/UIFoundation
0x000000000829b000 	/System/Library/Frameworks/IOSurface.framework/Versions/A/IOSurface
0x000000000829b000 	/System/Library/Frameworks/AudioToolbox.framework/Versions/A/AudioToolbox
0x000000000829b000 	/System/Library/Frameworks/AudioUnit.framework/Versions/A/AudioUnit
0x000000000829b000 	/System/Library/PrivateFrameworks/DataDetectorsCore.framework/Versions/A/DataDetectorsCore
0x000000000829b000 	/System/Library/PrivateFrameworks/DesktopServicesPriv.framework/Versions/A/DesktopServicesPriv
0x000000000829b000 	/System/Library/Frameworks/Carbon.framework/Versions/A/Frameworks/HIToolbox.framework/Versions/A/HIToolbox
0x000000000829b000 	/System/Library/Frameworks/QuartzCore.framework/Versions/A/QuartzCore
0x000000000829b000 	/System/Library/Frameworks/Carbon.framework/Versions/A/Frameworks/SpeechRecognition.framework/Versions/A/SpeechRecognition
0x000000000829b000 	/usr/lib/libauto.dylib
0x000000000829b000 	/usr/lib/libicucore.A.dylib
0x000000000829b000 	/usr/lib/libxml2.2.dylib
0x000000000829b000 	/System/Library/PrivateFrameworks/CoreUI.framework/Versions/A/CoreUI
0x000000000829b000 	/System/Library/Frameworks/CoreAudio.framework/Versions/A/CoreAudio
0x000000000829b000 	/System/Library/Frameworks/DiskArbitration.framework/Versions/A/DiskArbitration
0x000000000829b000 	/usr/lib/liblangid.dylib
0x000000000829b000 	/System/Library/PrivateFrameworks/MultitouchSupport.framework/Versions/A/MultitouchSupport
0x000000000829b000 	/System/Library/Frameworks/IOKit.framework/Versions/A/IOKit
0x000000000829b000 	/usr/lib/libDiagnosticMessagesClient.dylib
0x000000000829b000 	/System/Library/Frameworks/CoreServices.framework/Versions/A/CoreServices
0x000000000829b000 	/System/Library/PrivateFrameworks/PerformanceAnalysis.framework/Versions/A/PerformanceAnalysis
0x000000000829b000 	/System/Library/PrivateFrameworks/GenerationalStorage.framework/Versions/A/GenerationalStorage
0x000000000829b000 	/System/Library/Frameworks/OpenGL.framework/Versions/A/OpenGL
0x000000000829b000 	/System/Library/PrivateFrameworks/Sharing.framework/Versions/A/Sharing
0x000000000829b000 	/System/Library/Frameworks/CoreGraphics.framework/Versions/A/CoreGraphics
0x000000000829b000 	/System/Library/Frameworks/CoreText.framework/Versions/A/CoreText
0x000000000829b000 	/System/Library/Frameworks/ImageIO.framework/Versions/A/ImageIO
0x000000000829b000 	/usr/lib/libextension.dylib
0x000000000829b000 	/System/Library/PrivateFrameworks/Backup.framework/Versions/A/Backup
0x000000000829b000 	/usr/lib/libarchive.2.dylib
0x000000000829b000 	/System/Library/Frameworks/CFNetwork.framework/Versions/A/CFNetwork
0x000000000829b000 	/System/Library/Frameworks/SystemConfiguration.framework/Versions/A/SystemConfiguration
0x000000000829b000 	/usr/lib/libCRFSuite.dylib
0x000000000829b000 	/usr/lib/libc++.1.dylib
0x000000000829b000 	/usr/lib/libc++abi.dylib
0x000000000829b000 	/usr/lib/system/libcache.dylib
0x000000000829b000 	/usr/lib/system/libcommonCrypto.dylib
0x000000000829b000 	/usr/lib/system/libcompiler_rt.dylib
0x000000000829b000 	/usr/lib/system/libcopyfile.dylib
0x000000000829b000 	/usr/lib/system/libcorecrypto.dylib
0x000000000829b000 	/usr/lib/system/libdispatch.dylib
0x000000000829b000 	/usr/lib/system/libdyld.dylib
0x000000000829b000 	/usr/lib/system/libkeymgr.dylib
0x000000000829b000 	/usr/lib/system/liblaunch.dylib
0x000000000829b000 	/usr/lib/system/libmacho.dylib
0x000000000829b000 	/usr/lib/system/libquarantine.dylib
0x000000000829b000 	/usr/lib/system/libremovefile.dylib
0x000000000829b000 	/usr/lib/system/libsystem_asl.dylib
0x000000000829b000 	/usr/lib/system/libsystem_blocks.dylib
0x000000000829b000 	/usr/lib/system/libsystem_c.dylib
0x000000000829b000 	/usr/lib/system/libsystem_configuration.dylib
0x000000000829b000 	/usr/lib/system/libsystem_coreservices.dylib
0x000000000829b000 	/usr/lib/system/libsystem_coretls.dylib
0x000000000829b000 	/usr/lib/system/libsystem_dnssd.dylib
0x000000000829b000 	/usr/lib/system/libsystem_info.dylib
0x000000000829b000 	/usr/lib/system/libsystem_kernel.dylib
0x000000000829b000 	/usr/lib/system/libsystem_m.dylib
0x000000000829b000 	/usr/lib/system/libsystem_malloc.dylib
0x000000000829b000 	/usr/lib/system/libsystem_network.dylib
0x000000000829b000 	/usr/lib/system/libsystem_networkextension.dylib
0x000000000829b000 	/usr/lib/system/libsystem_notify.dylib
0x000000000829b000 	/usr/lib/system/libsystem_platform.dylib
0x000000000829b000 	/usr/lib/system/libsystem_pthread.dylib
0x000000000829b000 	/usr/lib/system/libsystem_sandbox.dylib
0x000000000829b000 	/usr/lib/system/libsystem_secinit.dylib
0x000000000829b000 	/usr/lib/system/libsystem_stats.dylib
0x000000000829b000 	/usr/lib/system/libsystem_trace.dylib
0x000000000829b000 	/usr/lib/system/libunc.dylib
0x000000000829b000 	/usr/lib/system/libunwind.dylib
0x000000000829b000 	/usr/lib/system/libxpc.dylib
0x000000000829b000 	/usr/lib/libbz2.1.0.dylib
0x000000000829b000 	/usr/lib/liblzma.5.dylib
0x000000000829b000 	/usr/lib/libbsm.0.dylib
0x000000000829b000 	/usr/lib/libsqlite3.dylib
0x000000000829b000 	/usr/lib/system/libkxld.dylib
0x000000000829b000 	/usr/lib/libxar.1.dylib
0x000000000829b000 	/usr/lib/libpam.2.dylib
0x000000000829b000 	/usr/lib/libOpenScriptingUtil.dylib
0x000000000829b000 	/System/Library/Frameworks/CoreServices.framework/Versions/A/Frameworks/FSEvents.framework/Versions/A/FSEvents
0x000000000829b000 	/System/Library/Frameworks/CoreServices.framework/Versions/A/Frameworks/CarbonCore.framework/Versions/A/CarbonCore
0x000000000829b000 	/System/Library/Frameworks/CoreServices.framework/Versions/A/Frameworks/Metadata.framework/Versions/A/Metadata
0x000000000829b000 	/System/Library/Frameworks/CoreServices.framework/Versions/A/Frameworks/OSServices.framework/Versions/A/OSServices
0x000000000829b000 	/System/Library/Frameworks/CoreServices.framework/Versions/A/Frameworks/SearchKit.framework/Versions/A/SearchKit
0x000000000829b000 	/System/Library/Frameworks/CoreServices.framework/Versions/A/Frameworks/AE.framework/Versions/A/AE
0x000000000829b000 	/System/Library/Frameworks/CoreServices.framework/Versions/A/Frameworks/LaunchServices.framework/Versions/A/LaunchServices
0x000000000829b000 	/System/Library/Frameworks/CoreServices.framework/Versions/A/Frameworks/DictionaryServices.framework/Versions/A/DictionaryServices
0x000000000829b000 	/System/Library/Frameworks/NetFS.framework/Versions/A/NetFS
0x000000000829b000 	/System/Library/PrivateFrameworks/NetAuth.framework/Versions/A/NetAuth
0x000000000829b000 	/System/Library/PrivateFrameworks/login.framework/Versions/A/Frameworks/loginsupport.framework/Versions/A/loginsupport
0x000000000829b000 	/System/Library/PrivateFrameworks/TCC.framework/Versions/A/TCC
0x000000000829b000 	/usr/lib/libmecabra.dylib
0x000000000829b000 	/System/Library/Frameworks/ApplicationServices.framework/Versions/A/Frameworks/ATS.framework/Versions/A/ATS
0x000000000829b000 	/System/Library/Frameworks/ApplicationServices.framework/Versions/A/Frameworks/ColorSync.framework/Versions/A/ColorSync
0x000000000829b000 	/System/Library/Frameworks/ApplicationServices.framework/Versions/A/Frameworks/HIServices.framework/Versions/A/HIServices
0x000000000829b000 	/System/Library/Frameworks/ApplicationServices.framework/Versions/A/Frameworks/LangAnalysis.framework/Versions/A/LangAnalysis
0x000000000829b000 	/System/Library/Frameworks/ApplicationServices.framework/Versions/A/Frameworks/PrintCore.framework/Versions/A/PrintCore
0x000000000829b000 	/System/Library/Frameworks/ApplicationServices.framework/Versions/A/Frameworks/QD.framework/Versions/A/QD
0x000000000829b000 	/System/Library/Frameworks/ApplicationServices.framework/Versions/A/Frameworks/SpeechSynthesis.framework/Versions/A/SpeechSynthesis
0x000000000829b000 	/System/Library/Frameworks/Accelerate.framework/Versions/A/Accelerate
0x000000000829b000 	/System/Library/Frameworks/Accelerate.framework/Versions/A/Frameworks/vImage.framework/Versions/A/vImage
0x000000000829b000 	/System/Library/Frameworks/Accelerate.framework/Versions/A/Frameworks/vecLib.framework/Versions/A/vecLib
0x000000000829b000 	/System/Library/Frameworks/Accelerate.framework/Versions/A/Frameworks/vecLib.framework/Versions/A/libvDSP.dylib
0x000000000829b000 	/System/Library/Frameworks/Accelerate.framework/Versions/A/Frameworks/vecLib.framework/Versions/A/libvMisc.dylib
0x000000000829b000 	/System/Library/Frameworks/Accelerate.framework/Versions/A/Frameworks/vecLib.framework/Versions/A/libLAPACK.dylib
0x000000000829b000 	/System/Library/Frameworks/Accelerate.framework/Versions/A/Frameworks/vecLib.framework/Versions/A/libBLAS.dylib
0x000000000829b000 	/System/Library/Frameworks/Accelerate.framework/Versions/A/Frameworks/vecLib.framework/Versions/A/libLinearAlgebra.dylib
0x000000000829b000 	/System/Library/Frameworks/ApplicationServices.framework/Versions/A/Frameworks/ATS.framework/Versions/A/Resources/libFontParser.dylib
0x000000000829b000 	/System/Library/Frameworks/ApplicationServices.framework/Versions/A/Frameworks/ATS.framework/Versions/A/Resources/libFontRegistry.dylib
0x000000000829b000 	/System/Library/PrivateFrameworks/AppleVPA.framework/Versions/A/AppleVPA
0x000000000829b000 	/System/Library/PrivateFrameworks/AppleJPEG.framework/Versions/A/AppleJPEG
0x000000000829b000 	/System/Library/Frameworks/ImageIO.framework/Versions/A/Resources/libJPEG.dylib
0x000000000829b000 	/System/Library/Frameworks/ImageIO.framework/Versions/A/Resources/libTIFF.dylib
0x000000000829b000 	/System/Library/Frameworks/ImageIO.framework/Versions/A/Resources/libPng.dylib
0x000000000829b000 	/System/Library/Frameworks/ImageIO.framework/Versions/A/Resources/libGIF.dylib
0x000000000829b000 	/System/Library/Frameworks/ImageIO.framework/Versions/A/Resources/libJP2.dylib
0x000000000829b000 	/System/Library/Frameworks/ImageIO.framework/Versions/A/Resources/libRadiance.dylib
0x000000000829b000 	/System/Library/Frameworks/CoreVideo.framework/Versions/A/CoreVideo
0x000000000829b000 	/System/Library/Frameworks/OpenGL.framework/Versions/A/Libraries/libGLU.dylib
0x000000000829b000 	/System/Library/Frameworks/OpenGL.framework/Versions/A/Libraries/libGFXShared.dylib
0x000000000829b000 	/System/Library/Frameworks/OpenGL.framework/Versions/A/Libraries/libGL.dylib
0x000000000829b000 	/System/Library/Frameworks/OpenGL.framework/Versions/A/Libraries/libGLImage.dylib
0x000000000829b000 	/System/Library/Frameworks/OpenGL.framework/Versions/A/Libraries/libCVMSPluginSupport.dylib
0x000000000829b000 	/System/Library/Frameworks/OpenGL.framework/Versions/A/Libraries/libCoreVMClient.dylib
0x000000000829b000 	/usr/lib/libcups.2.dylib
0x000000000829b000 	/System/Library/Frameworks/Kerberos.framework/Versions/A/Kerberos
0x000000000829b000 	/System/Library/Frameworks/GSS.framework/Versions/A/GSS
0x000000000829b000 	/usr/lib/libresolv.9.dylib
0x000000000829b000 	/usr/lib/libiconv.2.dylib
0x000000000829b000 	/System/Library/PrivateFrameworks/Heimdal.framework/Versions/A/Heimdal
0x000000000829b000 	/usr/lib/libheimdal-asn1.dylib
0x000000000829b000 	/System/Library/Frameworks/OpenDirectory.framework/Versions/A/OpenDirectory
0x000000000829b000 	/System/Library/PrivateFrameworks/CommonAuth.framework/Versions/A/CommonAuth
0x000000000829b000 	/System/Library/Frameworks/OpenDirectory.framework/Versions/A/Frameworks/CFOpenDirectory.framework/Versions/A/CFOpenDirectory
0x000000000829b000 	/System/Library/Frameworks/SecurityFoundation.framework/Versions/A/SecurityFoundation
0x000000000829b000 	/System/Library/PrivateFrameworks/LanguageModeling.framework/Versions/A/LanguageModeling
0x000000000829b000 	/usr/lib/libcmph.dylib
0x000000000829b000 	/System/Library/Frameworks/ServiceManagement.framework/Versions/A/ServiceManagement
0x000000000829b000 	/usr/lib/libxslt.1.dylib
0x000000000829b000 	/System/Library/Frameworks/Carbon.framework/Versions/A/Frameworks/Ink.framework/Versions/A/Ink
0x000000000829b000 	/System/Library/Frameworks/QuartzCore.framework/Versions/A/Frameworks/CoreImage.framework/Versions/A/CoreImage
0x000000000829b000 	/System/Library/PrivateFrameworks/CrashReporterSupport.framework/Versions/A/CrashReporterSupport
0x000000000829b000 	/System/Library/Frameworks/OpenCL.framework/Versions/A/OpenCL
0x000000000829b000 	/System/Library/PrivateFrameworks/FaceCore.framework/Versions/A/FaceCore
0x000000000829b000 	/System/Library/PrivateFrameworks/Ubiquity.framework/Versions/A/Ubiquity
0x000000000829b000 	/System/Library/PrivateFrameworks/IconServices.framework/Versions/A/IconServices
0x000000000829b000 	/System/Library/PrivateFrameworks/ChunkingLibrary.framework/Versions/A/ChunkingLibrary
0x000000000829b000 	/System/Library/PrivateFrameworks/Apple80211.framework/Versions/A/Apple80211
0x000000000829b000 	/System/Library/Frameworks/CoreWLAN.framework/Versions/A/CoreWLAN
0x000000000829b000 	/System/Library/Frameworks/IOBluetooth.framework/Versions/A/IOBluetooth
0x000000000829b000 	/System/Library/PrivateFrameworks/CoreWiFi.framework/Versions/A/CoreWiFi
0x000000000829b000 	/System/Library/Frameworks/CoreBluetooth.framework/Versions/A/CoreBluetooth
0x000000000829b000 	/System/Library/PrivateFrameworks/DebugSymbols.framework/Versions/A/DebugSymbols
0x000000000829b000 	/System/Library/PrivateFrameworks/CoreSymbolication.framework/Versions/A/CoreSymbolication
0x000000000829b000 	/System/Library/PrivateFrameworks/Symbolication.framework/Versions/A/Symbolication
0x000000000829b000 	/System/Library/PrivateFrameworks/SpeechRecognitionCore.framework/Versions/A/SpeechRecognitionCore
0x000000010ea00000 	/Library/Java/JavaVirtualMachines/jdk1.8.0_60.jdk/Contents/Home/jre/lib/server/libjvm.dylib
0x000000000829b000 	/usr/lib/libstdc++.6.dylib
0x000000010d964000 	/Library/Java/JavaVirtualMachines/jdk1.8.0_60.jdk/Contents/Home/jre/lib/libverify.dylib
0x000000010d972000 	/Library/Java/JavaVirtualMachines/jdk1.8.0_60.jdk/Contents/Home/jre/lib/libjava.dylib
0x000000010d9b1000 	/Library/Java/JavaVirtualMachines/jdk1.8.0_60.jdk/Contents/Home/jre/lib/libzip.dylib
0x000000010d9e3000 	/System/Library/Frameworks/JavaVM.framework/Frameworks/JavaRuntimeSupport.framework/JavaRuntimeSupport
0x000000012b63a000 	/System/Library/Frameworks/JavaVM.framework/Versions/A/Frameworks/JavaNativeFoundation.framework/Versions/A/JavaNativeFoundation
0x000000012b64e000 	/System/Library/Frameworks/JavaVM.framework/Versions/A/JavaVM
0x000000000829b000 	/System/Library/Frameworks/Carbon.framework/Versions/A/Carbon
0x000000012b65a000 	/System/Library/PrivateFrameworks/JavaLaunching.framework/Versions/A/JavaLaunching
0x000000000829b000 	/System/Library/Frameworks/Carbon.framework/Versions/A/Frameworks/CommonPanels.framework/Versions/A/CommonPanels
0x000000000829b000 	/System/Library/Frameworks/Carbon.framework/Versions/A/Frameworks/Help.framework/Versions/A/Help
0x000000000829b000 	/System/Library/Frameworks/Carbon.framework/Versions/A/Frameworks/ImageCapture.framework/Versions/A/ImageCapture
0x000000000829b000 	/System/Library/Frameworks/Carbon.framework/Versions/A/Frameworks/OpenScripting.framework/Versions/A/OpenScripting
0x000000000829b000 	/System/Library/Frameworks/Carbon.framework/Versions/A/Frameworks/Print.framework/Versions/A/Print
0x000000000829b000 	/System/Library/Frameworks/Carbon.framework/Versions/A/Frameworks/SecurityHI.framework/Versions/A/SecurityHI
0x000000012d652000 	/Library/Java/JavaVirtualMachines/jdk1.8.0_60.jdk/Contents/Home/jre/lib/libawt.dylib
0x000000012d6fa000 	/Library/Java/JavaVirtualMachines/jdk1.8.0_60.jdk/Contents/Home/jre/lib/./libmlib_image.dylib
0x000000012d7c6000 	/Library/Java/JavaVirtualMachines/jdk1.8.0_60.jdk/Contents/Home/jre/lib/libawt_lwawt.dylib
0x000000012d87b000 	/Library/Java/JavaVirtualMachines/jdk1.8.0_60.jdk/Contents/Home/jre/lib/./libosxapp.dylib
0x000000000829b000 	/System/Library/Frameworks/ExceptionHandling.framework/Versions/A/ExceptionHandling
0x000000000829b000 	/System/Library/PrivateFrameworks/CoreServicesInternal.framework/Versions/A/CoreServicesInternal
0x000000000829b000 	/System/Library/PrivateFrameworks/CloudDocs.framework/Versions/A/CloudDocs
0x000000000829b000 	/System/Library/PrivateFrameworks/CoreDuet.framework/Versions/A/CoreDuet
0x000000000829b000 	/System/Library/Frameworks/CloudKit.framework/Versions/A/CloudKit
0x000000000829b000 	/System/Library/PrivateFrameworks/ProtocolBuffer.framework/Versions/A/ProtocolBuffer
0x000000000829b000 	/System/Library/PrivateFrameworks/CoreDuetDaemonProtocol.framework/Versions/A/CoreDuetDaemonProtocol
0x000000000829b000 	/System/Library/PrivateFrameworks/CoreDuetDebugLogging.framework/Versions/A/CoreDuetDebugLogging
0x000000000829b000 	/System/Library/PrivateFrameworks/MMCS.framework/Versions/A/MMCS
0x000000000829b000 	/System/Library/Frameworks/CoreLocation.framework/Versions/A/CoreLocation
0x000000000829b000 	/System/Library/PrivateFrameworks/ProtectedCloudStorage.framework/Versions/A/ProtectedCloudStorage
0x000000000829b000 	/System/Library/PrivateFrameworks/GeoServices.framework/Versions/A/GeoServices
0x000000000829b000 	/System/Library/Frameworks/CoreGraphics.framework/Versions/A/Resources/libCGCMS.A.dylib
0x000000000829b000 	/System/Library/Frameworks/CoreGraphics.framework/Versions/A/Resources/libRIP.A.dylib
0x000000000829b000 	/System/Library/Frameworks/CoreGraphics.framework/Versions/A/Resources/libCGXType.A.dylib
0x000000000829b000 	/System/Library/Frameworks/OpenCL.framework/Versions/A/Libraries/libcldcpuengine.dylib
0x000000000829b000 	/System/Library/PrivateFrameworks/DiskImages.framework/Versions/A/DiskImages
0x000000000829b000 	/System/Library/Frameworks/DiscRecording.framework/Versions/A/DiscRecording
0x000000000829b000 	/usr/lib/libcsfde.dylib
0x000000000829b000 	/usr/lib/libcurl.4.dylib
0x000000000829b000 	/System/Library/PrivateFrameworks/MediaKit.framework/Versions/A/MediaKit
0x000000000829b000 	/usr/lib/libCoreStorage.dylib
0x000000000829b000 	/System/Library/PrivateFrameworks/EFILogin.framework/Versions/A/EFILogin
0x000000000829b000 	/usr/lib/libutil.dylib
0x000000000829b000 	/System/Library/PrivateFrameworks/FindMyDevice.framework/Versions/A/FindMyDevice
0x000000000829b000 	/System/Library/Frameworks/LDAP.framework/Versions/A/LDAP
0x000000000829b000 	/usr/lib/libsasl2.2.dylib
0x000000000829b000 	/System/Library/PrivateFrameworks/CoreDaemon.framework/Versions/B/CoreDaemon
0x000000000829b000 	/usr/lib/libcrypto.0.9.8.dylib
0x000000000829b000 	/System/Library/PrivateFrameworks/AppleSRP.framework/Versions/A/AppleSRP
0x000000000829b000 	/System/Library/PrivateFrameworks/TrustEvaluationAgent.framework/Versions/A/TrustEvaluationAgent
0x0000000130968000 	cl_kernels
0x000000013096a000 	/System/Library/Frameworks/OpenCL.framework/Versions/A/Libraries/ImageFormats/unorm8_bgra.dylib
0x000000013095a000 	cl_kernels
0x000000000829b000 	/System/Library/PrivateFrameworks/FamilyControls.framework/Versions/A/FamilyControls
0x000000000829b000 	/System/Library/PrivateFrameworks/CommerceKit.framework/Versions/A/Frameworks/CommerceCore.framework/Versions/A/CommerceCore
0x000000000829b000 	/System/Library/PrivateFrameworks/SystemAdministration.framework/Versions/A/SystemAdministration
0x000000000829b000 	/System/Library/PrivateFrameworks/AppContainer.framework/Versions/A/AppContainer
0x000000000829b000 	/System/Library/PrivateFrameworks/SecCodeWrapper.framework/Versions/A/SecCodeWrapper
0x000000000829b000 	/System/Library/Frameworks/DirectoryService.framework/Versions/A/DirectoryService
0x000000000829b000 	/System/Library/PrivateFrameworks/LoginUIKit.framework/Versions/A/Frameworks/LoginUICore.framework/Versions/A/LoginUICore
0x000000000829b000 	/usr/lib/libodfde.dylib
0x000000000829b000 	/System/Library/Frameworks/OpenGL.framework/Versions/A/Resources/GLEngine.bundle/GLEngine
0x000000000829b000 	/System/Library/Frameworks/OpenGL.framework/Versions/A/Libraries/libGLProgrammability.dylib
0x0000000131fbe000 	/System/Library/Extensions/AppleIntelHD5000GraphicsGLDriver.bundle/Contents/MacOS/AppleIntelHD5000GraphicsGLDriver
0x000000000829b000 	/System/Library/PrivateFrameworks/IOAccelerator.framework/Versions/A/IOAccelerator
0x000000000829b000 	/System/Library/PrivateFrameworks/GPUSupport.framework/Versions/A/Libraries/libGPUSupportMercury.dylib
0x000000000829b000 	/System/Library/Frameworks/OpenGL.framework/Versions/A/Resources/GLRendererFloat.bundle/GLRendererFloat
0x0000000133044000 	/Library/Java/JavaVirtualMachines/jdk1.8.0_60.jdk/Contents/Home/jre/lib/libfontmanager.dylib
0x000000013439f000 	/Library/Java/JavaVirtualMachines/jdk1.8.0_60.jdk/Contents/Home/jre/lib/libosxui.dylib
0x000000013462d000 	/Library/Java/JavaVirtualMachines/jdk1.8.0_60.jdk/Contents/Home/jre/lib/libnet.dylib
0x00000001343de000 	/Library/Java/JavaVirtualMachines/jdk1.8.0_60.jdk/Contents/Home/jre/lib/libnio.dylib
0x000000000829b000 	/System/Library/Frameworks/ApplicationServices.framework/Versions/A/Frameworks/ATS.framework/Versions/A/Resources/libTrueTypeScaler.dylib
0x000000017fd3a000 	/private/var/folders/b5/zysj4pxj6576yq718hwysrg80000gn/T/jogamp_0000/file_cache/jln733736003733963835/jln5654138996240476465/libgluegen-rt.jnilib
0x000000017fd3f000 	/private/var/folders/b5/zysj4pxj6576yq718hwysrg80000gn/T/jogamp_0000/file_cache/jln733736003733963835/jln5654138996240476465/libnativewindow_awt.jnilib
0x000000017fd42000 	/Library/Java/JavaVirtualMachines/jdk1.8.0_60.jdk/Contents/Home/jre/lib/libjawt.dylib
0x000000017fd45000 	/private/var/folders/b5/zysj4pxj6576yq718hwysrg80000gn/T/jogamp_0000/file_cache/jln733736003733963835/jln5654138996240476465/libnativewindow_macosx.jnilib
0x0000000184340000 	/private/var/folders/b5/zysj4pxj6576yq718hwysrg80000gn/T/jogamp_0000/file_cache/jln733736003733963835/jln5654138996240476465/libjogl_desktop.jnilib

VM Arguments:
jvm_args: -Djava.security.policy=java.policy.applet -Dfile.encoding=UTF-8 
java_command: sun.applet.AppletViewer com.mauriciotl.week02.EarthquakeCityMap1493004204241.html
java_class_path (initial): /Users/mauriciotl/MauricioFiles/Eclipse_II/CourseraProjects/UCSDUnfoldingMaps/build:/Users/mauriciotl/MauricioFiles/Eclipse_II/CourseraProjects/UCSDUnfoldingMaps/lib/core.jar:/Users/mauriciotl/MauricioFiles/Eclipse_II/CourseraProjects/UCSDUnfoldingMaps/lib/gluegen-rt.jar:/Users/mauriciotl/MauricioFiles/Eclipse_II/CourseraProjects/UCSDUnfoldingMaps/lib/jogl-all.jar:/Users/mauriciotl/MauricioFiles/Eclipse_II/CourseraProjects/UCSDUnfoldingMaps/lib/log4j-1.2.15.jar:/Users/mauriciotl/MauricioFiles/Eclipse_II/CourseraProjects/UCSDUnfoldingMaps/lib/sqlite-jdbc-3.7.2.jar:/Users/mauriciotl/MauricioFiles/Eclipse_II/CourseraProjects/UCSDUnfoldingMaps/lib/json4processing.jar:/Users/mauriciotl/MauricioFiles/Eclipse_II/CourseraProjects/UCSDUnfoldingMaps/lib/libTUIO.jar:/Users/mauriciotl/MauricioFiles/Eclipse_II/CourseraProjects/UCSDUnfoldingMaps/lib/unfolding.0.9.7-uscd.jar
Launcher Type: SUN_STANDARD

Environment Variables:
PATH=/usr/bin:/bin:/usr/sbin:/sbin
SHELL=/bin/bash

Signal Handlers:
SIGSEGV: [libjvm.dylib+0x5a6d31], sa_mask[0]=11111111011111110111111111111111, sa_flags=SA_ONSTACK|SA_RESTART|SA_SIGINFO
SIGBUS: [libjvm.dylib+0x5a6d31], sa_mask[0]=11111111011111110111111111111111, sa_flags=SA_RESTART|SA_SIGINFO
SIGFPE: [libjvm.dylib+0x480a4c], sa_mask[0]=11111111011111110111111111111111, sa_flags=SA_RESTART|SA_SIGINFO
SIGPIPE: [libjvm.dylib+0x480a4c], sa_mask[0]=11111111011111110111111111111111, sa_flags=SA_RESTART|SA_SIGINFO
SIGXFSZ: [libjvm.dylib+0x480a4c], sa_mask[0]=11111111011111110111111111111111, sa_flags=SA_RESTART|SA_SIGINFO
SIGILL: [libjvm.dylib+0x480a4c], sa_mask[0]=11111111011111110111111111111111, sa_flags=SA_RESTART|SA_SIGINFO
SIGUSR1: SIG_DFL, sa_mask[0]=00000000000000000000000000000000, sa_flags=none
SIGUSR2: [libjvm.dylib+0x48056a], sa_mask[0]=00100000000000000000000000000000, sa_flags=SA_RESTART|SA_SIGINFO
SIGHUP: [libjvm.dylib+0x47eb41], sa_mask[0]=11111111011111110111111111111111, sa_flags=SA_RESTART|SA_SIGINFO
SIGINT: [libjvm.dylib+0x47eb41], sa_mask[0]=11111111011111110111111111111111, sa_flags=SA_RESTART|SA_SIGINFO
SIGTERM: [libjvm.dylib+0x47eb41], sa_mask[0]=11111111011111110111111111111111, sa_flags=SA_RESTART|SA_SIGINFO
SIGQUIT: [libjvm.dylib+0x47eb41], sa_mask[0]=11111111011111110111111111111111, sa_flags=SA_RESTART|SA_SIGINFO


---------------  S Y S T E M  ---------------

OS:Bsduname:Darwin 14.5.0 Darwin Kernel Version 14.5.0: Fri Feb 17 10:33:20 PST 2017; root:xnu-2782.50.9.1.1~1/RELEASE_X86_64 x86_64
rlimit: STACK 8192k, CORE 0k, NPROC 709, NOFILE 10240, AS infinity
load average:1.51 1.45 1.35

CPU:total 8 (4 cores per cpu, 2 threads per core) family 6 model 70 stepping 1, cmov, cx8, fxsr, mmx, sse, sse2, sse3, ssse3, sse4.1, sse4.2, popcnt, avx, avx2, aes, clmul, erms, lzcnt, ht, tsc, tscinvbit, bmi1, bmi2

Memory: 4k page, physical 16777216k(303932k free)

/proc/meminfo:


vm_info: Java HotSpot(TM) 64-Bit Server VM (25.60-b23) for bsd-amd64 JRE (1.8.0_60-b27), built on Aug  4 2015 10:47:24 by "java_re" with gcc 4.2.1 (Based on Apple Inc. build 5658) (LLVM build 2336.11.00)

time: Sun Apr 23 22:25:34 2017
elapsed time: 129 seconds (0d 0h 2m 9s)

