#
# A fatal error has been detected by the Java Runtime Environment:
#
#  SIGILL (0x4) at pc=0x00007fff8c3252ea, pid=8397, tid=1811
#
# JRE version: Java(TM) SE Runtime Environment (8.0_60-b27) (build 1.8.0_60-b27)
# Java VM: Java HotSpot(TM) 64-Bit Server VM (25.60-b23 mixed mode bsd-amd64 compressed oops)
# Problematic frame:
# C  [libobjc.A.dylib+0x122ea]  _ZL10_objc_trapv+0x0
#
# Failed to write core dump. Core dumps have been disabled. To enable core dumping, try "ulimit -c unlimited" before starting Java again
#
# If you would like to submit a bug report, please visit:
#   http://bugreport.java.com/bugreport/crash.jsp
# The crash happened outside the Java Virtual Machine in native code.
# See problematic frame for where to report the bug.
#

---------------  T H R E A D  ---------------

Current thread (0x00007ff1238ad000):  JavaThread "AWT-AppKit" daemon [_thread_in_native, id=1811, stack(0x00007fff51541000,0x00007fff51d41000)]

siginfo: si_signo: 4 (SIGILL), si_code: 1 (ILL_ILLOPC), si_addr: 0x00007fff8c3252ea

Registers:
RAX=0x0000000000000000, RBX=0x00007fff797c3040, RCX=0x0000000000000000, RDX=0x00007fff78c051e0
RSP=0x00007fff51d3c378, RBP=0x00007fff51d3c460, RSI=0x0000060000000600, RDI=0x0000050000000603
R8 =0x00007fff51d3c320, R9 =0x00007ff127300000, R10=0x00000000000001e0, R11=0x00007ff127300000
R12=0x0000000000000020, R13=0x0000000183f59ef8, R14=0x00007fff948f440f, R15=0x00007fff8c336de7
RIP=0x00007fff8c3252ea, EFLAGS=0x0000000000010206, ERR=0x0000000000000000
  TRAPNO=0x0000000000000006

Top of Stack: (sp=0x00007fff51d3c378)
0x00007fff51d3c378:   00007fff8c32542a 00000000000fec30
0x00007fff51d3c388:   000000010dedee00 00000000000fec10
0x00007fff51d3c398:   00000000002f4180 0000000000000008
0x00007fff51d3c3a8:   00007ff128a00000 00007fff51d3c600
0x00007fff51d3c3b8:   000000010f2e535f 00007fff51d3c3e0
0x00007fff51d3c3c8:   00007fff9661c8d8 00007fff967b80f9
0x00007fff51d3c3d8:   00007fff958b6cce 0000000000000000
0x00007fff51d3c3e8:   0000000000000000 00007fff90d60dc5
0x00007fff51d3c3f8:   0000000000000004 00007fff51d3c420
0x00007fff51d3c408:   00007fff966ae6c3 0000000000000003
0x00007fff51d3c418:   00007fff7a0c3640 00007ff128a002d0
0x00007fff51d3c428:   00007ff128a00250 00007ff128a002d0
0x00007fff51d3c438:   00007ff128a00250 0000003000000008
0x00007fff51d3c448:   00007fff51d3c470 00007fff51d3c380
0x00007fff51d3c458:   00007fff797c3040 00007fff51d3c4b0
0x00007fff51d3c468:   00007fff8c3243be 00007fff90d60dc5
0x00007fff51d3c478:   00007fff00000015 00007fff00000000
0x00007fff51d3c488:   00007fff9661c6b6 00000001806a5450
0x00007fff51d3c498:   0000000000000000 00000001806a5440
0x00007fff51d3c4a8:   00007ff1238ad000 00007fff51d3c4c0
0x00007fff51d3c4b8:   00007fff8c3242dd 00007fff51d3c580
0x00007fff51d3c4c8:   00000001806a3157 00007fff51d3c520
0x00007fff51d3c4d8:   0000000000000003 00007fff51d3c500
0x00007fff51d3c4e8:   000000010f1f1992 0000000183f59ef8
0x00007fff51d3c4f8:   0000000183f59ef8 00007ff1273da8a0
0x00007fff51d3c508:   00000001806a56a0 00000001806a5710
0x00007fff51d3c518:   00007fff797a9550 00007fff7a530c80
0x00007fff51d3c528:   00000001806a5450 00000001806a5690
0x00007fff51d3c538:   00007ff1273da8a0 00007ff1274b05d0
0x00007fff51d3c548:   00007ff12283c7a0 00007ff1273da8a0
0x00007fff51d3c558:   00007ff1274b05d0 00007fff51d3c608
0x00007fff51d3c568:   00007ff1238ad1f8 0000000183f59ef8 

Instructions: (pc=0x00007fff8c3252ea)
0x00007fff8c3252ca:   c0 44 89 f2 e8 1f 08 01 00 48 8b 7d e0 e8 30 cc
0x00007fff8c3252da:   ff ff 48 8b 7d e0 e8 d3 15 ff ff e8 00 00 00 00
0x00007fff8c3252ea:   0f 0b 55 48 89 e5 48 81 ec d0 00 00 00 84 c0 74
0x00007fff8c3252fa:   26 0f 29 85 60 ff ff ff 0f 29 8d 70 ff ff ff 0f 

Register to memory mapping:

RAX=0x0000000000000000 is an unknown value
RBX=0x00007fff797c3040: __block_literal_global43+0xeb80 in /System/Library/Frameworks/CoreFoundation.framework/Versions/A/CoreFoundation at 0x00007fff909f5000
RCX=0x0000000000000000 is an unknown value
RDX=0x00007fff78c051e0: _ZZL14_objc_crashlogPKcE13crashlog_lock+0x20 in /usr/lib/libobjc.A.dylib at 0x00007fff8c313000
RSP=0x00007fff51d3c378 is pointing into the stack for thread: 0x00007ff1238ad000
RBP=0x00007fff51d3c460 is pointing into the stack for thread: 0x00007ff1238ad000
RSI=0x0000060000000600 is an unknown value
RDI=0x0000050000000603 is an unknown value
R8 =0x00007fff51d3c320 is pointing into the stack for thread: 0x00007ff1238ad000
R9 =0x00007ff127300000 is an unknown value
R10=0x00000000000001e0 is an unknown value
R11=0x00007ff127300000 is an unknown value
R12=0x0000000000000020 is an unknown value
R13={method} {0x0000000183f59ef8} 'UnsetJAWTRootSurfaceLayer0' '(JJ)V' in 'jogamp/nativewindow/jawt/macosx/MacOSXJAWTWindow'
R14=0x00007fff948f440f is an unknown value
R15=0x00007fff8c336de7: _ZNK8objc_opt13objc_clsopt_t20getClassesAndHeadersEPKcPPvS4_+0x159d in /usr/lib/libobjc.A.dylib at 0x00007fff8c313000


Stack: [0x00007fff51541000,0x00007fff51d41000],  sp=0x00007fff51d3c378,  free space=8172k
Native frames: (J=compiled Java code, j=interpreted, Vv=VM code, C=native code)
C  [libobjc.A.dylib+0x122ea]  _ZL10_objc_trapv+0x0
C  [libobjc.A.dylib+0x113be]  cache_getImp_corrupt_cache_error+0x0
C  [libobjc.A.dylib+0x112dd]  objc_msgSend_corrupt_cache_error+0x9
C  [libnativewindow_macosx.jnilib+0x5157]  Java_jogamp_nativewindow_jawt_macosx_MacOSXJAWTWindow_UnsetJAWTRootSurfaceLayer0+0xe7
j  jogamp.nativewindow.jawt.macosx.MacOSXJAWTWindow.UnsetJAWTRootSurfaceLayer0(JJ)V+0
j  jogamp.nativewindow.jawt.macosx.MacOSXJAWTWindow.access$200(JJ)V+2
j  jogamp.nativewindow.jawt.macosx.MacOSXJAWTWindow$1.run()V+38
j  com.jogamp.common.util.RunnableTask.run()V+24
v  ~StubRoutines::call_stub
V  [libjvm.dylib+0x2eab0e]
V  [libjvm.dylib+0x321bb7]
V  [libjvm.dylib+0x31438b]
C  [libnativewindow_macosx.jnilib+0x5326]  Java_jogamp_nativewindow_jawt_macosx_MacOSXJAWTWindow_UnsetJAWTRootSurfaceLayer0+0x2b6
C  [Foundation+0x92dd0]  __NSThreadPerformPerform+0x125
C  [CoreFoundation+0x80a01]  __CFRUNLOOP_IS_CALLING_OUT_TO_A_SOURCE0_PERFORM_FUNCTION__+0x11
C  [CoreFoundation+0x72b8d]  __CFRunLoopDoSources0+0x10d
C  [CoreFoundation+0x721bf]  __CFRunLoopRun+0x39f
C  [CoreFoundation+0x71bd8]  CFRunLoopRunSpecific+0x128
C  [HIToolbox+0x3256f]  RunCurrentEventLoopInMode+0xeb
C  [HIToolbox+0x321ee]  ReceiveNextEventCommon+0xb3
C  [HIToolbox+0x3212b]  _BlockUntilNextEventMatchingListInModeWithFilter+0x47
C  [AppKit+0x918ab]  _DPSNextEvent+0x3d2
C  [AppKit+0x90e58]  -[NSApplication nextEventMatchingMask:untilDate:inMode:dequeue:]+0x15a
C  [libosxapp.dylib+0x23aa]  -[NSApplicationAWT nextEventMatchingMask:untilDate:inMode:dequeue:]+0x7c
C  [AppKit+0x86af3]  -[NSApplication run]+0x252
C  [libosxapp.dylib+0x214d]  +[NSApplicationAWT runAWTLoopWithApp:]+0x9c
C  [libawt_lwawt.dylib+0x44517]  -[AWTStarter starter:]+0x389
C  [Foundation+0x92dd0]  __NSThreadPerformPerform+0x125
C  [CoreFoundation+0x80a01]  __CFRUNLOOP_IS_CALLING_OUT_TO_A_SOURCE0_PERFORM_FUNCTION__+0x11
C  [CoreFoundation+0x72b8d]  __CFRunLoopDoSources0+0x10d
C  [CoreFoundation+0x721bf]  __CFRunLoopRun+0x39f
C  [CoreFoundation+0x71bd8]  CFRunLoopRunSpecific+0x128
C  [java+0x6463]  CreateExecutionEnvironment+0x367
C  [java+0x21ac]  JLI_Launch+0x7a0
C  [java+0x84c0]  main+0x65
C  [java+0x1a04]  start+0x34
C  0x0000000000000007

Java frames: (J=compiled Java code, j=interpreted, Vv=VM code)
j  jogamp.nativewindow.jawt.macosx.MacOSXJAWTWindow.UnsetJAWTRootSurfaceLayer0(JJ)V+0
j  jogamp.nativewindow.jawt.macosx.MacOSXJAWTWindow.access$200(JJ)V+2
j  jogamp.nativewindow.jawt.macosx.MacOSXJAWTWindow$1.run()V+38
j  com.jogamp.common.util.RunnableTask.run()V+24
v  ~StubRoutines::call_stub

---------------  P R O C E S S  ---------------

Java Threads: ( => current thread )
  0x00007ff121a6f800 JavaThread "Thread-53" [_thread_blocked, id=37923, stack(0x000000018a88f000,0x000000018a98f000)]
  0x00007ff12357a800 JavaThread "Image Fetcher 1" daemon [_thread_blocked, id=66399, stack(0x000000018ad6d000,0x000000018ae6d000)]
  0x00007ff121803000 JavaThread "Image Fetcher 0" daemon [_thread_blocked, id=36363, stack(0x000000018ac6a000,0x000000018ad6a000)]
  0x00007ff1255bc000 JavaThread "Keep-Alive-Timer" daemon [_thread_blocked, id=66879, stack(0x000000018aa64000,0x000000018ab64000)]
  0x00007ff123a59800 JavaThread "AWT-EventQueue-1" [_thread_in_native, id=60707, stack(0x0000000180bba000,0x0000000180cba000)]
  0x00007ff1232fd800 JavaThread "DestroyJavaVM" [_thread_blocked, id=4867, stack(0x000000010ff8a000,0x000000011008a000)]
  0x00007ff12321e000 JavaThread "AWT-EventQueue-0" [_thread_blocked, id=58115, stack(0x00000001348dd000,0x00000001349dd000)]
  0x00007ff121927000 JavaThread "Java2D Disposer" daemon [_thread_blocked, id=54811, stack(0x00000001335b3000,0x00000001336b3000)]
  0x00007ff1231b1000 JavaThread "Java2D Queue Flusher" daemon [_thread_blocked, id=53767, stack(0x000000013252d000,0x000000013262d000)]
  0x00007ff1238ad800 JavaThread "AWT-Shutdown" [_thread_blocked, id=30483, stack(0x000000012f48e000,0x000000012f58e000)]
=>0x00007ff1238ad000 JavaThread "AWT-AppKit" daemon [_thread_in_native, id=1811, stack(0x00007fff51541000,0x00007fff51d41000)]
  0x00007ff121818000 JavaThread "Service Thread" daemon [_thread_blocked, id=20739, stack(0x000000012dac0000,0x000000012dbc0000)]
  0x00007ff12500a000 JavaThread "C1 CompilerThread3" daemon [_thread_blocked, id=20227, stack(0x000000012d9bd000,0x000000012dabd000)]
  0x00007ff125001000 JavaThread "C2 CompilerThread2" daemon [_thread_blocked, id=19715, stack(0x000000012d8ba000,0x000000012d9ba000)]
  0x00007ff121817000 JavaThread "C2 CompilerThread1" daemon [_thread_blocked, id=19203, stack(0x000000012d7b7000,0x000000012d8b7000)]
  0x00007ff123822000 JavaThread "C2 CompilerThread0" daemon [_thread_blocked, id=18691, stack(0x000000012d6b4000,0x000000012d7b4000)]
  0x00007ff123821000 JavaThread "Signal Dispatcher" daemon [_thread_blocked, id=14615, stack(0x000000012d5b1000,0x000000012d6b1000)]
  0x00007ff121813000 JavaThread "Finalizer" daemon [_thread_blocked, id=13571, stack(0x000000012bb95000,0x000000012bc95000)]
  0x00007ff124802000 JavaThread "Reference Handler" daemon [_thread_blocked, id=13059, stack(0x000000012ba92000,0x000000012bb92000)]

Other Threads:
  0x00007ff123055800 VMThread [stack: 0x000000012b98f000,0x000000012ba8f000] [id=12547]
  0x00007ff125000800 WatcherThread [stack: 0x000000012dbc3000,0x000000012dcc3000] [id=21251]

VM state:not at safepoint (normal execution)

VM Mutex/Monitor currently owned by a thread: None

Heap:
 PSYoungGen      total 46592K, used 29363K [0x000000076ab00000, 0x000000076e080000, 0x00000007c0000000)
  eden space 40448K, 58% used [0x000000076ab00000,0x000000076c248ae8,0x000000076d280000)
  from space 6144K, 89% used [0x000000076d300000,0x000000076d864170,0x000000076d900000)
  to   space 7168K, 0% used [0x000000076d980000,0x000000076d980000,0x000000076e080000)
 ParOldGen       total 175104K, used 16455K [0x00000006c0000000, 0x00000006cab00000, 0x000000076ab00000)
  object space 175104K, 9% used [0x00000006c0000000,0x00000006c1011f98,0x00000006cab00000)
 Metaspace       used 19367K, capacity 19643K, committed 19968K, reserved 1067008K
  class space    used 1884K, capacity 1982K, committed 2048K, reserved 1048576K

Card table byte_map: [0x000000011f481000,0x000000011fc82000] byte_map_base: 0x000000011be81000

Marking Bits: (ParMarkBitMap*) 0x000000010f8dee20
 Begin Bits: [0x00000001209f0000, 0x00000001249f0000)
 End Bits:   [0x00000001249f0000, 0x00000001289f0000)

Polling page: 0x000000010dfe3000

CodeCache: size=245760Kb used=7517Kb max_used=8305Kb free=238242Kb
 bounds [0x00000001100c1000, 0x00000001108f1000, 0x000000011f0c1000]
 total_blobs=2960 nmethods=2082 adapters=791
 compilation: enabled

Compilation events (10 events):
Event: 691.662 Thread 0x00007ff125001000 nmethod 2519 0x0000000110227910 code [0x0000000110227a60, 0x0000000110227ab8]
Event: 691.662 Thread 0x00007ff121817000 2522       4       java.awt.EventQueue::coalesceEvent (86 bytes)
Event: 691.662 Thread 0x00007ff125001000 2523       4       sun.awt.image.PixelConverter$ArgbPre::rgbToPixel (100 bytes)
Event: 691.663 Thread 0x00007ff125001000 nmethod 2523 0x000000011054a390 code [0x000000011054a4e0, 0x000000011054a558]
Event: 691.663 Thread 0x00007ff123822000 nmethod 2521 0x00000001106f8a10 code [0x00000001106f8b60, 0x00000001106f8c38]
Event: 691.666 Thread 0x00007ff121817000 nmethod 2522 0x00000001107d9d50 code [0x00000001107d9f00, 0x00000001107da288]
Event: 691.690 Thread 0x00007ff123822000 2524       4       java.util.HashMap::remove (26 bytes)
Event: 691.698 Thread 0x00007ff123822000 nmethod 2524 0x000000011069a390 code [0x000000011069a520, 0x000000011069a958]
Event: 691.700 Thread 0x00007ff12500a000 2525       3       sun.misc.JarIndex::get (49 bytes)
Event: 691.700 Thread 0x00007ff12500a000 nmethod 2525 0x0000000110708410 code [0x00000001107085e0, 0x0000000110708e58]

GC Heap History (10 events):
Event: 622.678 GC heap before
{Heap before GC invocations=31 (full 0):
 PSYoungGen      total 49664K, used 43168K [0x000000076ab00000, 0x000000076e400000, 0x00000007c0000000)
  eden space 43008K, 100% used [0x000000076ab00000,0x000000076d500000,0x000000076d500000)
  from space 6656K, 2% used [0x000000076dd80000,0x000000076dda8000,0x000000076e400000)
  to   space 7680K, 0% used [0x000000076d500000,0x000000076d500000,0x000000076dc80000)
 ParOldGen       total 175104K, used 16367K [0x00000006c0000000, 0x00000006cab00000, 0x000000076ab00000)
  object space 175104K, 9% used [0x00000006c0000000,0x00000006c0ffbf98,0x00000006cab00000)
 Metaspace       used 19222K, capacity 19419K, committed 19712K, reserved 1067008K
  class space    used 1875K, capacity 1950K, committed 2048K, reserved 1048576K
Event: 622.680 GC heap after
Heap after GC invocations=31 (full 0):
 PSYoungGen      total 43008K, used 192K [0x000000076ab00000, 0x000000076e280000, 0x00000007c0000000)
  eden space 42496K, 0% used [0x000000076ab00000,0x000000076ab00000,0x000000076d480000)
  from space 512K, 37% used [0x000000076d500000,0x000000076d530000,0x000000076d580000)
  to   space 7168K, 0% used [0x000000076db80000,0x000000076db80000,0x000000076e280000)
 ParOldGen       total 175104K, used 16367K [0x00000006c0000000, 0x00000006cab00000, 0x000000076ab00000)
  object space 175104K, 9% used [0x00000006c0000000,0x00000006c0ffbf98,0x00000006cab00000)
 Metaspace       used 19222K, capacity 19419K, committed 19712K, reserved 1067008K
  class space    used 1875K, capacity 1950K, committed 2048K, reserved 1048576K
}
Event: 639.016 GC heap before
{Heap before GC invocations=32 (full 0):
 PSYoungGen      total 43008K, used 42688K [0x000000076ab00000, 0x000000076e280000, 0x00000007c0000000)
  eden space 42496K, 100% used [0x000000076ab00000,0x000000076d480000,0x000000076d480000)
  from space 512K, 37% used [0x000000076d500000,0x000000076d530000,0x000000076d580000)
  to   space 7168K, 0% used [0x000000076db80000,0x000000076db80000,0x000000076e280000)
 ParOldGen       total 175104K, used 16367K [0x00000006c0000000, 0x00000006cab00000, 0x000000076ab00000)
  object space 175104K, 9% used [0x00000006c0000000,0x00000006c0ffbf98,0x00000006cab00000)
 Metaspace       used 19222K, capacity 19419K, committed 19712K, reserved 1067008K
  class space    used 1875K, capacity 1950K, committed 2048K, reserved 1048576K
Event: 639.017 GC heap after
Heap after GC invocations=32 (full 0):
 PSYoungGen      total 47616K, used 128K [0x000000076ab00000, 0x000000076e100000, 0x00000007c0000000)
  eden space 41984K, 0% used [0x000000076ab00000,0x000000076ab00000,0x000000076d400000)
  from space 5632K, 2% used [0x000000076db80000,0x000000076dba0000,0x000000076e100000)
  to   space 6656K, 0% used [0x000000076d400000,0x000000076d400000,0x000000076da80000)
 ParOldGen       total 175104K, used 16391K [0x00000006c0000000, 0x00000006cab00000, 0x000000076ab00000)
  object space 175104K, 9% used [0x00000006c0000000,0x00000006c1001f98,0x00000006cab00000)
 Metaspace       used 19222K, capacity 19419K, committed 19712K, reserved 1067008K
  class space    used 1875K, capacity 1950K, committed 2048K, reserved 1048576K
}
Event: 658.519 GC heap before
{Heap before GC invocations=33 (full 0):
 PSYoungGen      total 47616K, used 42112K [0x000000076ab00000, 0x000000076e100000, 0x00000007c0000000)
  eden space 41984K, 100% used [0x000000076ab00000,0x000000076d400000,0x000000076d400000)
  from space 5632K, 2% used [0x000000076db80000,0x000000076dba0000,0x000000076e100000)
  to   space 6656K, 0% used [0x000000076d400000,0x000000076d400000,0x000000076da80000)
 ParOldGen       total 175104K, used 16391K [0x00000006c0000000, 0x00000006cab00000, 0x000000076ab00000)
  object space 175104K, 9% used [0x00000006c0000000,0x00000006c1001f98,0x00000006cab00000)
 Metaspace       used 19222K, capacity 19419K, committed 19712K, reserved 1067008K
  class space    used 1875K, capacity 1950K, committed 2048K, reserved 1048576K
Event: 658.522 GC heap after
Heap after GC invocations=33 (full 0):
 PSYoungGen      total 41984K, used 224K [0x000000076ab00000, 0x000000076df80000, 0x00000007c0000000)
  eden space 41472K, 0% used [0x000000076ab00000,0x000000076ab00000,0x000000076d380000)
  from space 512K, 43% used [0x000000076d400000,0x000000076d438000,0x000000076d480000)
  to   space 6144K, 0% used [0x000000076d980000,0x000000076d980000,0x000000076df80000)
 ParOldGen       total 175104K, used 16391K [0x00000006c0000000, 0x00000006cab00000, 0x000000076ab00000)
  object space 175104K, 9% used [0x00000006c0000000,0x00000006c1001f98,0x00000006cab00000)
 Metaspace       used 19222K, capacity 19419K, committed 19712K, reserved 1067008K
  class space    used 1875K, capacity 1950K, committed 2048K, reserved 1048576K
}
Event: 674.340 GC heap before
{Heap before GC invocations=34 (full 0):
 PSYoungGen      total 41984K, used 41696K [0x000000076ab00000, 0x000000076df80000, 0x00000007c0000000)
  eden space 41472K, 100% used [0x000000076ab00000,0x000000076d380000,0x000000076d380000)
  from space 512K, 43% used [0x000000076d400000,0x000000076d438000,0x000000076d480000)
  to   space 6144K, 0% used [0x000000076d980000,0x000000076d980000,0x000000076df80000)
 ParOldGen       total 175104K, used 16391K [0x00000006c0000000, 0x00000006cab00000, 0x000000076ab00000)
  object space 175104K, 9% used [0x00000006c0000000,0x00000006c1001f98,0x00000006cab00000)
 Metaspace       used 19290K, capacity 19483K, committed 19712K, reserved 1067008K
  class space    used 1876K, capacity 1950K, committed 2048K, reserved 1048576K
Event: 674.342 GC heap after
Heap after GC invocations=34 (full 0):
 PSYoungGen      total 46592K, used 192K [0x000000076ab00000, 0x000000076df00000, 0x00000007c0000000)
  eden space 40960K, 0% used [0x000000076ab00000,0x000000076ab00000,0x000000076d300000)
  from space 5632K, 3% used [0x000000076d980000,0x000000076d9b0000,0x000000076df00000)
  to   space 6144K, 0% used [0x000000076d300000,0x000000076d300000,0x000000076d900000)
 ParOldGen       total 175104K, used 16415K [0x00000006c0000000, 0x00000006cab00000, 0x000000076ab00000)
  object space 175104K, 9% used [0x00000006c0000000,0x00000006c1007f98,0x00000006cab00000)
 Metaspace       used 19290K, capacity 19483K, committed 19712K, reserved 1067008K
  class space    used 1876K, capacity 1950K, committed 2048K, reserved 1048576K
}
Event: 679.473 GC heap before
{Heap before GC invocations=35 (full 0):
 PSYoungGen      total 46592K, used 41152K [0x000000076ab00000, 0x000000076df00000, 0x00000007c0000000)
  eden space 40960K, 100% used [0x000000076ab00000,0x000000076d300000,0x000000076d300000)
  from space 5632K, 3% used [0x000000076d980000,0x000000076d9b0000,0x000000076df00000)
  to   space 6144K, 0% used [0x000000076d300000,0x000000076d300000,0x000000076d900000)
 ParOldGen       total 175104K, used 16415K [0x00000006c0000000, 0x00000006cab00000, 0x000000076ab00000)
  object space 175104K, 9% used [0x00000006c0000000,0x00000006c1007f98,0x00000006cab00000)
 Metaspace       used 19317K, capacity 19483K, committed 19712K, reserved 1067008K
  class space    used 1876K, capacity 1950K, committed 2048K, reserved 1048576K
Event: 679.477 GC heap after
Heap after GC invocations=35 (full 0):
 PSYoungGen      total 46592K, used 5520K [0x000000076ab00000, 0x000000076e080000, 0x00000007c0000000)
  eden space 40448K, 0% used [0x000000076ab00000,0x000000076ab00000,0x000000076d280000)
  from space 6144K, 89% used [0x000000076d300000,0x000000076d864170,0x000000076d900000)
  to   space 7168K, 0% used [0x000000076d980000,0x000000076d980000,0x000000076e080000)
 ParOldGen       total 175104K, used 16455K [0x00000006c0000000, 0x00000006cab00000, 0x000000076ab00000)
  object space 175104K, 9% used [0x00000006c0000000,0x00000006c1011f98,0x00000006cab00000)
 Metaspace       used 19317K, capacity 19483K, committed 19712K, reserved 1067008K
  class space    used 1876K, capacity 1950K, committed 2048K, reserved 1048576K
}

Deoptimization events (10 events):
Event: 691.666 Thread 0x00007ff12321e000 Uncommon trap: reason=unstable_if action=reinterpret pc=0x000000011025ae60 method=java.util.HashMap.removeNode(ILjava/lang/Object;Ljava/lang/Object;ZZ)Ljava/util/HashMap$Node; @ 46
Event: 691.673 Thread 0x00007ff123a59800 Uncommon trap: reason=class_check action=maybe_recompile pc=0x0000000110450338 method=java.awt.event.InvocationEvent.dispatch()V @ 11
Event: 691.690 Thread 0x00007ff1231b4000 Uncommon trap: reason=unstable_if action=reinterpret pc=0x00000001106a3580 method=java.util.HashMap.putVal(ILjava/lang/Object;Ljava/lang/Object;ZZ)Ljava/lang/Object; @ 81
Event: 691.691 Thread 0x00007ff12321e000 Uncommon trap: reason=class_check action=maybe_recompile pc=0x00000001104c2d4c method=java.awt.Component.getGraphics()Ljava/awt/Graphics; @ 114
Event: 691.693 Thread 0x00007ff1238ad000 Uncommon trap: reason=class_check action=maybe_recompile pc=0x000000011022cdc0 method=com.jogamp.common.util.RunnableTask.run()V @ 24
Event: 691.694 Thread 0x00007ff1238ad000 Uncommon trap: reason=unstable_if action=reinterpret pc=0x0000000110458afc method=jogamp.nativewindow.macosx.OSXUtil.RunOnMainThread(ZZLjava/lang/Runnable;)V @ 3
Event: 691.700 Thread 0x00007ff123a59800 Uncommon trap: reason=unstable_if action=reinterpret pc=0x0000000110462fb0 method=jogamp.opengl.GLContextImpl.release(Z)V @ 161
Event: 691.701 Thread 0x00007ff123a59800 Uncommon trap: reason=unstable_if action=reinterpret pc=0x00000001104efc58 method=java.util.LinkedList$ListItr.<init>(Ljava/util/LinkedList;I)V @ 26
Event: 691.701 Thread 0x00007ff123a59800 Uncommon trap: reason=unstable_if action=reinterpret pc=0x00000001107a9818 method=java.security.AccessControlContext.optimize()Ljava/security/AccessControlContext; @ 233
Event: 691.703 Thread 0x00007ff1238ad000 Uncommon trap: reason=class_check action=maybe_recompile pc=0x000000011022cdc0 method=com.jogamp.common.util.RunnableTask.run()V @ 24

Internal exceptions (10 events):
Event: 0.128 Thread 0x00007ff121809000 Exception <a 'java/lang/NoSuchFieldError': method resolution failed> (0x000000076aeeee98) thrown at [/Users/java_re/workspace/8-2-build-macosx-x86_64/jdk8u60/4407/hotspot/src/share/vm/prims/methodHandles.cpp, line 1146]
Event: 0.130 Thread 0x00007ff121809000 Exception <a 'java/lang/NoSuchFieldError': method resolution failed> (0x000000076aefc668) thrown at [/Users/java_re/workspace/8-2-build-macosx-x86_64/jdk8u60/4407/hotspot/src/share/vm/prims/methodHandles.cpp, line 1146]
Event: 0.383 Thread 0x00007ff121809000 Exception <a 'java/io/FileNotFoundException'> (0x000000076af78470) thrown at [/Users/java_re/workspace/8-2-build-macosx-x86_64/jdk8u60/4407/hotspot/src/share/vm/prims/jni.cpp, line 709]
Event: 0.383 Thread 0x00007ff121809000 Exception <a 'java/io/FileNotFoundException'> (0x000000076af78fd8) thrown at [/Users/java_re/workspace/8-2-build-macosx-x86_64/jdk8u60/4407/hotspot/src/share/vm/prims/jni.cpp, line 709]
Event: 0.505 Thread 0x00007ff121809000 Exception <a 'java/io/FileNotFoundException'> (0x000000076b010f08) thrown at [/Users/java_re/workspace/8-2-build-macosx-x86_64/jdk8u60/4407/hotspot/src/share/vm/prims/jni.cpp, line 709]
Event: 1.949 Thread 0x00007ff123a5c000 Exception <a 'java/lang/UnsatisfiedLinkError': com.jogamp.common.util.JarUtil.fixNativeLibAttribs(Ljava/lang/String;)Z> (0x000000076c6612c8) thrown at [/Users/java_re/workspace/8-2-build-macosx-x86_64/jdk8u60/4407/hotspot/src/share/vm/prims/nativeLookup.c
Event: 2.684 Thread 0x00007ff123a59800 Exception <a 'java/io/FileNotFoundException'> (0x000000076d9909c8) thrown at [/Users/java_re/workspace/8-2-build-macosx-x86_64/jdk8u60/4407/hotspot/src/share/vm/prims/jni.cpp, line 709]
Event: 2.685 Thread 0x00007ff123a59800 Exception <a 'java/io/FileNotFoundException'> (0x000000076d997838) thrown at [/Users/java_re/workspace/8-2-build-macosx-x86_64/jdk8u60/4407/hotspot/src/share/vm/prims/jni.cpp, line 709]
Event: 2.685 Thread 0x00007ff123a59800 Implicit null exception at 0x00000001102621b5 to 0x0000000110262519
Event: 3.537 Thread 0x00007ff121813000 Exception <a 'java/lang/NullPointerException'> (0x000000076ad09470) thrown at [/Users/java_re/workspace/8-2-build-macosx-x86_64/jdk8u60/4407/hotspot/src/share/vm/interpreter/linkResolver.cpp, line 1178]

Events (10 events):
Event: 691.702 Executing VM operation: Deoptimize
Event: 691.702 Executing VM operation: Deoptimize done
Event: 691.702 loading class java/awt/Toolkit$ToolkitEventMulticaster
Event: 691.702 loading class java/awt/Toolkit$ToolkitEventMulticaster done
Event: 691.703 Thread 0x00007ff1231b4000 Thread exited: 0x00007ff1231b4000
Event: 691.703 loading class java/awt/Window$1DisposeAction
Event: 691.703 Thread 0x00007ff1238ad000 Uncommon trap: trap_request=0xffffffde fr.pc=0x000000011022cdc0
Event: 691.703 Thread 0x00007ff1238ad000 DEOPT PACKING pc=0x000000011022cdc0 sp=0x00007fff51d3c740
Event: 691.703 Thread 0x00007ff1238ad000 DEOPT UNPACKING pc=0x00000001100c6229 sp=0x00007fff51d3c6e8 mode 2
Event: 691.703 loading class java/awt/Window$1DisposeAction done


Dynamic libraries:
0x000000000829b000 	/System/Library/Frameworks/Cocoa.framework/Versions/A/Cocoa
0x000000000829b000 	/System/Library/Frameworks/Security.framework/Versions/A/Security
0x000000000829b000 	/System/Library/Frameworks/ApplicationServices.framework/Versions/A/ApplicationServices
0x000000000829b000 	/usr/lib/libz.1.dylib
0x000000000829b000 	/usr/lib/libSystem.B.dylib
0x000000000829b000 	/usr/lib/libobjc.A.dylib
0x000000000829b000 	/System/Library/Frameworks/CoreFoundation.framework/Versions/A/CoreFoundation
0x000000000829b000 	/System/Library/Frameworks/Foundation.framework/Versions/C/Foundation
0x000000000829b000 	/System/Library/Frameworks/AppKit.framework/Versions/C/AppKit
0x000000000829b000 	/System/Library/Frameworks/CoreData.framework/Versions/A/CoreData
0x000000000829b000 	/System/Library/PrivateFrameworks/RemoteViewServices.framework/Versions/A/RemoteViewServices
0x000000000829b000 	/System/Library/PrivateFrameworks/UIFoundation.framework/Versions/A/UIFoundation
0x000000000829b000 	/System/Library/Frameworks/IOSurface.framework/Versions/A/IOSurface
0x000000000829b000 	/System/Library/Frameworks/AudioToolbox.framework/Versions/A/AudioToolbox
0x000000000829b000 	/System/Library/Frameworks/AudioUnit.framework/Versions/A/AudioUnit
0x000000000829b000 	/System/Library/PrivateFrameworks/DataDetectorsCore.framework/Versions/A/DataDetectorsCore
0x000000000829b000 	/System/Library/PrivateFrameworks/DesktopServicesPriv.framework/Versions/A/DesktopServicesPriv
0x000000000829b000 	/System/Library/Frameworks/Carbon.framework/Versions/A/Frameworks/HIToolbox.framework/Versions/A/HIToolbox
0x000000000829b000 	/System/Library/Frameworks/QuartzCore.framework/Versions/A/QuartzCore
0x000000000829b000 	/System/Library/Frameworks/Carbon.framework/Versions/A/Frameworks/SpeechRecognition.framework/Versions/A/SpeechRecognition
0x000000000829b000 	/usr/lib/libauto.dylib
0x000000000829b000 	/usr/lib/libicucore.A.dylib
0x000000000829b000 	/usr/lib/libxml2.2.dylib
0x000000000829b000 	/System/Library/PrivateFrameworks/CoreUI.framework/Versions/A/CoreUI
0x000000000829b000 	/System/Library/Frameworks/CoreAudio.framework/Versions/A/CoreAudio
0x000000000829b000 	/System/Library/Frameworks/DiskArbitration.framework/Versions/A/DiskArbitration
0x000000000829b000 	/usr/lib/liblangid.dylib
0x000000000829b000 	/System/Library/PrivateFrameworks/MultitouchSupport.framework/Versions/A/MultitouchSupport
0x000000000829b000 	/System/Library/Frameworks/IOKit.framework/Versions/A/IOKit
0x000000000829b000 	/usr/lib/libDiagnosticMessagesClient.dylib
0x000000000829b000 	/System/Library/Frameworks/CoreServices.framework/Versions/A/CoreServices
0x000000000829b000 	/System/Library/PrivateFrameworks/PerformanceAnalysis.framework/Versions/A/PerformanceAnalysis
0x000000000829b000 	/System/Library/PrivateFrameworks/GenerationalStorage.framework/Versions/A/GenerationalStorage
0x000000000829b000 	/System/Library/Frameworks/OpenGL.framework/Versions/A/OpenGL
0x000000000829b000 	/System/Library/PrivateFrameworks/Sharing.framework/Versions/A/Sharing
0x000000000829b000 	/System/Library/Frameworks/CoreGraphics.framework/Versions/A/CoreGraphics
0x000000000829b000 	/System/Library/Frameworks/CoreText.framework/Versions/A/CoreText
0x000000000829b000 	/System/Library/Frameworks/ImageIO.framework/Versions/A/ImageIO
0x000000000829b000 	/usr/lib/libextension.dylib
0x000000000829b000 	/System/Library/PrivateFrameworks/Backup.framework/Versions/A/Backup
0x000000000829b000 	/usr/lib/libarchive.2.dylib
0x000000000829b000 	/System/Library/Frameworks/CFNetwork.framework/Versions/A/CFNetwork
0x000000000829b000 	/System/Library/Frameworks/SystemConfiguration.framework/Versions/A/SystemConfiguration
0x000000000829b000 	/usr/lib/libCRFSuite.dylib
0x000000000829b000 	/usr/lib/libc++.1.dylib
0x000000000829b000 	/usr/lib/libc++abi.dylib
0x000000000829b000 	/usr/lib/system/libcache.dylib
0x000000000829b000 	/usr/lib/system/libcommonCrypto.dylib
0x000000000829b000 	/usr/lib/system/libcompiler_rt.dylib
0x000000000829b000 	/usr/lib/system/libcopyfile.dylib
0x000000000829b000 	/usr/lib/system/libcorecrypto.dylib
0x000000000829b000 	/usr/lib/system/libdispatch.dylib
0x000000000829b000 	/usr/lib/system/libdyld.dylib
0x000000000829b000 	/usr/lib/system/libkeymgr.dylib
0x000000000829b000 	/usr/lib/system/liblaunch.dylib
0x000000000829b000 	/usr/lib/system/libmacho.dylib
0x000000000829b000 	/usr/lib/system/libquarantine.dylib
0x000000000829b000 	/usr/lib/system/libremovefile.dylib
0x000000000829b000 	/usr/lib/system/libsystem_asl.dylib
0x000000000829b000 	/usr/lib/system/libsystem_blocks.dylib
0x000000000829b000 	/usr/lib/system/libsystem_c.dylib
0x000000000829b000 	/usr/lib/system/libsystem_configuration.dylib
0x000000000829b000 	/usr/lib/system/libsystem_coreservices.dylib
0x000000000829b000 	/usr/lib/system/libsystem_coretls.dylib
0x000000000829b000 	/usr/lib/system/libsystem_dnssd.dylib
0x000000000829b000 	/usr/lib/system/libsystem_info.dylib
0x000000000829b000 	/usr/lib/system/libsystem_kernel.dylib
0x000000000829b000 	/usr/lib/system/libsystem_m.dylib
0x000000000829b000 	/usr/lib/system/libsystem_malloc.dylib
0x000000000829b000 	/usr/lib/system/libsystem_network.dylib
0x000000000829b000 	/usr/lib/system/libsystem_networkextension.dylib
0x000000000829b000 	/usr/lib/system/libsystem_notify.dylib
0x000000000829b000 	/usr/lib/system/libsystem_platform.dylib
0x000000000829b000 	/usr/lib/system/libsystem_pthread.dylib
0x000000000829b000 	/usr/lib/system/libsystem_sandbox.dylib
0x000000000829b000 	/usr/lib/system/libsystem_secinit.dylib
0x000000000829b000 	/usr/lib/system/libsystem_stats.dylib
0x000000000829b000 	/usr/lib/system/libsystem_trace.dylib
0x000000000829b000 	/usr/lib/system/libunc.dylib
0x000000000829b000 	/usr/lib/system/libunwind.dylib
0x000000000829b000 	/usr/lib/system/libxpc.dylib
0x000000000829b000 	/usr/lib/libbz2.1.0.dylib
0x000000000829b000 	/usr/lib/liblzma.5.dylib
0x000000000829b000 	/usr/lib/libbsm.0.dylib
0x000000000829b000 	/usr/lib/libsqlite3.dylib
0x000000000829b000 	/usr/lib/system/libkxld.dylib
0x000000000829b000 	/usr/lib/libxar.1.dylib
0x000000000829b000 	/usr/lib/libpam.2.dylib
0x000000000829b000 	/usr/lib/libOpenScriptingUtil.dylib
0x000000000829b000 	/System/Library/Frameworks/CoreServices.framework/Versions/A/Frameworks/FSEvents.framework/Versions/A/FSEvents
0x000000000829b000 	/System/Library/Frameworks/CoreServices.framework/Versions/A/Frameworks/CarbonCore.framework/Versions/A/CarbonCore
0x000000000829b000 	/System/Library/Frameworks/CoreServices.framework/Versions/A/Frameworks/Metadata.framework/Versions/A/Metadata
0x000000000829b000 	/System/Library/Frameworks/CoreServices.framework/Versions/A/Frameworks/OSServices.framework/Versions/A/OSServices
0x000000000829b000 	/System/Library/Frameworks/CoreServices.framework/Versions/A/Frameworks/SearchKit.framework/Versions/A/SearchKit
0x000000000829b000 	/System/Library/Frameworks/CoreServices.framework/Versions/A/Frameworks/AE.framework/Versions/A/AE
0x000000000829b000 	/System/Library/Frameworks/CoreServices.framework/Versions/A/Frameworks/LaunchServices.framework/Versions/A/LaunchServices
0x000000000829b000 	/System/Library/Frameworks/CoreServices.framework/Versions/A/Frameworks/DictionaryServices.framework/Versions/A/DictionaryServices
0x000000000829b000 	/System/Library/Frameworks/NetFS.framework/Versions/A/NetFS
0x000000000829b000 	/System/Library/PrivateFrameworks/NetAuth.framework/Versions/A/NetAuth
0x000000000829b000 	/System/Library/PrivateFrameworks/login.framework/Versions/A/Frameworks/loginsupport.framework/Versions/A/loginsupport
0x000000000829b000 	/System/Library/PrivateFrameworks/TCC.framework/Versions/A/TCC
0x000000000829b000 	/usr/lib/libmecabra.dylib
0x000000000829b000 	/System/Library/Frameworks/ApplicationServices.framework/Versions/A/Frameworks/ATS.framework/Versions/A/ATS
0x000000000829b000 	/System/Library/Frameworks/ApplicationServices.framework/Versions/A/Frameworks/ColorSync.framework/Versions/A/ColorSync
0x000000000829b000 	/System/Library/Frameworks/ApplicationServices.framework/Versions/A/Frameworks/HIServices.framework/Versions/A/HIServices
0x000000000829b000 	/System/Library/Frameworks/ApplicationServices.framework/Versions/A/Frameworks/LangAnalysis.framework/Versions/A/LangAnalysis
0x000000000829b000 	/System/Library/Frameworks/ApplicationServices.framework/Versions/A/Frameworks/PrintCore.framework/Versions/A/PrintCore
0x000000000829b000 	/System/Library/Frameworks/ApplicationServices.framework/Versions/A/Frameworks/QD.framework/Versions/A/QD
0x000000000829b000 	/System/Library/Frameworks/ApplicationServices.framework/Versions/A/Frameworks/SpeechSynthesis.framework/Versions/A/SpeechSynthesis
0x000000000829b000 	/System/Library/Frameworks/Accelerate.framework/Versions/A/Accelerate
0x000000000829b000 	/System/Library/Frameworks/Accelerate.framework/Versions/A/Frameworks/vImage.framework/Versions/A/vImage
0x000000000829b000 	/System/Library/Frameworks/Accelerate.framework/Versions/A/Frameworks/vecLib.framework/Versions/A/vecLib
0x000000000829b000 	/System/Library/Frameworks/Accelerate.framework/Versions/A/Frameworks/vecLib.framework/Versions/A/libvDSP.dylib
0x000000000829b000 	/System/Library/Frameworks/Accelerate.framework/Versions/A/Frameworks/vecLib.framework/Versions/A/libvMisc.dylib
0x000000000829b000 	/System/Library/Frameworks/Accelerate.framework/Versions/A/Frameworks/vecLib.framework/Versions/A/libLAPACK.dylib
0x000000000829b000 	/System/Library/Frameworks/Accelerate.framework/Versions/A/Frameworks/vecLib.framework/Versions/A/libBLAS.dylib
0x000000000829b000 	/System/Library/Frameworks/Accelerate.framework/Versions/A/Frameworks/vecLib.framework/Versions/A/libLinearAlgebra.dylib
0x000000000829b000 	/System/Library/Frameworks/ApplicationServices.framework/Versions/A/Frameworks/ATS.framework/Versions/A/Resources/libFontParser.dylib
0x000000000829b000 	/System/Library/Frameworks/ApplicationServices.framework/Versions/A/Frameworks/ATS.framework/Versions/A/Resources/libFontRegistry.dylib
0x000000000829b000 	/System/Library/PrivateFrameworks/AppleVPA.framework/Versions/A/AppleVPA
0x000000000829b000 	/System/Library/PrivateFrameworks/AppleJPEG.framework/Versions/A/AppleJPEG
0x000000000829b000 	/System/Library/Frameworks/ImageIO.framework/Versions/A/Resources/libJPEG.dylib
0x000000000829b000 	/System/Library/Frameworks/ImageIO.framework/Versions/A/Resources/libTIFF.dylib
0x000000000829b000 	/System/Library/Frameworks/ImageIO.framework/Versions/A/Resources/libPng.dylib
0x000000000829b000 	/System/Library/Frameworks/ImageIO.framework/Versions/A/Resources/libGIF.dylib
0x000000000829b000 	/System/Library/Frameworks/ImageIO.framework/Versions/A/Resources/libJP2.dylib
0x000000000829b000 	/System/Library/Frameworks/ImageIO.framework/Versions/A/Resources/libRadiance.dylib
0x000000000829b000 	/System/Library/Frameworks/CoreVideo.framework/Versions/A/CoreVideo
0x000000000829b000 	/System/Library/Frameworks/OpenGL.framework/Versions/A/Libraries/libGLU.dylib
0x000000000829b000 	/System/Library/Frameworks/OpenGL.framework/Versions/A/Libraries/libGFXShared.dylib
0x000000000829b000 	/System/Library/Frameworks/OpenGL.framework/Versions/A/Libraries/libGL.dylib
0x000000000829b000 	/System/Library/Frameworks/OpenGL.framework/Versions/A/Libraries/libGLImage.dylib
0x000000000829b000 	/System/Library/Frameworks/OpenGL.framework/Versions/A/Libraries/libCVMSPluginSupport.dylib
0x000000000829b000 	/System/Library/Frameworks/OpenGL.framework/Versions/A/Libraries/libCoreVMClient.dylib
0x000000000829b000 	/usr/lib/libcups.2.dylib
0x000000000829b000 	/System/Library/Frameworks/Kerberos.framework/Versions/A/Kerberos
0x000000000829b000 	/System/Library/Frameworks/GSS.framework/Versions/A/GSS
0x000000000829b000 	/usr/lib/libresolv.9.dylib
0x000000000829b000 	/usr/lib/libiconv.2.dylib
0x000000000829b000 	/System/Library/PrivateFrameworks/Heimdal.framework/Versions/A/Heimdal
0x000000000829b000 	/usr/lib/libheimdal-asn1.dylib
0x000000000829b000 	/System/Library/Frameworks/OpenDirectory.framework/Versions/A/OpenDirectory
0x000000000829b000 	/System/Library/PrivateFrameworks/CommonAuth.framework/Versions/A/CommonAuth
0x000000000829b000 	/System/Library/Frameworks/OpenDirectory.framework/Versions/A/Frameworks/CFOpenDirectory.framework/Versions/A/CFOpenDirectory
0x000000000829b000 	/System/Library/Frameworks/SecurityFoundation.framework/Versions/A/SecurityFoundation
0x000000000829b000 	/System/Library/PrivateFrameworks/LanguageModeling.framework/Versions/A/LanguageModeling
0x000000000829b000 	/usr/lib/libcmph.dylib
0x000000000829b000 	/System/Library/Frameworks/ServiceManagement.framework/Versions/A/ServiceManagement
0x000000000829b000 	/usr/lib/libxslt.1.dylib
0x000000000829b000 	/System/Library/Frameworks/Carbon.framework/Versions/A/Frameworks/Ink.framework/Versions/A/Ink
0x000000000829b000 	/System/Library/Frameworks/QuartzCore.framework/Versions/A/Frameworks/CoreImage.framework/Versions/A/CoreImage
0x000000000829b000 	/System/Library/PrivateFrameworks/CrashReporterSupport.framework/Versions/A/CrashReporterSupport
0x000000000829b000 	/System/Library/Frameworks/OpenCL.framework/Versions/A/OpenCL
0x000000000829b000 	/System/Library/PrivateFrameworks/FaceCore.framework/Versions/A/FaceCore
0x000000000829b000 	/System/Library/PrivateFrameworks/Ubiquity.framework/Versions/A/Ubiquity
0x000000000829b000 	/System/Library/PrivateFrameworks/IconServices.framework/Versions/A/IconServices
0x000000000829b000 	/System/Library/PrivateFrameworks/ChunkingLibrary.framework/Versions/A/ChunkingLibrary
0x000000000829b000 	/System/Library/PrivateFrameworks/Apple80211.framework/Versions/A/Apple80211
0x000000000829b000 	/System/Library/Frameworks/CoreWLAN.framework/Versions/A/CoreWLAN
0x000000000829b000 	/System/Library/Frameworks/IOBluetooth.framework/Versions/A/IOBluetooth
0x000000000829b000 	/System/Library/PrivateFrameworks/CoreWiFi.framework/Versions/A/CoreWiFi
0x000000000829b000 	/System/Library/Frameworks/CoreBluetooth.framework/Versions/A/CoreBluetooth
0x000000000829b000 	/System/Library/PrivateFrameworks/DebugSymbols.framework/Versions/A/DebugSymbols
0x000000000829b000 	/System/Library/PrivateFrameworks/CoreSymbolication.framework/Versions/A/CoreSymbolication
0x000000000829b000 	/System/Library/PrivateFrameworks/Symbolication.framework/Versions/A/Symbolication
0x000000000829b000 	/System/Library/PrivateFrameworks/SpeechRecognitionCore.framework/Versions/A/SpeechRecognitionCore
0x000000010f000000 	/Library/Java/JavaVirtualMachines/jdk1.8.0_60.jdk/Contents/Home/jre/lib/server/libjvm.dylib
0x000000000829b000 	/usr/lib/libstdc++.6.dylib
0x000000010dfd5000 	/Library/Java/JavaVirtualMachines/jdk1.8.0_60.jdk/Contents/Home/jre/lib/libverify.dylib
0x000000011008c000 	/Library/Java/JavaVirtualMachines/jdk1.8.0_60.jdk/Contents/Home/jre/lib/libjava.dylib
0x000000010dfed000 	/Library/Java/JavaVirtualMachines/jdk1.8.0_60.jdk/Contents/Home/jre/lib/libzip.dylib
0x000000012bc97000 	/System/Library/Frameworks/JavaVM.framework/Frameworks/JavaRuntimeSupport.framework/JavaRuntimeSupport
0x000000012bcad000 	/System/Library/Frameworks/JavaVM.framework/Versions/A/Frameworks/JavaNativeFoundation.framework/Versions/A/JavaNativeFoundation
0x000000012bcc1000 	/System/Library/Frameworks/JavaVM.framework/Versions/A/JavaVM
0x000000000829b000 	/System/Library/Frameworks/Carbon.framework/Versions/A/Carbon
0x000000012bccd000 	/System/Library/PrivateFrameworks/JavaLaunching.framework/Versions/A/JavaLaunching
0x000000000829b000 	/System/Library/Frameworks/Carbon.framework/Versions/A/Frameworks/CommonPanels.framework/Versions/A/CommonPanels
0x000000000829b000 	/System/Library/Frameworks/Carbon.framework/Versions/A/Frameworks/Help.framework/Versions/A/Help
0x000000000829b000 	/System/Library/Frameworks/Carbon.framework/Versions/A/Frameworks/ImageCapture.framework/Versions/A/ImageCapture
0x000000000829b000 	/System/Library/Frameworks/Carbon.framework/Versions/A/Frameworks/OpenScripting.framework/Versions/A/OpenScripting
0x000000000829b000 	/System/Library/Frameworks/Carbon.framework/Versions/A/Frameworks/Print.framework/Versions/A/Print
0x000000000829b000 	/System/Library/Frameworks/Carbon.framework/Versions/A/Frameworks/SecurityHI.framework/Versions/A/SecurityHI
0x000000012dcc5000 	/Library/Java/JavaVirtualMachines/jdk1.8.0_60.jdk/Contents/Home/jre/lib/libawt.dylib
0x000000012dd6d000 	/Library/Java/JavaVirtualMachines/jdk1.8.0_60.jdk/Contents/Home/jre/lib/./libmlib_image.dylib
0x000000012de39000 	/Library/Java/JavaVirtualMachines/jdk1.8.0_60.jdk/Contents/Home/jre/lib/libawt_lwawt.dylib
0x000000012deee000 	/Library/Java/JavaVirtualMachines/jdk1.8.0_60.jdk/Contents/Home/jre/lib/./libosxapp.dylib
0x000000000829b000 	/System/Library/Frameworks/ExceptionHandling.framework/Versions/A/ExceptionHandling
0x000000000829b000 	/System/Library/PrivateFrameworks/CoreServicesInternal.framework/Versions/A/CoreServicesInternal
0x000000000829b000 	/System/Library/PrivateFrameworks/CloudDocs.framework/Versions/A/CloudDocs
0x000000000829b000 	/System/Library/PrivateFrameworks/CoreDuet.framework/Versions/A/CoreDuet
0x000000000829b000 	/System/Library/Frameworks/CloudKit.framework/Versions/A/CloudKit
0x000000000829b000 	/System/Library/PrivateFrameworks/ProtocolBuffer.framework/Versions/A/ProtocolBuffer
0x000000000829b000 	/System/Library/PrivateFrameworks/CoreDuetDaemonProtocol.framework/Versions/A/CoreDuetDaemonProtocol
0x000000000829b000 	/System/Library/PrivateFrameworks/CoreDuetDebugLogging.framework/Versions/A/CoreDuetDebugLogging
0x000000000829b000 	/System/Library/PrivateFrameworks/MMCS.framework/Versions/A/MMCS
0x000000000829b000 	/System/Library/Frameworks/CoreLocation.framework/Versions/A/CoreLocation
0x000000000829b000 	/System/Library/PrivateFrameworks/ProtectedCloudStorage.framework/Versions/A/ProtectedCloudStorage
0x000000000829b000 	/System/Library/PrivateFrameworks/GeoServices.framework/Versions/A/GeoServices
0x000000000829b000 	/System/Library/Frameworks/CoreGraphics.framework/Versions/A/Resources/libCGCMS.A.dylib
0x000000000829b000 	/System/Library/Frameworks/CoreGraphics.framework/Versions/A/Resources/libRIP.A.dylib
0x000000000829b000 	/System/Library/Frameworks/CoreGraphics.framework/Versions/A/Resources/libCGXType.A.dylib
0x000000000829b000 	/System/Library/Frameworks/OpenCL.framework/Versions/A/Libraries/libcldcpuengine.dylib
0x000000000829b000 	/System/Library/PrivateFrameworks/DiskImages.framework/Versions/A/DiskImages
0x000000000829b000 	/System/Library/Frameworks/DiscRecording.framework/Versions/A/DiscRecording
0x000000000829b000 	/usr/lib/libcsfde.dylib
0x000000000829b000 	/usr/lib/libcurl.4.dylib
0x000000000829b000 	/System/Library/PrivateFrameworks/MediaKit.framework/Versions/A/MediaKit
0x000000000829b000 	/usr/lib/libCoreStorage.dylib
0x000000000829b000 	/System/Library/PrivateFrameworks/EFILogin.framework/Versions/A/EFILogin
0x000000000829b000 	/usr/lib/libutil.dylib
0x000000000829b000 	/System/Library/PrivateFrameworks/FindMyDevice.framework/Versions/A/FindMyDevice
0x000000000829b000 	/System/Library/Frameworks/LDAP.framework/Versions/A/LDAP
0x000000000829b000 	/usr/lib/libsasl2.2.dylib
0x000000000829b000 	/System/Library/PrivateFrameworks/CoreDaemon.framework/Versions/B/CoreDaemon
0x000000000829b000 	/usr/lib/libcrypto.0.9.8.dylib
0x000000000829b000 	/System/Library/PrivateFrameworks/AppleSRP.framework/Versions/A/AppleSRP
0x000000000829b000 	/System/Library/PrivateFrameworks/TrustEvaluationAgent.framework/Versions/A/TrustEvaluationAgent
0x0000000130fd9000 	cl_kernels
0x0000000130fdb000 	/System/Library/Frameworks/OpenCL.framework/Versions/A/Libraries/ImageFormats/unorm8_bgra.dylib
0x0000000130fcb000 	cl_kernels
0x000000000829b000 	/System/Library/PrivateFrameworks/FamilyControls.framework/Versions/A/FamilyControls
0x000000000829b000 	/System/Library/PrivateFrameworks/CommerceKit.framework/Versions/A/Frameworks/CommerceCore.framework/Versions/A/CommerceCore
0x000000000829b000 	/System/Library/PrivateFrameworks/SystemAdministration.framework/Versions/A/SystemAdministration
0x000000000829b000 	/System/Library/PrivateFrameworks/AppContainer.framework/Versions/A/AppContainer
0x000000000829b000 	/System/Library/PrivateFrameworks/SecCodeWrapper.framework/Versions/A/SecCodeWrapper
0x000000000829b000 	/System/Library/Frameworks/DirectoryService.framework/Versions/A/DirectoryService
0x000000000829b000 	/System/Library/PrivateFrameworks/LoginUIKit.framework/Versions/A/Frameworks/LoginUICore.framework/Versions/A/LoginUICore
0x000000000829b000 	/usr/lib/libodfde.dylib
0x000000000829b000 	/System/Library/Frameworks/OpenGL.framework/Versions/A/Resources/GLEngine.bundle/GLEngine
0x000000000829b000 	/System/Library/Frameworks/OpenGL.framework/Versions/A/Libraries/libGLProgrammability.dylib
0x000000013262f000 	/System/Library/Extensions/AppleIntelHD5000GraphicsGLDriver.bundle/Contents/MacOS/AppleIntelHD5000GraphicsGLDriver
0x000000000829b000 	/System/Library/PrivateFrameworks/IOAccelerator.framework/Versions/A/IOAccelerator
0x000000000829b000 	/System/Library/PrivateFrameworks/GPUSupport.framework/Versions/A/Libraries/libGPUSupportMercury.dylib
0x000000000829b000 	/System/Library/Frameworks/OpenGL.framework/Versions/A/Resources/GLRendererFloat.bundle/GLRendererFloat
0x00000001336b5000 	/Library/Java/JavaVirtualMachines/jdk1.8.0_60.jdk/Contents/Home/jre/lib/libfontmanager.dylib
0x00000001349ef000 	/Library/Java/JavaVirtualMachines/jdk1.8.0_60.jdk/Contents/Home/jre/lib/libosxui.dylib
0x0000000134c7d000 	/Library/Java/JavaVirtualMachines/jdk1.8.0_60.jdk/Contents/Home/jre/lib/libnet.dylib
0x0000000134a2e000 	/Library/Java/JavaVirtualMachines/jdk1.8.0_60.jdk/Contents/Home/jre/lib/libnio.dylib
0x000000000829b000 	/System/Library/Frameworks/ApplicationServices.framework/Versions/A/Frameworks/ATS.framework/Versions/A/Resources/libTrueTypeScaler.dylib
0x000000018042a000 	/private/var/folders/b5/zysj4pxj6576yq718hwysrg80000gn/T/jogamp_0000/file_cache/jln1425089787548052428/jln5030447967412612144/libgluegen-rt.jnilib
0x000000018042f000 	/private/var/folders/b5/zysj4pxj6576yq718hwysrg80000gn/T/jogamp_0000/file_cache/jln1425089787548052428/jln5030447967412612144/libnativewindow_awt.jnilib
0x0000000180432000 	/Library/Java/JavaVirtualMachines/jdk1.8.0_60.jdk/Contents/Home/jre/lib/libjawt.dylib
0x000000018069e000 	/private/var/folders/b5/zysj4pxj6576yq718hwysrg80000gn/T/jogamp_0000/file_cache/jln1425089787548052428/jln5030447967412612144/libnativewindow_macosx.jnilib
0x00000001840c2000 	/private/var/folders/b5/zysj4pxj6576yq718hwysrg80000gn/T/jogamp_0000/file_cache/jln1425089787548052428/jln5030447967412612144/libjogl_desktop.jnilib

VM Arguments:
jvm_args: -Djava.security.policy=java.policy.applet -Dfile.encoding=UTF-8 
java_command: sun.applet.AppletViewer com.mauriciotl.week02.LifeExpectancyMtl1493147010097.html
java_class_path (initial): /Users/mauriciotl/MauricioFiles/Eclipse_II/CourseraProjects/UCSDUnfoldingMaps/build:/Users/mauriciotl/MauricioFiles/Eclipse_II/CourseraProjects/UCSDUnfoldingMaps/lib/core.jar:/Users/mauriciotl/MauricioFiles/Eclipse_II/CourseraProjects/UCSDUnfoldingMaps/lib/gluegen-rt.jar:/Users/mauriciotl/MauricioFiles/Eclipse_II/CourseraProjects/UCSDUnfoldingMaps/lib/jogl-all.jar:/Users/mauriciotl/MauricioFiles/Eclipse_II/CourseraProjects/UCSDUnfoldingMaps/lib/log4j-1.2.15.jar:/Users/mauriciotl/MauricioFiles/Eclipse_II/CourseraProjects/UCSDUnfoldingMaps/lib/sqlite-jdbc-3.7.2.jar:/Users/mauriciotl/MauricioFiles/Eclipse_II/CourseraProjects/UCSDUnfoldingMaps/lib/json4processing.jar:/Users/mauriciotl/MauricioFiles/Eclipse_II/CourseraProjects/UCSDUnfoldingMaps/lib/libTUIO.jar:/Users/mauriciotl/MauricioFiles/Eclipse_II/CourseraProjects/UCSDUnfoldingMaps/lib/unfolding.0.9.7-uscd.jar
Launcher Type: SUN_STANDARD

Environment Variables:
PATH=/usr/bin:/bin:/usr/sbin:/sbin
SHELL=/bin/bash

Signal Handlers:
SIGSEGV: [libjvm.dylib+0x5a6d31], sa_mask[0]=11111111011111110111111111111111, sa_flags=SA_ONSTACK|SA_RESTART|SA_SIGINFO
SIGBUS: [libjvm.dylib+0x5a6d31], sa_mask[0]=11111111011111110111111111111111, sa_flags=SA_RESTART|SA_SIGINFO
SIGFPE: [libjvm.dylib+0x480a4c], sa_mask[0]=11111111011111110111111111111111, sa_flags=SA_RESTART|SA_SIGINFO
SIGPIPE: [libjvm.dylib+0x480a4c], sa_mask[0]=11111111011111110111111111111111, sa_flags=SA_RESTART|SA_SIGINFO
SIGXFSZ: [libjvm.dylib+0x480a4c], sa_mask[0]=11111111011111110111111111111111, sa_flags=SA_RESTART|SA_SIGINFO
SIGILL: [libjvm.dylib+0x480a4c], sa_mask[0]=11111111011111110111111111111111, sa_flags=SA_RESTART|SA_SIGINFO
SIGUSR1: SIG_DFL, sa_mask[0]=00000000000000000000000000000000, sa_flags=none
SIGUSR2: [libjvm.dylib+0x48056a], sa_mask[0]=00100000000000000000000000000000, sa_flags=SA_RESTART|SA_SIGINFO
SIGHUP: [libjvm.dylib+0x47eb41], sa_mask[0]=11111111011111110111111111111111, sa_flags=SA_RESTART|SA_SIGINFO
SIGINT: [libjvm.dylib+0x47eb41], sa_mask[0]=11111111011111110111111111111111, sa_flags=SA_RESTART|SA_SIGINFO
SIGTERM: [libjvm.dylib+0x47eb41], sa_mask[0]=11111111011111110111111111111111, sa_flags=SA_RESTART|SA_SIGINFO
SIGQUIT: [libjvm.dylib+0x47eb41], sa_mask[0]=11111111011111110111111111111111, sa_flags=SA_RESTART|SA_SIGINFO


---------------  S Y S T E M  ---------------

OS:Bsduname:Darwin 14.5.0 Darwin Kernel Version 14.5.0: Fri Feb 17 10:33:20 PST 2017; root:xnu-2782.50.9.1.1~1/RELEASE_X86_64 x86_64
rlimit: STACK 8192k, CORE 0k, NPROC 709, NOFILE 10240, AS infinity
load average:1.43 1.25 1.25

CPU:total 8 (4 cores per cpu, 2 threads per core) family 6 model 70 stepping 1, cmov, cx8, fxsr, mmx, sse, sse2, sse3, ssse3, sse4.1, sse4.2, popcnt, avx, avx2, aes, clmul, erms, lzcnt, ht, tsc, tscinvbit, bmi1, bmi2

Memory: 4k page, physical 16777216k(141864k free)

/proc/meminfo:


vm_info: Java HotSpot(TM) 64-Bit Server VM (25.60-b23) for bsd-amd64 JRE (1.8.0_60-b27), built on Aug  4 2015 10:47:24 by "java_re" with gcc 4.2.1 (Based on Apple Inc. build 5658) (LLVM build 2336.11.00)

time: Tue Apr 25 14:15:47 2017
elapsed time: 691 seconds (0d 0h 11m 31s)

