#
# A fatal error has been detected by the Java Runtime Environment:
#
#  SIGSEGV (0xb) at pc=0x00007fff87c6d0e9, pid=509, tid=1811
#
# JRE version: Java(TM) SE Runtime Environment (8.0_60-b27) (build 1.8.0_60-b27)
# Java VM: Java HotSpot(TM) 64-Bit Server VM (25.60-b23 mixed mode bsd-amd64 compressed oops)
# Problematic frame:
# C  [libobjc.A.dylib+0x10e9]  objc_msgSend+0x29
#
# Failed to write core dump. Core dumps have been disabled. To enable core dumping, try "ulimit -c unlimited" before starting Java again
#
# If you would like to submit a bug report, please visit:
#   http://bugreport.java.com/bugreport/crash.jsp
# The crash happened outside the Java Virtual Machine in native code.
# See problematic frame for where to report the bug.
#

---------------  T H R E A D  ---------------

Current thread (0x00007f8362043800):  JavaThread "AWT-AppKit" daemon [_thread_in_native, id=1811, stack(0x00007fff59214000,0x00007fff59a14000)]

siginfo: si_signo: 11 (SIGSEGV), si_code: 1 (SEGV_MAPERR), si_addr: 0x0000000000000000

Registers:
RAX=0x00007f8368771ec0, RBX=0x00000001786c9450, RCX=0x000000012ed06940, RDX=0x000000012bb4e900
RSP=0x00007fff59a0f3d8, RBP=0x00007fff59a0f490, RSI=0x00007fff9024d40f, RDI=0x00007f83686c5550
R8 =0x0000000000000000, R9 =0x0000000000000f50, R10=0x0000000000000000, R11=0x00007f83662eb000
R12=0x0000000000000000, R13=0x000000017cc76098, R14=0x00000001786c9440, R15=0x00007f8362043800
RIP=0x00007fff87c6d0e9, EFLAGS=0x0000000000010246, ERR=0x0000000000000004
  TRAPNO=0x000000000000000e

Top of Stack: (sp=0x00007fff59a0f3d8)
0x00007fff59a0f3d8:   00000001786c7157 00007fff59a0f430
0x00007fff59a0f3e8:   0000000000000003 00007fff59a0f410
0x00007fff59a0f3f8:   00000001075f1992 000000017cc76098
0x00007fff59a0f408:   000000017cc76098 00007f8368771ec0
0x00007fff59a0f418:   00000001786c96a0 00000001786c9710
0x00007fff59a0f428:   00007fff75102550 00007fff75e89c80
0x00007fff59a0f438:   00000001786c9450 00000001786c9690
0x00007fff59a0f448:   00007f8368771ec0 00007f83686c5550
0x00007fff59a0f458:   00007f8363a403d0 00007f8368771ec0
0x00007fff59a0f468:   00007f83686c5550 00007fff59a0f518
0x00007fff59a0f478:   00007f83620439f8 000000017cc76098
0x00007fff59a0f488:   00007fff59a0f540 00007fff59a0f508
0x00007fff59a0f498:   00000001084a1954 000000017cc76098
0x00007fff59a0f4a8:   00007fff59a0f540 00007fff59a0f508
0x00007fff59a0f4b8:   00000001084a16e7 00000001084a16a2
0x00007fff59a0f4c8:   00007fff59a0f4c8 000000017cc76098
0x00007fff59a0f4d8:   00007fff59a0f540 000000017cc78cd0
0x00007fff59a0f4e8:   0000000000000000 000000017cc76098
0x00007fff59a0f4f8:   0000000000000000 00007fff59a0f528
0x00007fff59a0f508:   00007fff59a0f588 0000000108493c4d
0x00007fff59a0f518:   000000076fd7ac48 000000010849b578
0x00007fff59a0f528:   00007f8368771ec0 00007fff59a0f588
0x00007fff59a0f538:   00007f83686c5550 000000010849cd82
0x00007fff59a0f548:   00007fff59a0f548 000000017cc76262
0x00007fff59a0f558:   00007fff59a0f5b0 000000017cc78cd0
0x00007fff59a0f568:   0000000000000000 000000017cc76270
0x00007fff59a0f578:   00007fff59a0f528 00007fff59a0f598
0x00007fff59a0f588:   00007fff59a0f5f8 0000000108493c4d
0x00007fff59a0f598:   00007f8368771ec0 0000000770100ba8
0x00007fff59a0f5a8:   00007f83686c5550 0000000770100ba8
0x00007fff59a0f5b8:   00007fff59a0f5b8 0000000182875846
0x00007fff59a0f5c8:   00007fff59a0f608 0000000182875900 

Instructions: (pc=0x00007fff87c6d0e9)
0x00007fff87c6d0c9:   01 2e 75 7e 49 bb f8 ff ff ff ff 7f 00 00 4c 23
0x00007fff87c6d0d9:   1f 49 89 f2 45 23 53 18 49 c1 e2 04 4d 03 53 10
0x00007fff87c6d0e9:   49 3b 32 75 04 41 ff 62 08 49 83 3a 00 74 6a 4d
0x00007fff87c6d0f9:   3b 53 10 74 0d 49 83 ea 10 49 3b 32 75 eb 41 ff 

Register to memory mapping:

RAX=0x00007f8368771ec0 is an unknown value
RBX=0x00000001786c9450: Java_jogamp_nativewindow_macosx_OSXUtil_GetScreenRefreshRate0+0x1cf0 in /private/var/folders/b5/zysj4pxj6576yq718hwysrg80000gn/T/jogamp_0000/file_cache/jln7687350744188535938/jln5231806564708002659/libnativewindow_macosx.jnilib at 0x00000001786c2000
RCX=0x000000012ed06940 is an unknown value
RDX=0x000000012bb4e900 is an unknown value
RSP=0x00007fff59a0f3d8 is pointing into the stack for thread: 0x00007f8362043800
RBP=0x00007fff59a0f490 is pointing into the stack for thread: 0x00007f8362043800
RSI=0x00007fff9024d40f is an unknown value
RDI=0x00007f83686c5550 is an unknown value
R8 =0x0000000000000000 is an unknown value
R9 =0x0000000000000f50 is an unknown value
R10=0x0000000000000000 is an unknown value
R11=0x00007f83662eb000 is a thread
R12=0x0000000000000000 is an unknown value
R13={method} {0x000000017cc76098} 'UnsetJAWTRootSurfaceLayer0' '(JJ)V' in 'jogamp/nativewindow/jawt/macosx/MacOSXJAWTWindow'
R14=0x00000001786c9440: Java_jogamp_nativewindow_macosx_OSXUtil_GetScreenRefreshRate0+0x1ce0 in /private/var/folders/b5/zysj4pxj6576yq718hwysrg80000gn/T/jogamp_0000/file_cache/jln7687350744188535938/jln5231806564708002659/libnativewindow_macosx.jnilib at 0x00000001786c2000
R15=0x00007f8362043800 is a thread


Stack: [0x00007fff59214000,0x00007fff59a14000],  sp=0x00007fff59a0f3d8,  free space=8172k
Native frames: (J=compiled Java code, j=interpreted, Vv=VM code, C=native code)
C  [libobjc.A.dylib+0x10e9]  objc_msgSend+0x29
j  jogamp.nativewindow.jawt.macosx.MacOSXJAWTWindow.UnsetJAWTRootSurfaceLayer0(JJ)V+0
j  jogamp.nativewindow.jawt.macosx.MacOSXJAWTWindow.access$200(JJ)V+2
j  jogamp.nativewindow.jawt.macosx.MacOSXJAWTWindow$1.run()V+38
J 2037 C1 com.jogamp.common.util.RunnableTask.run()V (345 bytes) @ 0x0000000108ba7054 [0x0000000108ba6ec0+0x194]
v  ~StubRoutines::call_stub
V  [libjvm.dylib+0x2eab0e]
V  [libjvm.dylib+0x321bb7]
V  [libjvm.dylib+0x31438b]
C  [libnativewindow_macosx.jnilib+0x5326]  Java_jogamp_nativewindow_jawt_macosx_MacOSXJAWTWindow_UnsetJAWTRootSurfaceLayer0+0x2b6
C  [Foundation+0x92dd0]  __NSThreadPerformPerform+0x125
C  [CoreFoundation+0x80a01]  __CFRUNLOOP_IS_CALLING_OUT_TO_A_SOURCE0_PERFORM_FUNCTION__+0x11
C  [CoreFoundation+0x72b8d]  __CFRunLoopDoSources0+0x10d
C  [CoreFoundation+0x721bf]  __CFRunLoopRun+0x39f
C  [CoreFoundation+0x71bd8]  CFRunLoopRunSpecific+0x128
C  [HIToolbox+0x3256f]  RunCurrentEventLoopInMode+0xeb
C  [HIToolbox+0x321ee]  ReceiveNextEventCommon+0xb3
C  [HIToolbox+0x3212b]  _BlockUntilNextEventMatchingListInModeWithFilter+0x47
C  [AppKit+0x918ab]  _DPSNextEvent+0x3d2
C  [AppKit+0x90e58]  -[NSApplication nextEventMatchingMask:untilDate:inMode:dequeue:]+0x15a
C  [libosxapp.dylib+0x23aa]  -[NSApplicationAWT nextEventMatchingMask:untilDate:inMode:dequeue:]+0x7c
C  [AppKit+0x86af3]  -[NSApplication run]+0x252
C  [libosxapp.dylib+0x214d]  +[NSApplicationAWT runAWTLoopWithApp:]+0x9c
C  [libawt_lwawt.dylib+0x44517]  -[AWTStarter starter:]+0x389
C  [Foundation+0x92dd0]  __NSThreadPerformPerform+0x125
C  [CoreFoundation+0x80a01]  __CFRUNLOOP_IS_CALLING_OUT_TO_A_SOURCE0_PERFORM_FUNCTION__+0x11
C  [CoreFoundation+0x72b8d]  __CFRunLoopDoSources0+0x10d
C  [CoreFoundation+0x721bf]  __CFRunLoopRun+0x39f
C  [CoreFoundation+0x71bd8]  CFRunLoopRunSpecific+0x128
C  [java+0x6463]  CreateExecutionEnvironment+0x367
C  [java+0x21ac]  JLI_Launch+0x7a0
C  [java+0x84c0]  main+0x65
C  [java+0x1a04]  start+0x34
C  0x0000000000000007

Java frames: (J=compiled Java code, j=interpreted, Vv=VM code)
j  jogamp.nativewindow.jawt.macosx.MacOSXJAWTWindow.UnsetJAWTRootSurfaceLayer0(JJ)V+0
j  jogamp.nativewindow.jawt.macosx.MacOSXJAWTWindow.access$200(JJ)V+2
j  jogamp.nativewindow.jawt.macosx.MacOSXJAWTWindow$1.run()V+38
J 2037 C1 com.jogamp.common.util.RunnableTask.run()V (345 bytes) @ 0x0000000108ba7054 [0x0000000108ba6ec0+0x194]
v  ~StubRoutines::call_stub

---------------  P R O C E S S  ---------------

Java Threads: ( => current thread )
  0x00007f836230f800 JavaThread "Thread-59" [_thread_blocked, id=67699, stack(0x000000018464f000,0x000000018474f000)]
  0x00007f836a0a0000 JavaThread "Image Fetcher 0" daemon [_thread_blocked, id=66823, stack(0x0000000182c7e000,0x0000000182d7e000)]
  0x00007f836a000000 JavaThread "Keep-Alive-Timer" daemon [_thread_blocked, id=66399, stack(0x0000000182a4b000,0x0000000182b4b000)]
  0x00007f83662eb000 JavaThread "AWT-EventQueue-1" [_thread_in_native, id=60707, stack(0x0000000178f13000,0x0000000179013000)]
  0x00007f836403f000 JavaThread "DestroyJavaVM" [_thread_blocked, id=4867, stack(0x000000010838a000,0x000000010848a000)]
  0x00007f83620fe800 JavaThread "AWT-EventQueue-0" [_thread_blocked, id=58371, stack(0x000000012cc0a000,0x000000012cd0a000)]
  0x00007f83640b8000 JavaThread "Java2D Disposer" daemon [_thread_blocked, id=55319, stack(0x000000012b8e0000,0x000000012b9e0000)]
  0x00007f836486e800 JavaThread "Java2D Queue Flusher" daemon [_thread_blocked, id=53767, stack(0x000000012a85a000,0x000000012a95a000)]
  0x00007f836480c800 JavaThread "AWT-Shutdown" [_thread_blocked, id=30995, stack(0x00000001278c4000,0x00000001279c4000)]
=>0x00007f8362043800 JavaThread "AWT-AppKit" daemon [_thread_in_native, id=1811, stack(0x00007fff59214000,0x00007fff59a14000)]
  0x00007f8363033000 JavaThread "Service Thread" daemon [_thread_blocked, id=20739, stack(0x0000000125de9000,0x0000000125ee9000)]
  0x00007f836502a800 JavaThread "C1 CompilerThread3" daemon [_thread_blocked, id=20227, stack(0x0000000125ce6000,0x0000000125de6000)]
  0x00007f8366001800 JavaThread "C2 CompilerThread2" daemon [_thread_blocked, id=19715, stack(0x0000000125be3000,0x0000000125ce3000)]
  0x00007f8363007800 JavaThread "C2 CompilerThread1" daemon [_thread_blocked, id=19203, stack(0x0000000125ae0000,0x0000000125be0000)]
  0x00007f8363003000 JavaThread "C2 CompilerThread0" daemon [_thread_blocked, id=18691, stack(0x00000001259dd000,0x0000000125add000)]
  0x00007f8363004000 JavaThread "Signal Dispatcher" daemon [_thread_blocked, id=18207, stack(0x00000001258da000,0x00000001259da000)]
  0x00007f8365028000 JavaThread "Finalizer" daemon [_thread_blocked, id=13571, stack(0x0000000123ec8000,0x0000000123fc8000)]
  0x00007f8365027000 JavaThread "Reference Handler" daemon [_thread_blocked, id=13059, stack(0x0000000123dc5000,0x0000000123ec5000)]

Other Threads:
  0x00007f8364030000 VMThread [stack: 0x0000000123cc2000,0x0000000123dc2000] [id=12547]
  0x00007f8363033800 WatcherThread [stack: 0x0000000125eec000,0x0000000125fec000] [id=21251]

VM state:not at safepoint (normal execution)

VM Mutex/Monitor currently owned by a thread: None

Heap:
 PSYoungGen      total 80384K, used 29535K [0x000000076ab00000, 0x0000000770e00000, 0x00000007c0000000)
  eden space 62464K, 29% used [0x000000076ab00000,0x000000076bcdf1a8,0x000000076e800000)
  from space 17920K, 62% used [0x000000076fc80000,0x0000000770778c40,0x0000000770e00000)
  to   space 19456K, 0% used [0x000000076e800000,0x000000076e800000,0x000000076fb00000)
 ParOldGen       total 175104K, used 15714K [0x00000006c0000000, 0x00000006cab00000, 0x000000076ab00000)
  object space 175104K, 8% used [0x00000006c0000000,0x00000006c0f58bc0,0x00000006cab00000)
 Metaspace       used 19424K, capacity 19647K, committed 19968K, reserved 1067008K
  class space    used 1885K, capacity 1982K, committed 2048K, reserved 1048576K

Card table byte_map: [0x000000011784c000,0x000000011804d000] byte_map_base: 0x000000011424c000

Marking Bits: (ParMarkBitMap*) 0x0000000107cdee20
 Begin Bits: [0x0000000118dbb000, 0x000000011cdbb000)
 End Bits:   [0x000000011cdbb000, 0x0000000120dbb000)

Polling page: 0x0000000106345000

CodeCache: size=245760Kb used=8178Kb max_used=8200Kb free=237581Kb
 bounds [0x000000010848c000, 0x0000000108cac000, 0x000000011748c000]
 total_blobs=3131 nmethods=2256 adapters=788
 compilation: enabled

Compilation events (10 events):
Event: 80.992 Thread 0x00007f836502a800 2540       3       sun.java2d.pipe.RenderBuffer::putFloat (26 bytes)
Event: 80.993 Thread 0x00007f836502a800 nmethod 2540 0x00000001088d81d0 code [0x00000001088d8340, 0x00000001088d84d0]
Event: 80.994 Thread 0x00007f836502a800 2541       3       java.lang.Boolean::valueOf (14 bytes)
Event: 80.994 Thread 0x00007f8366001800 2542  s!   4       sun.misc.URLClassPath::getLoader (197 bytes)
Event: 80.994 Thread 0x00007f836502a800 nmethod 2541 0x00000001088e9050 code [0x00000001088e91c0, 0x00000001088e9350]
Event: 80.995 Thread 0x00007f836502a800 2543       3       sun.misc.JarIndex::get (49 bytes)
Event: 80.996 Thread 0x00007f836502a800 nmethod 2543 0x0000000108a124d0 code [0x0000000108a126a0, 0x0000000108a12f18]
Event: 80.996 Thread 0x00007f836502a800 2539       1       sun.java2d.SurfaceData::isValid (5 bytes)
Event: 80.997 Thread 0x00007f836502a800 nmethod 2539 0x0000000108c61850 code [0x0000000108c619a0, 0x0000000108c61ab0]
Event: 81.001 Thread 0x00007f8366001800 nmethod 2542 0x0000000108c82dd0 code [0x0000000108c82f40, 0x0000000108c83718]

GC Heap History (10 events):
Event: 7.867 GC heap before
{Heap before GC invocations=2 (full 0):
 PSYoungGen      total 76288K, used 76261K [0x000000076ab00000, 0x0000000770000000, 0x00000007c0000000)
  eden space 65536K, 100% used [0x000000076ab00000,0x000000076eb00000,0x000000076eb00000)
  from space 10752K, 99% used [0x000000076eb00000,0x000000076f579540,0x000000076f580000)
  to   space 10752K, 0% used [0x000000076f580000,0x000000076f580000,0x0000000770000000)
 ParOldGen       total 175104K, used 2625K [0x00000006c0000000, 0x00000006cab00000, 0x000000076ab00000)
  object space 175104K, 1% used [0x00000006c0000000,0x00000006c02904a8,0x00000006cab00000)
 Metaspace       used 19045K, capacity 19231K, committed 19456K, reserved 1067008K
  class space    used 1876K, capacity 1950K, committed 2048K, reserved 1048576K
Event: 7.878 GC heap after
Heap after GC invocations=2 (full 0):
 PSYoungGen      total 76288K, used 10739K [0x000000076ab00000, 0x0000000770000000, 0x00000007c0000000)
  eden space 65536K, 0% used [0x000000076ab00000,0x000000076ab00000,0x000000076eb00000)
  from space 10752K, 99% used [0x000000076f580000,0x000000076fffcc00,0x0000000770000000)
  to   space 10752K, 0% used [0x000000076eb00000,0x000000076eb00000,0x000000076f580000)
 ParOldGen       total 175104K, used 10118K [0x00000006c0000000, 0x00000006cab00000, 0x000000076ab00000)
  object space 175104K, 5% used [0x00000006c0000000,0x00000006c09e1a70,0x00000006cab00000)
 Metaspace       used 19045K, capacity 19231K, committed 19456K, reserved 1067008K
  class space    used 1876K, capacity 1950K, committed 2048K, reserved 1048576K
}
Event: 20.793 GC heap before
{Heap before GC invocations=3 (full 0):
 PSYoungGen      total 76288K, used 76275K [0x000000076ab00000, 0x0000000770000000, 0x00000007c0000000)
  eden space 65536K, 100% used [0x000000076ab00000,0x000000076eb00000,0x000000076eb00000)
  from space 10752K, 99% used [0x000000076f580000,0x000000076fffcc00,0x0000000770000000)
  to   space 10752K, 0% used [0x000000076eb00000,0x000000076eb00000,0x000000076f580000)
 ParOldGen       total 175104K, used 10118K [0x00000006c0000000, 0x00000006cab00000, 0x000000076ab00000)
  object space 175104K, 5% used [0x00000006c0000000,0x00000006c09e1a70,0x00000006cab00000)
 Metaspace       used 19370K, capacity 19551K, committed 19712K, reserved 1067008K
  class space    used 1876K, capacity 1950K, committed 2048K, reserved 1048576K
Event: 20.800 GC heap after
Heap after GC invocations=3 (full 0):
 PSYoungGen      total 76288K, used 10739K [0x000000076ab00000, 0x0000000770000000, 0x00000007c0000000)
  eden space 65536K, 0% used [0x000000076ab00000,0x000000076ab00000,0x000000076eb00000)
  from space 10752K, 99% used [0x000000076eb00000,0x000000076f57cc50,0x000000076f580000)
  to   space 10752K, 0% used [0x000000076f580000,0x000000076f580000,0x0000000770000000)
 ParOldGen       total 175104K, used 14906K [0x00000006c0000000, 0x00000006cab00000, 0x000000076ab00000)
  object space 175104K, 8% used [0x00000006c0000000,0x00000006c0e8eb90,0x00000006cab00000)
 Metaspace       used 19370K, capacity 19551K, committed 19712K, reserved 1067008K
  class space    used 1876K, capacity 1950K, committed 2048K, reserved 1048576K
}
Event: 38.219 GC heap before
{Heap before GC invocations=4 (full 0):
 PSYoungGen      total 76288K, used 76275K [0x000000076ab00000, 0x0000000770000000, 0x00000007c0000000)
  eden space 65536K, 100% used [0x000000076ab00000,0x000000076eb00000,0x000000076eb00000)
  from space 10752K, 99% used [0x000000076eb00000,0x000000076f57cc50,0x000000076f580000)
  to   space 10752K, 0% used [0x000000076f580000,0x000000076f580000,0x0000000770000000)
 ParOldGen       total 175104K, used 14906K [0x00000006c0000000, 0x00000006cab00000, 0x000000076ab00000)
  object space 175104K, 8% used [0x00000006c0000000,0x00000006c0e8eb90,0x00000006cab00000)
 Metaspace       used 19380K, capacity 19551K, committed 19712K, reserved 1067008K
  class space    used 1876K, capacity 1950K, committed 2048K, reserved 1048576K
Event: 38.224 GC heap after
Heap after GC invocations=4 (full 0):
 PSYoungGen      total 76288K, used 10739K [0x000000076ab00000, 0x0000000770000000, 0x00000007c0000000)
  eden space 65536K, 0% used [0x000000076ab00000,0x000000076ab00000,0x000000076eb00000)
  from space 10752K, 99% used [0x000000076f580000,0x000000076fffcc00,0x0000000770000000)
  to   space 10752K, 0% used [0x000000076eb00000,0x000000076eb00000,0x000000076f580000)
 ParOldGen       total 175104K, used 15450K [0x00000006c0000000, 0x00000006cab00000, 0x000000076ab00000)
  object space 175104K, 8% used [0x00000006c0000000,0x00000006c0f16bb0,0x00000006cab00000)
 Metaspace       used 19380K, capacity 19551K, committed 19712K, reserved 1067008K
  class space    used 1876K, capacity 1950K, committed 2048K, reserved 1048576K
}
Event: 58.172 GC heap before
{Heap before GC invocations=5 (full 0):
 PSYoungGen      total 76288K, used 76275K [0x000000076ab00000, 0x0000000770000000, 0x00000007c0000000)
  eden space 65536K, 100% used [0x000000076ab00000,0x000000076eb00000,0x000000076eb00000)
  from space 10752K, 99% used [0x000000076f580000,0x000000076fffcc00,0x0000000770000000)
  to   space 10752K, 0% used [0x000000076eb00000,0x000000076eb00000,0x000000076f580000)
 ParOldGen       total 175104K, used 15450K [0x00000006c0000000, 0x00000006cab00000, 0x000000076ab00000)
  object space 175104K, 8% used [0x00000006c0000000,0x00000006c0f16bb0,0x00000006cab00000)
 Metaspace       used 19381K, capacity 19551K, committed 19712K, reserved 1067008K
  class space    used 1877K, capacity 1950K, committed 2048K, reserved 1048576K
Event: 58.180 GC heap after
Heap after GC invocations=5 (full 0):
 PSYoungGen      total 74752K, used 10546K [0x000000076ab00000, 0x0000000770f80000, 0x00000007c0000000)
  eden space 64000K, 0% used [0x000000076ab00000,0x000000076ab00000,0x000000076e980000)
  from space 10752K, 98% used [0x000000076eb00000,0x000000076f54cbf0,0x000000076f580000)
  to   space 19456K, 0% used [0x000000076fc80000,0x000000076fc80000,0x0000000770f80000)
 ParOldGen       total 175104K, used 15706K [0x00000006c0000000, 0x00000006cab00000, 0x000000076ab00000)
  object space 175104K, 8% used [0x00000006c0000000,0x00000006c0f56bc0,0x00000006cab00000)
 Metaspace       used 19381K, capacity 19551K, committed 19712K, reserved 1067008K
  class space    used 1877K, capacity 1950K, committed 2048K, reserved 1048576K
}
Event: 77.059 GC heap before
{Heap before GC invocations=6 (full 0):
 PSYoungGen      total 74752K, used 74546K [0x000000076ab00000, 0x0000000770f80000, 0x00000007c0000000)
  eden space 64000K, 100% used [0x000000076ab00000,0x000000076e980000,0x000000076e980000)
  from space 10752K, 98% used [0x000000076eb00000,0x000000076f54cbf0,0x000000076f580000)
  to   space 19456K, 0% used [0x000000076fc80000,0x000000076fc80000,0x0000000770f80000)
 ParOldGen       total 175104K, used 15706K [0x00000006c0000000, 0x00000006cab00000, 0x000000076ab00000)
  object space 175104K, 8% used [0x00000006c0000000,0x00000006c0f56bc0,0x00000006cab00000)
 Metaspace       used 19383K, capacity 19551K, committed 19712K, reserved 1067008K
  class space    used 1877K, capacity 1950K, committed 2048K, reserved 1048576K
Event: 77.068 GC heap after
Heap after GC invocations=6 (full 0):
 PSYoungGen      total 80384K, used 11235K [0x000000076ab00000, 0x0000000770e00000, 0x00000007c0000000)
  eden space 62464K, 0% used [0x000000076ab00000,0x000000076ab00000,0x000000076e800000)
  from space 17920K, 62% used [0x000000076fc80000,0x0000000770778c40,0x0000000770e00000)
  to   space 19456K, 0% used [0x000000076e800000,0x000000076e800000,0x000000076fb00000)
 ParOldGen       total 175104K, used 15714K [0x00000006c0000000, 0x00000006cab00000, 0x000000076ab00000)
  object space 175104K, 8% used [0x00000006c0000000,0x00000006c0f58bc0,0x00000006cab00000)
 Metaspace       used 19383K, capacity 19551K, committed 19712K, reserved 1067008K
  class space    used 1877K, capacity 1950K, committed 2048K, reserved 1048576K
}

Deoptimization events (10 events):
Event: 80.959 Thread 0x00007f83662eb000 Uncommon trap: reason=unstable_if action=reinterpret pc=0x00000001089b51a8 method=com.jogamp.common.util.VersionNumber.compareTo(Lcom/jogamp/common/util/VersionNumber;)I @ 21
Event: 80.960 Thread 0x00007f83620fe800 Uncommon trap: reason=unstable_if action=reinterpret pc=0x0000000108909de4 method=sun.lwawt.LWContainerPeer.cutChildren(Lsun/java2d/pipe/Region;Lsun/lwawt/LWComponentPeer;)Lsun/java2d/pipe/Region; @ 67
Event: 80.960 Thread 0x00007f83620fe800 Uncommon trap: reason=unstable_if action=reinterpret pc=0x000000010881288c method=java.lang.Math.round(D)J @ 31
Event: 80.960 Thread 0x00007f83620fe800 Uncommon trap: reason=unstable_if action=reinterpret pc=0x00000001088d406c method=sun.java2d.SunGraphics2D.validateCompClip()V @ 9
Event: 80.960 Thread 0x00007f83662eb000 Uncommon trap: reason=unstable_if action=reinterpret pc=0x0000000108c851f0 method=java.awt.EventQueue.getPriority(Ljava/awt/AWTEvent;)I @ 22
Event: 80.960 Thread 0x00007f83662eb000 Uncommon trap: reason=unstable_if action=reinterpret pc=0x0000000108c5a624 method=java.awt.EventQueue.uncacheEQItem(Lsun/awt/EventQueueItem;)V @ 23
Event: 80.991 Thread 0x00007f83620d2000 Uncommon trap: reason=unstable_if action=reinterpret pc=0x000000010888e060 method=java.util.HashMap.putVal(ILjava/lang/Object;Ljava/lang/Object;ZZ)Ljava/lang/Object; @ 81
Event: 80.991 Thread 0x00007f83620d2000 Uncommon trap: reason=unstable_if action=reinterpret pc=0x000000010888cdfc method=java.util.HashMap.putVal(ILjava/lang/Object;Ljava/lang/Object;ZZ)Ljava/lang/Object; @ 81
Event: 81.003 Thread 0x00007f83662eb000 Uncommon trap: reason=unstable_if action=reinterpret pc=0x000000010882bfc4 method=java.util.LinkedList$ListItr.<init>(Ljava/util/LinkedList;I)V @ 26
Event: 81.004 Thread 0x00007f83662eb000 Uncommon trap: reason=unstable_if action=reinterpret pc=0x0000000108ba1714 method=java.security.AccessControlContext.optimize()Ljava/security/AccessControlContext; @ 233

Internal exceptions (10 events):
Event: 0.135 Thread 0x00007f8364801800 Exception <a 'java/lang/NoSuchFieldError': method resolution failed> (0x000000076aefc618) thrown at [/Users/java_re/workspace/8-2-build-macosx-x86_64/jdk8u60/4407/hotspot/src/share/vm/prims/methodHandles.cpp, line 1146]
Event: 0.267 Thread 0x00007f8364801800 Exception <a 'java/io/FileNotFoundException'> (0x000000076af78408) thrown at [/Users/java_re/workspace/8-2-build-macosx-x86_64/jdk8u60/4407/hotspot/src/share/vm/prims/jni.cpp, line 709]
Event: 0.267 Thread 0x00007f8364801800 Exception <a 'java/io/FileNotFoundException'> (0x000000076af78f70) thrown at [/Users/java_re/workspace/8-2-build-macosx-x86_64/jdk8u60/4407/hotspot/src/share/vm/prims/jni.cpp, line 709]
Event: 0.340 Thread 0x00007f8364801800 Exception <a 'java/io/FileNotFoundException'> (0x000000076b010ea0) thrown at [/Users/java_re/workspace/8-2-build-macosx-x86_64/jdk8u60/4407/hotspot/src/share/vm/prims/jni.cpp, line 709]
Event: 1.298 Thread 0x00007f83662bf000 Exception <a 'java/lang/UnsatisfiedLinkError': com.jogamp.common.util.JarUtil.fixNativeLibAttribs(Ljava/lang/String;)Z> (0x000000076c6612a0) thrown at [/Users/java_re/workspace/8-2-build-macosx-x86_64/jdk8u60/4407/hotspot/src/share/vm/prims/nativeLookup.c
Event: 1.953 Thread 0x00007f83662eb000 Exception <a 'java/io/FileNotFoundException'> (0x000000076d9947d8) thrown at [/Users/java_re/workspace/8-2-build-macosx-x86_64/jdk8u60/4407/hotspot/src/share/vm/prims/jni.cpp, line 709]
Event: 1.953 Thread 0x00007f83662eb000 Exception <a 'java/io/FileNotFoundException'> (0x000000076d99b648) thrown at [/Users/java_re/workspace/8-2-build-macosx-x86_64/jdk8u60/4407/hotspot/src/share/vm/prims/jni.cpp, line 709]
Event: 1.954 Thread 0x00007f83662eb000 Implicit null exception at 0x000000010862e1b5 to 0x000000010862e519
Event: 2.343 Thread 0x00007f8365028000 Exception <a 'java/lang/NullPointerException'> (0x000000076ad0ebc0) thrown at [/Users/java_re/workspace/8-2-build-macosx-x86_64/jdk8u60/4407/hotspot/src/share/vm/interpreter/linkResolver.cpp, line 1178]
Event: 79.740 Thread 0x00007f83662eb000 Implicit null exception at 0x0000000108c6702c to 0x0000000108c6b5b5

Events (10 events):
Event: 81.003 Thread 0x00007f83662eb000 DEOPT UNPACKING pc=0x0000000108491229 sp=0x0000000179010958 mode 2
Event: 81.004 Thread 0x00007f83662eb000 Uncommon trap: trap_request=0xffffff65 fr.pc=0x0000000108ba1714
Event: 81.004 Thread 0x00007f83662eb000 DEOPT PACKING pc=0x0000000108ba1714 sp=0x00000001790109c0
Event: 81.004 Thread 0x00007f83662eb000 DEOPT UNPACKING pc=0x0000000108491229 sp=0x0000000179010990 mode 2
Event: 81.004 loading class java/awt/LightweightDispatcher$2
Event: 81.004 loading class java/awt/LightweightDispatcher$2 done
Event: 81.004 loading class java/awt/event/AWTEventListenerProxy
Event: 81.004 loading class java/awt/event/AWTEventListenerProxy done
Event: 81.004 Executing VM operation: Deoptimize
Event: 81.004 Executing VM operation: Deoptimize done


Dynamic libraries:
0x0000000003bf4000 	/System/Library/Frameworks/Cocoa.framework/Versions/A/Cocoa
0x0000000003bf4000 	/System/Library/Frameworks/Security.framework/Versions/A/Security
0x0000000003bf4000 	/System/Library/Frameworks/ApplicationServices.framework/Versions/A/ApplicationServices
0x0000000003bf4000 	/usr/lib/libz.1.dylib
0x0000000003bf4000 	/usr/lib/libSystem.B.dylib
0x0000000003bf4000 	/usr/lib/libobjc.A.dylib
0x0000000003bf4000 	/System/Library/Frameworks/CoreFoundation.framework/Versions/A/CoreFoundation
0x0000000003bf4000 	/System/Library/Frameworks/Foundation.framework/Versions/C/Foundation
0x0000000003bf4000 	/System/Library/Frameworks/AppKit.framework/Versions/C/AppKit
0x0000000003bf4000 	/System/Library/Frameworks/CoreData.framework/Versions/A/CoreData
0x0000000003bf4000 	/System/Library/PrivateFrameworks/RemoteViewServices.framework/Versions/A/RemoteViewServices
0x0000000003bf4000 	/System/Library/PrivateFrameworks/UIFoundation.framework/Versions/A/UIFoundation
0x0000000003bf4000 	/System/Library/Frameworks/IOSurface.framework/Versions/A/IOSurface
0x0000000003bf4000 	/System/Library/Frameworks/AudioToolbox.framework/Versions/A/AudioToolbox
0x0000000003bf4000 	/System/Library/Frameworks/AudioUnit.framework/Versions/A/AudioUnit
0x0000000003bf4000 	/System/Library/PrivateFrameworks/DataDetectorsCore.framework/Versions/A/DataDetectorsCore
0x0000000003bf4000 	/System/Library/PrivateFrameworks/DesktopServicesPriv.framework/Versions/A/DesktopServicesPriv
0x0000000003bf4000 	/System/Library/Frameworks/Carbon.framework/Versions/A/Frameworks/HIToolbox.framework/Versions/A/HIToolbox
0x0000000003bf4000 	/System/Library/Frameworks/QuartzCore.framework/Versions/A/QuartzCore
0x0000000003bf4000 	/System/Library/Frameworks/Carbon.framework/Versions/A/Frameworks/SpeechRecognition.framework/Versions/A/SpeechRecognition
0x0000000003bf4000 	/usr/lib/libauto.dylib
0x0000000003bf4000 	/usr/lib/libicucore.A.dylib
0x0000000003bf4000 	/usr/lib/libxml2.2.dylib
0x0000000003bf4000 	/System/Library/PrivateFrameworks/CoreUI.framework/Versions/A/CoreUI
0x0000000003bf4000 	/System/Library/Frameworks/CoreAudio.framework/Versions/A/CoreAudio
0x0000000003bf4000 	/System/Library/Frameworks/DiskArbitration.framework/Versions/A/DiskArbitration
0x0000000003bf4000 	/usr/lib/liblangid.dylib
0x0000000003bf4000 	/System/Library/PrivateFrameworks/MultitouchSupport.framework/Versions/A/MultitouchSupport
0x0000000003bf4000 	/System/Library/Frameworks/IOKit.framework/Versions/A/IOKit
0x0000000003bf4000 	/usr/lib/libDiagnosticMessagesClient.dylib
0x0000000003bf4000 	/System/Library/Frameworks/CoreServices.framework/Versions/A/CoreServices
0x0000000003bf4000 	/System/Library/PrivateFrameworks/PerformanceAnalysis.framework/Versions/A/PerformanceAnalysis
0x0000000003bf4000 	/System/Library/PrivateFrameworks/GenerationalStorage.framework/Versions/A/GenerationalStorage
0x0000000003bf4000 	/System/Library/Frameworks/OpenGL.framework/Versions/A/OpenGL
0x0000000003bf4000 	/System/Library/PrivateFrameworks/Sharing.framework/Versions/A/Sharing
0x0000000003bf4000 	/System/Library/Frameworks/CoreGraphics.framework/Versions/A/CoreGraphics
0x0000000003bf4000 	/System/Library/Frameworks/CoreText.framework/Versions/A/CoreText
0x0000000003bf4000 	/System/Library/Frameworks/ImageIO.framework/Versions/A/ImageIO
0x0000000003bf4000 	/usr/lib/libextension.dylib
0x0000000003bf4000 	/System/Library/PrivateFrameworks/Backup.framework/Versions/A/Backup
0x0000000003bf4000 	/usr/lib/libarchive.2.dylib
0x0000000003bf4000 	/System/Library/Frameworks/CFNetwork.framework/Versions/A/CFNetwork
0x0000000003bf4000 	/System/Library/Frameworks/SystemConfiguration.framework/Versions/A/SystemConfiguration
0x0000000003bf4000 	/usr/lib/libCRFSuite.dylib
0x0000000003bf4000 	/usr/lib/libc++.1.dylib
0x0000000003bf4000 	/usr/lib/libc++abi.dylib
0x0000000003bf4000 	/usr/lib/system/libcache.dylib
0x0000000003bf4000 	/usr/lib/system/libcommonCrypto.dylib
0x0000000003bf4000 	/usr/lib/system/libcompiler_rt.dylib
0x0000000003bf4000 	/usr/lib/system/libcopyfile.dylib
0x0000000003bf4000 	/usr/lib/system/libcorecrypto.dylib
0x0000000003bf4000 	/usr/lib/system/libdispatch.dylib
0x0000000003bf4000 	/usr/lib/system/libdyld.dylib
0x0000000003bf4000 	/usr/lib/system/libkeymgr.dylib
0x0000000003bf4000 	/usr/lib/system/liblaunch.dylib
0x0000000003bf4000 	/usr/lib/system/libmacho.dylib
0x0000000003bf4000 	/usr/lib/system/libquarantine.dylib
0x0000000003bf4000 	/usr/lib/system/libremovefile.dylib
0x0000000003bf4000 	/usr/lib/system/libsystem_asl.dylib
0x0000000003bf4000 	/usr/lib/system/libsystem_blocks.dylib
0x0000000003bf4000 	/usr/lib/system/libsystem_c.dylib
0x0000000003bf4000 	/usr/lib/system/libsystem_configuration.dylib
0x0000000003bf4000 	/usr/lib/system/libsystem_coreservices.dylib
0x0000000003bf4000 	/usr/lib/system/libsystem_coretls.dylib
0x0000000003bf4000 	/usr/lib/system/libsystem_dnssd.dylib
0x0000000003bf4000 	/usr/lib/system/libsystem_info.dylib
0x0000000003bf4000 	/usr/lib/system/libsystem_kernel.dylib
0x0000000003bf4000 	/usr/lib/system/libsystem_m.dylib
0x0000000003bf4000 	/usr/lib/system/libsystem_malloc.dylib
0x0000000003bf4000 	/usr/lib/system/libsystem_network.dylib
0x0000000003bf4000 	/usr/lib/system/libsystem_networkextension.dylib
0x0000000003bf4000 	/usr/lib/system/libsystem_notify.dylib
0x0000000003bf4000 	/usr/lib/system/libsystem_platform.dylib
0x0000000003bf4000 	/usr/lib/system/libsystem_pthread.dylib
0x0000000003bf4000 	/usr/lib/system/libsystem_sandbox.dylib
0x0000000003bf4000 	/usr/lib/system/libsystem_secinit.dylib
0x0000000003bf4000 	/usr/lib/system/libsystem_stats.dylib
0x0000000003bf4000 	/usr/lib/system/libsystem_trace.dylib
0x0000000003bf4000 	/usr/lib/system/libunc.dylib
0x0000000003bf4000 	/usr/lib/system/libunwind.dylib
0x0000000003bf4000 	/usr/lib/system/libxpc.dylib
0x0000000003bf4000 	/usr/lib/libbz2.1.0.dylib
0x0000000003bf4000 	/usr/lib/liblzma.5.dylib
0x0000000003bf4000 	/usr/lib/libbsm.0.dylib
0x0000000003bf4000 	/usr/lib/libsqlite3.dylib
0x0000000003bf4000 	/usr/lib/system/libkxld.dylib
0x0000000003bf4000 	/usr/lib/libxar.1.dylib
0x0000000003bf4000 	/usr/lib/libpam.2.dylib
0x0000000003bf4000 	/usr/lib/libOpenScriptingUtil.dylib
0x0000000003bf4000 	/System/Library/Frameworks/CoreServices.framework/Versions/A/Frameworks/FSEvents.framework/Versions/A/FSEvents
0x0000000003bf4000 	/System/Library/Frameworks/CoreServices.framework/Versions/A/Frameworks/CarbonCore.framework/Versions/A/CarbonCore
0x0000000003bf4000 	/System/Library/Frameworks/CoreServices.framework/Versions/A/Frameworks/Metadata.framework/Versions/A/Metadata
0x0000000003bf4000 	/System/Library/Frameworks/CoreServices.framework/Versions/A/Frameworks/OSServices.framework/Versions/A/OSServices
0x0000000003bf4000 	/System/Library/Frameworks/CoreServices.framework/Versions/A/Frameworks/SearchKit.framework/Versions/A/SearchKit
0x0000000003bf4000 	/System/Library/Frameworks/CoreServices.framework/Versions/A/Frameworks/AE.framework/Versions/A/AE
0x0000000003bf4000 	/System/Library/Frameworks/CoreServices.framework/Versions/A/Frameworks/LaunchServices.framework/Versions/A/LaunchServices
0x0000000003bf4000 	/System/Library/Frameworks/CoreServices.framework/Versions/A/Frameworks/DictionaryServices.framework/Versions/A/DictionaryServices
0x0000000003bf4000 	/System/Library/Frameworks/NetFS.framework/Versions/A/NetFS
0x0000000003bf4000 	/System/Library/PrivateFrameworks/NetAuth.framework/Versions/A/NetAuth
0x0000000003bf4000 	/System/Library/PrivateFrameworks/login.framework/Versions/A/Frameworks/loginsupport.framework/Versions/A/loginsupport
0x0000000003bf4000 	/System/Library/PrivateFrameworks/TCC.framework/Versions/A/TCC
0x0000000003bf4000 	/usr/lib/libmecabra.dylib
0x0000000003bf4000 	/System/Library/Frameworks/ApplicationServices.framework/Versions/A/Frameworks/ATS.framework/Versions/A/ATS
0x0000000003bf4000 	/System/Library/Frameworks/ApplicationServices.framework/Versions/A/Frameworks/ColorSync.framework/Versions/A/ColorSync
0x0000000003bf4000 	/System/Library/Frameworks/ApplicationServices.framework/Versions/A/Frameworks/HIServices.framework/Versions/A/HIServices
0x0000000003bf4000 	/System/Library/Frameworks/ApplicationServices.framework/Versions/A/Frameworks/LangAnalysis.framework/Versions/A/LangAnalysis
0x0000000003bf4000 	/System/Library/Frameworks/ApplicationServices.framework/Versions/A/Frameworks/PrintCore.framework/Versions/A/PrintCore
0x0000000003bf4000 	/System/Library/Frameworks/ApplicationServices.framework/Versions/A/Frameworks/QD.framework/Versions/A/QD
0x0000000003bf4000 	/System/Library/Frameworks/ApplicationServices.framework/Versions/A/Frameworks/SpeechSynthesis.framework/Versions/A/SpeechSynthesis
0x0000000003bf4000 	/System/Library/Frameworks/Accelerate.framework/Versions/A/Accelerate
0x0000000003bf4000 	/System/Library/Frameworks/Accelerate.framework/Versions/A/Frameworks/vImage.framework/Versions/A/vImage
0x0000000003bf4000 	/System/Library/Frameworks/Accelerate.framework/Versions/A/Frameworks/vecLib.framework/Versions/A/vecLib
0x0000000003bf4000 	/System/Library/Frameworks/Accelerate.framework/Versions/A/Frameworks/vecLib.framework/Versions/A/libvDSP.dylib
0x0000000003bf4000 	/System/Library/Frameworks/Accelerate.framework/Versions/A/Frameworks/vecLib.framework/Versions/A/libvMisc.dylib
0x0000000003bf4000 	/System/Library/Frameworks/Accelerate.framework/Versions/A/Frameworks/vecLib.framework/Versions/A/libLAPACK.dylib
0x0000000003bf4000 	/System/Library/Frameworks/Accelerate.framework/Versions/A/Frameworks/vecLib.framework/Versions/A/libBLAS.dylib
0x0000000003bf4000 	/System/Library/Frameworks/Accelerate.framework/Versions/A/Frameworks/vecLib.framework/Versions/A/libLinearAlgebra.dylib
0x0000000003bf4000 	/System/Library/Frameworks/ApplicationServices.framework/Versions/A/Frameworks/ATS.framework/Versions/A/Resources/libFontParser.dylib
0x0000000003bf4000 	/System/Library/Frameworks/ApplicationServices.framework/Versions/A/Frameworks/ATS.framework/Versions/A/Resources/libFontRegistry.dylib
0x0000000003bf4000 	/System/Library/PrivateFrameworks/AppleVPA.framework/Versions/A/AppleVPA
0x0000000003bf4000 	/System/Library/PrivateFrameworks/AppleJPEG.framework/Versions/A/AppleJPEG
0x0000000003bf4000 	/System/Library/Frameworks/ImageIO.framework/Versions/A/Resources/libJPEG.dylib
0x0000000003bf4000 	/System/Library/Frameworks/ImageIO.framework/Versions/A/Resources/libTIFF.dylib
0x0000000003bf4000 	/System/Library/Frameworks/ImageIO.framework/Versions/A/Resources/libPng.dylib
0x0000000003bf4000 	/System/Library/Frameworks/ImageIO.framework/Versions/A/Resources/libGIF.dylib
0x0000000003bf4000 	/System/Library/Frameworks/ImageIO.framework/Versions/A/Resources/libJP2.dylib
0x0000000003bf4000 	/System/Library/Frameworks/ImageIO.framework/Versions/A/Resources/libRadiance.dylib
0x0000000003bf4000 	/System/Library/Frameworks/CoreVideo.framework/Versions/A/CoreVideo
0x0000000003bf4000 	/System/Library/Frameworks/OpenGL.framework/Versions/A/Libraries/libGLU.dylib
0x0000000003bf4000 	/System/Library/Frameworks/OpenGL.framework/Versions/A/Libraries/libGFXShared.dylib
0x0000000003bf4000 	/System/Library/Frameworks/OpenGL.framework/Versions/A/Libraries/libGL.dylib
0x0000000003bf4000 	/System/Library/Frameworks/OpenGL.framework/Versions/A/Libraries/libGLImage.dylib
0x0000000003bf4000 	/System/Library/Frameworks/OpenGL.framework/Versions/A/Libraries/libCVMSPluginSupport.dylib
0x0000000003bf4000 	/System/Library/Frameworks/OpenGL.framework/Versions/A/Libraries/libCoreVMClient.dylib
0x0000000003bf4000 	/usr/lib/libcups.2.dylib
0x0000000003bf4000 	/System/Library/Frameworks/Kerberos.framework/Versions/A/Kerberos
0x0000000003bf4000 	/System/Library/Frameworks/GSS.framework/Versions/A/GSS
0x0000000003bf4000 	/usr/lib/libresolv.9.dylib
0x0000000003bf4000 	/usr/lib/libiconv.2.dylib
0x0000000003bf4000 	/System/Library/PrivateFrameworks/Heimdal.framework/Versions/A/Heimdal
0x0000000003bf4000 	/usr/lib/libheimdal-asn1.dylib
0x0000000003bf4000 	/System/Library/Frameworks/OpenDirectory.framework/Versions/A/OpenDirectory
0x0000000003bf4000 	/System/Library/PrivateFrameworks/CommonAuth.framework/Versions/A/CommonAuth
0x0000000003bf4000 	/System/Library/Frameworks/OpenDirectory.framework/Versions/A/Frameworks/CFOpenDirectory.framework/Versions/A/CFOpenDirectory
0x0000000003bf4000 	/System/Library/Frameworks/SecurityFoundation.framework/Versions/A/SecurityFoundation
0x0000000003bf4000 	/System/Library/PrivateFrameworks/LanguageModeling.framework/Versions/A/LanguageModeling
0x0000000003bf4000 	/usr/lib/libcmph.dylib
0x0000000003bf4000 	/System/Library/Frameworks/ServiceManagement.framework/Versions/A/ServiceManagement
0x0000000003bf4000 	/usr/lib/libxslt.1.dylib
0x0000000003bf4000 	/System/Library/Frameworks/Carbon.framework/Versions/A/Frameworks/Ink.framework/Versions/A/Ink
0x0000000003bf4000 	/System/Library/Frameworks/QuartzCore.framework/Versions/A/Frameworks/CoreImage.framework/Versions/A/CoreImage
0x0000000003bf4000 	/System/Library/PrivateFrameworks/CrashReporterSupport.framework/Versions/A/CrashReporterSupport
0x0000000003bf4000 	/System/Library/Frameworks/OpenCL.framework/Versions/A/OpenCL
0x0000000003bf4000 	/System/Library/PrivateFrameworks/FaceCore.framework/Versions/A/FaceCore
0x0000000003bf4000 	/System/Library/PrivateFrameworks/Ubiquity.framework/Versions/A/Ubiquity
0x0000000003bf4000 	/System/Library/PrivateFrameworks/IconServices.framework/Versions/A/IconServices
0x0000000003bf4000 	/System/Library/PrivateFrameworks/ChunkingLibrary.framework/Versions/A/ChunkingLibrary
0x0000000003bf4000 	/System/Library/PrivateFrameworks/Apple80211.framework/Versions/A/Apple80211
0x0000000003bf4000 	/System/Library/Frameworks/CoreWLAN.framework/Versions/A/CoreWLAN
0x0000000003bf4000 	/System/Library/Frameworks/IOBluetooth.framework/Versions/A/IOBluetooth
0x0000000003bf4000 	/System/Library/PrivateFrameworks/CoreWiFi.framework/Versions/A/CoreWiFi
0x0000000003bf4000 	/System/Library/Frameworks/CoreBluetooth.framework/Versions/A/CoreBluetooth
0x0000000003bf4000 	/System/Library/PrivateFrameworks/DebugSymbols.framework/Versions/A/DebugSymbols
0x0000000003bf4000 	/System/Library/PrivateFrameworks/CoreSymbolication.framework/Versions/A/CoreSymbolication
0x0000000003bf4000 	/System/Library/PrivateFrameworks/Symbolication.framework/Versions/A/Symbolication
0x0000000003bf4000 	/System/Library/PrivateFrameworks/SpeechRecognitionCore.framework/Versions/A/SpeechRecognitionCore
0x0000000107400000 	/Library/Java/JavaVirtualMachines/jdk1.8.0_60.jdk/Contents/Home/jre/lib/server/libjvm.dylib
0x0000000003bf4000 	/usr/lib/libstdc++.6.dylib
0x0000000106302000 	/Library/Java/JavaVirtualMachines/jdk1.8.0_60.jdk/Contents/Home/jre/lib/libverify.dylib
0x0000000106310000 	/Library/Java/JavaVirtualMachines/jdk1.8.0_60.jdk/Contents/Home/jre/lib/libjava.dylib
0x000000010634f000 	/Library/Java/JavaVirtualMachines/jdk1.8.0_60.jdk/Contents/Home/jre/lib/libzip.dylib
0x0000000123fca000 	/System/Library/Frameworks/JavaVM.framework/Frameworks/JavaRuntimeSupport.framework/JavaRuntimeSupport
0x0000000123fe0000 	/System/Library/Frameworks/JavaVM.framework/Versions/A/Frameworks/JavaNativeFoundation.framework/Versions/A/JavaNativeFoundation
0x00000001063f1000 	/System/Library/Frameworks/JavaVM.framework/Versions/A/JavaVM
0x0000000003bf4000 	/System/Library/Frameworks/Carbon.framework/Versions/A/Carbon
0x0000000123ff4000 	/System/Library/PrivateFrameworks/JavaLaunching.framework/Versions/A/JavaLaunching
0x0000000003bf4000 	/System/Library/Frameworks/Carbon.framework/Versions/A/Frameworks/CommonPanels.framework/Versions/A/CommonPanels
0x0000000003bf4000 	/System/Library/Frameworks/Carbon.framework/Versions/A/Frameworks/Help.framework/Versions/A/Help
0x0000000003bf4000 	/System/Library/Frameworks/Carbon.framework/Versions/A/Frameworks/ImageCapture.framework/Versions/A/ImageCapture
0x0000000003bf4000 	/System/Library/Frameworks/Carbon.framework/Versions/A/Frameworks/OpenScripting.framework/Versions/A/OpenScripting
0x0000000003bf4000 	/System/Library/Frameworks/Carbon.framework/Versions/A/Frameworks/Print.framework/Versions/A/Print
0x0000000003bf4000 	/System/Library/Frameworks/Carbon.framework/Versions/A/Frameworks/SecurityHI.framework/Versions/A/SecurityHI
0x0000000125ff0000 	/Library/Java/JavaVirtualMachines/jdk1.8.0_60.jdk/Contents/Home/jre/lib/libawt.dylib
0x0000000126098000 	/Library/Java/JavaVirtualMachines/jdk1.8.0_60.jdk/Contents/Home/jre/lib/./libmlib_image.dylib
0x0000000126164000 	/Library/Java/JavaVirtualMachines/jdk1.8.0_60.jdk/Contents/Home/jre/lib/libawt_lwawt.dylib
0x0000000126219000 	/Library/Java/JavaVirtualMachines/jdk1.8.0_60.jdk/Contents/Home/jre/lib/./libosxapp.dylib
0x0000000003bf4000 	/System/Library/Frameworks/ExceptionHandling.framework/Versions/A/ExceptionHandling
0x0000000003bf4000 	/System/Library/PrivateFrameworks/CoreServicesInternal.framework/Versions/A/CoreServicesInternal
0x0000000003bf4000 	/System/Library/PrivateFrameworks/CloudDocs.framework/Versions/A/CloudDocs
0x0000000003bf4000 	/System/Library/PrivateFrameworks/CoreDuet.framework/Versions/A/CoreDuet
0x0000000003bf4000 	/System/Library/Frameworks/CloudKit.framework/Versions/A/CloudKit
0x0000000003bf4000 	/System/Library/PrivateFrameworks/ProtocolBuffer.framework/Versions/A/ProtocolBuffer
0x0000000003bf4000 	/System/Library/PrivateFrameworks/CoreDuetDaemonProtocol.framework/Versions/A/CoreDuetDaemonProtocol
0x0000000003bf4000 	/System/Library/PrivateFrameworks/CoreDuetDebugLogging.framework/Versions/A/CoreDuetDebugLogging
0x0000000003bf4000 	/System/Library/PrivateFrameworks/MMCS.framework/Versions/A/MMCS
0x0000000003bf4000 	/System/Library/Frameworks/CoreLocation.framework/Versions/A/CoreLocation
0x0000000003bf4000 	/System/Library/PrivateFrameworks/ProtectedCloudStorage.framework/Versions/A/ProtectedCloudStorage
0x0000000003bf4000 	/System/Library/PrivateFrameworks/GeoServices.framework/Versions/A/GeoServices
0x0000000003bf4000 	/System/Library/Frameworks/CoreGraphics.framework/Versions/A/Resources/libCGCMS.A.dylib
0x0000000003bf4000 	/System/Library/Frameworks/CoreGraphics.framework/Versions/A/Resources/libRIP.A.dylib
0x0000000003bf4000 	/System/Library/Frameworks/CoreGraphics.framework/Versions/A/Resources/libCGXType.A.dylib
0x0000000003bf4000 	/System/Library/Frameworks/OpenCL.framework/Versions/A/Libraries/libcldcpuengine.dylib
0x0000000003bf4000 	/System/Library/PrivateFrameworks/DiskImages.framework/Versions/A/DiskImages
0x0000000003bf4000 	/System/Library/Frameworks/DiscRecording.framework/Versions/A/DiscRecording
0x0000000003bf4000 	/usr/lib/libcsfde.dylib
0x0000000003bf4000 	/usr/lib/libcurl.4.dylib
0x0000000003bf4000 	/System/Library/PrivateFrameworks/MediaKit.framework/Versions/A/MediaKit
0x0000000003bf4000 	/usr/lib/libCoreStorage.dylib
0x0000000003bf4000 	/System/Library/PrivateFrameworks/EFILogin.framework/Versions/A/EFILogin
0x0000000003bf4000 	/usr/lib/libutil.dylib
0x0000000003bf4000 	/System/Library/PrivateFrameworks/FindMyDevice.framework/Versions/A/FindMyDevice
0x0000000003bf4000 	/System/Library/Frameworks/LDAP.framework/Versions/A/LDAP
0x0000000003bf4000 	/usr/lib/libsasl2.2.dylib
0x0000000003bf4000 	/System/Library/PrivateFrameworks/CoreDaemon.framework/Versions/B/CoreDaemon
0x0000000003bf4000 	/usr/lib/libcrypto.0.9.8.dylib
0x0000000003bf4000 	/System/Library/PrivateFrameworks/AppleSRP.framework/Versions/A/AppleSRP
0x0000000003bf4000 	/System/Library/PrivateFrameworks/TrustEvaluationAgent.framework/Versions/A/TrustEvaluationAgent
0x000000012940c000 	cl_kernels
0x000000012940e000 	/System/Library/Frameworks/OpenCL.framework/Versions/A/Libraries/ImageFormats/unorm8_bgra.dylib
0x00000001293fe000 	cl_kernels
0x0000000003bf4000 	/System/Library/PrivateFrameworks/FamilyControls.framework/Versions/A/FamilyControls
0x0000000003bf4000 	/System/Library/PrivateFrameworks/CommerceKit.framework/Versions/A/Frameworks/CommerceCore.framework/Versions/A/CommerceCore
0x0000000003bf4000 	/System/Library/PrivateFrameworks/SystemAdministration.framework/Versions/A/SystemAdministration
0x0000000003bf4000 	/System/Library/PrivateFrameworks/AppContainer.framework/Versions/A/AppContainer
0x0000000003bf4000 	/System/Library/PrivateFrameworks/SecCodeWrapper.framework/Versions/A/SecCodeWrapper
0x0000000003bf4000 	/System/Library/Frameworks/DirectoryService.framework/Versions/A/DirectoryService
0x0000000003bf4000 	/System/Library/PrivateFrameworks/LoginUIKit.framework/Versions/A/Frameworks/LoginUICore.framework/Versions/A/LoginUICore
0x0000000003bf4000 	/usr/lib/libodfde.dylib
0x0000000003bf4000 	/System/Library/Frameworks/OpenGL.framework/Versions/A/Resources/GLEngine.bundle/GLEngine
0x0000000003bf4000 	/System/Library/Frameworks/OpenGL.framework/Versions/A/Libraries/libGLProgrammability.dylib
0x000000012a95c000 	/System/Library/Extensions/AppleIntelHD5000GraphicsGLDriver.bundle/Contents/MacOS/AppleIntelHD5000GraphicsGLDriver
0x0000000003bf4000 	/System/Library/PrivateFrameworks/IOAccelerator.framework/Versions/A/IOAccelerator
0x0000000003bf4000 	/System/Library/PrivateFrameworks/GPUSupport.framework/Versions/A/Libraries/libGPUSupportMercury.dylib
0x0000000003bf4000 	/System/Library/Frameworks/OpenGL.framework/Versions/A/Resources/GLRendererFloat.bundle/GLRendererFloat
0x000000012b9e2000 	/Library/Java/JavaVirtualMachines/jdk1.8.0_60.jdk/Contents/Home/jre/lib/libfontmanager.dylib
0x000000012cd1c000 	/Library/Java/JavaVirtualMachines/jdk1.8.0_60.jdk/Contents/Home/jre/lib/libosxui.dylib
0x000000012cfaa000 	/Library/Java/JavaVirtualMachines/jdk1.8.0_60.jdk/Contents/Home/jre/lib/libnet.dylib
0x000000012cd5b000 	/Library/Java/JavaVirtualMachines/jdk1.8.0_60.jdk/Contents/Home/jre/lib/libnio.dylib
0x0000000003bf4000 	/System/Library/Frameworks/ApplicationServices.framework/Versions/A/Frameworks/ATS.framework/Versions/A/Resources/libTrueTypeScaler.dylib
0x00000001786b7000 	/private/var/folders/b5/zysj4pxj6576yq718hwysrg80000gn/T/jogamp_0000/file_cache/jln7687350744188535938/jln5231806564708002659/libgluegen-rt.jnilib
0x00000001786bc000 	/private/var/folders/b5/zysj4pxj6576yq718hwysrg80000gn/T/jogamp_0000/file_cache/jln7687350744188535938/jln5231806564708002659/libnativewindow_awt.jnilib
0x00000001786bf000 	/Library/Java/JavaVirtualMachines/jdk1.8.0_60.jdk/Contents/Home/jre/lib/libjawt.dylib
0x00000001786c2000 	/private/var/folders/b5/zysj4pxj6576yq718hwysrg80000gn/T/jogamp_0000/file_cache/jln7687350744188535938/jln5231806564708002659/libnativewindow_macosx.jnilib
0x000000017cdcd000 	/private/var/folders/b5/zysj4pxj6576yq718hwysrg80000gn/T/jogamp_0000/file_cache/jln7687350744188535938/jln5231806564708002659/libjogl_desktop.jnilib

VM Arguments:
jvm_args: -Djava.security.policy=java.policy.applet -Dfile.encoding=UTF-8 
java_command: sun.applet.AppletViewer com.mauriciotl.week02.EarthquakeCityMap1493232229706.html
java_class_path (initial): /Users/mauriciotl/MauricioFiles/Eclipse_II/CourseraProjects/UCSDUnfoldingMaps/build:/Users/mauriciotl/MauricioFiles/Eclipse_II/CourseraProjects/UCSDUnfoldingMaps/lib/core.jar:/Users/mauriciotl/MauricioFiles/Eclipse_II/CourseraProjects/UCSDUnfoldingMaps/lib/gluegen-rt.jar:/Users/mauriciotl/MauricioFiles/Eclipse_II/CourseraProjects/UCSDUnfoldingMaps/lib/jogl-all.jar:/Users/mauriciotl/MauricioFiles/Eclipse_II/CourseraProjects/UCSDUnfoldingMaps/lib/log4j-1.2.15.jar:/Users/mauriciotl/MauricioFiles/Eclipse_II/CourseraProjects/UCSDUnfoldingMaps/lib/sqlite-jdbc-3.7.2.jar:/Users/mauriciotl/MauricioFiles/Eclipse_II/CourseraProjects/UCSDUnfoldingMaps/lib/json4processing.jar:/Users/mauriciotl/MauricioFiles/Eclipse_II/CourseraProjects/UCSDUnfoldingMaps/lib/libTUIO.jar:/Users/mauriciotl/MauricioFiles/Eclipse_II/CourseraProjects/UCSDUnfoldingMaps/lib/unfolding.0.9.7-uscd.jar
Launcher Type: SUN_STANDARD

Environment Variables:
PATH=/usr/bin:/bin:/usr/sbin:/sbin
SHELL=/bin/bash

Signal Handlers:
SIGSEGV: [libjvm.dylib+0x5a6d31], sa_mask[0]=11111111011111110111111111111111, sa_flags=SA_ONSTACK|SA_RESTART|SA_SIGINFO
SIGBUS: [libjvm.dylib+0x5a6d31], sa_mask[0]=11111111011111110111111111111111, sa_flags=SA_RESTART|SA_SIGINFO
SIGFPE: [libjvm.dylib+0x480a4c], sa_mask[0]=11111111011111110111111111111111, sa_flags=SA_RESTART|SA_SIGINFO
SIGPIPE: [libjvm.dylib+0x480a4c], sa_mask[0]=11111111011111110111111111111111, sa_flags=SA_RESTART|SA_SIGINFO
SIGXFSZ: [libjvm.dylib+0x480a4c], sa_mask[0]=11111111011111110111111111111111, sa_flags=SA_RESTART|SA_SIGINFO
SIGILL: [libjvm.dylib+0x480a4c], sa_mask[0]=11111111011111110111111111111111, sa_flags=SA_RESTART|SA_SIGINFO
SIGUSR1: SIG_DFL, sa_mask[0]=00000000000000000000000000000000, sa_flags=none
SIGUSR2: [libjvm.dylib+0x48056a], sa_mask[0]=00100000000000000000000000000000, sa_flags=SA_RESTART|SA_SIGINFO
SIGHUP: [libjvm.dylib+0x47eb41], sa_mask[0]=11111111011111110111111111111111, sa_flags=SA_RESTART|SA_SIGINFO
SIGINT: [libjvm.dylib+0x47eb41], sa_mask[0]=11111111011111110111111111111111, sa_flags=SA_RESTART|SA_SIGINFO
SIGTERM: [libjvm.dylib+0x47eb41], sa_mask[0]=11111111011111110111111111111111, sa_flags=SA_RESTART|SA_SIGINFO
SIGQUIT: [libjvm.dylib+0x47eb41], sa_mask[0]=11111111011111110111111111111111, sa_flags=SA_RESTART|SA_SIGINFO


---------------  S Y S T E M  ---------------

OS:Bsduname:Darwin 14.5.0 Darwin Kernel Version 14.5.0: Fri Feb 17 10:33:20 PST 2017; root:xnu-2782.50.9.1.1~1/RELEASE_X86_64 x86_64
rlimit: STACK 8192k, CORE 0k, NPROC 709, NOFILE 10240, AS infinity
load average:1.33 1.41 1.40

CPU:total 8 (4 cores per cpu, 2 threads per core) family 6 model 70 stepping 1, cmov, cx8, fxsr, mmx, sse, sse2, sse3, ssse3, sse4.1, sse4.2, popcnt, avx, avx2, aes, clmul, erms, lzcnt, ht, tsc, tscinvbit, bmi1, bmi2

Memory: 4k page, physical 16777216k(796580k free)

/proc/meminfo:


vm_info: Java HotSpot(TM) 64-Bit Server VM (25.60-b23) for bsd-amd64 JRE (1.8.0_60-b27), built on Aug  4 2015 10:47:24 by "java_re" with gcc 4.2.1 (Based on Apple Inc. build 5658) (LLVM build 2336.11.00)

time: Wed Apr 26 13:45:10 2017
elapsed time: 81 seconds (0d 0h 1m 21s)

